v ATLAS
# This file was created by ATLAS version 5.26.1.R on Tue Jul 22 22:44:39 2025.
#SSF 2.0 generic
##############################################################################
#                    Copyright (c) 1984 - 2018                               #
#                    Silvaco Inc. All rights reserved                        #
#                                                                            #
# This file format and the following Key are copyright Silvaco Inc.          #
# You may not use, this format or key without reproducing this message in    #
# full and obtaining express written permission from Silvaco Inc.            #
#                                                                            #
# To obtain such permission please contact: Silvaco Inc.                     #
#                                           support@silvaco.com              #
#                                                                            #
# KEY=SVC86hn7562asdx                       PROD=345                         #
##############################################################################
y 3 700 711 15
z 2.2 0.01 300
f 3 "gate" "drain" "source" 
p 9 2 601 20 3 602 21 4 603 22 
d 6.000000000e+000 6.000000000e+000 0.000000000e+000 0.000000000e+000 0.000000000e+000 -1.260109365e-014 0.000000000e+000 0.000000000e+000 -4.642137191e-016 
d 6.000000000e+000 6.000000000e+000 0.000000000e+000 2.000000000e-001 2.000000000e-001 2.245288886e-003 0.000000000e+000 0.000000000e+000 -2.245288503e-003 
d 6.000000000e+000 6.000000000e+000 0.000000000e+000 4.000000000e-001 4.000000000e-001 4.380329292e-003 0.000000000e+000 0.000000000e+000 -4.380329292e-003 
d 6.000000000e+000 6.000000000e+000 0.000000000e+000 6.000000000e-001 6.000000000e-001 6.402749333e-003 0.000000000e+000 0.000000000e+000 -6.402749333e-003 
d 6.000000000e+000 6.000000000e+000 0.000000000e+000 8.000000000e-001 8.000000000e-001 8.315115188e-003 0.000000000e+000 0.000000000e+000 -8.315115188e-003 
d 6.000000000e+000 6.000000000e+000 0.000000000e+000 1.000000000e+000 1.000000000e+000 1.012115765e-002 0.000000000e+000 0.000000000e+000 -1.012115765e-002 
d 6.000000000e+000 6.000000000e+000 0.000000000e+000 1.200000000e+000 1.200000000e+000 1.182521175e-002 0.000000000e+000 0.000000000e+000 -1.182521175e-002 
d 6.000000000e+000 6.000000000e+000 0.000000000e+000 1.400000000e+000 1.400000000e+000 1.343278919e-002 0.000000000e+000 0.000000000e+000 -1.343278919e-002 
d 6.000000000e+000 6.000000000e+000 0.000000000e+000 1.600000000e+000 1.600000000e+000 1.495003600e-002 0.000000000e+000 0.000000000e+000 -1.495003600e-002 
d 6.000000000e+000 6.000000000e+000 0.000000000e+000 1.800000000e+000 1.800000000e+000 1.638283286e-002 0.000000000e+000 0.000000000e+000 -1.638283286e-002 
d 6.000000000e+000 6.000000000e+000 0.000000000e+000 2.000000000e+000 2.000000000e+000 1.773566878e-002 0.000000000e+000 0.000000000e+000 -1.773566878e-002 
d 6.000000000e+000 6.000000000e+000 0.000000000e+000 2.200000000e+000 2.200000000e+000 1.901167697e-002 0.000000000e+000 0.000000000e+000 -1.901167697e-002 
d 6.000000000e+000 6.000000000e+000 0.000000000e+000 2.400000000e+000 2.400000000e+000 2.021216777e-002 0.000000000e+000 0.000000000e+000 -2.021216777e-002 
d 6.000000000e+000 6.000000000e+000 0.000000000e+000 2.600000000e+000 2.600000000e+000 2.133667146e-002 0.000000000e+000 0.000000000e+000 -2.133667146e-002 
d 6.000000000e+000 6.000000000e+000 0.000000000e+000 2.800000000e+000 2.800000000e+000 2.238316005e-002 0.000000000e+000 0.000000000e+000 -2.238316005e-002 
d 6.000000000e+000 6.000000000e+000 0.000000000e+000 3.000000000e+000 3.000000000e+000 2.334834273e-002 0.000000000e+000 0.000000000e+000 -2.334834273e-002 
d 6.000000000e+000 6.000000000e+000 0.000000000e+000 3.200000000e+000 3.200000000e+000 2.422733443e-002 0.000000000e+000 0.000000000e+000 -2.422733443e-002 
d 6.000000000e+000 6.000000000e+000 0.000000000e+000 3.400000000e+000 3.400000000e+000 2.501341261e-002 0.000000000e+000 0.000000000e+000 -2.501341261e-002 
d 6.000000000e+000 6.000000000e+000 0.000000000e+000 3.600000000e+000 3.600000000e+000 2.569712984e-002 0.000000000e+000 0.000000000e+000 -2.569712984e-002 
d 6.000000000e+000 6.000000000e+000 0.000000000e+000 3.800000000e+000 3.800000000e+000 2.626537539e-002 0.000000000e+000 0.000000000e+000 -2.626537539e-002 
d 6.000000000e+000 6.000000000e+000 0.000000000e+000 4.000000000e+000 4.000000000e+000 2.670200948e-002 0.000000000e+000 0.000000000e+000 -2.670200948e-002 
d 6.000000000e+000 6.000000000e+000 0.000000000e+000 4.200000000e+000 4.200000000e+000 2.700535926e-002 0.000000000e+000 0.000000000e+000 -2.700535926e-002 
d 6.000000000e+000 6.000000000e+000 0.000000000e+000 4.400000000e+000 4.400000000e+000 2.720617610e-002 0.000000000e+000 0.000000000e+000 -2.720617610e-002 
d 6.000000000e+000 6.000000000e+000 0.000000000e+000 4.600000000e+000 4.600000000e+000 2.734152013e-002 0.000000000e+000 0.000000000e+000 -2.734152013e-002 
d 6.000000000e+000 6.000000000e+000 0.000000000e+000 4.800000000e+000 4.800000000e+000 2.743673502e-002 0.000000000e+000 0.000000000e+000 -2.743673502e-002 
d 6.000000000e+000 6.000000000e+000 0.000000000e+000 5.000000000e+000 5.000000000e+000 2.750733513e-002 0.000000000e+000 0.000000000e+000 -2.750733513e-002 
d 6.000000000e+000 6.000000000e+000 0.000000000e+000 5.200000000e+000 5.200000000e+000 2.756245951e-002 0.000000000e+000 0.000000000e+000 -2.756245951e-002 
d 6.000000000e+000 6.000000000e+000 0.000000000e+000 5.400000000e+000 5.400000000e+000 2.760746707e-002 0.000000000e+000 0.000000000e+000 -2.760746707e-002 
d 6.000000000e+000 6.000000000e+000 0.000000000e+000 5.600000000e+000 5.600000000e+000 2.764554968e-002 0.000000000e+000 0.000000000e+000 -2.764554968e-002 
d 6.000000000e+000 6.000000000e+000 0.000000000e+000 5.800000000e+000 5.800000000e+000 2.767865076e-002 0.000000000e+000 0.000000000e+000 -2.767865076e-002 
d 6.000000000e+000 6.000000000e+000 0.000000000e+000 6.000000000e+000 6.000000000e+000 2.770807203e-002 0.000000000e+000 0.000000000e+000 -2.770807203e-002 
d 6.000000000e+000 6.000000000e+000 0.000000000e+000 6.200000000e+000 6.200000000e+000 2.773465762e-002 0.000000000e+000 0.000000000e+000 -2.773465762e-002 
d 6.000000000e+000 6.000000000e+000 0.000000000e+000 6.400000000e+000 6.400000000e+000 2.775898065e-002 0.000000000e+000 0.000000000e+000 -2.775898065e-002 
d 6.000000000e+000 6.000000000e+000 0.000000000e+000 6.600000000e+000 6.600000000e+000 2.778144509e-002 0.000000000e+000 0.000000000e+000 -2.778144509e-002 
d 6.000000000e+000 6.000000000e+000 0.000000000e+000 6.800000000e+000 6.800000000e+000 2.780233828e-002 0.000000000e+000 0.000000000e+000 -2.780233828e-002 
d 6.000000000e+000 6.000000000e+000 0.000000000e+000 7.000000000e+000 7.000000000e+000 2.782186732e-002 0.000000000e+000 0.000000000e+000 -2.782186732e-002 
d 6.000000000e+000 6.000000000e+000 0.000000000e+000 7.200000000e+000 7.200000000e+000 2.784018211e-002 0.000000000e+000 0.000000000e+000 -2.784018211e-002 
d 6.000000000e+000 6.000000000e+000 0.000000000e+000 7.400000000e+000 7.400000000e+000 2.785738864e-002 0.000000000e+000 0.000000000e+000 -2.785738864e-002 
d 6.000000000e+000 6.000000000e+000 0.000000000e+000 7.600000000e+000 7.600000000e+000 2.787355598e-002 0.000000000e+000 0.000000000e+000 -2.787355598e-002 
d 6.000000000e+000 6.000000000e+000 0.000000000e+000 7.800000000e+000 7.800000000e+000 2.788871879e-002 0.000000000e+000 0.000000000e+000 -2.788871879e-002 
d 6.000000000e+000 6.000000000e+000 0.000000000e+000 8.000000000e+000 8.000000000e+000 2.790285425e-002 0.000000000e+000 0.000000000e+000 -2.790285425e-002 
d 6.000000000e+000 6.000000000e+000 0.000000000e+000 8.200000000e+000 8.200000000e+000 2.791592954e-002 0.000000000e+000 0.000000000e+000 -2.791592954e-002 
d 6.000000000e+000 6.000000000e+000 0.000000000e+000 8.400000000e+000 8.400000000e+000 2.792780669e-002 0.000000000e+000 0.000000000e+000 -2.792780669e-002 
d 6.000000000e+000 6.000000000e+000 0.000000000e+000 8.600000000e+000 8.600000000e+000 2.793843508e-002 0.000000000e+000 0.000000000e+000 -2.793843508e-002 
d 6.000000000e+000 6.000000000e+000 0.000000000e+000 8.800000000e+000 8.800000000e+000 2.794768608e-002 0.000000000e+000 0.000000000e+000 -2.794768608e-002 
d 6.000000000e+000 6.000000000e+000 0.000000000e+000 9.000000000e+000 9.000000000e+000 2.795547321e-002 0.000000000e+000 0.000000000e+000 -2.795547321e-002 
d 6.000000000e+000 6.000000000e+000 0.000000000e+000 9.200000000e+000 9.200000000e+000 2.796183748e-002 0.000000000e+000 0.000000000e+000 -2.796183748e-002 
d 6.000000000e+000 6.000000000e+000 0.000000000e+000 9.400000000e+000 9.400000000e+000 2.796695468e-002 0.000000000e+000 0.000000000e+000 -2.796695468e-002 
d 6.000000000e+000 6.000000000e+000 0.000000000e+000 9.600000000e+000 9.600000000e+000 2.797106373e-002 0.000000000e+000 0.000000000e+000 -2.797106373e-002 
d 6.000000000e+000 6.000000000e+000 0.000000000e+000 9.800000000e+000 9.800000000e+000 2.797438996e-002 0.000000000e+000 0.000000000e+000 -2.797438996e-002 
d 6.000000000e+000 6.000000000e+000 0.000000000e+000 1.000000000e+001 1.000000000e+001 2.797711275e-002 0.000000000e+000 0.000000000e+000 -2.797711275e-002 
