v ATLAS
# This file was created by ATLAS version 5.26.1.R on Tue Jul 22 22:45:35 2025.
#SSF 2.0 generic
##############################################################################
#                    Copyright (c) 1984 - 2018                               #
#                    Silvaco Inc. All rights reserved                        #
#                                                                            #
# This file format and the following Key are copyright Silvaco Inc.          #
# You may not use, this format or key without reproducing this message in    #
# full and obtaining express written permission from Silvaco Inc.            #
#                                                                            #
# To obtain such permission please contact: Silvaco Inc.                     #
#                                           support@silvaco.com              #
#                                                                            #
# KEY=SVC86hn7562asdx                       PROD=345                         #
##############################################################################
y 3 700 711 15
z 2.2 0.01 300
f 3 "gate" "drain" "source" 
p 9 2 601 20 3 602 21 4 603 22 
d 9.000000000e+000 9.000000000e+000 0.000000000e+000 0.000000000e+000 0.000000000e+000 -1.247875294e-014 0.000000000e+000 0.000000000e+000 -5.051333430e-016 
d 9.000000000e+000 9.000000000e+000 0.000000000e+000 2.000000000e-001 2.000000000e-001 2.545424000e-003 0.000000000e+000 0.000000000e+000 -2.545423644e-003 
d 9.000000000e+000 9.000000000e+000 0.000000000e+000 4.000000000e-001 4.000000000e-001 4.990056664e-003 0.000000000e+000 0.000000000e+000 -4.990056664e-003 
d 9.000000000e+000 9.000000000e+000 0.000000000e+000 6.000000000e-001 6.000000000e-001 7.335389914e-003 0.000000000e+000 0.000000000e+000 -7.335389914e-003 
d 9.000000000e+000 9.000000000e+000 0.000000000e+000 8.000000000e-001 8.000000000e-001 9.588098799e-003 0.000000000e+000 0.000000000e+000 -9.588098799e-003 
d 9.000000000e+000 9.000000000e+000 0.000000000e+000 1.000000000e+000 1.000000000e+000 1.175323288e-002 0.000000000e+000 0.000000000e+000 -1.175323288e-002 
d 9.000000000e+000 9.000000000e+000 0.000000000e+000 1.200000000e+000 1.200000000e+000 1.383461853e-002 0.000000000e+000 0.000000000e+000 -1.383461853e-002 
d 9.000000000e+000 9.000000000e+000 0.000000000e+000 1.400000000e+000 1.400000000e+000 1.583590525e-002 0.000000000e+000 0.000000000e+000 -1.583590525e-002 
d 9.000000000e+000 9.000000000e+000 0.000000000e+000 1.600000000e+000 1.600000000e+000 1.776091366e-002 0.000000000e+000 0.000000000e+000 -1.776091366e-002 
d 9.000000000e+000 9.000000000e+000 0.000000000e+000 1.800000000e+000 1.800000000e+000 1.961363706e-002 0.000000000e+000 0.000000000e+000 -1.961363706e-002 
d 9.000000000e+000 9.000000000e+000 0.000000000e+000 2.000000000e+000 2.000000000e+000 2.139824595e-002 0.000000000e+000 0.000000000e+000 -2.139824595e-002 
d 9.000000000e+000 9.000000000e+000 0.000000000e+000 2.200000000e+000 2.200000000e+000 2.311892177e-002 0.000000000e+000 0.000000000e+000 -2.311892177e-002 
d 9.000000000e+000 9.000000000e+000 0.000000000e+000 2.400000000e+000 2.400000000e+000 2.477982035e-002 0.000000000e+000 0.000000000e+000 -2.477982035e-002 
d 9.000000000e+000 9.000000000e+000 0.000000000e+000 2.600000000e+000 2.600000000e+000 2.638468680e-002 0.000000000e+000 0.000000000e+000 -2.638468680e-002 
d 9.000000000e+000 9.000000000e+000 0.000000000e+000 2.800000000e+000 2.800000000e+000 2.793672712e-002 0.000000000e+000 0.000000000e+000 -2.793672712e-002 
d 9.000000000e+000 9.000000000e+000 0.000000000e+000 3.000000000e+000 3.000000000e+000 2.943887350e-002 0.000000000e+000 0.000000000e+000 -2.943887350e-002 
d 9.000000000e+000 9.000000000e+000 0.000000000e+000 3.200000000e+000 3.200000000e+000 3.089367609e-002 0.000000000e+000 0.000000000e+000 -3.089367609e-002 
d 9.000000000e+000 9.000000000e+000 0.000000000e+000 3.400000000e+000 3.400000000e+000 3.230306508e-002 0.000000000e+000 0.000000000e+000 -3.230306508e-002 
d 9.000000000e+000 9.000000000e+000 0.000000000e+000 3.600000000e+000 3.600000000e+000 3.366868006e-002 0.000000000e+000 0.000000000e+000 -3.366868006e-002 
d 9.000000000e+000 9.000000000e+000 0.000000000e+000 3.800000000e+000 3.800000000e+000 3.499277808e-002 0.000000000e+000 0.000000000e+000 -3.499277808e-002 
d 9.000000000e+000 9.000000000e+000 0.000000000e+000 4.000000000e+000 4.000000000e+000 3.627870244e-002 0.000000000e+000 0.000000000e+000 -3.627870244e-002 
d 9.000000000e+000 9.000000000e+000 0.000000000e+000 4.200000000e+000 4.200000000e+000 3.752942700e-002 0.000000000e+000 0.000000000e+000 -3.752942700e-002 
d 9.000000000e+000 9.000000000e+000 0.000000000e+000 4.400000000e+000 4.400000000e+000 3.874719430e-002 0.000000000e+000 0.000000000e+000 -3.874719430e-002 
d 9.000000000e+000 9.000000000e+000 0.000000000e+000 4.600000000e+000 4.600000000e+000 3.993372106e-002 0.000000000e+000 0.000000000e+000 -3.993372106e-002 
d 9.000000000e+000 9.000000000e+000 0.000000000e+000 4.800000000e+000 4.800000000e+000 4.109074729e-002 0.000000000e+000 0.000000000e+000 -4.109074729e-002 
d 9.000000000e+000 9.000000000e+000 0.000000000e+000 5.000000000e+000 5.000000000e+000 4.222000745e-002 0.000000000e+000 0.000000000e+000 -4.222000745e-002 
d 9.000000000e+000 9.000000000e+000 0.000000000e+000 5.200000000e+000 5.200000000e+000 4.332300134e-002 0.000000000e+000 0.000000000e+000 -4.332300134e-002 
d 9.000000000e+000 9.000000000e+000 0.000000000e+000 5.400000000e+000 5.400000000e+000 4.440112303e-002 0.000000000e+000 0.000000000e+000 -4.440112303e-002 
d 9.000000000e+000 9.000000000e+000 0.000000000e+000 5.600000000e+000 5.600000000e+000 4.545567369e-002 0.000000000e+000 0.000000000e+000 -4.545567369e-002 
d 9.000000000e+000 9.000000000e+000 0.000000000e+000 5.800000000e+000 5.800000000e+000 4.648786829e-002 0.000000000e+000 0.000000000e+000 -4.648786829e-002 
d 9.000000000e+000 9.000000000e+000 0.000000000e+000 6.000000000e+000 6.000000000e+000 4.749884105e-002 0.000000000e+000 0.000000000e+000 -4.749884105e-002 
d 9.000000000e+000 9.000000000e+000 0.000000000e+000 6.200000000e+000 6.200000000e+000 4.848964888e-002 0.000000000e+000 0.000000000e+000 -4.848964888e-002 
d 9.000000000e+000 9.000000000e+000 0.000000000e+000 6.400000000e+000 6.400000000e+000 4.946127152e-002 0.000000000e+000 0.000000000e+000 -4.946127152e-002 
d 9.000000000e+000 9.000000000e+000 0.000000000e+000 6.600000000e+000 6.600000000e+000 5.041461243e-002 0.000000000e+000 0.000000000e+000 -5.041461243e-002 
d 9.000000000e+000 9.000000000e+000 0.000000000e+000 6.800000000e+000 6.800000000e+000 5.135050148e-002 0.000000000e+000 0.000000000e+000 -5.135050148e-002 
d 9.000000000e+000 9.000000000e+000 0.000000000e+000 7.000000000e+000 7.000000000e+000 5.226969756e-002 0.000000000e+000 0.000000000e+000 -5.226969756e-002 
d 9.000000000e+000 9.000000000e+000 0.000000000e+000 7.200000000e+000 7.200000000e+000 5.317289071e-002 0.000000000e+000 0.000000000e+000 -5.317289071e-002 
d 9.000000000e+000 9.000000000e+000 0.000000000e+000 7.400000000e+000 7.400000000e+000 5.406070406e-002 0.000000000e+000 0.000000000e+000 -5.406070406e-002 
d 9.000000000e+000 9.000000000e+000 0.000000000e+000 7.600000000e+000 7.600000000e+000 5.493369562e-002 0.000000000e+000 0.000000000e+000 -5.493369562e-002 
d 9.000000000e+000 9.000000000e+000 0.000000000e+000 7.800000000e+000 7.800000000e+000 5.579236104e-002 0.000000000e+000 0.000000000e+000 -5.579236104e-002 
d 9.000000000e+000 9.000000000e+000 0.000000000e+000 8.000000000e+000 8.000000000e+000 5.663713545e-002 0.000000000e+000 0.000000000e+000 -5.663713545e-002 
d 9.000000000e+000 9.000000000e+000 0.000000000e+000 8.200000000e+000 8.200000000e+000 5.746835021e-002 0.000000000e+000 0.000000000e+000 -5.746835021e-002 
d 9.000000000e+000 9.000000000e+000 0.000000000e+000 8.400000000e+000 8.400000000e+000 5.828626855e-002 0.000000000e+000 0.000000000e+000 -5.828626855e-002 
d 9.000000000e+000 9.000000000e+000 0.000000000e+000 8.600000000e+000 8.600000000e+000 5.909124498e-002 0.000000000e+000 0.000000000e+000 -5.909124498e-002 
d 9.000000000e+000 9.000000000e+000 0.000000000e+000 8.800000000e+000 8.800000000e+000 5.988348393e-002 0.000000000e+000 0.000000000e+000 -5.988348393e-002 
d 9.000000000e+000 9.000000000e+000 0.000000000e+000 9.000000000e+000 9.000000000e+000 6.066312827e-002 0.000000000e+000 0.000000000e+000 -6.066312827e-002 
d 9.000000000e+000 9.000000000e+000 0.000000000e+000 9.200000000e+000 9.200000000e+000 6.143027069e-002 0.000000000e+000 0.000000000e+000 -6.143027069e-002 
d 9.000000000e+000 9.000000000e+000 0.000000000e+000 9.400000000e+000 9.400000000e+000 6.218498250e-002 0.000000000e+000 0.000000000e+000 -6.218498250e-002 
d 9.000000000e+000 9.000000000e+000 0.000000000e+000 9.600000000e+000 9.600000000e+000 6.292741998e-002 0.000000000e+000 0.000000000e+000 -6.292741998e-002 
d 9.000000000e+000 9.000000000e+000 0.000000000e+000 9.800000000e+000 9.800000000e+000 6.365801707e-002 0.000000000e+000 0.000000000e+000 -6.365801707e-002 
d 9.000000000e+000 9.000000000e+000 0.000000000e+000 1.000000000e+001 1.000000000e+001 6.437751110e-002 0.000000000e+000 0.000000000e+000 -6.437751110e-002 
