v ATLAS
# This file was created by ATLAS version 5.26.1.R on Tue Jul 22 22:47:29 2025.
#SSF 2.0 generic
##############################################################################
#                    Copyright (c) 1984 - 2018                               #
#                    Silvaco Inc. All rights reserved                        #
#                                                                            #
# This file format and the following Key are copyright Silvaco Inc.          #
# You may not use, this format or key without reproducing this message in    #
# full and obtaining express written permission from Silvaco Inc.            #
#                                                                            #
# To obtain such permission please contact: Silvaco Inc.                     #
#                                           support@silvaco.com              #
#                                                                            #
# KEY=SVC86hn7562asdx                       PROD=345                         #
##############################################################################
y 3 700 711 15
z 2.2 0.01 300
f 3 "gate" "drain" "source" 
p 9 2 601 20 3 602 21 4 603 22 
d 1.500000000e+001 1.500000000e+001 0.000000000e+000 0.000000000e+000 0.000000000e+000 -1.156119757e-014 0.000000000e+000 0.000000000e+000 -3.660663583e-016 
d 1.500000000e+001 1.500000000e+001 0.000000000e+000 2.000000000e-001 2.000000000e-001 2.667174212e-003 0.000000000e+000 0.000000000e+000 -2.667173867e-003 
d 1.500000000e+001 1.500000000e+001 0.000000000e+000 4.000000000e-001 4.000000000e-001 5.233120246e-003 0.000000000e+000 0.000000000e+000 -5.233120246e-003 
d 1.500000000e+001 1.500000000e+001 0.000000000e+000 6.000000000e-001 6.000000000e-001 7.700771930e-003 0.000000000e+000 0.000000000e+000 -7.700771930e-003 
d 1.500000000e+001 1.500000000e+001 0.000000000e+000 8.000000000e-001 8.000000000e-001 1.007813839e-002 0.000000000e+000 0.000000000e+000 -1.007813839e-002 
d 1.500000000e+001 1.500000000e+001 0.000000000e+000 1.000000000e+000 1.000000000e+000 1.237080788e-002 0.000000000e+000 0.000000000e+000 -1.237080788e-002 
d 1.500000000e+001 1.500000000e+001 0.000000000e+000 1.200000000e+000 1.200000000e+000 1.458289674e-002 0.000000000e+000 0.000000000e+000 -1.458289674e-002 
d 1.500000000e+001 1.500000000e+001 0.000000000e+000 1.400000000e+000 1.400000000e+000 1.671832502e-002 0.000000000e+000 0.000000000e+000 -1.671832502e-002 
d 1.500000000e+001 1.500000000e+001 0.000000000e+000 1.600000000e+000 1.600000000e+000 1.878091211e-002 0.000000000e+000 0.000000000e+000 -1.878091211e-002 
d 1.500000000e+001 1.500000000e+001 0.000000000e+000 1.800000000e+000 1.800000000e+000 2.077434756e-002 0.000000000e+000 0.000000000e+000 -2.077434756e-002 
d 1.500000000e+001 1.500000000e+001 0.000000000e+000 2.000000000e+000 2.000000000e+000 2.270221701e-002 0.000000000e+000 0.000000000e+000 -2.270221701e-002 
d 1.500000000e+001 1.500000000e+001 0.000000000e+000 2.200000000e+000 2.200000000e+000 2.456816549e-002 0.000000000e+000 0.000000000e+000 -2.456816549e-002 
d 1.500000000e+001 1.500000000e+001 0.000000000e+000 2.400000000e+000 2.400000000e+000 2.637540810e-002 0.000000000e+000 0.000000000e+000 -2.637540810e-002 
d 1.500000000e+001 1.500000000e+001 0.000000000e+000 2.600000000e+000 2.600000000e+000 2.812668392e-002 0.000000000e+000 0.000000000e+000 -2.812668392e-002 
d 1.500000000e+001 1.500000000e+001 0.000000000e+000 2.800000000e+000 2.800000000e+000 2.982439195e-002 0.000000000e+000 0.000000000e+000 -2.982439195e-002 
d 1.500000000e+001 1.500000000e+001 0.000000000e+000 3.000000000e+000 3.000000000e+000 3.147107187e-002 0.000000000e+000 0.000000000e+000 -3.147107187e-002 
d 1.500000000e+001 1.500000000e+001 0.000000000e+000 3.200000000e+000 3.200000000e+000 3.306866129e-002 0.000000000e+000 0.000000000e+000 -3.306866128e-002 
d 1.500000000e+001 1.500000000e+001 0.000000000e+000 3.400000000e+000 3.400000000e+000 3.461875408e-002 0.000000000e+000 0.000000000e+000 -3.461875408e-002 
d 1.500000000e+001 1.500000000e+001 0.000000000e+000 3.600000000e+000 3.600000000e+000 3.612275390e-002 0.000000000e+000 0.000000000e+000 -3.612275390e-002 
d 1.500000000e+001 1.500000000e+001 0.000000000e+000 3.800000000e+000 3.800000000e+000 3.758264092e-002 0.000000000e+000 0.000000000e+000 -3.758264092e-002 
d 1.500000000e+001 1.500000000e+001 0.000000000e+000 4.000000000e+000 4.000000000e+000 3.900169586e-002 0.000000000e+000 0.000000000e+000 -3.900169586e-002 
d 1.500000000e+001 1.500000000e+001 0.000000000e+000 4.200000000e+000 4.200000000e+000 4.038292686e-002 0.000000000e+000 0.000000000e+000 -4.038292686e-002 
d 1.500000000e+001 1.500000000e+001 0.000000000e+000 4.400000000e+000 4.400000000e+000 4.172894303e-002 0.000000000e+000 0.000000000e+000 -4.172894303e-002 
d 1.500000000e+001 1.500000000e+001 0.000000000e+000 4.600000000e+000 4.600000000e+000 4.304167374e-002 0.000000000e+000 0.000000000e+000 -4.304167374e-002 
d 1.500000000e+001 1.500000000e+001 0.000000000e+000 4.800000000e+000 4.800000000e+000 4.432303283e-002 0.000000000e+000 0.000000000e+000 -4.432303283e-002 
d 1.500000000e+001 1.500000000e+001 0.000000000e+000 5.000000000e+000 5.000000000e+000 4.557480665e-002 0.000000000e+000 0.000000000e+000 -4.557480665e-002 
d 1.500000000e+001 1.500000000e+001 0.000000000e+000 5.200000000e+000 5.200000000e+000 4.679861545e-002 0.000000000e+000 0.000000000e+000 -4.679861545e-002 
d 1.500000000e+001 1.500000000e+001 0.000000000e+000 5.400000000e+000 5.400000000e+000 4.799597432e-002 0.000000000e+000 0.000000000e+000 -4.799597432e-002 
d 1.500000000e+001 1.500000000e+001 0.000000000e+000 5.600000000e+000 5.600000000e+000 4.916829981e-002 0.000000000e+000 0.000000000e+000 -4.916829981e-002 
d 1.500000000e+001 1.500000000e+001 0.000000000e+000 5.800000000e+000 5.800000000e+000 5.031691475e-002 0.000000000e+000 0.000000000e+000 -5.031691475e-002 
d 1.500000000e+001 1.500000000e+001 0.000000000e+000 6.000000000e+000 6.000000000e+000 5.144305260e-002 0.000000000e+000 0.000000000e+000 -5.144305260e-002 
d 1.500000000e+001 1.500000000e+001 0.000000000e+000 6.200000000e+000 6.200000000e+000 5.254786118e-002 0.000000000e+000 0.000000000e+000 -5.254786118e-002 
d 1.500000000e+001 1.500000000e+001 0.000000000e+000 6.400000000e+000 6.400000000e+000 5.363240275e-002 0.000000000e+000 0.000000000e+000 -5.363240275e-002 
d 1.500000000e+001 1.500000000e+001 0.000000000e+000 6.600000000e+000 6.600000000e+000 5.469765380e-002 0.000000000e+000 0.000000000e+000 -5.469765380e-002 
d 1.500000000e+001 1.500000000e+001 0.000000000e+000 6.800000000e+000 6.800000000e+000 5.574450747e-002 0.000000000e+000 0.000000000e+000 -5.574450747e-002 
d 1.500000000e+001 1.500000000e+001 0.000000000e+000 7.000000000e+000 7.000000000e+000 5.677377569e-002 0.000000000e+000 0.000000000e+000 -5.677377569e-002 
d 1.500000000e+001 1.500000000e+001 0.000000000e+000 7.200000000e+000 7.200000000e+000 5.778618120e-002 0.000000000e+000 0.000000000e+000 -5.778618120e-002 
d 1.500000000e+001 1.500000000e+001 0.000000000e+000 7.400000000e+000 7.400000000e+000 5.878221445e-002 0.000000000e+000 0.000000000e+000 -5.878221445e-002 
d 1.500000000e+001 1.500000000e+001 0.000000000e+000 7.600000000e+000 7.600000000e+000 5.976264032e-002 0.000000000e+000 0.000000000e+000 -5.976264032e-002 
d 1.500000000e+001 1.500000000e+001 0.000000000e+000 7.800000000e+000 7.800000000e+000 6.072800380e-002 0.000000000e+000 0.000000000e+000 -6.072800380e-002 
d 1.500000000e+001 1.500000000e+001 0.000000000e+000 8.000000000e+000 8.000000000e+000 6.167877733e-002 0.000000000e+000 0.000000000e+000 -6.167877733e-002 
d 1.500000000e+001 1.500000000e+001 0.000000000e+000 8.200000000e+000 8.200000000e+000 6.261537126e-002 0.000000000e+000 0.000000000e+000 -6.261537126e-002 
d 1.500000000e+001 1.500000000e+001 0.000000000e+000 8.400000000e+000 8.400000000e+000 6.353813352e-002 0.000000000e+000 0.000000000e+000 -6.353813352e-002 
d 1.500000000e+001 1.500000000e+001 0.000000000e+000 8.600000000e+000 8.600000000e+000 6.444735111e-002 0.000000000e+000 0.000000000e+000 -6.444735111e-002 
d 1.500000000e+001 1.500000000e+001 0.000000000e+000 8.800000000e+000 8.800000000e+000 6.534325181e-002 0.000000000e+000 0.000000000e+000 -6.534325181e-002 
d 1.500000000e+001 1.500000000e+001 0.000000000e+000 9.000000000e+000 9.000000000e+000 6.622600810e-002 0.000000000e+000 0.000000000e+000 -6.622600810e-002 
d 1.500000000e+001 1.500000000e+001 0.000000000e+000 9.200000000e+000 9.200000000e+000 6.709574873e-002 0.000000000e+000 0.000000000e+000 -6.709574873e-002 
d 1.500000000e+001 1.500000000e+001 0.000000000e+000 9.400000000e+000 9.400000000e+000 6.795258038e-002 0.000000000e+000 0.000000000e+000 -6.795258038e-002 
d 1.500000000e+001 1.500000000e+001 0.000000000e+000 9.600000000e+000 9.600000000e+000 6.879666221e-002 0.000000000e+000 0.000000000e+000 -6.879666221e-002 
d 1.500000000e+001 1.500000000e+001 0.000000000e+000 9.800000000e+000 9.800000000e+000 6.962836818e-002 0.000000000e+000 0.000000000e+000 -6.962836818e-002 
d 1.500000000e+001 1.500000000e+001 0.000000000e+000 1.000000000e+001 1.000000000e+001 7.044839312e-002 0.000000000e+000 0.000000000e+000 -7.044839312e-002 
