v ATLAS
# This file was created by ATLAS version 5.26.1.R on Tue Jul 22 22:46:32 2025.
#SSF 2.0 generic
##############################################################################
#                    Copyright (c) 1984 - 2018                               #
#                    Silvaco Inc. All rights reserved                        #
#                                                                            #
# This file format and the following Key are copyright Silvaco Inc.          #
# You may not use, this format or key without reproducing this message in    #
# full and obtaining express written permission from Silvaco Inc.            #
#                                                                            #
# To obtain such permission please contact: Silvaco Inc.                     #
#                                           support@silvaco.com              #
#                                                                            #
# KEY=SVC86hn7562asdx                       PROD=345                         #
##############################################################################
y 3 700 711 15
z 2.2 0.01 300
f 3 "gate" "drain" "source" 
p 9 2 601 20 3 602 21 4 603 22 
d 1.200000000e+001 1.200000000e+001 0.000000000e+000 0.000000000e+000 0.000000000e+000 -1.235641222e-014 0.000000000e+000 0.000000000e+000 -4.682758132e-016 
d 1.200000000e+001 1.200000000e+001 0.000000000e+000 2.000000000e-001 2.000000000e-001 2.627523775e-003 0.000000000e+000 0.000000000e+000 -2.627523427e-003 
d 1.200000000e+001 1.200000000e+001 0.000000000e+000 4.000000000e-001 4.000000000e-001 5.154260209e-003 0.000000000e+000 0.000000000e+000 -5.154260209e-003 
d 1.200000000e+001 1.200000000e+001 0.000000000e+000 6.000000000e-001 6.000000000e-001 7.582707962e-003 0.000000000e+000 0.000000000e+000 -7.582707962e-003 
d 1.200000000e+001 1.200000000e+001 0.000000000e+000 8.000000000e-001 8.000000000e-001 9.920495107e-003 0.000000000e+000 0.000000000e+000 -9.920495107e-003 
d 1.200000000e+001 1.200000000e+001 0.000000000e+000 1.000000000e+000 1.000000000e+000 1.217309494e-002 0.000000000e+000 0.000000000e+000 -1.217309494e-002 
d 1.200000000e+001 1.200000000e+001 0.000000000e+000 1.200000000e+000 1.200000000e+000 1.434455346e-002 0.000000000e+000 0.000000000e+000 -1.434455346e-002 
d 1.200000000e+001 1.200000000e+001 0.000000000e+000 1.400000000e+000 1.400000000e+000 1.643870238e-002 0.000000000e+000 0.000000000e+000 -1.643870238e-002 
d 1.200000000e+001 1.200000000e+001 0.000000000e+000 1.600000000e+000 1.600000000e+000 1.845930585e-002 0.000000000e+000 0.000000000e+000 -1.845930585e-002 
d 1.200000000e+001 1.200000000e+001 0.000000000e+000 1.800000000e+000 1.800000000e+000 2.041003607e-002 0.000000000e+000 0.000000000e+000 -2.041003607e-002 
d 1.200000000e+001 1.200000000e+001 0.000000000e+000 2.000000000e+000 2.000000000e+000 2.229450762e-002 0.000000000e+000 0.000000000e+000 -2.229450762e-002 
d 1.200000000e+001 1.200000000e+001 0.000000000e+000 2.200000000e+000 2.200000000e+000 2.411633913e-002 0.000000000e+000 0.000000000e+000 -2.411633913e-002 
d 1.200000000e+001 1.200000000e+001 0.000000000e+000 2.400000000e+000 2.400000000e+000 2.587882630e-002 0.000000000e+000 0.000000000e+000 -2.587882630e-002 
d 1.200000000e+001 1.200000000e+001 0.000000000e+000 2.600000000e+000 2.600000000e+000 2.758484877e-002 0.000000000e+000 0.000000000e+000 -2.758484877e-002 
d 1.200000000e+001 1.200000000e+001 0.000000000e+000 2.800000000e+000 2.800000000e+000 2.923685638e-002 0.000000000e+000 0.000000000e+000 -2.923685638e-002 
d 1.200000000e+001 1.200000000e+001 0.000000000e+000 3.000000000e+000 3.000000000e+000 3.083749682e-002 0.000000000e+000 0.000000000e+000 -3.083749682e-002 
d 1.200000000e+001 1.200000000e+001 0.000000000e+000 3.200000000e+000 3.200000000e+000 3.238886793e-002 0.000000000e+000 0.000000000e+000 -3.238886793e-002 
d 1.200000000e+001 1.200000000e+001 0.000000000e+000 3.400000000e+000 3.400000000e+000 3.389271589e-002 0.000000000e+000 0.000000000e+000 -3.389271589e-002 
d 1.200000000e+001 1.200000000e+001 0.000000000e+000 3.600000000e+000 3.600000000e+000 3.535060927e-002 0.000000000e+000 0.000000000e+000 -3.535060927e-002 
d 1.200000000e+001 1.200000000e+001 0.000000000e+000 3.800000000e+000 3.800000000e+000 3.676473406e-002 0.000000000e+000 0.000000000e+000 -3.676473406e-002 
d 1.200000000e+001 1.200000000e+001 0.000000000e+000 4.000000000e+000 4.000000000e+000 3.813853008e-002 0.000000000e+000 0.000000000e+000 -3.813853008e-002 
d 1.200000000e+001 1.200000000e+001 0.000000000e+000 4.200000000e+000 4.200000000e+000 3.947515598e-002 0.000000000e+000 0.000000000e+000 -3.947515598e-002 
d 1.200000000e+001 1.200000000e+001 0.000000000e+000 4.400000000e+000 4.400000000e+000 4.077707027e-002 0.000000000e+000 0.000000000e+000 -4.077707027e-002 
d 1.200000000e+001 1.200000000e+001 0.000000000e+000 4.600000000e+000 4.600000000e+000 4.204636561e-002 0.000000000e+000 0.000000000e+000 -4.204636561e-002 
d 1.200000000e+001 1.200000000e+001 0.000000000e+000 4.800000000e+000 4.800000000e+000 4.328496040e-002 0.000000000e+000 0.000000000e+000 -4.328496040e-002 
d 1.200000000e+001 1.200000000e+001 0.000000000e+000 5.000000000e+000 5.000000000e+000 4.449467993e-002 0.000000000e+000 0.000000000e+000 -4.449467993e-002 
d 1.200000000e+001 1.200000000e+001 0.000000000e+000 5.200000000e+000 5.200000000e+000 4.567715556e-002 0.000000000e+000 0.000000000e+000 -4.567715556e-002 
d 1.200000000e+001 1.200000000e+001 0.000000000e+000 5.400000000e+000 5.400000000e+000 4.683390080e-002 0.000000000e+000 0.000000000e+000 -4.683390080e-002 
d 1.200000000e+001 1.200000000e+001 0.000000000e+000 5.600000000e+000 5.600000000e+000 4.796632096e-002 0.000000000e+000 0.000000000e+000 -4.796632096e-002 
d 1.200000000e+001 1.200000000e+001 0.000000000e+000 5.800000000e+000 5.800000000e+000 4.907572039e-002 0.000000000e+000 0.000000000e+000 -4.907572039e-002 
d 1.200000000e+001 1.200000000e+001 0.000000000e+000 6.000000000e+000 6.000000000e+000 5.016330908e-002 0.000000000e+000 0.000000000e+000 -5.016330908e-002 
d 1.200000000e+001 1.200000000e+001 0.000000000e+000 6.200000000e+000 6.200000000e+000 5.123020796e-002 0.000000000e+000 0.000000000e+000 -5.123020796e-002 
d 1.200000000e+001 1.200000000e+001 0.000000000e+000 6.400000000e+000 6.400000000e+000 5.227745049e-002 0.000000000e+000 0.000000000e+000 -5.227745049e-002 
d 1.200000000e+001 1.200000000e+001 0.000000000e+000 6.600000000e+000 6.600000000e+000 5.330598409e-002 0.000000000e+000 0.000000000e+000 -5.330598409e-002 
d 1.200000000e+001 1.200000000e+001 0.000000000e+000 6.800000000e+000 6.800000000e+000 5.431667383e-002 0.000000000e+000 0.000000000e+000 -5.431667383e-002 
d 1.200000000e+001 1.200000000e+001 0.000000000e+000 7.000000000e+000 7.000000000e+000 5.531030605e-002 0.000000000e+000 0.000000000e+000 -5.531030605e-002 
d 1.200000000e+001 1.200000000e+001 0.000000000e+000 7.200000000e+000 7.200000000e+000 5.628759089e-002 0.000000000e+000 0.000000000e+000 -5.628759089e-002 
d 1.200000000e+001 1.200000000e+001 0.000000000e+000 7.400000000e+000 7.400000000e+000 5.724916064e-002 0.000000000e+000 0.000000000e+000 -5.724916064e-002 
d 1.200000000e+001 1.200000000e+001 0.000000000e+000 7.600000000e+000 7.600000000e+000 5.819544724e-002 0.000000000e+000 0.000000000e+000 -5.819544724e-002 
d 1.200000000e+001 1.200000000e+001 0.000000000e+000 7.800000000e+000 7.800000000e+000 5.912705428e-002 0.000000000e+000 0.000000000e+000 -5.912705428e-002 
d 1.200000000e+001 1.200000000e+001 0.000000000e+000 8.000000000e+000 8.000000000e+000 6.004447302e-002 0.000000000e+000 0.000000000e+000 -6.004447302e-002 
d 1.200000000e+001 1.200000000e+001 0.000000000e+000 8.200000000e+000 8.200000000e+000 6.094809627e-002 0.000000000e+000 0.000000000e+000 -6.094809627e-002 
d 1.200000000e+001 1.200000000e+001 0.000000000e+000 8.400000000e+000 8.400000000e+000 6.183825365e-002 0.000000000e+000 0.000000000e+000 -6.183825365e-002 
d 1.200000000e+001 1.200000000e+001 0.000000000e+000 8.600000000e+000 8.600000000e+000 6.271521385e-002 0.000000000e+000 0.000000000e+000 -6.271521385e-002 
d 1.200000000e+001 1.200000000e+001 0.000000000e+000 8.800000000e+000 8.800000000e+000 6.357918613e-002 0.000000000e+000 0.000000000e+000 -6.357918613e-002 
d 1.200000000e+001 1.200000000e+001 0.000000000e+000 9.000000000e+000 9.000000000e+000 6.443032409e-002 0.000000000e+000 0.000000000e+000 -6.443032409e-002 
d 1.200000000e+001 1.200000000e+001 0.000000000e+000 9.200000000e+000 9.200000000e+000 6.526873649e-002 0.000000000e+000 0.000000000e+000 -6.526873649e-002 
d 1.200000000e+001 1.200000000e+001 0.000000000e+000 9.400000000e+000 9.400000000e+000 6.609451052e-002 0.000000000e+000 0.000000000e+000 -6.609451052e-002 
d 1.200000000e+001 1.200000000e+001 0.000000000e+000 9.600000000e+000 9.600000000e+000 6.690779597e-002 0.000000000e+000 0.000000000e+000 -6.690779597e-002 
d 1.200000000e+001 1.200000000e+001 0.000000000e+000 9.800000000e+000 9.800000000e+000 6.770897905e-002 0.000000000e+000 0.000000000e+000 -6.770897905e-002 
d 1.200000000e+001 1.200000000e+001 0.000000000e+000 1.000000000e+001 1.000000000e+001 6.849876805e-002 0.000000000e+000 0.000000000e+000 -6.849876805e-002 
