v ATLAS
# This file was created by ATLAS version 5.26.1.R on Tue Jul 22 22:43:26 2025.
#SSF 2.0 generic
##############################################################################
#                    Copyright (c) 1984 - 2018                               #
#                    Silvaco Inc. All rights reserved                        #
#                                                                            #
# This file format and the following Key are copyright Silvaco Inc.          #
# You may not use, this format or key without reproducing this message in    #
# full and obtaining express written permission from Silvaco Inc.            #
#                                                                            #
# To obtain such permission please contact: Silvaco Inc.                     #
#                                           support@silvaco.com              #
#                                                                            #
# KEY=SVC86hn7562asdx                       PROD=345                         #
##############################################################################
y 3 700 711 15
z 2.2 0.01 300
f 3 "gate" "drain" "source" 
p 9 2 601 20 3 602 21 4 603 22 
d 4.000000000e+000 4.000000000e+000 0.000000000e+000 0.000000000e+000 0.000000000e+000 -1.003193864e-014 0.000000000e+000 0.000000000e+000 -7.001138577e-017 
d 4.000000000e+000 4.000000000e+000 0.000000000e+000 2.000000000e-001 2.000000000e-001 3.915651607e-009 0.000000000e+000 0.000000000e+000 -3.236257208e-009 
d 4.000000000e+000 4.000000000e+000 0.000000000e+000 4.000000000e-001 4.000000000e-001 3.256193129e-009 0.000000000e+000 0.000000000e+000 -3.256183586e-009 
d 4.000000000e+000 4.000000000e+000 0.000000000e+000 6.000000000e-001 6.000000000e-001 3.272569045e-009 0.000000000e+000 0.000000000e+000 -3.272564251e-009 
d 4.000000000e+000 4.000000000e+000 0.000000000e+000 8.000000000e-001 8.000000000e-001 3.287237514e-009 0.000000000e+000 0.000000000e+000 -3.287238465e-009 
d 4.000000000e+000 4.000000000e+000 0.000000000e+000 1.000000000e+000 1.000000000e+000 3.300421744e-009 0.000000000e+000 0.000000000e+000 -3.300448850e-009 
d 4.000000000e+000 4.000000000e+000 0.000000000e+000 1.200000000e+000 1.200000000e+000 3.312271054e-009 0.000000000e+000 0.000000000e+000 -3.312294254e-009 
d 4.000000000e+000 4.000000000e+000 0.000000000e+000 1.400000000e+000 1.400000000e+000 3.322519719e-009 0.000000000e+000 0.000000000e+000 -3.322543411e-009 
d 4.000000000e+000 4.000000000e+000 0.000000000e+000 1.600000000e+000 1.600000000e+000 3.328444069e-009 0.000000000e+000 0.000000000e+000 -3.328446193e-009 
d 4.000000000e+000 4.000000000e+000 0.000000000e+000 1.800000000e+000 1.800000000e+000 3.329674694e-009 0.000000000e+000 0.000000000e+000 -3.329703157e-009 
d 4.000000000e+000 4.000000000e+000 0.000000000e+000 2.000000000e+000 2.000000000e+000 3.330550714e-009 0.000000000e+000 0.000000000e+000 -3.330558008e-009 
d 4.000000000e+000 4.000000000e+000 0.000000000e+000 2.200000000e+000 2.200000000e+000 3.330879872e-009 0.000000000e+000 0.000000000e+000 -3.330922579e-009 
d 4.000000000e+000 4.000000000e+000 0.000000000e+000 2.400000000e+000 2.400000000e+000 3.331101982e-009 0.000000000e+000 0.000000000e+000 -3.331126040e-009 
d 4.000000000e+000 4.000000000e+000 0.000000000e+000 2.600000000e+000 2.600000000e+000 3.331275583e-009 0.000000000e+000 0.000000000e+000 -3.331269750e-009 
d 4.000000000e+000 4.000000000e+000 0.000000000e+000 2.800000000e+000 2.800000000e+000 3.331387525e-009 0.000000000e+000 0.000000000e+000 -3.331401890e-009 
d 4.000000000e+000 4.000000000e+000 0.000000000e+000 3.000000000e+000 3.000000000e+000 3.331495062e-009 0.000000000e+000 0.000000000e+000 -3.331508993e-009 
d 4.000000000e+000 4.000000000e+000 0.000000000e+000 3.200000000e+000 3.200000000e+000 3.331592752e-009 0.000000000e+000 0.000000000e+000 -3.331608024e-009 
d 4.000000000e+000 4.000000000e+000 0.000000000e+000 3.400000000e+000 3.400000000e+000 3.331752528e-009 0.000000000e+000 0.000000000e+000 -3.331704458e-009 
d 4.000000000e+000 4.000000000e+000 0.000000000e+000 3.600000000e+000 3.600000000e+000 3.331783970e-009 0.000000000e+000 0.000000000e+000 -3.331799648e-009 
d 4.000000000e+000 4.000000000e+000 0.000000000e+000 3.800000000e+000 3.800000000e+000 3.331923561e-009 0.000000000e+000 0.000000000e+000 -3.331889304e-009 
d 4.000000000e+000 4.000000000e+000 0.000000000e+000 4.000000000e+000 4.000000000e+000 3.331958489e-009 0.000000000e+000 0.000000000e+000 -3.331965624e-009 
d 4.000000000e+000 4.000000000e+000 0.000000000e+000 4.200000000e+000 4.200000000e+000 3.332034157e-009 0.000000000e+000 0.000000000e+000 -3.332033753e-009 
d 4.000000000e+000 4.000000000e+000 0.000000000e+000 4.400000000e+000 4.400000000e+000 3.332038500e-009 0.000000000e+000 0.000000000e+000 -3.332099018e-009 
d 4.000000000e+000 4.000000000e+000 0.000000000e+000 4.600000000e+000 4.600000000e+000 3.332113434e-009 0.000000000e+000 0.000000000e+000 -3.332164629e-009 
d 4.000000000e+000 4.000000000e+000 0.000000000e+000 4.800000000e+000 4.800000000e+000 3.332150931e-009 0.000000000e+000 0.000000000e+000 -3.332229062e-009 
d 4.000000000e+000 4.000000000e+000 0.000000000e+000 5.000000000e+000 5.000000000e+000 3.332256572e-009 0.000000000e+000 0.000000000e+000 -3.332292231e-009 
d 4.000000000e+000 4.000000000e+000 0.000000000e+000 5.200000000e+000 5.200000000e+000 3.332357870e-009 0.000000000e+000 0.000000000e+000 -3.332355706e-009 
d 4.000000000e+000 4.000000000e+000 0.000000000e+000 5.400000000e+000 5.400000000e+000 3.332416839e-009 0.000000000e+000 0.000000000e+000 -3.332418465e-009 
d 4.000000000e+000 4.000000000e+000 0.000000000e+000 5.600000000e+000 5.600000000e+000 3.332472748e-009 0.000000000e+000 0.000000000e+000 -3.332477785e-009 
d 4.000000000e+000 4.000000000e+000 0.000000000e+000 5.800000000e+000 5.800000000e+000 3.332555940e-009 0.000000000e+000 0.000000000e+000 -3.332535318e-009 
d 4.000000000e+000 4.000000000e+000 0.000000000e+000 6.000000000e+000 6.000000000e+000 3.332521073e-009 0.000000000e+000 0.000000000e+000 -3.332587966e-009 
d 4.000000000e+000 4.000000000e+000 0.000000000e+000 6.200000000e+000 6.200000000e+000 3.332547621e-009 0.000000000e+000 0.000000000e+000 -3.332638774e-009 
d 4.000000000e+000 4.000000000e+000 0.000000000e+000 6.400000000e+000 6.400000000e+000 3.332752174e-009 0.000000000e+000 0.000000000e+000 -3.332689117e-009 
d 4.000000000e+000 4.000000000e+000 0.000000000e+000 6.600000000e+000 6.600000000e+000 3.332828270e-009 0.000000000e+000 0.000000000e+000 -3.332739381e-009 
d 4.000000000e+000 4.000000000e+000 0.000000000e+000 6.800000000e+000 6.800000000e+000 3.332871885e-009 0.000000000e+000 0.000000000e+000 -3.332790111e-009 
d 4.000000000e+000 4.000000000e+000 0.000000000e+000 7.000000000e+000 7.000000000e+000 3.332797746e-009 0.000000000e+000 0.000000000e+000 -3.332839583e-009 
d 4.000000000e+000 4.000000000e+000 0.000000000e+000 7.200000000e+000 7.200000000e+000 3.333013188e-009 0.000000000e+000 0.000000000e+000 -3.332889816e-009 
d 4.000000000e+000 4.000000000e+000 0.000000000e+000 7.400000000e+000 7.400000000e+000 3.332975079e-009 0.000000000e+000 0.000000000e+000 -3.332939861e-009 
d 4.000000000e+000 4.000000000e+000 0.000000000e+000 7.600000000e+000 7.600000000e+000 3.333092955e-009 0.000000000e+000 0.000000000e+000 -3.332988856e-009 
d 4.000000000e+000 4.000000000e+000 0.000000000e+000 7.800000000e+000 7.800000000e+000 3.332962478e-009 0.000000000e+000 0.000000000e+000 -3.333036461e-009 
d 4.000000000e+000 4.000000000e+000 0.000000000e+000 8.000000000e+000 8.000000000e+000 3.333242822e-009 0.000000000e+000 0.000000000e+000 -3.333083143e-009 
d 4.000000000e+000 4.000000000e+000 0.000000000e+000 8.200000000e+000 8.200000000e+000 3.333085981e-009 0.000000000e+000 0.000000000e+000 -3.333129765e-009 
d 4.000000000e+000 4.000000000e+000 0.000000000e+000 8.400000000e+000 8.400000000e+000 3.333233340e-009 0.000000000e+000 0.000000000e+000 -3.333174697e-009 
d 4.000000000e+000 4.000000000e+000 0.000000000e+000 8.600000000e+000 8.600000000e+000 3.333181713e-009 0.000000000e+000 0.000000000e+000 -3.333219269e-009 
d 4.000000000e+000 4.000000000e+000 0.000000000e+000 8.800000000e+000 8.800000000e+000 3.333399663e-009 0.000000000e+000 0.000000000e+000 -3.333263722e-009 
d 4.000000000e+000 4.000000000e+000 0.000000000e+000 9.000000000e+000 9.000000000e+000 3.333186423e-009 0.000000000e+000 0.000000000e+000 -3.333308605e-009 
d 4.000000000e+000 4.000000000e+000 0.000000000e+000 9.200000000e+000 9.200000000e+000 3.333303319e-009 0.000000000e+000 0.000000000e+000 -3.333350248e-009 
d 4.000000000e+000 4.000000000e+000 0.000000000e+000 9.400000000e+000 9.400000000e+000 3.333339288e-009 0.000000000e+000 0.000000000e+000 -3.333390972e-009 
d 4.000000000e+000 4.000000000e+000 0.000000000e+000 9.600000000e+000 9.600000000e+000 3.333340389e-009 0.000000000e+000 0.000000000e+000 -3.333431343e-009 
d 4.000000000e+000 4.000000000e+000 0.000000000e+000 9.800000000e+000 9.800000000e+000 3.333339716e-009 0.000000000e+000 0.000000000e+000 -3.333469787e-009 
d 4.000000000e+000 4.000000000e+000 0.000000000e+000 1.000000000e+001 1.000000000e+001 3.333477227e-009 0.000000000e+000 0.000000000e+000 -3.333507941e-009 
