v ATLAS
# This file was created by ATLAS version 5.26.1.R on Tue Jul 22 22:41:39 2025.
#SSF 2.0 generic
##############################################################################
#                    Copyright (c) 1984 - 2018                               #
#                    Silvaco Inc. All rights reserved                        #
#                                                                            #
# This file format and the following Key are copyright Silvaco Inc.          #
# You may not use, this format or key without reproducing this message in    #
# full and obtaining express written permission from Silvaco Inc.            #
#                                                                            #
# To obtain such permission please contact: Silvaco Inc.                     #
#                                           support@silvaco.com              #
#                                                                            #
# KEY=SVC86hn7562asdx                       PROD=345                         #
##############################################################################
y 3 700 711 15
z 2.2 0.01 300
f 3 "gate" "drain" "source" 
p 9 2 601 20 3 602 21 4 603 22 
d 0.000000000e+000 0.000000000e+000 0.000000000e+000 1.000000000e+001 1.000000000e+001 -1.088832364e-014 0.000000000e+000 0.000000000e+000 5.370327287e-016 
d 2.000000000e-001 2.000000000e-001 0.000000000e+000 1.000000000e+001 1.000000000e+001 -1.070481257e-014 0.000000000e+000 0.000000000e+000 -1.510143202e-016 
d 4.000000000e-001 4.000000000e-001 0.000000000e+000 1.000000000e+001 1.000000000e+001 -1.082715328e-014 0.000000000e+000 0.000000000e+000 -4.523858570e-016 
d 6.000000000e-001 6.000000000e-001 0.000000000e+000 1.000000000e+001 1.000000000e+001 -1.070481257e-014 0.000000000e+000 0.000000000e+000 -4.919912740e-016 
d 8.000000000e-001 8.000000000e-001 0.000000000e+000 1.000000000e+001 1.000000000e+001 -1.076598293e-014 0.000000000e+000 0.000000000e+000 -6.843433749e-016 
d 1.000000000e+000 1.000000000e+000 0.000000000e+000 1.000000000e+001 1.000000000e+001 -1.088832364e-014 0.000000000e+000 0.000000000e+000 1.887679002e-017 
d 1.200000000e+000 1.200000000e+000 0.000000000e+000 1.000000000e+001 1.000000000e+001 -1.082715328e-014 0.000000000e+000 0.000000000e+000 1.774179315e-017 
d 1.400000000e+000 1.400000000e+000 0.000000000e+000 1.000000000e+001 1.000000000e+001 -1.076598293e-014 0.000000000e+000 0.000000000e+000 -5.452166535e-016 
d 1.600000000e+000 1.600000000e+000 0.000000000e+000 1.000000000e+001 1.000000000e+001 -1.076598293e-014 0.000000000e+000 0.000000000e+000 -1.627227089e-016 
d 1.800000000e+000 1.800000000e+000 0.000000000e+000 1.000000000e+001 1.000000000e+001 -1.082715328e-014 0.000000000e+000 0.000000000e+000 -8.286671872e-016 
d 2.000000000e+000 2.000000000e+000 0.000000000e+000 1.000000000e+001 1.000000000e+001 -1.088832364e-014 0.000000000e+000 0.000000000e+000 -1.283143828e-016 
d 2.200000000e+000 2.200000000e+000 0.000000000e+000 1.000000000e+001 1.000000000e+001 -1.076598293e-014 0.000000000e+000 0.000000000e+000 2.353027718e-016 
d 2.400000000e+000 2.400000000e+000 0.000000000e+000 1.000000000e+001 1.000000000e+001 -1.070481257e-014 0.000000000e+000 0.000000000e+000 5.721578949e-016 
d 2.600000000e+000 2.600000000e+000 0.000000000e+000 1.000000000e+001 1.000000000e+001 -1.088832364e-014 0.000000000e+000 0.000000000e+000 -1.387683013e-016 
d 2.800000000e+000 2.800000000e+000 0.000000000e+000 1.000000000e+001 1.000000000e+001 -1.088832364e-014 0.000000000e+000 0.000000000e+000 -3.347643395e-016 
d 3.000000000e+000 3.000000000e+000 0.000000000e+000 1.000000000e+001 1.000000000e+001 -1.070481257e-014 0.000000000e+000 0.000000000e+000 -1.387085646e-016 
d 3.200000000e+000 3.200000000e+000 0.000000000e+000 1.000000000e+001 1.000000000e+001 -1.076598293e-014 0.000000000e+000 0.000000000e+000 -1.182786210e-017 
d 3.400000000e+000 3.400000000e+000 0.000000000e+000 1.000000000e+001 1.000000000e+001 -1.088832364e-014 0.000000000e+000 0.000000000e+000 -1.282367251e-015 
d 3.600000000e+000 3.600000000e+000 0.000000000e+000 1.000000000e+001 1.000000000e+001 -1.082715328e-014 0.000000000e+000 0.000000000e+000 -1.081659184e-013 
d 3.800000000e+000 3.800000000e+000 0.000000000e+000 1.000000000e+001 1.000000000e+001 1.827611240e-011 0.000000000e+000 0.000000000e+000 -1.820371238e-011 
d 4.000000000e+000 4.000000000e+000 0.000000000e+000 1.000000000e+001 1.000000000e+001 3.333437894e-009 0.000000000e+000 0.000000000e+000 -3.333507902e-009 
d 4.200000000e+000 4.200000000e+000 0.000000000e+000 1.000000000e+001 1.000000000e+001 6.378325289e-007 0.000000000e+000 0.000000000e+000 -6.378324439e-007 
d 4.400000000e+000 4.400000000e+000 0.000000000e+000 1.000000000e+001 1.000000000e+001 7.439001768e-005 0.000000000e+000 0.000000000e+000 -7.439001775e-005 
d 4.600000000e+000 4.600000000e+000 0.000000000e+000 1.000000000e+001 1.000000000e+001 8.377473338e-004 0.000000000e+000 0.000000000e+000 -8.377473339e-004 
d 4.800000000e+000 4.800000000e+000 0.000000000e+000 1.000000000e+001 1.000000000e+001 2.697034990e-003 0.000000000e+000 0.000000000e+000 -2.697034990e-003 
d 5.000000000e+000 5.000000000e+000 0.000000000e+000 1.000000000e+001 1.000000000e+001 5.526934991e-003 0.000000000e+000 0.000000000e+000 -5.526934991e-003 
d 5.200000000e+000 5.200000000e+000 0.000000000e+000 1.000000000e+001 1.000000000e+001 9.082264412e-003 0.000000000e+000 0.000000000e+000 -9.082264412e-003 
d 5.400000000e+000 5.400000000e+000 0.000000000e+000 1.000000000e+001 1.000000000e+001 1.316170042e-002 0.000000000e+000 0.000000000e+000 -1.316170042e-002 
d 5.600000000e+000 5.600000000e+000 0.000000000e+000 1.000000000e+001 1.000000000e+001 1.768628847e-002 0.000000000e+000 0.000000000e+000 -1.768628847e-002 
d 5.800000000e+000 5.800000000e+000 0.000000000e+000 1.000000000e+001 1.000000000e+001 2.263519486e-002 0.000000000e+000 0.000000000e+000 -2.263519486e-002 
d 6.000000000e+000 6.000000000e+000 0.000000000e+000 1.000000000e+001 1.000000000e+001 2.797711275e-002 0.000000000e+000 0.000000000e+000 -2.797711275e-002 
d 6.200000000e+000 6.200000000e+000 0.000000000e+000 1.000000000e+001 1.000000000e+001 3.362547115e-002 0.000000000e+000 0.000000000e+000 -3.362547115e-002 
d 6.400000000e+000 6.400000000e+000 0.000000000e+000 1.000000000e+001 1.000000000e+001 3.950780316e-002 0.000000000e+000 0.000000000e+000 -3.950780316e-002 
d 6.600000000e+000 6.600000000e+000 0.000000000e+000 1.000000000e+001 1.000000000e+001 4.553949072e-002 0.000000000e+000 0.000000000e+000 -4.553949072e-002 
d 6.800000000e+000 6.800000000e+000 0.000000000e+000 1.000000000e+001 1.000000000e+001 5.109922242e-002 0.000000000e+000 0.000000000e+000 -5.109922242e-002 
d 7.000000000e+000 7.000000000e+000 0.000000000e+000 1.000000000e+001 1.000000000e+001 5.471007807e-002 0.000000000e+000 0.000000000e+000 -5.471007807e-002 
d 7.200000000e+000 7.200000000e+000 0.000000000e+000 1.000000000e+001 1.000000000e+001 5.689278789e-002 0.000000000e+000 0.000000000e+000 -5.689278789e-002 
d 7.400000000e+000 7.400000000e+000 0.000000000e+000 1.000000000e+001 1.000000000e+001 5.844656050e-002 0.000000000e+000 0.000000000e+000 -5.844656050e-002 
d 7.600000000e+000 7.600000000e+000 0.000000000e+000 1.000000000e+001 1.000000000e+001 5.965428181e-002 0.000000000e+000 0.000000000e+000 -5.965428181e-002 
d 7.800000000e+000 7.800000000e+000 0.000000000e+000 1.000000000e+001 1.000000000e+001 6.064197105e-002 0.000000000e+000 0.000000000e+000 -6.064197105e-002 
d 8.000000000e+000 8.000000000e+000 0.000000000e+000 1.000000000e+001 1.000000000e+001 6.147688987e-002 0.000000000e+000 0.000000000e+000 -6.147688987e-002 
d 8.200000000e+000 8.200000000e+000 0.000000000e+000 1.000000000e+001 1.000000000e+001 6.219926027e-002 0.000000000e+000 0.000000000e+000 -6.219926027e-002 
d 8.400000000e+000 8.400000000e+000 0.000000000e+000 1.000000000e+001 1.000000000e+001 6.283507368e-002 0.000000000e+000 0.000000000e+000 -6.283507368e-002 
d 8.600000000e+000 8.600000000e+000 0.000000000e+000 1.000000000e+001 1.000000000e+001 6.340211760e-002 0.000000000e+000 0.000000000e+000 -6.340211760e-002 
d 8.800000000e+000 8.800000000e+000 0.000000000e+000 1.000000000e+001 1.000000000e+001 6.391311884e-002 0.000000000e+000 0.000000000e+000 -6.391311884e-002 
d 9.000000000e+000 9.000000000e+000 0.000000000e+000 1.000000000e+001 1.000000000e+001 6.437751110e-002 0.000000000e+000 0.000000000e+000 -6.437751110e-002 
d 9.200000000e+000 9.200000000e+000 0.000000000e+000 1.000000000e+001 1.000000000e+001 6.480249188e-002 0.000000000e+000 0.000000000e+000 -6.480249188e-002 
d 9.400000000e+000 9.400000000e+000 0.000000000e+000 1.000000000e+001 1.000000000e+001 6.519368586e-002 0.000000000e+000 0.000000000e+000 -6.519368586e-002 
d 9.600000000e+000 9.600000000e+000 0.000000000e+000 1.000000000e+001 1.000000000e+001 6.555557831e-002 0.000000000e+000 0.000000000e+000 -6.555557831e-002 
d 9.800000000e+000 9.800000000e+000 0.000000000e+000 1.000000000e+001 1.000000000e+001 6.589180805e-002 0.000000000e+000 0.000000000e+000 -6.589180805e-002 
d 1.000000000e+001 1.000000000e+001 0.000000000e+000 1.000000000e+001 1.000000000e+001 6.620537125e-002 0.000000000e+000 0.000000000e+000 -6.620537125e-002 
