v ATLAS
# This file was created by ATLAS version 5.26.1.R on Tue Aug 05 21:07:02 2025.
#SSF 2.0 generic
##############################################################################
#                    Copyright (c) 1984 - 2018                               #
#                    Silvaco Inc. All rights reserved                        #
#                                                                            #
# This file format and the following Key are copyright Silvaco Inc.          #
# You may not use, this format or key without reproducing this message in    #
# full and obtaining express written permission from Silvaco Inc.            #
#                                                                            #
# To obtain such permission please contact: Silvaco Inc.                     #
#                                           support@silvaco.com              #
#                                                                            #
# KEY=SVC86hn7562asdx                       PROD=345                         #
##############################################################################
y 3 700 711 15
z 2.2 0.01 300
f 3 "gate" "drain" "source" 
p 9 2 601 20 3 602 21 4 603 22 
d 0.000000000e+000 0.000000000e+000 0.000000000e+000 1.000000000e+001 1.000000000e+001 -5.688843250e-015 0.000000000e+000 0.000000000e+000 -1.022094548e-016 
d 2.000000000e-001 2.000000000e-001 0.000000000e+000 1.000000000e+001 1.000000000e+001 -3.792562167e-015 0.000000000e+000 0.000000000e+000 7.395998014e-016 
d 4.000000000e-001 4.000000000e-001 0.000000000e+000 1.000000000e+001 1.000000000e+001 -5.688843250e-015 0.000000000e+000 0.000000000e+000 6.943791367e-016 
d 6.000000000e-001 6.000000000e-001 0.000000000e+000 1.000000000e+001 1.000000000e+001 -5.688843250e-015 0.000000000e+000 0.000000000e+000 6.591942337e-016 
d 8.000000000e-001 8.000000000e-001 0.000000000e+000 1.000000000e+001 1.000000000e+001 -5.566502535e-015 0.000000000e+000 0.000000000e+000 5.783705094e-016 
d 1.000000000e+000 1.000000000e+000 0.000000000e+000 1.000000000e+001 1.000000000e+001 -5.566502535e-015 0.000000000e+000 0.000000000e+000 5.802223464e-016 
d 1.200000000e+000 1.200000000e+000 0.000000000e+000 1.000000000e+001 1.000000000e+001 -5.688843250e-015 0.000000000e+000 0.000000000e+000 1.047721583e-015 
d 1.400000000e+000 1.400000000e+000 0.000000000e+000 1.000000000e+001 1.000000000e+001 -5.688843250e-015 0.000000000e+000 0.000000000e+000 -1.768205647e-016 
d 1.600000000e+000 1.600000000e+000 0.000000000e+000 1.000000000e+001 1.000000000e+001 -5.566502535e-015 0.000000000e+000 0.000000000e+000 6.883457323e-016 
d 1.800000000e+000 1.800000000e+000 0.000000000e+000 1.000000000e+001 1.000000000e+001 -5.688843250e-015 0.000000000e+000 0.000000000e+000 -5.039386095e-016 
d 2.000000000e+000 2.000000000e+000 0.000000000e+000 1.000000000e+001 1.000000000e+001 -5.566502535e-015 0.000000000e+000 0.000000000e+000 3.188146466e-016 
d 2.200000000e+000 2.200000000e+000 0.000000000e+000 1.000000000e+001 1.000000000e+001 -5.688843250e-015 0.000000000e+000 0.000000000e+000 -2.747887155e-017 
d 2.400000000e+000 2.400000000e+000 0.000000000e+000 1.000000000e+001 1.000000000e+001 -5.688843250e-015 0.000000000e+000 0.000000000e+000 -8.512476512e-017 
d 2.600000000e+000 2.600000000e+000 0.000000000e+000 1.000000000e+001 1.000000000e+001 -5.566502535e-015 0.000000000e+000 0.000000000e+000 3.339280260e-016 
d 2.800000000e+000 2.800000000e+000 0.000000000e+000 1.000000000e+001 1.000000000e+001 -5.566502535e-015 0.000000000e+000 0.000000000e+000 1.983257686e-017 
d 3.000000000e+000 3.000000000e+000 0.000000000e+000 1.000000000e+001 1.000000000e+001 -5.688843250e-015 0.000000000e+000 0.000000000e+000 8.266361401e-016 
d 3.200000000e+000 3.200000000e+000 0.000000000e+000 1.000000000e+001 1.000000000e+001 -5.688843250e-015 0.000000000e+000 0.000000000e+000 8.465881904e-016 
d 3.400000000e+000 3.400000000e+000 0.000000000e+000 1.000000000e+001 1.000000000e+001 -5.566502535e-015 0.000000000e+000 0.000000000e+000 2.851231606e-016 
d 3.600000000e+000 3.600000000e+000 0.000000000e+000 1.000000000e+001 1.000000000e+001 -5.566502535e-015 0.000000000e+000 0.000000000e+000 -9.863821704e-014 
d 3.800000000e+000 3.800000000e+000 0.000000000e+000 1.000000000e+001 1.000000000e+001 1.771940098e-011 0.000000000e+000 0.000000000e+000 -1.776087597e-011 
d 4.000000000e+000 4.000000000e+000 0.000000000e+000 1.000000000e+001 1.000000000e+001 3.142589131e-009 0.000000000e+000 0.000000000e+000 -3.142516790e-009 
d 4.200000000e+000 4.200000000e+000 0.000000000e+000 1.000000000e+001 1.000000000e+001 5.510968299e-007 0.000000000e+000 0.000000000e+000 -5.510969045e-007 
d 4.400000000e+000 4.400000000e+000 0.000000000e+000 1.000000000e+001 1.000000000e+001 6.186472598e-005 0.000000000e+000 0.000000000e+000 -6.186472611e-005 
d 4.600000000e+000 4.600000000e+000 0.000000000e+000 1.000000000e+001 1.000000000e+001 7.395638312e-004 0.000000000e+000 0.000000000e+000 -7.395638311e-004 
d 4.800000000e+000 4.800000000e+000 0.000000000e+000 1.000000000e+001 1.000000000e+001 2.434819076e-003 0.000000000e+000 0.000000000e+000 -2.434819076e-003 
d 5.000000000e+000 5.000000000e+000 0.000000000e+000 1.000000000e+001 1.000000000e+001 5.033471486e-003 0.000000000e+000 0.000000000e+000 -5.033471486e-003 
d 5.200000000e+000 5.200000000e+000 0.000000000e+000 1.000000000e+001 1.000000000e+001 8.305358392e-003 0.000000000e+000 0.000000000e+000 -8.305358392e-003 
d 5.400000000e+000 5.400000000e+000 0.000000000e+000 1.000000000e+001 1.000000000e+001 1.205430185e-002 0.000000000e+000 0.000000000e+000 -1.205430185e-002 
d 5.600000000e+000 5.600000000e+000 0.000000000e+000 1.000000000e+001 1.000000000e+001 1.619373008e-002 0.000000000e+000 0.000000000e+000 -1.619373008e-002 
d 5.800000000e+000 5.800000000e+000 0.000000000e+000 1.000000000e+001 1.000000000e+001 2.070013027e-002 0.000000000e+000 0.000000000e+000 -2.070013027e-002 
d 6.000000000e+000 6.000000000e+000 0.000000000e+000 1.000000000e+001 1.000000000e+001 2.555583960e-002 0.000000000e+000 0.000000000e+000 -2.555583960e-002 
d 6.200000000e+000 6.200000000e+000 0.000000000e+000 1.000000000e+001 1.000000000e+001 3.074113289e-002 0.000000000e+000 0.000000000e+000 -3.074113289e-002 
d 6.400000000e+000 6.400000000e+000 0.000000000e+000 1.000000000e+001 1.000000000e+001 3.624285915e-002 0.000000000e+000 0.000000000e+000 -3.624285915e-002 
d 6.600000000e+000 6.600000000e+000 0.000000000e+000 1.000000000e+001 1.000000000e+001 4.201085127e-002 0.000000000e+000 0.000000000e+000 -4.201085127e-002 
d 6.800000000e+000 6.800000000e+000 0.000000000e+000 1.000000000e+001 1.000000000e+001 4.793651855e-002 0.000000000e+000 0.000000000e+000 -4.793651855e-002 
d 7.000000000e+000 7.000000000e+000 0.000000000e+000 1.000000000e+001 1.000000000e+001 5.400508553e-002 0.000000000e+000 0.000000000e+000 -5.400508553e-002 
d 7.200000000e+000 7.200000000e+000 0.000000000e+000 1.000000000e+001 1.000000000e+001 6.010529888e-002 0.000000000e+000 0.000000000e+000 -6.010529888e-002 
d 7.400000000e+000 7.400000000e+000 0.000000000e+000 1.000000000e+001 1.000000000e+001 6.561252631e-002 0.000000000e+000 0.000000000e+000 -6.561252631e-002 
d 7.600000000e+000 7.600000000e+000 0.000000000e+000 1.000000000e+001 1.000000000e+001 6.940044846e-002 0.000000000e+000 0.000000000e+000 -6.940044846e-002 
d 7.800000000e+000 7.800000000e+000 0.000000000e+000 1.000000000e+001 1.000000000e+001 7.186034527e-002 0.000000000e+000 0.000000000e+000 -7.186034527e-002 
d 8.000000000e+000 8.000000000e+000 0.000000000e+000 1.000000000e+001 1.000000000e+001 7.365684100e-002 0.000000000e+000 0.000000000e+000 -7.365684100e-002 
d 8.200000000e+000 8.200000000e+000 0.000000000e+000 1.000000000e+001 1.000000000e+001 7.507379054e-002 0.000000000e+000 0.000000000e+000 -7.507379054e-002 
d 8.400000000e+000 8.400000000e+000 0.000000000e+000 1.000000000e+001 1.000000000e+001 7.624453950e-002 0.000000000e+000 0.000000000e+000 -7.624453950e-002 
d 8.600000000e+000 8.600000000e+000 0.000000000e+000 1.000000000e+001 1.000000000e+001 7.724213776e-002 0.000000000e+000 0.000000000e+000 -7.724213776e-002 
d 8.800000000e+000 8.800000000e+000 0.000000000e+000 1.000000000e+001 1.000000000e+001 7.811087555e-002 0.000000000e+000 0.000000000e+000 -7.811087555e-002 
d 9.000000000e+000 9.000000000e+000 0.000000000e+000 1.000000000e+001 1.000000000e+001 7.887966344e-002 0.000000000e+000 0.000000000e+000 -7.887966344e-002 
d 9.200000000e+000 9.200000000e+000 0.000000000e+000 1.000000000e+001 1.000000000e+001 7.956845660e-002 0.000000000e+000 0.000000000e+000 -7.956845660e-002 
d 9.400000000e+000 9.400000000e+000 0.000000000e+000 1.000000000e+001 1.000000000e+001 8.019164090e-002 0.000000000e+000 0.000000000e+000 -8.019164090e-002 
d 9.600000000e+000 9.600000000e+000 0.000000000e+000 1.000000000e+001 1.000000000e+001 8.075987072e-002 0.000000000e+000 0.000000000e+000 -8.075987072e-002 
d 9.800000000e+000 9.800000000e+000 0.000000000e+000 1.000000000e+001 1.000000000e+001 8.128139263e-002 0.000000000e+000 0.000000000e+000 -8.128139263e-002 
d 1.000000000e+001 1.000000000e+001 0.000000000e+000 1.000000000e+001 1.000000000e+001 8.176276743e-002 0.000000000e+000 0.000000000e+000 -8.176276743e-002 
