v ATLAS
# This file was created by ATLAS version 5.26.1.R on Tue Aug 05 22:28:53 2025.
#SSF 2.0 generic
##############################################################################
#                    Copyright (c) 1984 - 2018                               #
#                    Silvaco Inc. All rights reserved                        #
#                                                                            #
# This file format and the following Key are copyright Silvaco Inc.          #
# You may not use, this format or key without reproducing this message in    #
# full and obtaining express written permission from Silvaco Inc.            #
#                                                                            #
# To obtain such permission please contact: Silvaco Inc.                     #
#                                           support@silvaco.com              #
#                                                                            #
# KEY=SVC86hn7562asdx                       PROD=345                         #
##############################################################################
y 3 700 711 15
z 2.3 0.01 300
f 3 "gate" "drain" "source" 
p 9 2 601 20 3 602 21 4 603 22 
d 0.000000000e+000 0.000000000e+000 0.000000000e+000 1.000000000e+001 1.000000000e+001 5.444161820e-015 0.000000000e+000 0.000000000e+000 -6.878081022e-016 
d 2.000000000e-001 2.000000000e-001 0.000000000e+000 1.000000000e+001 1.000000000e+001 5.199480390e-015 0.000000000e+000 0.000000000e+000 -3.830913114e-016 
d 4.000000000e-001 4.000000000e-001 0.000000000e+000 1.000000000e+001 1.000000000e+001 5.199480390e-015 0.000000000e+000 0.000000000e+000 1.750284644e-016 
d 6.000000000e-001 6.000000000e-001 0.000000000e+000 1.000000000e+001 1.000000000e+001 5.199480390e-015 0.000000000e+000 0.000000000e+000 -6.234717007e-016 
d 8.000000000e-001 8.000000000e-001 0.000000000e+000 1.000000000e+001 1.000000000e+001 5.199480390e-015 0.000000000e+000 0.000000000e+000 -1.024961909e-015 
d 1.000000000e+000 1.000000000e+000 0.000000000e+000 1.000000000e+001 1.000000000e+001 5.199480390e-015 0.000000000e+000 0.000000000e+000 -1.370956743e-016 
d 1.200000000e+000 1.200000000e+000 0.000000000e+000 1.000000000e+001 1.000000000e+001 5.199480390e-015 0.000000000e+000 0.000000000e+000 -5.215609293e-016 
d 1.400000000e+000 1.400000000e+000 0.000000000e+000 1.000000000e+001 1.000000000e+001 5.199480390e-015 0.000000000e+000 0.000000000e+000 1.702495302e-017 
d 1.600000000e+000 1.600000000e+000 0.000000000e+000 1.000000000e+001 1.000000000e+001 5.199480390e-015 0.000000000e+000 0.000000000e+000 -6.611655441e-016 
d 1.800000000e+000 1.800000000e+000 0.000000000e+000 1.000000000e+001 1.000000000e+001 5.199480390e-015 0.000000000e+000 0.000000000e+000 -2.037020695e-017 
d 2.000000000e+000 2.000000000e+000 0.000000000e+000 1.000000000e+001 1.000000000e+001 5.199480390e-015 0.000000000e+000 0.000000000e+000 -3.617653176e-016 
d 2.200000000e+000 2.200000000e+000 0.000000000e+000 1.000000000e+001 1.000000000e+001 5.199480390e-015 0.000000000e+000 0.000000000e+000 3.106307218e-018 
d 2.400000000e+000 2.400000000e+000 0.000000000e+000 1.000000000e+001 1.000000000e+001 5.199480390e-015 0.000000000e+000 0.000000000e+000 -3.959944337e-016 
d 2.600000000e+000 2.600000000e+000 0.000000000e+000 1.000000000e+001 1.000000000e+001 5.199480390e-015 0.000000000e+000 0.000000000e+000 -5.141535813e-016 
d 2.800000000e+000 2.800000000e+000 0.000000000e+000 1.000000000e+001 1.000000000e+001 5.199480390e-015 0.000000000e+000 0.000000000e+000 1.955778814e-016 
d 3.000000000e+000 3.000000000e+000 0.000000000e+000 1.000000000e+001 1.000000000e+001 5.199480390e-015 0.000000000e+000 0.000000000e+000 4.183956876e-016 
d 3.200000000e+000 3.200000000e+000 0.000000000e+000 1.000000000e+001 1.000000000e+001 5.199480390e-015 0.000000000e+000 0.000000000e+000 1.802255553e-016 
d 3.400000000e+000 3.400000000e+000 0.000000000e+000 1.000000000e+001 1.000000000e+001 5.199480390e-015 0.000000000e+000 0.000000000e+000 -2.505236772e-015 
d 3.600000000e+000 3.600000000e+000 0.000000000e+000 1.000000000e+001 1.000000000e+001 5.199480390e-015 0.000000000e+000 0.000000000e+000 -4.291266649e-013 
d 3.800000000e+000 3.800000000e+000 0.000000000e+000 1.000000000e+001 1.000000000e+001 7.589620355e-011 0.000000000e+000 0.000000000e+000 -7.604310799e-011 
d 4.000000000e+000 4.000000000e+000 0.000000000e+000 1.000000000e+001 1.000000000e+001 1.343971007e-008 0.000000000e+000 0.000000000e+000 -1.343969390e-008 
d 4.200000000e+000 4.200000000e+000 0.000000000e+000 1.000000000e+001 1.000000000e+001 2.315770555e-006 0.000000000e+000 0.000000000e+000 -2.315770664e-006 
d 4.400000000e+000 4.400000000e+000 0.000000000e+000 1.000000000e+001 1.000000000e+001 1.571867844e-004 0.000000000e+000 0.000000000e+000 -1.571867844e-004 
d 4.600000000e+000 4.600000000e+000 0.000000000e+000 1.000000000e+001 1.000000000e+001 1.122447920e-003 0.000000000e+000 0.000000000e+000 -1.122447920e-003 
d 4.800000000e+000 4.800000000e+000 0.000000000e+000 1.000000000e+001 1.000000000e+001 3.110110226e-003 0.000000000e+000 0.000000000e+000 -3.110110226e-003 
d 5.000000000e+000 5.000000000e+000 0.000000000e+000 1.000000000e+001 1.000000000e+001 5.945073403e-003 0.000000000e+000 0.000000000e+000 -5.945073403e-003 
d 5.200000000e+000 5.200000000e+000 0.000000000e+000 1.000000000e+001 1.000000000e+001 9.388950648e-003 0.000000000e+000 0.000000000e+000 -9.388950648e-003 
d 5.400000000e+000 5.400000000e+000 0.000000000e+000 1.000000000e+001 1.000000000e+001 1.327454222e-002 0.000000000e+000 0.000000000e+000 -1.327454222e-002 
d 5.600000000e+000 5.600000000e+000 0.000000000e+000 1.000000000e+001 1.000000000e+001 1.754435377e-002 0.000000000e+000 0.000000000e+000 -1.754435377e-002 
d 5.800000000e+000 5.800000000e+000 0.000000000e+000 1.000000000e+001 1.000000000e+001 2.218556434e-002 0.000000000e+000 0.000000000e+000 -2.218556434e-002 
d 6.000000000e+000 6.000000000e+000 0.000000000e+000 1.000000000e+001 1.000000000e+001 2.719323894e-002 0.000000000e+000 0.000000000e+000 -2.719323894e-002 
d 6.200000000e+000 6.200000000e+000 0.000000000e+000 1.000000000e+001 1.000000000e+001 3.254470946e-002 0.000000000e+000 0.000000000e+000 -3.254470946e-002 
d 6.400000000e+000 6.400000000e+000 0.000000000e+000 1.000000000e+001 1.000000000e+001 3.819369440e-002 0.000000000e+000 0.000000000e+000 -3.819369440e-002 
d 6.600000000e+000 6.600000000e+000 0.000000000e+000 1.000000000e+001 1.000000000e+001 4.410729232e-002 0.000000000e+000 0.000000000e+000 -4.410729232e-002 
d 6.800000000e+000 6.800000000e+000 0.000000000e+000 1.000000000e+001 1.000000000e+001 5.024274321e-002 0.000000000e+000 0.000000000e+000 -5.024274321e-002 
d 7.000000000e+000 7.000000000e+000 0.000000000e+000 1.000000000e+001 1.000000000e+001 5.651103336e-002 0.000000000e+000 0.000000000e+000 -5.651103336e-002 
d 7.200000000e+000 7.200000000e+000 0.000000000e+000 1.000000000e+001 1.000000000e+001 6.286668880e-002 0.000000000e+000 0.000000000e+000 -6.286668880e-002 
d 7.400000000e+000 7.400000000e+000 0.000000000e+000 1.000000000e+001 1.000000000e+001 6.925964046e-002 0.000000000e+000 0.000000000e+000 -6.925964046e-002 
d 7.600000000e+000 7.600000000e+000 0.000000000e+000 1.000000000e+001 1.000000000e+001 7.499690928e-002 0.000000000e+000 0.000000000e+000 -7.499690928e-002 
d 7.800000000e+000 7.800000000e+000 0.000000000e+000 1.000000000e+001 1.000000000e+001 7.882553706e-002 0.000000000e+000 0.000000000e+000 -7.882553706e-002 
d 8.000000000e+000 8.000000000e+000 0.000000000e+000 1.000000000e+001 1.000000000e+001 8.136493766e-002 0.000000000e+000 0.000000000e+000 -8.136493766e-002 
d 8.200000000e+000 8.200000000e+000 0.000000000e+000 1.000000000e+001 1.000000000e+001 8.326945812e-002 0.000000000e+000 0.000000000e+000 -8.326945812e-002 
d 8.400000000e+000 8.400000000e+000 0.000000000e+000 1.000000000e+001 1.000000000e+001 8.480465711e-002 0.000000000e+000 0.000000000e+000 -8.480465711e-002 
d 8.600000000e+000 8.600000000e+000 0.000000000e+000 1.000000000e+001 1.000000000e+001 8.609605647e-002 0.000000000e+000 0.000000000e+000 -8.609605647e-002 
d 8.800000000e+000 8.800000000e+000 0.000000000e+000 1.000000000e+001 1.000000000e+001 8.721328055e-002 0.000000000e+000 0.000000000e+000 -8.721328055e-002 
d 9.000000000e+000 9.000000000e+000 0.000000000e+000 1.000000000e+001 1.000000000e+001 8.819964300e-002 0.000000000e+000 0.000000000e+000 -8.819964300e-002 
d 9.200000000e+000 9.200000000e+000 0.000000000e+000 1.000000000e+001 1.000000000e+001 8.908269688e-002 0.000000000e+000 0.000000000e+000 -8.908269688e-002 
d 9.400000000e+000 9.400000000e+000 0.000000000e+000 1.000000000e+001 1.000000000e+001 8.988171811e-002 0.000000000e+000 0.000000000e+000 -8.988171811e-002 
d 9.600000000e+000 9.600000000e+000 0.000000000e+000 1.000000000e+001 1.000000000e+001 9.061078580e-002 0.000000000e+000 0.000000000e+000 -9.061078580e-002 
d 9.800000000e+000 9.800000000e+000 0.000000000e+000 1.000000000e+001 1.000000000e+001 9.128055497e-002 0.000000000e+000 0.000000000e+000 -9.128055497e-002 
d 1.000000000e+001 1.000000000e+001 0.000000000e+000 1.000000000e+001 1.000000000e+001 9.189932734e-002 0.000000000e+000 0.000000000e+000 -9.189932734e-002 
