v ATLAS
# This file was created by ATLAS version 5.26.1.R on Tue Aug 05 21:40:48 2025.
#SSF 2.0 generic
##############################################################################
#                    Copyright (c) 1984 - 2018                               #
#                    Silvaco Inc. All rights reserved                        #
#                                                                            #
# This file format and the following Key are copyright Silvaco Inc.          #
# You may not use, this format or key without reproducing this message in    #
# full and obtaining express written permission from Silvaco Inc.            #
#                                                                            #
# To obtain such permission please contact: Silvaco Inc.                     #
#                                           support@silvaco.com              #
#                                                                            #
# KEY=SVC86hn7562asdx                       PROD=345                         #
##############################################################################
y 3 700 711 15
z 2.2 0.01 300
f 3 "gate" "drain" "source" 
p 9 2 601 20 3 602 21 4 603 22 
d 0.000000000e+000 0.000000000e+000 0.000000000e+000 1.000000000e+001 1.000000000e+001 -6.300546826e-015 0.000000000e+000 0.000000000e+000 -2.252072733e-016 
d 2.000000000e-001 2.000000000e-001 0.000000000e+000 1.000000000e+001 1.000000000e+001 -4.281925027e-015 0.000000000e+000 0.000000000e+000 -2.745497688e-016 
d 4.000000000e-001 4.000000000e-001 0.000000000e+000 1.000000000e+001 1.000000000e+001 -6.300546826e-015 0.000000000e+000 0.000000000e+000 -8.655844537e-017 
d 6.000000000e-001 6.000000000e-001 0.000000000e+000 1.000000000e+001 1.000000000e+001 -6.300546826e-015 0.000000000e+000 0.000000000e+000 -6.183343465e-016 
d 8.000000000e-001 8.000000000e-001 0.000000000e+000 1.000000000e+001 1.000000000e+001 -6.178206111e-015 0.000000000e+000 0.000000000e+000 -1.905002638e-016 
d 1.000000000e+000 1.000000000e+000 0.000000000e+000 1.000000000e+001 1.000000000e+001 -6.178206111e-015 0.000000000e+000 0.000000000e+000 1.744310976e-016 
d 1.200000000e+000 1.200000000e+000 0.000000000e+000 1.000000000e+001 1.000000000e+001 -6.300546826e-015 0.000000000e+000 0.000000000e+000 -6.170798763e-017 
d 1.400000000e+000 1.400000000e+000 0.000000000e+000 1.000000000e+001 1.000000000e+001 -6.300546826e-015 0.000000000e+000 0.000000000e+000 1.224004517e-016 
d 1.600000000e+000 1.600000000e+000 0.000000000e+000 1.000000000e+001 1.000000000e+001 -6.178206111e-015 0.000000000e+000 0.000000000e+000 -3.389459069e-016 
d 1.800000000e+000 1.800000000e+000 0.000000000e+000 1.000000000e+001 1.000000000e+001 -6.300546826e-015 0.000000000e+000 0.000000000e+000 2.284330539e-016 
d 2.000000000e+000 2.000000000e+000 0.000000000e+000 1.000000000e+001 1.000000000e+001 -6.178206111e-015 0.000000000e+000 0.000000000e+000 -5.890633746e-016 
d 2.200000000e+000 2.200000000e+000 0.000000000e+000 1.000000000e+001 1.000000000e+001 -6.300546826e-015 0.000000000e+000 0.000000000e+000 1.537622073e-016 
d 2.400000000e+000 2.400000000e+000 0.000000000e+000 1.000000000e+001 1.000000000e+001 -6.300546826e-015 0.000000000e+000 0.000000000e+000 4.867941831e-016 
d 2.600000000e+000 2.600000000e+000 0.000000000e+000 1.000000000e+001 1.000000000e+001 -6.178206111e-015 0.000000000e+000 0.000000000e+000 -1.751479378e-016 
d 2.800000000e+000 2.800000000e+000 0.000000000e+000 1.000000000e+001 1.000000000e+001 -6.178206111e-015 0.000000000e+000 0.000000000e+000 -2.954576058e-016 
d 3.000000000e+000 3.000000000e+000 0.000000000e+000 1.000000000e+001 1.000000000e+001 -6.300546826e-015 0.000000000e+000 0.000000000e+000 4.180970043e-016 
d 3.200000000e+000 3.200000000e+000 0.000000000e+000 1.000000000e+001 1.000000000e+001 -6.300546826e-015 0.000000000e+000 0.000000000e+000 -2.393051292e-016 
d 3.400000000e+000 3.400000000e+000 0.000000000e+000 1.000000000e+001 1.000000000e+001 -6.178206111e-015 0.000000000e+000 0.000000000e+000 -1.859662500e-015 
d 3.600000000e+000 3.600000000e+000 0.000000000e+000 1.000000000e+001 1.000000000e+001 -6.178206111e-015 0.000000000e+000 0.000000000e+000 -2.051484139e-013 
d 3.800000000e+000 3.800000000e+000 0.000000000e+000 1.000000000e+001 1.000000000e+001 3.649906776e-011 0.000000000e+000 0.000000000e+000 -3.652223281e-011 
d 4.000000000e+000 4.000000000e+000 0.000000000e+000 1.000000000e+001 1.000000000e+001 6.459057267e-009 0.000000000e+000 0.000000000e+000 -6.458930792e-009 
d 4.200000000e+000 4.200000000e+000 0.000000000e+000 1.000000000e+001 1.000000000e+001 1.125851242e-006 0.000000000e+000 0.000000000e+000 -1.125851041e-006 
d 4.400000000e+000 4.400000000e+000 0.000000000e+000 1.000000000e+001 1.000000000e+001 1.008997242e-004 0.000000000e+000 0.000000000e+000 -1.008997241e-004 
d 4.600000000e+000 4.600000000e+000 0.000000000e+000 1.000000000e+001 1.000000000e+001 9.148553879e-004 0.000000000e+000 0.000000000e+000 -9.148553880e-004 
d 4.800000000e+000 4.800000000e+000 0.000000000e+000 1.000000000e+001 1.000000000e+001 2.747960340e-003 0.000000000e+000 0.000000000e+000 -2.747960340e-003 
d 5.000000000e+000 5.000000000e+000 0.000000000e+000 1.000000000e+001 1.000000000e+001 5.455373123e-003 0.000000000e+000 0.000000000e+000 -5.455373123e-003 
d 5.200000000e+000 5.200000000e+000 0.000000000e+000 1.000000000e+001 1.000000000e+001 8.803923635e-003 0.000000000e+000 0.000000000e+000 -8.803923635e-003 
d 5.400000000e+000 5.400000000e+000 0.000000000e+000 1.000000000e+001 1.000000000e+001 1.261088395e-002 0.000000000e+000 0.000000000e+000 -1.261088395e-002 
d 5.600000000e+000 5.600000000e+000 0.000000000e+000 1.000000000e+001 1.000000000e+001 1.680317365e-002 0.000000000e+000 0.000000000e+000 -1.680317365e-002 
d 5.800000000e+000 5.800000000e+000 0.000000000e+000 1.000000000e+001 1.000000000e+001 2.136020684e-002 0.000000000e+000 0.000000000e+000 -2.136020685e-002 
d 6.000000000e+000 6.000000000e+000 0.000000000e+000 1.000000000e+001 1.000000000e+001 2.626375444e-002 0.000000000e+000 0.000000000e+000 -2.626375444e-002 
d 6.200000000e+000 6.200000000e+000 0.000000000e+000 1.000000000e+001 1.000000000e+001 3.149477008e-002 0.000000000e+000 0.000000000e+000 -3.149477008e-002 
d 6.400000000e+000 6.400000000e+000 0.000000000e+000 1.000000000e+001 1.000000000e+001 3.703970057e-002 0.000000000e+000 0.000000000e+000 -3.703970057e-002 
d 6.600000000e+000 6.600000000e+000 0.000000000e+000 1.000000000e+001 1.000000000e+001 4.283664791e-002 0.000000000e+000 0.000000000e+000 -4.283664791e-002 
d 6.800000000e+000 6.800000000e+000 0.000000000e+000 1.000000000e+001 1.000000000e+001 4.878471395e-002 0.000000000e+000 0.000000000e+000 -4.878471394e-002 
d 7.000000000e+000 7.000000000e+000 0.000000000e+000 1.000000000e+001 1.000000000e+001 5.487171448e-002 0.000000000e+000 0.000000000e+000 -5.487171448e-002 
d 7.200000000e+000 7.200000000e+000 0.000000000e+000 1.000000000e+001 1.000000000e+001 6.095536477e-002 0.000000000e+000 0.000000000e+000 -6.095536477e-002 
d 7.400000000e+000 7.400000000e+000 0.000000000e+000 1.000000000e+001 1.000000000e+001 6.629711888e-002 0.000000000e+000 0.000000000e+000 -6.629711888e-002 
d 7.600000000e+000 7.600000000e+000 0.000000000e+000 1.000000000e+001 1.000000000e+001 6.987541856e-002 0.000000000e+000 0.000000000e+000 -6.987541856e-002 
d 7.800000000e+000 7.800000000e+000 0.000000000e+000 1.000000000e+001 1.000000000e+001 7.223226306e-002 0.000000000e+000 0.000000000e+000 -7.223226306e-002 
d 8.000000000e+000 8.000000000e+000 0.000000000e+000 1.000000000e+001 1.000000000e+001 7.397547931e-002 0.000000000e+000 0.000000000e+000 -7.397547931e-002 
d 8.200000000e+000 8.200000000e+000 0.000000000e+000 1.000000000e+001 1.000000000e+001 7.536039326e-002 0.000000000e+000 0.000000000e+000 -7.536039326e-002 
d 8.400000000e+000 8.400000000e+000 0.000000000e+000 1.000000000e+001 1.000000000e+001 7.651001905e-002 0.000000000e+000 0.000000000e+000 -7.651001905e-002 
d 8.600000000e+000 8.600000000e+000 0.000000000e+000 1.000000000e+001 1.000000000e+001 7.749278387e-002 0.000000000e+000 0.000000000e+000 -7.749278387e-002 
d 8.800000000e+000 8.800000000e+000 0.000000000e+000 1.000000000e+001 1.000000000e+001 7.835062302e-002 0.000000000e+000 0.000000000e+000 -7.835062302e-002 
d 9.000000000e+000 9.000000000e+000 0.000000000e+000 1.000000000e+001 1.000000000e+001 7.911112746e-002 0.000000000e+000 0.000000000e+000 -7.911112746e-002 
d 9.200000000e+000 9.200000000e+000 0.000000000e+000 1.000000000e+001 1.000000000e+001 7.979345917e-002 0.000000000e+000 0.000000000e+000 -7.979345917e-002 
d 9.400000000e+000 9.400000000e+000 0.000000000e+000 1.000000000e+001 1.000000000e+001 8.041149879e-002 0.000000000e+000 0.000000000e+000 -8.041149879e-002 
d 9.600000000e+000 9.600000000e+000 0.000000000e+000 1.000000000e+001 1.000000000e+001 8.097553899e-002 0.000000000e+000 0.000000000e+000 -8.097553899e-002 
d 9.800000000e+000 9.800000000e+000 0.000000000e+000 1.000000000e+001 1.000000000e+001 8.149364452e-002 0.000000000e+000 0.000000000e+000 -8.149364452e-002 
d 1.000000000e+001 1.000000000e+001 0.000000000e+000 1.000000000e+001 1.000000000e+001 8.197218672e-002 0.000000000e+000 0.000000000e+000 -8.197218672e-002 
