v ATLAS
# This file was created by ATLAS version 5.26.1.R on Tue Aug 05 21:30:42 2025.
#SSF 2.0 generic
##############################################################################
#                    Copyright (c) 1984 - 2018                               #
#                    Silvaco Inc. All rights reserved                        #
#                                                                            #
# This file format and the following Key are copyright Silvaco Inc.          #
# You may not use, this format or key without reproducing this message in    #
# full and obtaining express written permission from Silvaco Inc.            #
#                                                                            #
# To obtain such permission please contact: Silvaco Inc.                     #
#                                           support@silvaco.com              #
#                                                                            #
# KEY=SVC86hn7562asdx                       PROD=345                         #
##############################################################################
y 3 700 711 15
z 2.2 0.01 300
f 3 "gate" "drain" "source" 
p 9 2 601 20 3 602 21 4 603 22 
d 0.000000000e+000 0.000000000e+000 0.000000000e+000 1.000000000e+001 1.000000000e+001 -8.747361127e-015 0.000000000e+000 0.000000000e+000 9.096103849e-016 
d 2.000000000e-001 2.000000000e-001 0.000000000e+000 1.000000000e+001 1.000000000e+001 -6.484057898e-015 0.000000000e+000 0.000000000e+000 8.703633879e-016 
d 4.000000000e-001 4.000000000e-001 0.000000000e+000 1.000000000e+001 1.000000000e+001 -8.747361127e-015 0.000000000e+000 0.000000000e+000 5.628389733e-016 
d 6.000000000e-001 6.000000000e-001 0.000000000e+000 1.000000000e+001 1.000000000e+001 -8.747361127e-015 0.000000000e+000 0.000000000e+000 4.852410295e-016 
d 8.000000000e-001 8.000000000e-001 0.000000000e+000 1.000000000e+001 1.000000000e+001 -8.625020412e-015 0.000000000e+000 0.000000000e+000 6.621810676e-016 
d 1.000000000e+000 1.000000000e+000 0.000000000e+000 1.000000000e+001 1.000000000e+001 -8.625020412e-015 0.000000000e+000 0.000000000e+000 1.250288655e-015 
d 1.200000000e+000 1.200000000e+000 0.000000000e+000 1.000000000e+001 1.000000000e+001 -8.747361127e-015 0.000000000e+000 0.000000000e+000 4.263406657e-016 
d 1.400000000e+000 1.400000000e+000 0.000000000e+000 1.000000000e+001 1.000000000e+001 -8.747361127e-015 0.000000000e+000 0.000000000e+000 -6.804007542e-017 
d 1.600000000e+000 1.600000000e+000 0.000000000e+000 1.000000000e+001 1.000000000e+001 -8.625020412e-015 0.000000000e+000 0.000000000e+000 -1.364385709e-016 
d 1.800000000e+000 1.800000000e+000 0.000000000e+000 1.000000000e+001 1.000000000e+001 -8.747361127e-015 0.000000000e+000 0.000000000e+000 2.669034741e-016 
d 2.000000000e+000 2.000000000e+000 0.000000000e+000 1.000000000e+001 1.000000000e+001 -8.625020412e-015 0.000000000e+000 0.000000000e+000 -3.345253927e-018 
d 2.200000000e+000 2.200000000e+000 0.000000000e+000 1.000000000e+001 1.000000000e+001 -8.747361127e-015 0.000000000e+000 0.000000000e+000 9.149866858e-016 
d 2.400000000e+000 2.400000000e+000 0.000000000e+000 1.000000000e+001 1.000000000e+001 -8.747361127e-015 0.000000000e+000 0.000000000e+000 7.059083154e-016 
d 2.600000000e+000 2.600000000e+000 0.000000000e+000 1.000000000e+001 1.000000000e+001 -8.625020412e-015 0.000000000e+000 0.000000000e+000 9.868499086e-016 
d 2.800000000e+000 2.800000000e+000 0.000000000e+000 1.000000000e+001 1.000000000e+001 -8.625020412e-015 0.000000000e+000 0.000000000e+000 -2.259241135e-016 
d 3.000000000e+000 3.000000000e+000 0.000000000e+000 1.000000000e+001 1.000000000e+001 -8.747361127e-015 0.000000000e+000 0.000000000e+000 5.303422209e-016 
d 3.200000000e+000 3.200000000e+000 0.000000000e+000 1.000000000e+001 1.000000000e+001 -8.747361127e-015 0.000000000e+000 0.000000000e+000 2.556729787e-016 
d 3.400000000e+000 3.400000000e+000 0.000000000e+000 1.000000000e+001 1.000000000e+001 -8.625020412e-015 0.000000000e+000 0.000000000e+000 -3.099138817e-016 
d 3.600000000e+000 3.600000000e+000 0.000000000e+000 1.000000000e+001 1.000000000e+001 -8.625020412e-015 0.000000000e+000 0.000000000e+000 -1.428687463e-013 
d 3.800000000e+000 3.800000000e+000 0.000000000e+000 1.000000000e+001 1.000000000e+001 2.523173259e-011 0.000000000e+000 0.000000000e+000 -2.546873546e-011 
d 4.000000000e+000 4.000000000e+000 0.000000000e+000 1.000000000e+001 1.000000000e+001 4.505408543e-009 0.000000000e+000 0.000000000e+000 -4.505305262e-009 
d 4.200000000e+000 4.200000000e+000 0.000000000e+000 1.000000000e+001 1.000000000e+001 7.880651388e-007 0.000000000e+000 0.000000000e+000 -7.880651106e-007 
d 4.400000000e+000 4.400000000e+000 0.000000000e+000 1.000000000e+001 1.000000000e+001 7.959037917e-005 0.000000000e+000 0.000000000e+000 -7.959037924e-005 
d 4.600000000e+000 4.600000000e+000 0.000000000e+000 1.000000000e+001 1.000000000e+001 8.246502688e-004 0.000000000e+000 0.000000000e+000 -8.246502687e-004 
d 4.800000000e+000 4.800000000e+000 0.000000000e+000 1.000000000e+001 1.000000000e+001 2.589199631e-003 0.000000000e+000 0.000000000e+000 -2.589199631e-003 
d 5.000000000e+000 5.000000000e+000 0.000000000e+000 1.000000000e+001 1.000000000e+001 5.242815798e-003 0.000000000e+000 0.000000000e+000 -5.242815798e-003 
d 5.200000000e+000 5.200000000e+000 0.000000000e+000 1.000000000e+001 1.000000000e+001 8.553509376e-003 0.000000000e+000 0.000000000e+000 -8.553509376e-003 
d 5.400000000e+000 5.400000000e+000 0.000000000e+000 1.000000000e+001 1.000000000e+001 1.233163629e-002 0.000000000e+000 0.000000000e+000 -1.233163629e-002 
d 5.600000000e+000 5.600000000e+000 0.000000000e+000 1.000000000e+001 1.000000000e+001 1.649753621e-002 0.000000000e+000 0.000000000e+000 -1.649753621e-002 
d 5.800000000e+000 5.800000000e+000 0.000000000e+000 1.000000000e+001 1.000000000e+001 2.102929612e-002 0.000000000e+000 0.000000000e+000 -2.102929612e-002 
d 6.000000000e+000 6.000000000e+000 0.000000000e+000 1.000000000e+001 1.000000000e+001 2.590897512e-002 0.000000000e+000 0.000000000e+000 -2.590897512e-002 
d 6.200000000e+000 6.200000000e+000 0.000000000e+000 1.000000000e+001 1.000000000e+001 3.111714637e-002 0.000000000e+000 0.000000000e+000 -3.111714637e-002 
d 6.400000000e+000 6.400000000e+000 0.000000000e+000 1.000000000e+001 1.000000000e+001 3.664057595e-002 0.000000000e+000 0.000000000e+000 -3.664057595e-002 
d 6.600000000e+000 6.600000000e+000 0.000000000e+000 1.000000000e+001 1.000000000e+001 4.242338101e-002 0.000000000e+000 0.000000000e+000 -4.242338101e-002 
d 6.800000000e+000 6.800000000e+000 0.000000000e+000 1.000000000e+001 1.000000000e+001 4.836020740e-002 0.000000000e+000 0.000000000e+000 -4.836020740e-002 
d 7.000000000e+000 7.000000000e+000 0.000000000e+000 1.000000000e+001 1.000000000e+001 5.443822217e-002 0.000000000e+000 0.000000000e+000 -5.443822217e-002 
d 7.200000000e+000 7.200000000e+000 0.000000000e+000 1.000000000e+001 1.000000000e+001 6.053139567e-002 0.000000000e+000 0.000000000e+000 -6.053139567e-002 
d 7.400000000e+000 7.400000000e+000 0.000000000e+000 1.000000000e+001 1.000000000e+001 6.595905278e-002 0.000000000e+000 0.000000000e+000 -6.595905278e-002 
d 7.600000000e+000 7.600000000e+000 0.000000000e+000 1.000000000e+001 1.000000000e+001 6.964098618e-002 0.000000000e+000 0.000000000e+000 -6.964098618e-002 
d 7.800000000e+000 7.800000000e+000 0.000000000e+000 1.000000000e+001 1.000000000e+001 7.204841890e-002 0.000000000e+000 0.000000000e+000 -7.204841890e-002 
d 8.000000000e+000 8.000000000e+000 0.000000000e+000 1.000000000e+001 1.000000000e+001 7.381797596e-002 0.000000000e+000 0.000000000e+000 -7.381797596e-002 
d 8.200000000e+000 8.200000000e+000 0.000000000e+000 1.000000000e+001 1.000000000e+001 7.521880505e-002 0.000000000e+000 0.000000000e+000 -7.521880505e-002 
d 8.400000000e+000 8.400000000e+000 0.000000000e+000 1.000000000e+001 1.000000000e+001 7.637896357e-002 0.000000000e+000 0.000000000e+000 -7.637896357e-002 
d 8.600000000e+000 8.600000000e+000 0.000000000e+000 1.000000000e+001 1.000000000e+001 7.736914754e-002 0.000000000e+000 0.000000000e+000 -7.736914754e-002 
d 8.800000000e+000 8.800000000e+000 0.000000000e+000 1.000000000e+001 1.000000000e+001 7.823245258e-002 0.000000000e+000 0.000000000e+000 -7.823245258e-002 
d 9.000000000e+000 9.000000000e+000 0.000000000e+000 1.000000000e+001 1.000000000e+001 7.899712177e-002 0.000000000e+000 0.000000000e+000 -7.899712177e-002 
d 9.200000000e+000 9.200000000e+000 0.000000000e+000 1.000000000e+001 1.000000000e+001 7.968270995e-002 0.000000000e+000 0.000000000e+000 -7.968270995e-002 
d 9.400000000e+000 9.400000000e+000 0.000000000e+000 1.000000000e+001 1.000000000e+001 8.030334852e-002 0.000000000e+000 0.000000000e+000 -8.030334852e-002 
d 9.600000000e+000 9.600000000e+000 0.000000000e+000 1.000000000e+001 1.000000000e+001 8.086950999e-002 0.000000000e+000 0.000000000e+000 -8.086950999e-002 
d 9.800000000e+000 9.800000000e+000 0.000000000e+000 1.000000000e+001 1.000000000e+001 8.138934952e-002 0.000000000e+000 0.000000000e+000 -8.138934952e-002 
d 1.000000000e+001 1.000000000e+001 0.000000000e+000 1.000000000e+001 1.000000000e+001 8.186933295e-002 0.000000000e+000 0.000000000e+000 -8.186933295e-002 
