v ATLAS
# This file was created by ATLAS version 5.26.1.R on Tue Aug 05 22:06:59 2025.
#SSF 2.0 generic
##############################################################################
#                    Copyright (c) 1984 - 2018                               #
#                    Silvaco Inc. All rights reserved                        #
#                                                                            #
# This file format and the following Key are copyright Silvaco Inc.          #
# You may not use, this format or key without reproducing this message in    #
# full and obtaining express written permission from Silvaco Inc.            #
#                                                                            #
# To obtain such permission please contact: Silvaco Inc.                     #
#                                           support@silvaco.com              #
#                                                                            #
# KEY=SVC86hn7562asdx                       PROD=345                         #
##############################################################################
y 3 700 711 15
z 2.2 0.01 300
f 3 "gate" "drain" "source" 
p 9 2 601 20 3 602 21 4 603 22 
d 0.000000000e+000 0.000000000e+000 0.000000000e+000 1.000000000e+001 1.000000000e+001 -7.952146479e-015 0.000000000e+000 0.000000000e+000 2.628413800e-016 
d 2.000000000e-001 2.000000000e-001 0.000000000e+000 1.000000000e+001 1.000000000e+001 -5.750013608e-015 0.000000000e+000 0.000000000e+000 -4.196501579e-016 
d 4.000000000e-001 4.000000000e-001 0.000000000e+000 1.000000000e+001 1.000000000e+001 -7.952146479e-015 0.000000000e+000 0.000000000e+000 3.053141576e-016 
d 6.000000000e-001 6.000000000e-001 0.000000000e+000 1.000000000e+001 1.000000000e+001 -7.952146479e-015 0.000000000e+000 0.000000000e+000 3.139162391e-016 
d 8.000000000e-001 8.000000000e-001 0.000000000e+000 1.000000000e+001 1.000000000e+001 -7.829805764e-015 0.000000000e+000 0.000000000e+000 3.087788848e-016 
d 1.000000000e+000 1.000000000e+000 0.000000000e+000 1.000000000e+001 1.000000000e+001 -7.829805764e-015 0.000000000e+000 0.000000000e+000 -2.275967404e-017 
d 1.200000000e+000 1.200000000e+000 0.000000000e+000 1.000000000e+001 1.000000000e+001 -7.952146479e-015 0.000000000e+000 0.000000000e+000 5.982628229e-016 
d 1.400000000e+000 1.400000000e+000 0.000000000e+000 1.000000000e+001 1.000000000e+001 -7.952146479e-015 0.000000000e+000 0.000000000e+000 1.080039125e-016 
d 1.600000000e+000 1.600000000e+000 0.000000000e+000 1.000000000e+001 1.000000000e+001 -7.829805764e-015 0.000000000e+000 0.000000000e+000 1.194136179e-016 
d 1.800000000e+000 1.800000000e+000 0.000000000e+000 1.000000000e+001 1.000000000e+001 -7.952146479e-015 0.000000000e+000 0.000000000e+000 1.360204142e-016 
d 2.000000000e+000 2.000000000e+000 0.000000000e+000 1.000000000e+001 1.000000000e+001 -7.829805764e-015 0.000000000e+000 0.000000000e+000 1.804645021e-016 
d 2.200000000e+000 2.200000000e+000 0.000000000e+000 1.000000000e+001 1.000000000e+001 -7.952146479e-015 0.000000000e+000 0.000000000e+000 4.548350608e-016 
d 2.400000000e+000 2.400000000e+000 0.000000000e+000 1.000000000e+001 1.000000000e+001 -7.952146479e-015 0.000000000e+000 0.000000000e+000 5.605092429e-016 
d 2.600000000e+000 2.600000000e+000 0.000000000e+000 1.000000000e+001 1.000000000e+001 -7.829805764e-015 0.000000000e+000 0.000000000e+000 4.804620953e-016 
d 2.800000000e+000 2.800000000e+000 0.000000000e+000 1.000000000e+001 1.000000000e+001 -7.829805764e-015 0.000000000e+000 0.000000000e+000 -4.489211297e-016 
d 3.000000000e+000 3.000000000e+000 0.000000000e+000 1.000000000e+001 1.000000000e+001 -7.952146479e-015 0.000000000e+000 0.000000000e+000 5.424687663e-016 
d 3.200000000e+000 3.200000000e+000 0.000000000e+000 1.000000000e+001 1.000000000e+001 -7.952146479e-015 0.000000000e+000 0.000000000e+000 -2.028060194e-016 
d 3.400000000e+000 3.400000000e+000 0.000000000e+000 1.000000000e+001 1.000000000e+001 -7.829805764e-015 0.000000000e+000 0.000000000e+000 -1.970115617e-015 
d 3.600000000e+000 3.600000000e+000 0.000000000e+000 1.000000000e+001 1.000000000e+001 -7.829805764e-015 0.000000000e+000 0.000000000e+000 -2.946404081e-013 
d 3.800000000e+000 3.800000000e+000 0.000000000e+000 1.000000000e+001 1.000000000e+001 5.237522235e-011 0.000000000e+000 0.000000000e+000 -5.237038380e-011 
d 4.000000000e+000 4.000000000e+000 0.000000000e+000 1.000000000e+001 1.000000000e+001 9.259216205e-009 0.000000000e+000 0.000000000e+000 -9.259447420e-009 
d 4.200000000e+000 4.200000000e+000 0.000000000e+000 1.000000000e+001 1.000000000e+001 1.606300963e-006 0.000000000e+000 0.000000000e+000 -1.606301016e-006 
d 4.400000000e+000 4.400000000e+000 0.000000000e+000 1.000000000e+001 1.000000000e+001 1.260961659e-004 0.000000000e+000 0.000000000e+000 -1.260961659e-004 
d 4.600000000e+000 4.600000000e+000 0.000000000e+000 1.000000000e+001 1.000000000e+001 1.010147265e-003 0.000000000e+000 0.000000000e+000 -1.010147265e-003 
d 4.800000000e+000 4.800000000e+000 0.000000000e+000 1.000000000e+001 1.000000000e+001 2.911027087e-003 0.000000000e+000 0.000000000e+000 -2.911027087e-003 
d 5.000000000e+000 5.000000000e+000 0.000000000e+000 1.000000000e+001 1.000000000e+001 5.671062540e-003 0.000000000e+000 0.000000000e+000 -5.671062539e-003 
d 5.200000000e+000 5.200000000e+000 0.000000000e+000 1.000000000e+001 1.000000000e+001 9.056558201e-003 0.000000000e+000 0.000000000e+000 -9.056558201e-003 
d 5.400000000e+000 5.400000000e+000 0.000000000e+000 1.000000000e+001 1.000000000e+001 1.289203587e-002 0.000000000e+000 0.000000000e+000 -1.289203587e-002 
d 5.600000000e+000 5.600000000e+000 0.000000000e+000 1.000000000e+001 1.000000000e+001 1.711063747e-002 0.000000000e+000 0.000000000e+000 -1.711063747e-002 
d 5.800000000e+000 5.800000000e+000 0.000000000e+000 1.000000000e+001 1.000000000e+001 2.169285547e-002 0.000000000e+000 0.000000000e+000 -2.169285547e-002 
d 6.000000000e+000 6.000000000e+000 0.000000000e+000 1.000000000e+001 1.000000000e+001 2.662017557e-002 0.000000000e+000 0.000000000e+000 -2.662017557e-002 
d 6.200000000e+000 6.200000000e+000 0.000000000e+000 1.000000000e+001 1.000000000e+001 3.187400408e-002 0.000000000e+000 0.000000000e+000 -3.187400408e-002 
d 6.400000000e+000 6.400000000e+000 0.000000000e+000 1.000000000e+001 1.000000000e+001 3.744019718e-002 0.000000000e+000 0.000000000e+000 -3.744019718e-002 
d 6.600000000e+000 6.600000000e+000 0.000000000e+000 1.000000000e+001 1.000000000e+001 4.325065069e-002 0.000000000e+000 0.000000000e+000 -4.325065069e-002 
d 6.800000000e+000 6.800000000e+000 0.000000000e+000 1.000000000e+001 1.000000000e+001 4.921002679e-002 0.000000000e+000 0.000000000e+000 -4.921002679e-002 
d 7.000000000e+000 7.000000000e+000 0.000000000e+000 1.000000000e+001 1.000000000e+001 5.530549958e-002 0.000000000e+000 0.000000000e+000 -5.530549958e-002 
d 7.200000000e+000 7.200000000e+000 0.000000000e+000 1.000000000e+001 1.000000000e+001 6.137683797e-002 0.000000000e+000 0.000000000e+000 -6.137683797e-002 
d 7.400000000e+000 7.400000000e+000 0.000000000e+000 1.000000000e+001 1.000000000e+001 6.662657945e-002 0.000000000e+000 0.000000000e+000 -6.662657945e-002 
d 7.600000000e+000 7.600000000e+000 0.000000000e+000 1.000000000e+001 1.000000000e+001 7.010398041e-002 0.000000000e+000 0.000000000e+000 -7.010398041e-002 
d 7.800000000e+000 7.800000000e+000 0.000000000e+000 1.000000000e+001 1.000000000e+001 7.241204250e-002 0.000000000e+000 0.000000000e+000 -7.241204250e-002 
d 8.000000000e+000 8.000000000e+000 0.000000000e+000 1.000000000e+001 1.000000000e+001 7.412951421e-002 0.000000000e+000 0.000000000e+000 -7.412951421e-002 
d 8.200000000e+000 8.200000000e+000 0.000000000e+000 1.000000000e+001 1.000000000e+001 7.549872786e-002 0.000000000e+000 0.000000000e+000 -7.549872786e-002 
d 8.400000000e+000 8.400000000e+000 0.000000000e+000 1.000000000e+001 1.000000000e+001 7.663788981e-002 0.000000000e+000 0.000000000e+000 -7.663788981e-002 
d 8.600000000e+000 8.600000000e+000 0.000000000e+000 1.000000000e+001 1.000000000e+001 7.761324111e-002 0.000000000e+000 0.000000000e+000 -7.761324111e-002 
d 8.800000000e+000 8.800000000e+000 0.000000000e+000 1.000000000e+001 1.000000000e+001 7.846559050e-002 0.000000000e+000 0.000000000e+000 -7.846559050e-002 
d 9.000000000e+000 9.000000000e+000 0.000000000e+000 1.000000000e+001 1.000000000e+001 7.922189254e-002 0.000000000e+000 0.000000000e+000 -7.922189254e-002 
d 9.200000000e+000 9.200000000e+000 0.000000000e+000 1.000000000e+001 1.000000000e+001 7.990092362e-002 0.000000000e+000 0.000000000e+000 -7.990092362e-002 
d 9.400000000e+000 9.400000000e+000 0.000000000e+000 1.000000000e+001 1.000000000e+001 8.051631768e-002 0.000000000e+000 0.000000000e+000 -8.051631768e-002 
d 9.600000000e+000 9.600000000e+000 0.000000000e+000 1.000000000e+001 1.000000000e+001 8.107818963e-002 0.000000000e+000 0.000000000e+000 -8.107818963e-002 
d 9.800000000e+000 9.800000000e+000 0.000000000e+000 1.000000000e+001 1.000000000e+001 8.159451495e-002 0.000000000e+000 0.000000000e+000 -8.159451495e-002 
d 1.000000000e+001 1.000000000e+001 0.000000000e+000 1.000000000e+001 1.000000000e+001 8.207153472e-002 0.000000000e+000 0.000000000e+000 -8.207153472e-002 
