v ATLAS
# This file was created by ATLAS version 5.26.1.R on Tue Aug 05 20:45:35 2025.
#SSF 2.0 generic
##############################################################################
#                    Copyright (c) 1984 - 2018                               #
#                    Silvaco Inc. All rights reserved                        #
#                                                                            #
# This file format and the following Key are copyright Silvaco Inc.          #
# You may not use, this format or key without reproducing this message in    #
# full and obtaining express written permission from Silvaco Inc.            #
#                                                                            #
# To obtain such permission please contact: Silvaco Inc.                     #
#                                           support@silvaco.com              #
#                                                                            #
# KEY=SVC86hn7562asdx                       PROD=345                         #
##############################################################################
y 3 700 711 15
z 2.2 0.01 300
f 3 "gate" "drain" "source" 
p 9 2 601 20 3 602 21 4 603 22 
d 0.000000000e+000 0.000000000e+000 0.000000000e+000 1.000000000e+001 1.000000000e+001 -8.135657552e-015 0.000000000e+000 0.000000000e+000 3.591369038e-016 
d 2.000000000e-001 2.000000000e-001 0.000000000e+000 1.000000000e+001 1.000000000e+001 -5.994695038e-015 0.000000000e+000 0.000000000e+000 4.880486533e-016 
d 4.000000000e-001 4.000000000e-001 0.000000000e+000 1.000000000e+001 1.000000000e+001 -8.135657552e-015 0.000000000e+000 0.000000000e+000 6.726349861e-016 
d 6.000000000e-001 6.000000000e-001 0.000000000e+000 1.000000000e+001 1.000000000e+001 -8.135657552e-015 0.000000000e+000 0.000000000e+000 5.793860329e-016 
d 8.000000000e-001 8.000000000e-001 0.000000000e+000 1.000000000e+001 1.000000000e+001 -8.013316837e-015 0.000000000e+000 0.000000000e+000 7.115832997e-016 
d 1.000000000e+000 1.000000000e+000 0.000000000e+000 1.000000000e+001 1.000000000e+001 -8.013316837e-015 0.000000000e+000 0.000000000e+000 5.705450047e-016 
d 1.200000000e+000 1.200000000e+000 0.000000000e+000 1.000000000e+001 1.000000000e+001 -8.135657552e-015 0.000000000e+000 0.000000000e+000 -4.768778947e-016 
d 1.400000000e+000 1.400000000e+000 0.000000000e+000 1.000000000e+001 1.000000000e+001 -8.135657552e-015 0.000000000e+000 0.000000000e+000 2.810013299e-016 
d 1.600000000e+000 1.600000000e+000 0.000000000e+000 1.000000000e+001 1.000000000e+001 -8.013316837e-015 0.000000000e+000 0.000000000e+000 2.207270225e-016 
d 1.800000000e+000 1.800000000e+000 0.000000000e+000 1.000000000e+001 1.000000000e+001 -8.135657552e-015 0.000000000e+000 0.000000000e+000 4.232940952e-016 
d 2.000000000e+000 2.000000000e+000 0.000000000e+000 1.000000000e+001 1.000000000e+001 -8.013316837e-015 0.000000000e+000 0.000000000e+000 7.502926666e-016 
d 2.200000000e+000 2.200000000e+000 0.000000000e+000 1.000000000e+001 1.000000000e+001 -8.135657552e-015 0.000000000e+000 0.000000000e+000 1.482066963e-016 
d 2.400000000e+000 2.400000000e+000 0.000000000e+000 1.000000000e+001 1.000000000e+001 -8.135657552e-015 0.000000000e+000 0.000000000e+000 -7.927057075e-017 
d 2.600000000e+000 2.600000000e+000 0.000000000e+000 1.000000000e+001 1.000000000e+001 -8.013316837e-015 0.000000000e+000 0.000000000e+000 1.040015551e-015 
d 2.800000000e+000 2.800000000e+000 0.000000000e+000 1.000000000e+001 1.000000000e+001 -8.013316837e-015 0.000000000e+000 0.000000000e+000 1.936663077e-016 
d 3.000000000e+000 3.000000000e+000 0.000000000e+000 1.000000000e+001 1.000000000e+001 -8.135657552e-015 0.000000000e+000 0.000000000e+000 6.127190988e-016 
d 3.200000000e+000 3.200000000e+000 0.000000000e+000 1.000000000e+001 1.000000000e+001 -8.135657552e-015 0.000000000e+000 0.000000000e+000 6.949167668e-016 
d 3.400000000e+000 3.400000000e+000 0.000000000e+000 1.000000000e+001 1.000000000e+001 -8.013316837e-015 0.000000000e+000 0.000000000e+000 2.580624458e-017 
d 3.600000000e+000 3.600000000e+000 0.000000000e+000 1.000000000e+001 1.000000000e+001 -8.013316837e-015 0.000000000e+000 0.000000000e+000 -6.960643083e-014 
d 3.800000000e+000 3.800000000e+000 0.000000000e+000 1.000000000e+001 1.000000000e+001 1.231928181e-011 0.000000000e+000 0.000000000e+000 -1.238581814e-011 
d 4.000000000e+000 4.000000000e+000 0.000000000e+000 1.000000000e+001 1.000000000e+001 2.191991621e-009 0.000000000e+000 0.000000000e+000 -2.191903216e-009 
d 4.200000000e+000 4.200000000e+000 0.000000000e+000 1.000000000e+001 1.000000000e+001 3.851180615e-007 0.000000000e+000 0.000000000e+000 -3.851178970e-007 
d 4.400000000e+000 4.400000000e+000 0.000000000e+000 1.000000000e+001 1.000000000e+001 4.738138441e-005 0.000000000e+000 0.000000000e+000 -4.738138439e-005 
d 4.600000000e+000 4.600000000e+000 0.000000000e+000 1.000000000e+001 1.000000000e+001 6.596083438e-004 0.000000000e+000 0.000000000e+000 -6.596083437e-004 
d 4.800000000e+000 4.800000000e+000 0.000000000e+000 1.000000000e+001 1.000000000e+001 2.284890746e-003 0.000000000e+000 0.000000000e+000 -2.284890746e-003 
d 5.000000000e+000 5.000000000e+000 0.000000000e+000 1.000000000e+001 1.000000000e+001 4.827422165e-003 0.000000000e+000 0.000000000e+000 -4.827422165e-003 
d 5.200000000e+000 5.200000000e+000 0.000000000e+000 1.000000000e+001 1.000000000e+001 8.059516979e-003 0.000000000e+000 0.000000000e+000 -8.059516979e-003 
d 5.400000000e+000 5.400000000e+000 0.000000000e+000 1.000000000e+001 1.000000000e+001 1.177889076e-002 0.000000000e+000 0.000000000e+000 -1.177889076e-002 
d 5.600000000e+000 5.600000000e+000 0.000000000e+000 1.000000000e+001 1.000000000e+001 1.589176007e-002 0.000000000e+000 0.000000000e+000 -1.589176007e-002 
d 5.800000000e+000 5.800000000e+000 0.000000000e+000 1.000000000e+001 1.000000000e+001 2.037271610e-002 0.000000000e+000 0.000000000e+000 -2.037271610e-002 
d 6.000000000e+000 6.000000000e+000 0.000000000e+000 1.000000000e+001 1.000000000e+001 2.520433645e-002 0.000000000e+000 0.000000000e+000 -2.520433645e-002 
d 6.200000000e+000 6.200000000e+000 0.000000000e+000 1.000000000e+001 1.000000000e+001 3.036672940e-002 0.000000000e+000 0.000000000e+000 -3.036672940e-002 
d 6.400000000e+000 6.400000000e+000 0.000000000e+000 1.000000000e+001 1.000000000e+001 3.584658115e-002 0.000000000e+000 0.000000000e+000 -3.584658115e-002 
d 6.600000000e+000 6.600000000e+000 0.000000000e+000 1.000000000e+001 1.000000000e+001 4.159907089e-002 0.000000000e+000 0.000000000e+000 -4.159907089e-002 
d 6.800000000e+000 6.800000000e+000 0.000000000e+000 1.000000000e+001 1.000000000e+001 4.751365653e-002 0.000000000e+000 0.000000000e+000 -4.751365653e-002 
d 7.000000000e+000 7.000000000e+000 0.000000000e+000 1.000000000e+001 1.000000000e+001 5.357236076e-002 0.000000000e+000 0.000000000e+000 -5.357236076e-002 
d 7.200000000e+000 7.200000000e+000 0.000000000e+000 1.000000000e+001 1.000000000e+001 5.967740586e-002 0.000000000e+000 0.000000000e+000 -5.967740586e-002 
d 7.400000000e+000 7.400000000e+000 0.000000000e+000 1.000000000e+001 1.000000000e+001 6.525775004e-002 0.000000000e+000 0.000000000e+000 -6.525775004e-002 
d 7.600000000e+000 7.600000000e+000 0.000000000e+000 1.000000000e+001 1.000000000e+001 6.915358647e-002 0.000000000e+000 0.000000000e+000 -6.915358647e-002 
d 7.800000000e+000 7.800000000e+000 0.000000000e+000 1.000000000e+001 1.000000000e+001 7.166787492e-002 0.000000000e+000 0.000000000e+000 -7.166787493e-002 
d 8.000000000e+000 8.000000000e+000 0.000000000e+000 1.000000000e+001 1.000000000e+001 7.349193101e-002 0.000000000e+000 0.000000000e+000 -7.349193101e-002 
d 8.200000000e+000 8.200000000e+000 0.000000000e+000 1.000000000e+001 1.000000000e+001 7.492519737e-002 0.000000000e+000 0.000000000e+000 -7.492519737e-002 
d 8.400000000e+000 8.400000000e+000 0.000000000e+000 1.000000000e+001 1.000000000e+001 7.610658372e-002 0.000000000e+000 0.000000000e+000 -7.610658372e-002 
d 8.600000000e+000 8.600000000e+000 0.000000000e+000 1.000000000e+001 1.000000000e+001 7.711158140e-002 0.000000000e+000 0.000000000e+000 -7.711158140e-002 
d 8.800000000e+000 8.800000000e+000 0.000000000e+000 1.000000000e+001 1.000000000e+001 7.798570987e-002 0.000000000e+000 0.000000000e+000 -7.798570987e-002 
d 9.000000000e+000 9.000000000e+000 0.000000000e+000 1.000000000e+001 1.000000000e+001 7.875856253e-002 0.000000000e+000 0.000000000e+000 -7.875856253e-002 
d 9.200000000e+000 9.200000000e+000 0.000000000e+000 1.000000000e+001 1.000000000e+001 7.945050216e-002 0.000000000e+000 0.000000000e+000 -7.945050216e-002 
d 9.400000000e+000 9.400000000e+000 0.000000000e+000 1.000000000e+001 1.000000000e+001 8.007617274e-002 0.000000000e+000 0.000000000e+000 -8.007617274e-002 
d 9.600000000e+000 9.600000000e+000 0.000000000e+000 1.000000000e+001 1.000000000e+001 8.064641241e-002 0.000000000e+000 0.000000000e+000 -8.064641241e-002 
d 9.800000000e+000 9.800000000e+000 0.000000000e+000 1.000000000e+001 1.000000000e+001 8.116956001e-002 0.000000000e+000 0.000000000e+000 -8.116956001e-002 
d 1.000000000e+001 1.000000000e+001 0.000000000e+000 1.000000000e+001 1.000000000e+001 8.165227176e-002 0.000000000e+000 0.000000000e+000 -8.165227176e-002 
