v ATLAS
# This file was created by ATLAS version 5.26.1.R on Tue Aug 05 20:51:00 2025.
#SSF 2.0 generic
##############################################################################
#                    Copyright (c) 1984 - 2018                               #
#                    Silvaco Inc. All rights reserved                        #
#                                                                            #
# This file format and the following Key are copyright Silvaco Inc.          #
# You may not use, this format or key without reproducing this message in    #
# full and obtaining express written permission from Silvaco Inc.            #
#                                                                            #
# To obtain such permission please contact: Silvaco Inc.                     #
#                                           support@silvaco.com              #
#                                                                            #
# KEY=SVC86hn7562asdx                       PROD=345                         #
##############################################################################
y 3 700 711 15
z 2.2 0.01 300
f 3 "gate" "drain" "source" 
p 9 2 601 20 3 602 21 4 603 22 
d 6.000000000e+000 6.000000000e+000 0.000000000e+000 7.500000000e+000 7.500000000e+000 2.519804881e-002 0.000000000e+000 0.000000000e+000 -2.519804881e-002 
d 6.000000000e+000 6.000000000e+000 0.000000000e+000 5.000000000e+000 5.000000000e+000 2.505945124e-002 0.000000000e+000 0.000000000e+000 -2.505945124e-002 
d 6.000000000e+000 6.000000000e+000 0.000000000e+000 0.000000000e+000 0.000000000e+000 -3.166789412e-013 0.000000000e+000 0.000000000e+000 3.143487924e-013 
d 6.000000000e+000 6.000000000e+000 0.000000000e+000 1.000000000e+000 1.000000000e+000 1.144175169e-002 0.000000000e+000 0.000000000e+000 -1.144175169e-002 
d 6.000000000e+000 6.000000000e+000 0.000000000e+000 2.000000000e+000 2.000000000e+000 1.978705516e-002 0.000000000e+000 0.000000000e+000 -1.978705516e-002 
d 6.000000000e+000 6.000000000e+000 0.000000000e+000 4.000000000e+000 4.000000000e+000 2.490579745e-002 0.000000000e+000 0.000000000e+000 -2.490579745e-002 
d 6.000000000e+000 6.000000000e+000 0.000000000e+000 6.000000000e+000 6.000000000e+000 2.515586283e-002 0.000000000e+000 0.000000000e+000 -2.515586283e-002 
d 6.000000000e+000 6.000000000e+000 0.000000000e+000 8.000000000e+000 8.000000000e+000 2.520048840e-002 0.000000000e+000 0.000000000e+000 -2.520048840e-002 
d 6.000000000e+000 6.000000000e+000 0.000000000e+000 1.000000000e+001 1.000000000e+001 2.520433645e-002 0.000000000e+000 0.000000000e+000 -2.520433645e-002 
d 6.000000000e+000 6.000000000e+000 0.000000000e+000 1.200000000e+001 1.200000000e+001 2.520640475e-002 0.000000000e+000 0.000000000e+000 -2.520640475e-002 
d 6.000000000e+000 6.000000000e+000 0.000000000e+000 1.400000000e+001 1.400000000e+001 2.520819725e-002 0.000000000e+000 0.000000000e+000 -2.520819725e-002 
d 6.000000000e+000 6.000000000e+000 0.000000000e+000 1.600000000e+001 1.600000000e+001 2.520980898e-002 0.000000000e+000 0.000000000e+000 -2.520980898e-002 
d 6.000000000e+000 6.000000000e+000 0.000000000e+000 1.800000000e+001 1.800000000e+001 2.521129094e-002 0.000000000e+000 0.000000000e+000 -2.521129093e-002 
d 6.000000000e+000 6.000000000e+000 0.000000000e+000 2.000000000e+001 2.000000000e+001 2.521267370e-002 0.000000000e+000 0.000000000e+000 -2.521267370e-002 
d 6.000000000e+000 6.000000000e+000 0.000000000e+000 2.200000000e+001 2.200000000e+001 2.521397573e-002 0.000000000e+000 0.000000000e+000 -2.521397573e-002 
d 6.000000000e+000 6.000000000e+000 0.000000000e+000 2.400000000e+001 2.400000000e+001 2.521521097e-002 0.000000000e+000 0.000000000e+000 -2.521521097e-002 
d 6.000000000e+000 6.000000000e+000 0.000000000e+000 2.600000000e+001 2.600000000e+001 2.521638975e-002 0.000000000e+000 0.000000000e+000 -2.521638975e-002 
d 6.000000000e+000 6.000000000e+000 0.000000000e+000 2.800000000e+001 2.800000000e+001 2.521751867e-002 0.000000000e+000 0.000000000e+000 -2.521751867e-002 
d 6.000000000e+000 6.000000000e+000 0.000000000e+000 3.000000000e+001 3.000000000e+001 2.521860631e-002 0.000000000e+000 0.000000000e+000 -2.521860631e-002 
d 6.000000000e+000 6.000000000e+000 0.000000000e+000 3.200000000e+001 3.200000000e+001 2.521965647e-002 0.000000000e+000 0.000000000e+000 -2.521965647e-002 
d 6.000000000e+000 6.000000000e+000 0.000000000e+000 3.400000000e+001 3.400000000e+001 2.522067797e-002 0.000000000e+000 0.000000000e+000 -2.522067797e-002 
d 6.000000000e+000 6.000000000e+000 0.000000000e+000 3.600000000e+001 3.600000000e+001 2.522167541e-002 0.000000000e+000 0.000000000e+000 -2.522167541e-002 
d 6.000000000e+000 6.000000000e+000 0.000000000e+000 3.800000000e+001 3.800000000e+001 2.522265789e-002 0.000000000e+000 0.000000000e+000 -2.522265789e-002 
d 6.000000000e+000 6.000000000e+000 0.000000000e+000 4.000000000e+001 4.000000000e+001 2.522363043e-002 0.000000000e+000 0.000000000e+000 -2.522363043e-002 
d 6.000000000e+000 6.000000000e+000 0.000000000e+000 4.200000000e+001 4.200000000e+001 2.522459444e-002 0.000000000e+000 0.000000000e+000 -2.522459444e-002 
d 6.000000000e+000 6.000000000e+000 0.000000000e+000 4.400000000e+001 4.400000000e+001 2.522555204e-002 0.000000000e+000 0.000000000e+000 -2.522555204e-002 
d 6.000000000e+000 6.000000000e+000 0.000000000e+000 4.600000000e+001 4.600000000e+001 2.522649570e-002 0.000000000e+000 0.000000000e+000 -2.522649570e-002 
d 6.000000000e+000 6.000000000e+000 0.000000000e+000 4.800000000e+001 4.800000000e+001 2.522742810e-002 0.000000000e+000 0.000000000e+000 -2.522742810e-002 
d 6.000000000e+000 6.000000000e+000 0.000000000e+000 5.000000000e+001 5.000000000e+001 2.522835185e-002 0.000000000e+000 0.000000000e+000 -2.522835185e-002 
d 6.000000000e+000 6.000000000e+000 0.000000000e+000 5.200000000e+001 5.200000000e+001 2.522925775e-002 0.000000000e+000 0.000000000e+000 -2.522925775e-002 
d 6.000000000e+000 6.000000000e+000 0.000000000e+000 5.400000000e+001 5.400000000e+001 2.523014730e-002 0.000000000e+000 0.000000000e+000 -2.523014730e-002 
d 6.000000000e+000 6.000000000e+000 0.000000000e+000 5.600000000e+001 5.600000000e+001 2.523102002e-002 0.000000000e+000 0.000000000e+000 -2.523102002e-002 
d 6.000000000e+000 6.000000000e+000 0.000000000e+000 5.800000000e+001 5.800000000e+001 2.523187383e-002 0.000000000e+000 0.000000000e+000 -2.523187383e-002 
d 6.000000000e+000 6.000000000e+000 0.000000000e+000 6.000000000e+001 6.000000000e+001 2.523270917e-002 0.000000000e+000 0.000000000e+000 -2.523270917e-002 
d 6.000000000e+000 6.000000000e+000 0.000000000e+000 6.200000000e+001 6.200000000e+001 2.523353494e-002 0.000000000e+000 0.000000000e+000 -2.523353494e-002 
d 6.000000000e+000 6.000000000e+000 0.000000000e+000 6.400000000e+001 6.400000000e+001 2.523430070e-002 0.000000000e+000 0.000000000e+000 -2.523430070e-002 
d 6.000000000e+000 6.000000000e+000 0.000000000e+000 6.600000000e+001 6.600000000e+001 2.523494033e-002 0.000000000e+000 0.000000000e+000 -2.523494033e-002 
d 6.000000000e+000 6.000000000e+000 0.000000000e+000 6.800000000e+001 6.800000000e+001 2.523557883e-002 0.000000000e+000 0.000000000e+000 -2.523557883e-002 
d 6.000000000e+000 6.000000000e+000 0.000000000e+000 7.000000000e+001 7.000000000e+001 2.523621745e-002 0.000000000e+000 0.000000000e+000 -2.523621745e-002 
d 6.000000000e+000 6.000000000e+000 0.000000000e+000 7.200000000e+001 7.200000000e+001 2.523685331e-002 0.000000000e+000 0.000000000e+000 -2.523685331e-002 
d 6.000000000e+000 6.000000000e+000 0.000000000e+000 7.400000000e+001 7.400000000e+001 2.523747955e-002 0.000000000e+000 0.000000000e+000 -2.523747955e-002 
d 6.000000000e+000 6.000000000e+000 0.000000000e+000 7.600000000e+001 7.600000000e+001 2.523809658e-002 0.000000000e+000 0.000000000e+000 -2.523809658e-002 
d 6.000000000e+000 6.000000000e+000 0.000000000e+000 7.800000000e+001 7.800000000e+001 2.523871034e-002 0.000000000e+000 0.000000000e+000 -2.523871034e-002 
d 6.000000000e+000 6.000000000e+000 0.000000000e+000 8.000000000e+001 8.000000000e+001 2.523932063e-002 0.000000000e+000 0.000000000e+000 -2.523932063e-002 
d 6.000000000e+000 6.000000000e+000 0.000000000e+000 8.200000000e+001 8.200000000e+001 2.523992394e-002 0.000000000e+000 0.000000000e+000 -2.523992394e-002 
d 6.000000000e+000 6.000000000e+000 0.000000000e+000 8.400000000e+001 8.400000000e+001 2.524051558e-002 0.000000000e+000 0.000000000e+000 -2.524051558e-002 
d 6.000000000e+000 6.000000000e+000 0.000000000e+000 8.600000000e+001 8.600000000e+001 2.524110200e-002 0.000000000e+000 0.000000000e+000 -2.524110200e-002 
d 6.000000000e+000 6.000000000e+000 0.000000000e+000 8.800000000e+001 8.800000000e+001 2.524168564e-002 0.000000000e+000 0.000000000e+000 -2.524168564e-002 
d 6.000000000e+000 6.000000000e+000 0.000000000e+000 9.000000000e+001 9.000000000e+001 2.524226569e-002 0.000000000e+000 0.000000000e+000 -2.524226569e-002 
d 6.000000000e+000 6.000000000e+000 0.000000000e+000 9.200000000e+001 9.200000000e+001 2.524283869e-002 0.000000000e+000 0.000000000e+000 -2.524283869e-002 
d 6.000000000e+000 6.000000000e+000 0.000000000e+000 9.400000000e+001 9.400000000e+001 2.524340098e-002 0.000000000e+000 0.000000000e+000 -2.524340098e-002 
d 6.000000000e+000 6.000000000e+000 0.000000000e+000 9.600000000e+001 9.600000000e+001 2.524395905e-002 0.000000000e+000 0.000000000e+000 -2.524395905e-002 
d 6.000000000e+000 6.000000000e+000 0.000000000e+000 9.800000000e+001 9.800000000e+001 2.524451478e-002 0.000000000e+000 0.000000000e+000 -2.524451478e-002 
d 6.000000000e+000 6.000000000e+000 0.000000000e+000 1.000000000e+002 1.000000000e+002 2.524506768e-002 0.000000000e+000 0.000000000e+000 -2.524506768e-002 
d 6.000000000e+000 6.000000000e+000 0.000000000e+000 1.020000000e+002 1.020000000e+002 2.524561577e-002 0.000000000e+000 0.000000000e+000 -2.524561577e-002 
d 6.000000000e+000 6.000000000e+000 0.000000000e+000 1.040000000e+002 1.040000000e+002 2.524615430e-002 0.000000000e+000 0.000000000e+000 -2.524615430e-002 
d 6.000000000e+000 6.000000000e+000 0.000000000e+000 1.060000000e+002 1.060000000e+002 2.524668667e-002 0.000000000e+000 0.000000000e+000 -2.524668667e-002 
d 6.000000000e+000 6.000000000e+000 0.000000000e+000 1.080000000e+002 1.080000000e+002 2.524721696e-002 0.000000000e+000 0.000000000e+000 -2.524721696e-002 
d 6.000000000e+000 6.000000000e+000 0.000000000e+000 1.100000000e+002 1.100000000e+002 2.524774524e-002 0.000000000e+000 0.000000000e+000 -2.524774524e-002 
d 6.000000000e+000 6.000000000e+000 0.000000000e+000 1.120000000e+002 1.120000000e+002 2.524827082e-002 0.000000000e+000 0.000000000e+000 -2.524827082e-002 
d 6.000000000e+000 6.000000000e+000 0.000000000e+000 1.140000000e+002 1.140000000e+002 2.524879157e-002 0.000000000e+000 0.000000000e+000 -2.524879157e-002 
d 6.000000000e+000 6.000000000e+000 0.000000000e+000 1.160000000e+002 1.160000000e+002 2.524930340e-002 0.000000000e+000 0.000000000e+000 -2.524930340e-002 
d 6.000000000e+000 6.000000000e+000 0.000000000e+000 1.180000000e+002 1.180000000e+002 2.524981047e-002 0.000000000e+000 0.000000000e+000 -2.524981047e-002 
d 6.000000000e+000 6.000000000e+000 0.000000000e+000 1.200000000e+002 1.200000000e+002 2.525031589e-002 0.000000000e+000 0.000000000e+000 -2.525031588e-002 
d 6.000000000e+000 6.000000000e+000 0.000000000e+000 1.220000000e+002 1.220000000e+002 2.525081967e-002 0.000000000e+000 0.000000000e+000 -2.525081967e-002 
d 6.000000000e+000 6.000000000e+000 0.000000000e+000 1.240000000e+002 1.240000000e+002 2.525132137e-002 0.000000000e+000 0.000000000e+000 -2.525132137e-002 
d 6.000000000e+000 6.000000000e+000 0.000000000e+000 1.260000000e+002 1.260000000e+002 2.525181972e-002 0.000000000e+000 0.000000000e+000 -2.525181972e-002 
d 6.000000000e+000 6.000000000e+000 0.000000000e+000 1.280000000e+002 1.280000000e+002 2.525231127e-002 0.000000000e+000 0.000000000e+000 -2.525231127e-002 
d 6.000000000e+000 6.000000000e+000 0.000000000e+000 1.300000000e+002 1.300000000e+002 2.525279606e-002 0.000000000e+000 0.000000000e+000 -2.525279606e-002 
d 6.000000000e+000 6.000000000e+000 0.000000000e+000 1.320000000e+002 1.320000000e+002 2.525327897e-002 0.000000000e+000 0.000000000e+000 -2.525327897e-002 
d 6.000000000e+000 6.000000000e+000 0.000000000e+000 1.340000000e+002 1.340000000e+002 2.525376062e-002 0.000000000e+000 0.000000000e+000 -2.525376062e-002 
d 6.000000000e+000 6.000000000e+000 0.000000000e+000 1.360000000e+002 1.360000000e+002 2.525424086e-002 0.000000000e+000 0.000000000e+000 -2.525424085e-002 
d 6.000000000e+000 6.000000000e+000 0.000000000e+000 1.380000000e+002 1.380000000e+002 2.525471917e-002 0.000000000e+000 0.000000000e+000 -2.525471917e-002 
d 6.000000000e+000 6.000000000e+000 0.000000000e+000 1.400000000e+002 1.400000000e+002 2.525519437e-002 0.000000000e+000 0.000000000e+000 -2.525519437e-002 
d 6.000000000e+000 6.000000000e+000 0.000000000e+000 1.420000000e+002 1.420000000e+002 2.525566336e-002 0.000000000e+000 0.000000000e+000 -2.525566336e-002 
d 6.000000000e+000 6.000000000e+000 0.000000000e+000 1.440000000e+002 1.440000000e+002 2.525612631e-002 0.000000000e+000 0.000000000e+000 -2.525612631e-002 
d 6.000000000e+000 6.000000000e+000 0.000000000e+000 1.460000000e+002 1.460000000e+002 2.525658763e-002 0.000000000e+000 0.000000000e+000 -2.525658763e-002 
d 6.000000000e+000 6.000000000e+000 0.000000000e+000 1.480000000e+002 1.480000000e+002 2.525704795e-002 0.000000000e+000 0.000000000e+000 -2.525704796e-002 
d 6.000000000e+000 6.000000000e+000 0.000000000e+000 1.500000000e+002 1.500000000e+002 2.525750717e-002 0.000000000e+000 0.000000000e+000 -2.525750717e-002 
d 6.000000000e+000 6.000000000e+000 0.000000000e+000 1.520000000e+002 1.520000000e+002 2.525796497e-002 0.000000000e+000 0.000000000e+000 -2.525796497e-002 
d 6.000000000e+000 6.000000000e+000 0.000000000e+000 1.540000000e+002 1.540000000e+002 2.525842070e-002 0.000000000e+000 0.000000000e+000 -2.525842070e-002 
d 6.000000000e+000 6.000000000e+000 0.000000000e+000 1.560000000e+002 1.560000000e+002 2.525887269e-002 0.000000000e+000 0.000000000e+000 -2.525887269e-002 
d 6.000000000e+000 6.000000000e+000 0.000000000e+000 1.580000000e+002 1.580000000e+002 2.525931815e-002 0.000000000e+000 0.000000000e+000 -2.525931815e-002 
d 6.000000000e+000 6.000000000e+000 0.000000000e+000 1.600000000e+002 1.600000000e+002 2.525976006e-002 0.000000000e+000 0.000000000e+000 -2.525976006e-002 
d 6.000000000e+000 6.000000000e+000 0.000000000e+000 1.620000000e+002 1.620000000e+002 2.526020101e-002 0.000000000e+000 0.000000000e+000 -2.526020102e-002 
d 6.000000000e+000 6.000000000e+000 0.000000000e+000 1.640000000e+002 1.640000000e+002 2.526064118e-002 0.000000000e+000 0.000000000e+000 -2.526064118e-002 
d 6.000000000e+000 6.000000000e+000 0.000000000e+000 1.660000000e+002 1.660000000e+002 2.526108043e-002 0.000000000e+000 0.000000000e+000 -2.526108043e-002 
d 6.000000000e+000 6.000000000e+000 0.000000000e+000 1.680000000e+002 1.680000000e+002 2.526151851e-002 0.000000000e+000 0.000000000e+000 -2.526151851e-002 
d 6.000000000e+000 6.000000000e+000 0.000000000e+000 1.700000000e+002 1.700000000e+002 2.526195491e-002 0.000000000e+000 0.000000000e+000 -2.526195491e-002 
d 6.000000000e+000 6.000000000e+000 0.000000000e+000 1.720000000e+002 1.720000000e+002 2.526238842e-002 0.000000000e+000 0.000000000e+000 -2.526238842e-002 
d 6.000000000e+000 6.000000000e+000 0.000000000e+000 1.740000000e+002 1.740000000e+002 2.526281652e-002 0.000000000e+000 0.000000000e+000 -2.526281652e-002 
d 6.000000000e+000 6.000000000e+000 0.000000000e+000 1.760000000e+002 1.760000000e+002 2.526324021e-002 0.000000000e+000 0.000000000e+000 -2.526324021e-002 
d 6.000000000e+000 6.000000000e+000 0.000000000e+000 1.780000000e+002 1.780000000e+002 2.526366286e-002 0.000000000e+000 0.000000000e+000 -2.526366287e-002 
d 6.000000000e+000 6.000000000e+000 0.000000000e+000 1.800000000e+002 1.800000000e+002 2.526408492e-002 0.000000000e+000 0.000000000e+000 -2.526408492e-002 
d 6.000000000e+000 6.000000000e+000 0.000000000e+000 1.820000000e+002 1.820000000e+002 2.526450633e-002 0.000000000e+000 0.000000000e+000 -2.526450633e-002 
d 6.000000000e+000 6.000000000e+000 0.000000000e+000 1.840000000e+002 1.840000000e+002 2.526492696e-002 0.000000000e+000 0.000000000e+000 -2.526492696e-002 
d 6.000000000e+000 6.000000000e+000 0.000000000e+000 1.860000000e+002 1.860000000e+002 2.526534655e-002 0.000000000e+000 0.000000000e+000 -2.526534655e-002 
d 6.000000000e+000 6.000000000e+000 0.000000000e+000 1.880000000e+002 1.880000000e+002 2.526576461e-002 0.000000000e+000 0.000000000e+000 -2.526576461e-002 
d 6.000000000e+000 6.000000000e+000 0.000000000e+000 1.900000000e+002 1.900000000e+002 2.526618002e-002 0.000000000e+000 0.000000000e+000 -2.526618002e-002 
d 6.000000000e+000 6.000000000e+000 0.000000000e+000 1.920000000e+002 1.920000000e+002 2.526659052e-002 0.000000000e+000 0.000000000e+000 -2.526659052e-002 
d 6.000000000e+000 6.000000000e+000 0.000000000e+000 1.940000000e+002 1.940000000e+002 2.526699715e-002 0.000000000e+000 0.000000000e+000 -2.526699714e-002 
d 6.000000000e+000 6.000000000e+000 0.000000000e+000 1.960000000e+002 1.960000000e+002 2.526740297e-002 0.000000000e+000 0.000000000e+000 -2.526740297e-002 
d 6.000000000e+000 6.000000000e+000 0.000000000e+000 1.980000000e+002 1.980000000e+002 2.526780841e-002 0.000000000e+000 0.000000000e+000 -2.526780840e-002 
d 6.000000000e+000 6.000000000e+000 0.000000000e+000 2.000000000e+002 2.000000000e+002 2.526821344e-002 0.000000000e+000 0.000000000e+000 -2.526821344e-002 
d 6.000000000e+000 6.000000000e+000 0.000000000e+000 2.020000000e+002 2.020000000e+002 2.526861802e-002 0.000000000e+000 0.000000000e+000 -2.526861802e-002 
d 6.000000000e+000 6.000000000e+000 0.000000000e+000 2.040000000e+002 2.040000000e+002 2.526902198e-002 0.000000000e+000 0.000000000e+000 -2.526902198e-002 
d 6.000000000e+000 6.000000000e+000 0.000000000e+000 2.060000000e+002 2.060000000e+002 2.526942505e-002 0.000000000e+000 0.000000000e+000 -2.526942505e-002 
d 6.000000000e+000 6.000000000e+000 0.000000000e+000 2.080000000e+002 2.080000000e+002 2.526982671e-002 0.000000000e+000 0.000000000e+000 -2.526982670e-002 
d 6.000000000e+000 6.000000000e+000 0.000000000e+000 2.100000000e+002 2.100000000e+002 2.527022567e-002 0.000000000e+000 0.000000000e+000 -2.527022567e-002 
d 6.000000000e+000 6.000000000e+000 0.000000000e+000 2.120000000e+002 2.120000000e+002 2.527062014e-002 0.000000000e+000 0.000000000e+000 -2.527062014e-002 
d 6.000000000e+000 6.000000000e+000 0.000000000e+000 2.140000000e+002 2.140000000e+002 2.527101235e-002 0.000000000e+000 0.000000000e+000 -2.527101235e-002 
d 6.000000000e+000 6.000000000e+000 0.000000000e+000 2.160000000e+002 2.160000000e+002 2.527140449e-002 0.000000000e+000 0.000000000e+000 -2.527140450e-002 
d 6.000000000e+000 6.000000000e+000 0.000000000e+000 2.180000000e+002 2.180000000e+002 2.527179691e-002 0.000000000e+000 0.000000000e+000 -2.527179691e-002 
d 6.000000000e+000 6.000000000e+000 0.000000000e+000 2.200000000e+002 2.200000000e+002 2.527218973e-002 0.000000000e+000 0.000000000e+000 -2.527218973e-002 
d 6.000000000e+000 6.000000000e+000 0.000000000e+000 2.220000000e+002 2.220000000e+002 2.527258313e-002 0.000000000e+000 0.000000000e+000 -2.527258313e-002 
d 6.000000000e+000 6.000000000e+000 0.000000000e+000 2.240000000e+002 2.240000000e+002 2.527297734e-002 0.000000000e+000 0.000000000e+000 -2.527297734e-002 
d 6.000000000e+000 6.000000000e+000 0.000000000e+000 2.260000000e+002 2.260000000e+002 2.527337265e-002 0.000000000e+000 0.000000000e+000 -2.527337265e-002 
d 6.000000000e+000 6.000000000e+000 0.000000000e+000 2.280000000e+002 2.280000000e+002 2.527376946e-002 0.000000000e+000 0.000000000e+000 -2.527376946e-002 
d 6.000000000e+000 6.000000000e+000 0.000000000e+000 2.300000000e+002 2.300000000e+002 2.527416804e-002 0.000000000e+000 0.000000000e+000 -2.527416805e-002 
d 6.000000000e+000 6.000000000e+000 0.000000000e+000 2.320000000e+002 2.320000000e+002 2.527456798e-002 0.000000000e+000 0.000000000e+000 -2.527456798e-002 
d 6.000000000e+000 6.000000000e+000 0.000000000e+000 2.340000000e+002 2.340000000e+002 2.527496937e-002 0.000000000e+000 0.000000000e+000 -2.527496937e-002 
d 6.000000000e+000 6.000000000e+000 0.000000000e+000 2.360000000e+002 2.360000000e+002 2.527537459e-002 0.000000000e+000 0.000000000e+000 -2.527537459e-002 
d 6.000000000e+000 6.000000000e+000 0.000000000e+000 2.380000000e+002 2.380000000e+002 2.527578281e-002 0.000000000e+000 0.000000000e+000 -2.527578281e-002 
d 6.000000000e+000 6.000000000e+000 0.000000000e+000 2.400000000e+002 2.400000000e+002 2.527619242e-002 0.000000000e+000 0.000000000e+000 -2.527619242e-002 
d 6.000000000e+000 6.000000000e+000 0.000000000e+000 2.420000000e+002 2.420000000e+002 2.527660245e-002 0.000000000e+000 0.000000000e+000 -2.527660245e-002 
d 6.000000000e+000 6.000000000e+000 0.000000000e+000 2.440000000e+002 2.440000000e+002 2.527701242e-002 0.000000000e+000 0.000000000e+000 -2.527701242e-002 
d 6.000000000e+000 6.000000000e+000 0.000000000e+000 2.460000000e+002 2.460000000e+002 2.527742206e-002 0.000000000e+000 0.000000000e+000 -2.527742206e-002 
d 6.000000000e+000 6.000000000e+000 0.000000000e+000 2.480000000e+002 2.480000000e+002 2.527783116e-002 0.000000000e+000 0.000000000e+000 -2.527783116e-002 
d 6.000000000e+000 6.000000000e+000 0.000000000e+000 2.500000000e+002 2.500000000e+002 2.527823941e-002 0.000000000e+000 0.000000000e+000 -2.527823941e-002 
d 6.000000000e+000 6.000000000e+000 0.000000000e+000 2.520000000e+002 2.520000000e+002 2.527864625e-002 0.000000000e+000 0.000000000e+000 -2.527864625e-002 
d 6.000000000e+000 6.000000000e+000 0.000000000e+000 2.540000000e+002 2.540000000e+002 2.527905052e-002 0.000000000e+000 0.000000000e+000 -2.527905051e-002 
d 6.000000000e+000 6.000000000e+000 0.000000000e+000 2.560000000e+002 2.560000000e+002 2.527945065e-002 0.000000000e+000 0.000000000e+000 -2.527945066e-002 
d 6.000000000e+000 6.000000000e+000 0.000000000e+000 2.580000000e+002 2.580000000e+002 2.527984848e-002 0.000000000e+000 0.000000000e+000 -2.527984848e-002 
d 6.000000000e+000 6.000000000e+000 0.000000000e+000 2.600000000e+002 2.600000000e+002 2.528024610e-002 0.000000000e+000 0.000000000e+000 -2.528024610e-002 
d 6.000000000e+000 6.000000000e+000 0.000000000e+000 2.620000000e+002 2.620000000e+002 2.528064377e-002 0.000000000e+000 0.000000000e+000 -2.528064377e-002 
d 6.000000000e+000 6.000000000e+000 0.000000000e+000 2.640000000e+002 2.640000000e+002 2.528104153e-002 0.000000000e+000 0.000000000e+000 -2.528104153e-002 
d 6.000000000e+000 6.000000000e+000 0.000000000e+000 2.660000000e+002 2.660000000e+002 2.528143936e-002 0.000000000e+000 0.000000000e+000 -2.528143937e-002 
d 6.000000000e+000 6.000000000e+000 0.000000000e+000 2.680000000e+002 2.680000000e+002 2.528183724e-002 0.000000000e+000 0.000000000e+000 -2.528183724e-002 
d 6.000000000e+000 6.000000000e+000 0.000000000e+000 2.700000000e+002 2.700000000e+002 2.528223509e-002 0.000000000e+000 0.000000000e+000 -2.528223509e-002 
d 6.000000000e+000 6.000000000e+000 0.000000000e+000 2.720000000e+002 2.720000000e+002 2.528263281e-002 0.000000000e+000 0.000000000e+000 -2.528263281e-002 
d 6.000000000e+000 6.000000000e+000 0.000000000e+000 2.740000000e+002 2.740000000e+002 2.528303021e-002 0.000000000e+000 0.000000000e+000 -2.528303021e-002 
d 6.000000000e+000 6.000000000e+000 0.000000000e+000 2.760000000e+002 2.760000000e+002 2.528342692e-002 0.000000000e+000 0.000000000e+000 -2.528342691e-002 
d 6.000000000e+000 6.000000000e+000 0.000000000e+000 2.780000000e+002 2.780000000e+002 2.528382213e-002 0.000000000e+000 0.000000000e+000 -2.528382213e-002 
d 6.000000000e+000 6.000000000e+000 0.000000000e+000 2.800000000e+002 2.800000000e+002 2.528421443e-002 0.000000000e+000 0.000000000e+000 -2.528421443e-002 
d 6.000000000e+000 6.000000000e+000 0.000000000e+000 2.820000000e+002 2.820000000e+002 2.528460394e-002 0.000000000e+000 0.000000000e+000 -2.528460394e-002 
d 6.000000000e+000 6.000000000e+000 0.000000000e+000 2.840000000e+002 2.840000000e+002 2.528499330e-002 0.000000000e+000 0.000000000e+000 -2.528499330e-002 
d 6.000000000e+000 6.000000000e+000 0.000000000e+000 2.860000000e+002 2.860000000e+002 2.528538327e-002 0.000000000e+000 0.000000000e+000 -2.528538327e-002 
d 6.000000000e+000 6.000000000e+000 0.000000000e+000 2.880000000e+002 2.880000000e+002 2.528577395e-002 0.000000000e+000 0.000000000e+000 -2.528577394e-002 
d 6.000000000e+000 6.000000000e+000 0.000000000e+000 2.900000000e+002 2.900000000e+002 2.528616538e-002 0.000000000e+000 0.000000000e+000 -2.528616538e-002 
d 6.000000000e+000 6.000000000e+000 0.000000000e+000 2.920000000e+002 2.920000000e+002 2.528655762e-002 0.000000000e+000 0.000000000e+000 -2.528655762e-002 
d 6.000000000e+000 6.000000000e+000 0.000000000e+000 2.940000000e+002 2.940000000e+002 2.528695068e-002 0.000000000e+000 0.000000000e+000 -2.528695067e-002 
d 6.000000000e+000 6.000000000e+000 0.000000000e+000 2.960000000e+002 2.960000000e+002 2.528734454e-002 0.000000000e+000 0.000000000e+000 -2.528734454e-002 
d 6.000000000e+000 6.000000000e+000 0.000000000e+000 2.980000000e+002 2.980000000e+002 2.528773919e-002 0.000000000e+000 0.000000000e+000 -2.528773919e-002 
d 6.000000000e+000 6.000000000e+000 0.000000000e+000 3.000000000e+002 3.000000000e+002 2.528813451e-002 0.000000000e+000 0.000000000e+000 -2.528813452e-002 
d 6.000000000e+000 6.000000000e+000 0.000000000e+000 3.020000000e+002 3.020000000e+002 2.528853031e-002 0.000000000e+000 0.000000000e+000 -2.528853031e-002 
d 6.000000000e+000 6.000000000e+000 0.000000000e+000 3.040000000e+002 3.040000000e+002 2.528892606e-002 0.000000000e+000 0.000000000e+000 -2.528892606e-002 
d 6.000000000e+000 6.000000000e+000 0.000000000e+000 3.060000000e+002 3.060000000e+002 2.528932073e-002 0.000000000e+000 0.000000000e+000 -2.528932073e-002 
d 6.000000000e+000 6.000000000e+000 0.000000000e+000 3.080000000e+002 3.080000000e+002 2.528971336e-002 0.000000000e+000 0.000000000e+000 -2.528971336e-002 
d 6.000000000e+000 6.000000000e+000 0.000000000e+000 3.100000000e+002 3.100000000e+002 2.529010609e-002 0.000000000e+000 0.000000000e+000 -2.529010609e-002 
d 6.000000000e+000 6.000000000e+000 0.000000000e+000 3.120000000e+002 3.120000000e+002 2.529050055e-002 0.000000000e+000 0.000000000e+000 -2.529050054e-002 
d 6.000000000e+000 6.000000000e+000 0.000000000e+000 3.140000000e+002 3.140000000e+002 2.529089703e-002 0.000000000e+000 0.000000000e+000 -2.529089703e-002 
d 6.000000000e+000 6.000000000e+000 0.000000000e+000 3.160000000e+002 3.160000000e+002 2.529129569e-002 0.000000000e+000 0.000000000e+000 -2.529129570e-002 
d 6.000000000e+000 6.000000000e+000 0.000000000e+000 3.180000000e+002 3.180000000e+002 2.529169668e-002 0.000000000e+000 0.000000000e+000 -2.529169668e-002 
d 6.000000000e+000 6.000000000e+000 0.000000000e+000 3.200000000e+002 3.200000000e+002 2.529210012e-002 0.000000000e+000 0.000000000e+000 -2.529210012e-002 
d 6.000000000e+000 6.000000000e+000 0.000000000e+000 3.220000000e+002 3.220000000e+002 2.529250611e-002 0.000000000e+000 0.000000000e+000 -2.529250611e-002 
d 6.000000000e+000 6.000000000e+000 0.000000000e+000 3.240000000e+002 3.240000000e+002 2.529291476e-002 0.000000000e+000 0.000000000e+000 -2.529291477e-002 
d 6.000000000e+000 6.000000000e+000 0.000000000e+000 3.260000000e+002 3.260000000e+002 2.529332617e-002 0.000000000e+000 0.000000000e+000 -2.529332617e-002 
d 6.000000000e+000 6.000000000e+000 0.000000000e+000 3.280000000e+002 3.280000000e+002 2.529374036e-002 0.000000000e+000 0.000000000e+000 -2.529374036e-002 
d 6.000000000e+000 6.000000000e+000 0.000000000e+000 3.300000000e+002 3.300000000e+002 2.529415729e-002 0.000000000e+000 0.000000000e+000 -2.529415729e-002 
d 6.000000000e+000 6.000000000e+000 0.000000000e+000 3.320000000e+002 3.320000000e+002 2.529457672e-002 0.000000000e+000 0.000000000e+000 -2.529457671e-002 
d 6.000000000e+000 6.000000000e+000 0.000000000e+000 3.340000000e+002 3.340000000e+002 2.529499800e-002 0.000000000e+000 0.000000000e+000 -2.529499800e-002 
d 6.000000000e+000 6.000000000e+000 0.000000000e+000 3.360000000e+002 3.360000000e+002 2.529541998e-002 0.000000000e+000 0.000000000e+000 -2.529541998e-002 
d 6.000000000e+000 6.000000000e+000 0.000000000e+000 3.380000000e+002 3.380000000e+002 2.529584314e-002 0.000000000e+000 0.000000000e+000 -2.529584313e-002 
d 6.000000000e+000 6.000000000e+000 0.000000000e+000 3.400000000e+002 3.400000000e+002 2.529627017e-002 0.000000000e+000 0.000000000e+000 -2.529627017e-002 
d 6.000000000e+000 6.000000000e+000 0.000000000e+000 3.420000000e+002 3.420000000e+002 2.529670198e-002 0.000000000e+000 0.000000000e+000 -2.529670199e-002 
d 6.000000000e+000 6.000000000e+000 0.000000000e+000 3.440000000e+002 3.440000000e+002 2.529713892e-002 0.000000000e+000 0.000000000e+000 -2.529713893e-002 
d 6.000000000e+000 6.000000000e+000 0.000000000e+000 3.460000000e+002 3.460000000e+002 2.529758130e-002 0.000000000e+000 0.000000000e+000 -2.529758130e-002 
d 6.000000000e+000 6.000000000e+000 0.000000000e+000 3.480000000e+002 3.480000000e+002 2.529802940e-002 0.000000000e+000 0.000000000e+000 -2.529802940e-002 
d 6.000000000e+000 6.000000000e+000 0.000000000e+000 3.500000000e+002 3.500000000e+002 2.529848354e-002 0.000000000e+000 0.000000000e+000 -2.529848353e-002 
d 6.000000000e+000 6.000000000e+000 0.000000000e+000 3.520000000e+002 3.520000000e+002 2.529894399e-002 0.000000000e+000 0.000000000e+000 -2.529894398e-002 
d 6.000000000e+000 6.000000000e+000 0.000000000e+000 3.540000000e+002 3.540000000e+002 2.529941104e-002 0.000000000e+000 0.000000000e+000 -2.529941104e-002 
d 6.000000000e+000 6.000000000e+000 0.000000000e+000 3.560000000e+002 3.560000000e+002 2.529988498e-002 0.000000000e+000 0.000000000e+000 -2.529988498e-002 
d 6.000000000e+000 6.000000000e+000 0.000000000e+000 3.580000000e+002 3.580000000e+002 2.530036606e-002 0.000000000e+000 0.000000000e+000 -2.530036606e-002 
d 6.000000000e+000 6.000000000e+000 0.000000000e+000 3.600000000e+002 3.600000000e+002 2.530085446e-002 0.000000000e+000 0.000000000e+000 -2.530085446e-002 
d 6.000000000e+000 6.000000000e+000 0.000000000e+000 3.620000000e+002 3.620000000e+002 2.530135025e-002 0.000000000e+000 0.000000000e+000 -2.530135025e-002 
d 6.000000000e+000 6.000000000e+000 0.000000000e+000 3.640000000e+002 3.640000000e+002 2.530185320e-002 0.000000000e+000 0.000000000e+000 -2.530185320e-002 
d 6.000000000e+000 6.000000000e+000 0.000000000e+000 3.660000000e+002 3.660000000e+002 2.530236252e-002 0.000000000e+000 0.000000000e+000 -2.530236252e-002 
d 6.000000000e+000 6.000000000e+000 0.000000000e+000 3.680000000e+002 3.680000000e+002 2.530287716e-002 0.000000000e+000 0.000000000e+000 -2.530287716e-002 
d 6.000000000e+000 6.000000000e+000 0.000000000e+000 3.700000000e+002 3.700000000e+002 2.530339906e-002 0.000000000e+000 0.000000000e+000 -2.530339905e-002 
d 6.000000000e+000 6.000000000e+000 0.000000000e+000 3.720000000e+002 3.720000000e+002 2.530393104e-002 0.000000000e+000 0.000000000e+000 -2.530393103e-002 
d 6.000000000e+000 6.000000000e+000 0.000000000e+000 3.740000000e+002 3.740000000e+002 2.530447400e-002 0.000000000e+000 0.000000000e+000 -2.530447400e-002 
d 6.000000000e+000 6.000000000e+000 0.000000000e+000 3.760000000e+002 3.760000000e+002 2.530502855e-002 0.000000000e+000 0.000000000e+000 -2.530502856e-002 
d 6.000000000e+000 6.000000000e+000 0.000000000e+000 3.780000000e+002 3.780000000e+002 2.530559529e-002 0.000000000e+000 0.000000000e+000 -2.530559529e-002 
d 6.000000000e+000 6.000000000e+000 0.000000000e+000 3.800000000e+002 3.800000000e+002 2.530617480e-002 0.000000000e+000 0.000000000e+000 -2.530617481e-002 
d 6.000000000e+000 6.000000000e+000 0.000000000e+000 3.820000000e+002 3.820000000e+002 2.530676769e-002 0.000000000e+000 0.000000000e+000 -2.530676769e-002 
d 6.000000000e+000 6.000000000e+000 0.000000000e+000 3.840000000e+002 3.840000000e+002 2.530737454e-002 0.000000000e+000 0.000000000e+000 -2.530737455e-002 
d 6.000000000e+000 6.000000000e+000 0.000000000e+000 3.860000000e+002 3.860000000e+002 2.530799599e-002 0.000000000e+000 0.000000000e+000 -2.530799598e-002 
d 6.000000000e+000 6.000000000e+000 0.000000000e+000 3.880000000e+002 3.880000000e+002 2.530863261e-002 0.000000000e+000 0.000000000e+000 -2.530863261e-002 
d 6.000000000e+000 6.000000000e+000 0.000000000e+000 3.900000000e+002 3.900000000e+002 2.530928501e-002 0.000000000e+000 0.000000000e+000 -2.530928501e-002 
d 6.000000000e+000 6.000000000e+000 0.000000000e+000 3.920000000e+002 3.920000000e+002 2.530995373e-002 0.000000000e+000 0.000000000e+000 -2.530995373e-002 
d 6.000000000e+000 6.000000000e+000 0.000000000e+000 3.940000000e+002 3.940000000e+002 2.531063926e-002 0.000000000e+000 0.000000000e+000 -2.531063925e-002 
d 6.000000000e+000 6.000000000e+000 0.000000000e+000 3.960000000e+002 3.960000000e+002 2.531134183e-002 0.000000000e+000 0.000000000e+000 -2.531134183e-002 
d 6.000000000e+000 6.000000000e+000 0.000000000e+000 3.980000000e+002 3.980000000e+002 2.531206130e-002 0.000000000e+000 0.000000000e+000 -2.531206130e-002 
d 6.000000000e+000 6.000000000e+000 0.000000000e+000 4.000000000e+002 4.000000000e+002 2.531279674e-002 0.000000000e+000 0.000000000e+000 -2.531279674e-002 
d 6.000000000e+000 6.000000000e+000 0.000000000e+000 4.020000000e+002 4.020000000e+002 2.531354692e-002 0.000000000e+000 0.000000000e+000 -2.531354692e-002 
d 6.000000000e+000 6.000000000e+000 0.000000000e+000 4.040000000e+002 4.040000000e+002 2.531431488e-002 0.000000000e+000 0.000000000e+000 -2.531431488e-002 
d 6.000000000e+000 6.000000000e+000 0.000000000e+000 4.060000000e+002 4.060000000e+002 2.531510465e-002 0.000000000e+000 0.000000000e+000 -2.531510465e-002 
d 6.000000000e+000 6.000000000e+000 0.000000000e+000 4.080000000e+002 4.080000000e+002 2.531591768e-002 0.000000000e+000 0.000000000e+000 -2.531591768e-002 
d 6.000000000e+000 6.000000000e+000 0.000000000e+000 4.100000000e+002 4.100000000e+002 2.531675506e-002 0.000000000e+000 0.000000000e+000 -2.531675507e-002 
d 6.000000000e+000 6.000000000e+000 0.000000000e+000 4.120000000e+002 4.120000000e+002 2.531761790e-002 0.000000000e+000 0.000000000e+000 -2.531761790e-002 
d 6.000000000e+000 6.000000000e+000 0.000000000e+000 4.140000000e+002 4.140000000e+002 2.531850729e-002 0.000000000e+000 0.000000000e+000 -2.531850729e-002 
d 6.000000000e+000 6.000000000e+000 0.000000000e+000 4.160000000e+002 4.160000000e+002 2.531942434e-002 0.000000000e+000 0.000000000e+000 -2.531942434e-002 
d 6.000000000e+000 6.000000000e+000 0.000000000e+000 4.180000000e+002 4.180000000e+002 2.532037019e-002 0.000000000e+000 0.000000000e+000 -2.532037019e-002 
d 6.000000000e+000 6.000000000e+000 0.000000000e+000 4.200000000e+002 4.200000000e+002 2.532134600e-002 0.000000000e+000 0.000000000e+000 -2.532134600e-002 
d 6.000000000e+000 6.000000000e+000 0.000000000e+000 4.220000000e+002 4.220000000e+002 2.532235290e-002 0.000000000e+000 0.000000000e+000 -2.532235290e-002 
d 6.000000000e+000 6.000000000e+000 0.000000000e+000 4.240000000e+002 4.240000000e+002 2.532339208e-002 0.000000000e+000 0.000000000e+000 -2.532339207e-002 
d 6.000000000e+000 6.000000000e+000 0.000000000e+000 4.260000000e+002 4.260000000e+002 2.532446463e-002 0.000000000e+000 0.000000000e+000 -2.532446463e-002 
d 6.000000000e+000 6.000000000e+000 0.000000000e+000 4.280000000e+002 4.280000000e+002 2.532557168e-002 0.000000000e+000 0.000000000e+000 -2.532557168e-002 
d 6.000000000e+000 6.000000000e+000 0.000000000e+000 4.300000000e+002 4.300000000e+002 2.532671418e-002 0.000000000e+000 0.000000000e+000 -2.532671419e-002 
d 6.000000000e+000 6.000000000e+000 0.000000000e+000 4.320000000e+002 4.320000000e+002 2.532789286e-002 0.000000000e+000 0.000000000e+000 -2.532789284e-002 
d 6.000000000e+000 6.000000000e+000 0.000000000e+000 4.340000000e+002 4.340000000e+002 2.532910777e-002 0.000000000e+000 0.000000000e+000 -2.532910777e-002 
d 6.000000000e+000 6.000000000e+000 0.000000000e+000 4.360000000e+002 4.360000000e+002 2.533035798e-002 0.000000000e+000 0.000000000e+000 -2.533035797e-002 
d 6.000000000e+000 6.000000000e+000 0.000000000e+000 4.380000000e+002 4.380000000e+002 2.533164120e-002 0.000000000e+000 0.000000000e+000 -2.533164120e-002 
d 6.000000000e+000 6.000000000e+000 0.000000000e+000 4.400000000e+002 4.400000000e+002 2.533295969e-002 0.000000000e+000 0.000000000e+000 -2.533295969e-002 
d 6.000000000e+000 6.000000000e+000 0.000000000e+000 4.420000000e+002 4.420000000e+002 2.533432127e-002 0.000000000e+000 0.000000000e+000 -2.533432127e-002 
d 6.000000000e+000 6.000000000e+000 0.000000000e+000 4.440000000e+002 4.440000000e+002 2.533572932e-002 0.000000000e+000 0.000000000e+000 -2.533572933e-002 
d 6.000000000e+000 6.000000000e+000 0.000000000e+000 4.460000000e+002 4.460000000e+002 2.533718585e-002 0.000000000e+000 0.000000000e+000 -2.533718585e-002 
d 6.000000000e+000 6.000000000e+000 0.000000000e+000 4.480000000e+002 4.480000000e+002 2.533869280e-002 0.000000000e+000 0.000000000e+000 -2.533869279e-002 
d 6.000000000e+000 6.000000000e+000 0.000000000e+000 4.500000000e+002 4.500000000e+002 2.534025212e-002 0.000000000e+000 0.000000000e+000 -2.534025212e-002 
d 6.000000000e+000 6.000000000e+000 0.000000000e+000 4.520000000e+002 4.520000000e+002 2.534186581e-002 0.000000000e+000 0.000000000e+000 -2.534186583e-002 
d 6.000000000e+000 6.000000000e+000 0.000000000e+000 4.540000000e+002 4.540000000e+002 2.534353594e-002 0.000000000e+000 0.000000000e+000 -2.534353594e-002 
d 6.000000000e+000 6.000000000e+000 0.000000000e+000 4.560000000e+002 4.560000000e+002 2.534526452e-002 0.000000000e+000 0.000000000e+000 -2.534526451e-002 
d 6.000000000e+000 6.000000000e+000 0.000000000e+000 4.580000000e+002 4.580000000e+002 2.534705362e-002 0.000000000e+000 0.000000000e+000 -2.534705362e-002 
d 6.000000000e+000 6.000000000e+000 0.000000000e+000 4.600000000e+002 4.600000000e+002 2.534890535e-002 0.000000000e+000 0.000000000e+000 -2.534890535e-002 
d 6.000000000e+000 6.000000000e+000 0.000000000e+000 4.620000000e+002 4.620000000e+002 2.535082181e-002 0.000000000e+000 0.000000000e+000 -2.535082181e-002 
d 6.000000000e+000 6.000000000e+000 0.000000000e+000 4.640000000e+002 4.640000000e+002 2.535280510e-002 0.000000000e+000 0.000000000e+000 -2.535280510e-002 
d 6.000000000e+000 6.000000000e+000 0.000000000e+000 4.660000000e+002 4.660000000e+002 2.535485726e-002 0.000000000e+000 0.000000000e+000 -2.535485726e-002 
d 6.000000000e+000 6.000000000e+000 0.000000000e+000 4.680000000e+002 4.680000000e+002 2.535698025e-002 0.000000000e+000 0.000000000e+000 -2.535698026e-002 
d 6.000000000e+000 6.000000000e+000 0.000000000e+000 4.700000000e+002 4.700000000e+002 2.535917586e-002 0.000000000e+000 0.000000000e+000 -2.535917585e-002 
d 6.000000000e+000 6.000000000e+000 0.000000000e+000 4.720000000e+002 4.720000000e+002 2.536144540e-002 0.000000000e+000 0.000000000e+000 -2.536144540e-002 
d 6.000000000e+000 6.000000000e+000 0.000000000e+000 4.740000000e+002 4.740000000e+002 2.536378942e-002 0.000000000e+000 0.000000000e+000 -2.536378943e-002 
d 6.000000000e+000 6.000000000e+000 0.000000000e+000 4.760000000e+002 4.760000000e+002 2.536620690e-002 0.000000000e+000 0.000000000e+000 -2.536620689e-002 
d 6.000000000e+000 6.000000000e+000 0.000000000e+000 4.780000000e+002 4.780000000e+002 2.536869432e-002 0.000000000e+000 0.000000000e+000 -2.536869434e-002 
d 6.000000000e+000 6.000000000e+000 0.000000000e+000 4.800000000e+002 4.800000000e+002 2.537124974e-002 0.000000000e+000 0.000000000e+000 -2.537124974e-002 
d 6.000000000e+000 6.000000000e+000 0.000000000e+000 4.820000000e+002 4.820000000e+002 2.537388553e-002 0.000000000e+000 0.000000000e+000 -2.537388553e-002 
d 6.000000000e+000 6.000000000e+000 0.000000000e+000 4.840000000e+002 4.840000000e+002 2.537661168e-002 0.000000000e+000 0.000000000e+000 -2.537661168e-002 
d 6.000000000e+000 6.000000000e+000 0.000000000e+000 4.860000000e+002 4.860000000e+002 2.537943207e-002 0.000000000e+000 0.000000000e+000 -2.537943207e-002 
d 6.000000000e+000 6.000000000e+000 0.000000000e+000 4.880000000e+002 4.880000000e+002 2.538234995e-002 0.000000000e+000 0.000000000e+000 -2.538234994e-002 
d 6.000000000e+000 6.000000000e+000 0.000000000e+000 4.900000000e+002 4.900000000e+002 2.538536856e-002 0.000000000e+000 0.000000000e+000 -2.538536856e-002 
d 6.000000000e+000 6.000000000e+000 0.000000000e+000 4.920000000e+002 4.920000000e+002 2.538849121e-002 0.000000000e+000 0.000000000e+000 -2.538849121e-002 
d 6.000000000e+000 6.000000000e+000 0.000000000e+000 4.940000000e+002 4.940000000e+002 2.539172121e-002 0.000000000e+000 0.000000000e+000 -2.539172121e-002 
d 6.000000000e+000 6.000000000e+000 0.000000000e+000 4.960000000e+002 4.960000000e+002 2.539506190e-002 0.000000000e+000 0.000000000e+000 -2.539506189e-002 
d 6.000000000e+000 6.000000000e+000 0.000000000e+000 4.980000000e+002 4.980000000e+002 2.539851664e-002 0.000000000e+000 0.000000000e+000 -2.539851663e-002 
d 6.000000000e+000 6.000000000e+000 0.000000000e+000 5.000000000e+002 5.000000000e+002 2.540208881e-002 0.000000000e+000 0.000000000e+000 -2.540208881e-002 
d 6.000000000e+000 6.000000000e+000 0.000000000e+000 5.020000000e+002 5.020000000e+002 2.540578183e-002 0.000000000e+000 0.000000000e+000 -2.540578184e-002 
d 6.000000000e+000 6.000000000e+000 0.000000000e+000 5.040000000e+002 5.040000000e+002 2.540959914e-002 0.000000000e+000 0.000000000e+000 -2.540959914e-002 
d 6.000000000e+000 6.000000000e+000 0.000000000e+000 5.060000000e+002 5.060000000e+002 2.541354412e-002 0.000000000e+000 0.000000000e+000 -2.541354413e-002 
d 6.000000000e+000 6.000000000e+000 0.000000000e+000 5.080000000e+002 5.080000000e+002 2.541762023e-002 0.000000000e+000 0.000000000e+000 -2.541762023e-002 
d 6.000000000e+000 6.000000000e+000 0.000000000e+000 5.100000000e+002 5.100000000e+002 2.542183088e-002 0.000000000e+000 0.000000000e+000 -2.542183087e-002 
d 6.000000000e+000 6.000000000e+000 0.000000000e+000 5.120000000e+002 5.120000000e+002 2.542617953e-002 0.000000000e+000 0.000000000e+000 -2.542617954e-002 
d 6.000000000e+000 6.000000000e+000 0.000000000e+000 5.140000000e+002 5.140000000e+002 2.543066959e-002 0.000000000e+000 0.000000000e+000 -2.543066959e-002 
d 6.000000000e+000 6.000000000e+000 0.000000000e+000 5.160000000e+002 5.160000000e+002 2.543530437e-002 0.000000000e+000 0.000000000e+000 -2.543530437e-002 
d 6.000000000e+000 6.000000000e+000 0.000000000e+000 5.180000000e+002 5.180000000e+002 2.544008720e-002 0.000000000e+000 0.000000000e+000 -2.544008721e-002 
d 6.000000000e+000 6.000000000e+000 0.000000000e+000 5.200000000e+002 5.200000000e+002 2.544502143e-002 0.000000000e+000 0.000000000e+000 -2.544502144e-002 
d 6.000000000e+000 6.000000000e+000 0.000000000e+000 5.220000000e+002 5.220000000e+002 2.545011034e-002 0.000000000e+000 0.000000000e+000 -2.545011034e-002 
d 6.000000000e+000 6.000000000e+000 0.000000000e+000 5.240000000e+002 5.240000000e+002 2.545535719e-002 0.000000000e+000 0.000000000e+000 -2.545535719e-002 
d 6.000000000e+000 6.000000000e+000 0.000000000e+000 5.260000000e+002 5.260000000e+002 2.546076520e-002 0.000000000e+000 0.000000000e+000 -2.546076521e-002 
d 6.000000000e+000 6.000000000e+000 0.000000000e+000 5.280000000e+002 5.280000000e+002 2.546633763e-002 0.000000000e+000 0.000000000e+000 -2.546633763e-002 
d 6.000000000e+000 6.000000000e+000 0.000000000e+000 5.300000000e+002 5.300000000e+002 2.547207763e-002 0.000000000e+000 0.000000000e+000 -2.547207764e-002 
d 6.000000000e+000 6.000000000e+000 0.000000000e+000 5.320000000e+002 5.320000000e+002 2.547798841e-002 0.000000000e+000 0.000000000e+000 -2.547798841e-002 
d 6.000000000e+000 6.000000000e+000 0.000000000e+000 5.340000000e+002 5.340000000e+002 2.548407313e-002 0.000000000e+000 0.000000000e+000 -2.548407313e-002 
d 6.000000000e+000 6.000000000e+000 0.000000000e+000 5.360000000e+002 5.360000000e+002 2.549033498e-002 0.000000000e+000 0.000000000e+000 -2.549033498e-002 
d 6.000000000e+000 6.000000000e+000 0.000000000e+000 5.380000000e+002 5.380000000e+002 2.549677715e-002 0.000000000e+000 0.000000000e+000 -2.549677715e-002 
d 6.000000000e+000 6.000000000e+000 0.000000000e+000 5.400000000e+002 5.400000000e+002 2.550340288e-002 0.000000000e+000 0.000000000e+000 -2.550340287e-002 
d 6.000000000e+000 6.000000000e+000 0.000000000e+000 5.420000000e+002 5.420000000e+002 2.551021539e-002 0.000000000e+000 0.000000000e+000 -2.551021539e-002 
d 6.000000000e+000 6.000000000e+000 0.000000000e+000 5.440000000e+002 5.440000000e+002 2.551721799e-002 0.000000000e+000 0.000000000e+000 -2.551721799e-002 
d 6.000000000e+000 6.000000000e+000 0.000000000e+000 5.460000000e+002 5.460000000e+002 2.552441401e-002 0.000000000e+000 0.000000000e+000 -2.552441400e-002 
d 6.000000000e+000 6.000000000e+000 0.000000000e+000 5.480000000e+002 5.480000000e+002 2.553180677e-002 0.000000000e+000 0.000000000e+000 -2.553180678e-002 
d 6.000000000e+000 6.000000000e+000 0.000000000e+000 5.500000000e+002 5.500000000e+002 2.553939961e-002 0.000000000e+000 0.000000000e+000 -2.553939962e-002 
d 6.000000000e+000 6.000000000e+000 0.000000000e+000 5.520000000e+002 5.520000000e+002 2.554719586e-002 0.000000000e+000 0.000000000e+000 -2.554719585e-002 
d 6.000000000e+000 6.000000000e+000 0.000000000e+000 5.540000000e+002 5.540000000e+002 2.555519879e-002 0.000000000e+000 0.000000000e+000 -2.555519879e-002 
d 6.000000000e+000 6.000000000e+000 0.000000000e+000 5.560000000e+002 5.560000000e+002 2.556341179e-002 0.000000000e+000 0.000000000e+000 -2.556341179e-002 
d 6.000000000e+000 6.000000000e+000 0.000000000e+000 5.580000000e+002 5.580000000e+002 2.557183827e-002 0.000000000e+000 0.000000000e+000 -2.557183828e-002 
d 6.000000000e+000 6.000000000e+000 0.000000000e+000 5.600000000e+002 5.600000000e+002 2.558048178e-002 0.000000000e+000 0.000000000e+000 -2.558048178e-002 
d 6.000000000e+000 6.000000000e+000 0.000000000e+000 5.620000000e+002 5.620000000e+002 2.558934597e-002 0.000000000e+000 0.000000000e+000 -2.558934597e-002 
d 6.000000000e+000 6.000000000e+000 0.000000000e+000 5.640000000e+002 5.640000000e+002 2.559843464e-002 0.000000000e+000 0.000000000e+000 -2.559843465e-002 
d 6.000000000e+000 6.000000000e+000 0.000000000e+000 5.660000000e+002 5.660000000e+002 2.560775176e-002 0.000000000e+000 0.000000000e+000 -2.560775176e-002 
d 6.000000000e+000 6.000000000e+000 0.000000000e+000 5.680000000e+002 5.680000000e+002 2.561730140e-002 0.000000000e+000 0.000000000e+000 -2.561730140e-002 
d 6.000000000e+000 6.000000000e+000 0.000000000e+000 5.700000000e+002 5.700000000e+002 2.562708778e-002 0.000000000e+000 0.000000000e+000 -2.562708778e-002 
d 6.000000000e+000 6.000000000e+000 0.000000000e+000 5.720000000e+002 5.720000000e+002 2.563711528e-002 0.000000000e+000 0.000000000e+000 -2.563711528e-002 
d 6.000000000e+000 6.000000000e+000 0.000000000e+000 5.740000000e+002 5.740000000e+002 2.564738842e-002 0.000000000e+000 0.000000000e+000 -2.564738841e-002 
d 6.000000000e+000 6.000000000e+000 0.000000000e+000 5.760000000e+002 5.760000000e+002 2.565791183e-002 0.000000000e+000 0.000000000e+000 -2.565791182e-002 
d 6.000000000e+000 6.000000000e+000 0.000000000e+000 5.780000000e+002 5.780000000e+002 2.566869031e-002 0.000000000e+000 0.000000000e+000 -2.566869031e-002 
d 6.000000000e+000 6.000000000e+000 0.000000000e+000 5.800000000e+002 5.800000000e+002 2.567972879e-002 0.000000000e+000 0.000000000e+000 -2.567972880e-002 
d 6.000000000e+000 6.000000000e+000 0.000000000e+000 5.820000000e+002 5.820000000e+002 2.569103238e-002 0.000000000e+000 0.000000000e+000 -2.569103238e-002 
d 6.000000000e+000 6.000000000e+000 0.000000000e+000 5.840000000e+002 5.840000000e+002 2.570260625e-002 0.000000000e+000 0.000000000e+000 -2.570260625e-002 
d 6.000000000e+000 6.000000000e+000 0.000000000e+000 5.860000000e+002 5.860000000e+002 2.571445581e-002 0.000000000e+000 0.000000000e+000 -2.571445581e-002 
d 6.000000000e+000 6.000000000e+000 0.000000000e+000 5.880000000e+002 5.880000000e+002 2.572658657e-002 0.000000000e+000 0.000000000e+000 -2.572658657e-002 
d 6.000000000e+000 6.000000000e+000 0.000000000e+000 5.900000000e+002 5.900000000e+002 2.573900418e-002 0.000000000e+000 0.000000000e+000 -2.573900418e-002 
d 6.000000000e+000 6.000000000e+000 0.000000000e+000 5.920000000e+002 5.920000000e+002 2.575171446e-002 0.000000000e+000 0.000000000e+000 -2.575171447e-002 
d 6.000000000e+000 6.000000000e+000 0.000000000e+000 5.940000000e+002 5.940000000e+002 2.576472337e-002 0.000000000e+000 0.000000000e+000 -2.576472338e-002 
d 6.000000000e+000 6.000000000e+000 0.000000000e+000 5.960000000e+002 5.960000000e+002 2.577803703e-002 0.000000000e+000 0.000000000e+000 -2.577803704e-002 
d 6.000000000e+000 6.000000000e+000 0.000000000e+000 5.980000000e+002 5.980000000e+002 2.579166169e-002 0.000000000e+000 0.000000000e+000 -2.579166169e-002 
d 6.000000000e+000 6.000000000e+000 0.000000000e+000 6.000000000e+002 6.000000000e+002 2.580560375e-002 0.000000000e+000 0.000000000e+000 -2.580560375e-002 
d 6.000000000e+000 6.000000000e+000 0.000000000e+000 6.020000000e+002 6.020000000e+002 2.581986977e-002 0.000000000e+000 0.000000000e+000 -2.581986978e-002 
d 6.000000000e+000 6.000000000e+000 0.000000000e+000 6.040000000e+002 6.040000000e+002 2.583446651e-002 0.000000000e+000 0.000000000e+000 -2.583446651e-002 
d 6.000000000e+000 6.000000000e+000 0.000000000e+000 6.060000000e+002 6.060000000e+002 2.584940081e-002 0.000000000e+000 0.000000000e+000 -2.584940081e-002 
d 6.000000000e+000 6.000000000e+000 0.000000000e+000 6.080000000e+002 6.080000000e+002 2.586467973e-002 0.000000000e+000 0.000000000e+000 -2.586467973e-002 
d 6.000000000e+000 6.000000000e+000 0.000000000e+000 6.100000000e+002 6.100000000e+002 2.588031046e-002 0.000000000e+000 0.000000000e+000 -2.588031046e-002 
d 6.000000000e+000 6.000000000e+000 0.000000000e+000 6.120000000e+002 6.120000000e+002 2.589630038e-002 0.000000000e+000 0.000000000e+000 -2.589630039e-002 
d 6.000000000e+000 6.000000000e+000 0.000000000e+000 6.140000000e+002 6.140000000e+002 2.591265705e-002 0.000000000e+000 0.000000000e+000 -2.591265704e-002 
d 6.000000000e+000 6.000000000e+000 0.000000000e+000 6.160000000e+002 6.160000000e+002 2.592938815e-002 0.000000000e+000 0.000000000e+000 -2.592938814e-002 
d 6.000000000e+000 6.000000000e+000 0.000000000e+000 6.180000000e+002 6.180000000e+002 2.594650159e-002 0.000000000e+000 0.000000000e+000 -2.594650159e-002 
d 6.000000000e+000 6.000000000e+000 0.000000000e+000 6.200000000e+002 6.200000000e+002 2.596400544e-002 0.000000000e+000 0.000000000e+000 -2.596400545e-002 
d 6.000000000e+000 6.000000000e+000 0.000000000e+000 6.220000000e+002 6.220000000e+002 2.598190800e-002 0.000000000e+000 0.000000000e+000 -2.598190800e-002 
d 6.000000000e+000 6.000000000e+000 0.000000000e+000 6.240000000e+002 6.240000000e+002 2.600021771e-002 0.000000000e+000 0.000000000e+000 -2.600021771e-002 
d 6.000000000e+000 6.000000000e+000 0.000000000e+000 6.260000000e+002 6.260000000e+002 2.601894325e-002 0.000000000e+000 0.000000000e+000 -2.601894324e-002 
d 6.000000000e+000 6.000000000e+000 0.000000000e+000 6.280000000e+002 6.280000000e+002 2.603809349e-002 0.000000000e+000 0.000000000e+000 -2.603809349e-002 
d 6.000000000e+000 6.000000000e+000 0.000000000e+000 6.300000000e+002 6.300000000e+002 2.605767805e-002 0.000000000e+000 0.000000000e+000 -2.605767806e-002 
d 6.000000000e+000 6.000000000e+000 0.000000000e+000 6.320000000e+002 6.320000000e+002 2.607770588e-002 0.000000000e+000 0.000000000e+000 -2.607770588e-002 
d 6.000000000e+000 6.000000000e+000 0.000000000e+000 6.340000000e+002 6.340000000e+002 2.609818645e-002 0.000000000e+000 0.000000000e+000 -2.609818643e-002 
d 6.000000000e+000 6.000000000e+000 0.000000000e+000 6.360000000e+002 6.360000000e+002 2.611912952e-002 0.000000000e+000 0.000000000e+000 -2.611912951e-002 
d 6.000000000e+000 6.000000000e+000 0.000000000e+000 6.380000000e+002 6.380000000e+002 2.614054518e-002 0.000000000e+000 0.000000000e+000 -2.614054518e-002 
d 6.000000000e+000 6.000000000e+000 0.000000000e+000 6.400000000e+002 6.400000000e+002 2.616244374e-002 0.000000000e+000 0.000000000e+000 -2.616244373e-002 
d 6.000000000e+000 6.000000000e+000 0.000000000e+000 6.420000000e+002 6.420000000e+002 2.618483578e-002 0.000000000e+000 0.000000000e+000 -2.618483577e-002 
d 6.000000000e+000 6.000000000e+000 0.000000000e+000 6.440000000e+002 6.440000000e+002 2.620773215e-002 0.000000000e+000 0.000000000e+000 -2.620773216e-002 
d 6.000000000e+000 6.000000000e+000 0.000000000e+000 6.460000000e+002 6.460000000e+002 2.623114404e-002 0.000000000e+000 0.000000000e+000 -2.623114405e-002 
d 6.000000000e+000 6.000000000e+000 0.000000000e+000 6.480000000e+002 6.480000000e+002 2.625511850e-002 0.000000000e+000 0.000000000e+000 -2.625511850e-002 
d 6.000000000e+000 6.000000000e+000 0.000000000e+000 6.500000000e+002 6.500000000e+002 2.627963790e-002 0.000000000e+000 0.000000000e+000 -2.627963788e-002 
d 6.000000000e+000 6.000000000e+000 0.000000000e+000 6.520000000e+002 6.520000000e+002 2.630470516e-002 0.000000000e+000 0.000000000e+000 -2.630470516e-002 
d 6.000000000e+000 6.000000000e+000 0.000000000e+000 6.540000000e+002 6.540000000e+002 2.633033275e-002 0.000000000e+000 0.000000000e+000 -2.633033275e-002 
d 6.000000000e+000 6.000000000e+000 0.000000000e+000 6.560000000e+002 6.560000000e+002 2.635653343e-002 0.000000000e+000 0.000000000e+000 -2.635653343e-002 
d 6.000000000e+000 6.000000000e+000 0.000000000e+000 6.580000000e+002 6.580000000e+002 2.638332034e-002 0.000000000e+000 0.000000000e+000 -2.638332034e-002 
d 6.000000000e+000 6.000000000e+000 0.000000000e+000 6.600000000e+002 6.600000000e+002 2.641070707e-002 0.000000000e+000 0.000000000e+000 -2.641070706e-002 
d 6.000000000e+000 6.000000000e+000 0.000000000e+000 6.620000000e+002 6.620000000e+002 2.643870755e-002 0.000000000e+000 0.000000000e+000 -2.643870754e-002 
d 6.000000000e+000 6.000000000e+000 0.000000000e+000 6.640000000e+002 6.640000000e+002 2.646733616e-002 0.000000000e+000 0.000000000e+000 -2.646733617e-002 
d 6.000000000e+000 6.000000000e+000 0.000000000e+000 6.660000000e+002 6.660000000e+002 2.649660776e-002 0.000000000e+000 0.000000000e+000 -2.649660775e-002 
d 6.000000000e+000 6.000000000e+000 0.000000000e+000 6.680000000e+002 6.680000000e+002 2.652653756e-002 0.000000000e+000 0.000000000e+000 -2.652653757e-002 
d 6.000000000e+000 6.000000000e+000 0.000000000e+000 6.700000000e+002 6.700000000e+002 2.655714144e-002 0.000000000e+000 0.000000000e+000 -2.655714143e-002 
d 6.000000000e+000 6.000000000e+000 0.000000000e+000 6.720000000e+002 6.720000000e+002 2.658843557e-002 0.000000000e+000 0.000000000e+000 -2.658843558e-002 
d 6.000000000e+000 6.000000000e+000 0.000000000e+000 6.740000000e+002 6.740000000e+002 2.662043677e-002 0.000000000e+000 0.000000000e+000 -2.662043678e-002 
d 6.000000000e+000 6.000000000e+000 0.000000000e+000 6.760000000e+002 6.760000000e+002 2.665316244e-002 0.000000000e+000 0.000000000e+000 -2.665316245e-002 
d 6.000000000e+000 6.000000000e+000 0.000000000e+000 6.780000000e+002 6.780000000e+002 2.668663061e-002 0.000000000e+000 0.000000000e+000 -2.668663061e-002 
d 6.000000000e+000 6.000000000e+000 0.000000000e+000 6.800000000e+002 6.800000000e+002 2.672086000e-002 0.000000000e+000 0.000000000e+000 -2.672086000e-002 
d 6.000000000e+000 6.000000000e+000 0.000000000e+000 6.820000000e+002 6.820000000e+002 2.675587011e-002 0.000000000e+000 0.000000000e+000 -2.675587010e-002 
d 6.000000000e+000 6.000000000e+000 0.000000000e+000 6.840000000e+002 6.840000000e+002 2.679168123e-002 0.000000000e+000 0.000000000e+000 -2.679168122e-002 
d 6.000000000e+000 6.000000000e+000 0.000000000e+000 6.860000000e+002 6.860000000e+002 2.682831450e-002 0.000000000e+000 0.000000000e+000 -2.682831449e-002 
d 6.000000000e+000 6.000000000e+000 0.000000000e+000 6.880000000e+002 6.880000000e+002 2.686579179e-002 0.000000000e+000 0.000000000e+000 -2.686579180e-002 
d 6.000000000e+000 6.000000000e+000 0.000000000e+000 6.900000000e+002 6.900000000e+002 2.690414602e-002 0.000000000e+000 0.000000000e+000 -2.690414601e-002 
d 6.000000000e+000 6.000000000e+000 0.000000000e+000 6.920000000e+002 6.920000000e+002 2.694339557e-002 0.000000000e+000 0.000000000e+000 -2.694339557e-002 
d 6.000000000e+000 6.000000000e+000 0.000000000e+000 6.940000000e+002 6.940000000e+002 2.698355893e-002 0.000000000e+000 0.000000000e+000 -2.698355893e-002 
d 6.000000000e+000 6.000000000e+000 0.000000000e+000 6.960000000e+002 6.960000000e+002 2.702466033e-002 0.000000000e+000 0.000000000e+000 -2.702466033e-002 
d 6.000000000e+000 6.000000000e+000 0.000000000e+000 6.980000000e+002 6.980000000e+002 2.706672574e-002 0.000000000e+000 0.000000000e+000 -2.706672573e-002 
d 6.000000000e+000 6.000000000e+000 0.000000000e+000 7.000000000e+002 7.000000000e+002 2.710978120e-002 0.000000000e+000 0.000000000e+000 -2.710978121e-002 
d 6.000000000e+000 6.000000000e+000 0.000000000e+000 7.020000000e+002 7.020000000e+002 2.715385456e-002 0.000000000e+000 0.000000000e+000 -2.715385456e-002 
d 6.000000000e+000 6.000000000e+000 0.000000000e+000 7.040000000e+002 7.040000000e+002 2.719897480e-002 0.000000000e+000 0.000000000e+000 -2.719897480e-002 
d 6.000000000e+000 6.000000000e+000 0.000000000e+000 7.060000000e+002 7.060000000e+002 2.724517220e-002 0.000000000e+000 0.000000000e+000 -2.724517219e-002 
d 6.000000000e+000 6.000000000e+000 0.000000000e+000 7.080000000e+002 7.080000000e+002 2.729247830e-002 0.000000000e+000 0.000000000e+000 -2.729247830e-002 
d 6.000000000e+000 6.000000000e+000 0.000000000e+000 7.100000000e+002 7.100000000e+002 2.734092598e-002 0.000000000e+000 0.000000000e+000 -2.734092599e-002 
d 6.000000000e+000 6.000000000e+000 0.000000000e+000 7.120000000e+002 7.120000000e+002 2.739054956e-002 0.000000000e+000 0.000000000e+000 -2.739054955e-002 
d 6.000000000e+000 6.000000000e+000 0.000000000e+000 7.140000000e+002 7.140000000e+002 2.744138474e-002 0.000000000e+000 0.000000000e+000 -2.744138474e-002 
d 6.000000000e+000 6.000000000e+000 0.000000000e+000 7.160000000e+002 7.160000000e+002 2.749346886e-002 0.000000000e+000 0.000000000e+000 -2.749346887e-002 
d 6.000000000e+000 6.000000000e+000 0.000000000e+000 7.180000000e+002 7.180000000e+002 2.754684087e-002 0.000000000e+000 0.000000000e+000 -2.754684088e-002 
d 6.000000000e+000 6.000000000e+000 0.000000000e+000 7.200000000e+002 7.200000000e+002 2.760154143e-002 0.000000000e+000 0.000000000e+000 -2.760154143e-002 
d 6.000000000e+000 6.000000000e+000 0.000000000e+000 7.220000000e+002 7.220000000e+002 2.765761299e-002 0.000000000e+000 0.000000000e+000 -2.765761300e-002 
d 6.000000000e+000 6.000000000e+000 0.000000000e+000 7.240000000e+002 7.240000000e+002 2.771510000e-002 0.000000000e+000 0.000000000e+000 -2.771509999e-002 
d 6.000000000e+000 6.000000000e+000 0.000000000e+000 7.260000000e+002 7.260000000e+002 2.777404886e-002 0.000000000e+000 0.000000000e+000 -2.777404886e-002 
d 6.000000000e+000 6.000000000e+000 0.000000000e+000 7.280000000e+002 7.280000000e+002 2.783450823e-002 0.000000000e+000 0.000000000e+000 -2.783450822e-002 
d 6.000000000e+000 6.000000000e+000 0.000000000e+000 7.300000000e+002 7.300000000e+002 2.789652895e-002 0.000000000e+000 0.000000000e+000 -2.789652895e-002 
d 6.000000000e+000 6.000000000e+000 0.000000000e+000 7.320000000e+002 7.320000000e+002 2.796016479e-002 0.000000000e+000 0.000000000e+000 -2.796016478e-002 
d 6.000000000e+000 6.000000000e+000 0.000000000e+000 7.340000000e+002 7.340000000e+002 2.802547140e-002 0.000000000e+000 0.000000000e+000 -2.802547140e-002 
d 6.000000000e+000 6.000000000e+000 0.000000000e+000 7.360000000e+002 7.360000000e+002 2.809250709e-002 0.000000000e+000 0.000000000e+000 -2.809250711e-002 
d 6.000000000e+000 6.000000000e+000 0.000000000e+000 7.380000000e+002 7.380000000e+002 2.816133314e-002 0.000000000e+000 0.000000000e+000 -2.816133314e-002 
d 6.000000000e+000 6.000000000e+000 0.000000000e+000 7.400000000e+002 7.400000000e+002 2.823201353e-002 0.000000000e+000 0.000000000e+000 -2.823201353e-002 
d 6.000000000e+000 6.000000000e+000 0.000000000e+000 7.420000000e+002 7.420000000e+002 2.830461516e-002 0.000000000e+000 0.000000000e+000 -2.830461515e-002 
d 6.000000000e+000 6.000000000e+000 0.000000000e+000 7.440000000e+002 7.440000000e+002 2.837920772e-002 0.000000000e+000 0.000000000e+000 -2.837920771e-002 
d 6.000000000e+000 6.000000000e+000 0.000000000e+000 7.460000000e+002 7.460000000e+002 2.845586363e-002 0.000000000e+000 0.000000000e+000 -2.845586363e-002 
d 6.000000000e+000 6.000000000e+000 0.000000000e+000 7.480000000e+002 7.480000000e+002 2.853465791e-002 0.000000000e+000 0.000000000e+000 -2.853465791e-002 
d 6.000000000e+000 6.000000000e+000 0.000000000e+000 7.500000000e+002 7.500000000e+002 2.861566789e-002 0.000000000e+000 0.000000000e+000 -2.861566790e-002 
d 6.000000000e+000 6.000000000e+000 0.000000000e+000 7.520000000e+002 7.520000000e+002 2.869897292e-002 0.000000000e+000 0.000000000e+000 -2.869897291e-002 
d 6.000000000e+000 6.000000000e+000 0.000000000e+000 7.540000000e+002 7.540000000e+002 2.878465382e-002 0.000000000e+000 0.000000000e+000 -2.878465382e-002 
d 6.000000000e+000 6.000000000e+000 0.000000000e+000 7.560000000e+002 7.560000000e+002 2.887279252e-002 0.000000000e+000 0.000000000e+000 -2.887279253e-002 
d 6.000000000e+000 6.000000000e+000 0.000000000e+000 7.580000000e+002 7.580000000e+002 2.896347145e-002 0.000000000e+000 0.000000000e+000 -2.896347146e-002 
d 6.000000000e+000 6.000000000e+000 0.000000000e+000 7.600000000e+002 7.600000000e+002 2.905677293e-002 0.000000000e+000 0.000000000e+000 -2.905677294e-002 
d 6.000000000e+000 6.000000000e+000 0.000000000e+000 7.620000000e+002 7.620000000e+002 2.915277880e-002 0.000000000e+000 0.000000000e+000 -2.915277881e-002 
d 6.000000000e+000 6.000000000e+000 0.000000000e+000 7.640000000e+002 7.640000000e+002 2.925157009e-002 0.000000000e+000 0.000000000e+000 -2.925157008e-002 
d 6.000000000e+000 6.000000000e+000 0.000000000e+000 7.660000000e+002 7.660000000e+002 2.935322689e-002 0.000000000e+000 0.000000000e+000 -2.935322690e-002 
d 6.000000000e+000 6.000000000e+000 0.000000000e+000 7.680000000e+002 7.680000000e+002 2.945782872e-002 0.000000000e+000 0.000000000e+000 -2.945782873e-002 
d 6.000000000e+000 6.000000000e+000 0.000000000e+000 7.700000000e+002 7.700000000e+002 2.956545492e-002 0.000000000e+000 0.000000000e+000 -2.956545491e-002 
d 6.000000000e+000 6.000000000e+000 0.000000000e+000 7.720000000e+002 7.720000000e+002 2.967618557e-002 0.000000000e+000 0.000000000e+000 -2.967618557e-002 
d 6.000000000e+000 6.000000000e+000 0.000000000e+000 7.740000000e+002 7.740000000e+002 2.979010272e-002 0.000000000e+000 0.000000000e+000 -2.979010272e-002 
d 6.000000000e+000 6.000000000e+000 0.000000000e+000 7.760000000e+002 7.760000000e+002 2.990729171e-002 0.000000000e+000 0.000000000e+000 -2.990729170e-002 
d 6.000000000e+000 6.000000000e+000 0.000000000e+000 7.780000000e+002 7.780000000e+002 3.002784279e-002 0.000000000e+000 0.000000000e+000 -3.002784279e-002 
d 6.000000000e+000 6.000000000e+000 0.000000000e+000 7.800000000e+002 7.800000000e+002 3.015185356e-002 0.000000000e+000 0.000000000e+000 -3.015185356e-002 
d 6.000000000e+000 6.000000000e+000 0.000000000e+000 7.820000000e+002 7.820000000e+002 3.027942754e-002 0.000000000e+000 0.000000000e+000 -3.027942754e-002 
d 6.000000000e+000 6.000000000e+000 0.000000000e+000 7.840000000e+002 7.840000000e+002 3.041067870e-002 0.000000000e+000 0.000000000e+000 -3.041067870e-002 
d 6.000000000e+000 6.000000000e+000 0.000000000e+000 7.860000000e+002 7.860000000e+002 3.054573168e-002 0.000000000e+000 0.000000000e+000 -3.054573168e-002 
d 6.000000000e+000 6.000000000e+000 0.000000000e+000 7.880000000e+002 7.880000000e+002 3.068472279e-002 0.000000000e+000 0.000000000e+000 -3.068472278e-002 
d 6.000000000e+000 6.000000000e+000 0.000000000e+000 7.900000000e+002 7.900000000e+002 3.082780066e-002 0.000000000e+000 0.000000000e+000 -3.082780066e-002 
d 6.000000000e+000 6.000000000e+000 0.000000000e+000 7.920000000e+002 7.920000000e+002 3.097512650e-002 0.000000000e+000 0.000000000e+000 -3.097512651e-002 
d 6.000000000e+000 6.000000000e+000 0.000000000e+000 7.940000000e+002 7.940000000e+002 3.112687373e-002 0.000000000e+000 0.000000000e+000 -3.112687373e-002 
d 6.000000000e+000 6.000000000e+000 0.000000000e+000 7.960000000e+002 7.960000000e+002 3.128322689e-002 0.000000000e+000 0.000000000e+000 -3.128322689e-002 
d 6.000000000e+000 6.000000000e+000 0.000000000e+000 7.980000000e+002 7.980000000e+002 3.144437975e-002 0.000000000e+000 0.000000000e+000 -3.144437974e-002 
d 6.000000000e+000 6.000000000e+000 0.000000000e+000 8.000000000e+002 8.000000000e+002 3.161053213e-002 0.000000000e+000 0.000000000e+000 -3.161053212e-002 
d 6.000000000e+000 6.000000000e+000 0.000000000e+000 8.020000000e+002 8.020000000e+002 3.178188476e-002 0.000000000e+000 0.000000000e+000 -3.178188476e-002 
d 6.000000000e+000 6.000000000e+000 0.000000000e+000 8.040000000e+002 8.040000000e+002 3.195862826e-002 0.000000000e+000 0.000000000e+000 -3.195862827e-002 
d 6.000000000e+000 6.000000000e+000 0.000000000e+000 8.060000000e+002 8.060000000e+002 3.214110496e-002 0.000000000e+000 0.000000000e+000 -3.214110496e-002 
d 6.000000000e+000 6.000000000e+000 0.000000000e+000 8.080000000e+002 8.080000000e+002 3.232933170e-002 0.000000000e+000 0.000000000e+000 -3.232933170e-002 
d 6.000000000e+000 6.000000000e+000 0.000000000e+000 8.100000000e+002 8.100000000e+002 3.252316707e-002 0.000000000e+000 0.000000000e+000 -3.252316706e-002 
d 6.000000000e+000 6.000000000e+000 0.000000000e+000 8.120000000e+002 8.120000000e+002 3.272277040e-002 0.000000000e+000 0.000000000e+000 -3.272277043e-002 
d 6.000000000e+000 6.000000000e+000 0.000000000e+000 8.140000000e+002 8.140000000e+002 3.292829207e-002 0.000000000e+000 0.000000000e+000 -3.292829208e-002 
d 6.000000000e+000 6.000000000e+000 0.000000000e+000 8.160000000e+002 8.160000000e+002 3.313987745e-002 0.000000000e+000 0.000000000e+000 -3.313987745e-002 
d 6.000000000e+000 6.000000000e+000 0.000000000e+000 8.180000000e+002 8.180000000e+002 3.335767052e-002 0.000000000e+000 0.000000000e+000 -3.335767053e-002 
d 6.000000000e+000 6.000000000e+000 0.000000000e+000 8.200000000e+002 8.200000000e+002 3.358186765e-002 0.000000000e+000 0.000000000e+000 -3.358186765e-002 
d 6.000000000e+000 6.000000000e+000 0.000000000e+000 8.220000000e+002 8.220000000e+002 3.381255562e-002 0.000000000e+000 0.000000000e+000 -3.381255561e-002 
d 6.000000000e+000 6.000000000e+000 0.000000000e+000 8.240000000e+002 8.240000000e+002 3.404987638e-002 0.000000000e+000 0.000000000e+000 -3.404987638e-002 
d 6.000000000e+000 6.000000000e+000 0.000000000e+000 8.260000000e+002 8.260000000e+002 3.429397674e-002 0.000000000e+000 0.000000000e+000 -3.429397674e-002 
d 6.000000000e+000 6.000000000e+000 0.000000000e+000 8.280000000e+002 8.280000000e+002 3.454501245e-002 0.000000000e+000 0.000000000e+000 -3.454501245e-002 
d 6.000000000e+000 6.000000000e+000 0.000000000e+000 8.300000000e+002 8.300000000e+002 3.480312762e-002 0.000000000e+000 0.000000000e+000 -3.480312762e-002 
d 6.000000000e+000 6.000000000e+000 0.000000000e+000 8.320000000e+002 8.320000000e+002 3.506843950e-002 0.000000000e+000 0.000000000e+000 -3.506843951e-002 
d 6.000000000e+000 6.000000000e+000 0.000000000e+000 8.340000000e+002 8.340000000e+002 3.534099739e-002 0.000000000e+000 0.000000000e+000 -3.534099739e-002 
d 6.000000000e+000 6.000000000e+000 0.000000000e+000 8.360000000e+002 8.360000000e+002 3.562106473e-002 0.000000000e+000 0.000000000e+000 -3.562106473e-002 
d 6.000000000e+000 6.000000000e+000 0.000000000e+000 8.380000000e+002 8.380000000e+002 3.590896554e-002 0.000000000e+000 0.000000000e+000 -3.590896554e-002 
d 6.000000000e+000 6.000000000e+000 0.000000000e+000 8.400000000e+002 8.400000000e+002 3.620473051e-002 0.000000000e+000 0.000000000e+000 -3.620473051e-002 
d 6.000000000e+000 6.000000000e+000 0.000000000e+000 8.420000000e+002 8.420000000e+002 3.650854721e-002 0.000000000e+000 0.000000000e+000 -3.650854721e-002 
d 6.000000000e+000 6.000000000e+000 0.000000000e+000 8.440000000e+002 8.440000000e+002 3.682114669e-002 0.000000000e+000 0.000000000e+000 -3.682114668e-002 
d 6.000000000e+000 6.000000000e+000 0.000000000e+000 8.460000000e+002 8.460000000e+002 3.714293715e-002 0.000000000e+000 0.000000000e+000 -3.714293714e-002 
d 6.000000000e+000 6.000000000e+000 0.000000000e+000 8.480000000e+002 8.480000000e+002 3.747437543e-002 0.000000000e+000 0.000000000e+000 -3.747437545e-002 
d 6.000000000e+000 6.000000000e+000 0.000000000e+000 8.500000000e+002 8.500000000e+002 3.781596802e-002 0.000000000e+000 0.000000000e+000 -3.781596803e-002 
d 6.000000000e+000 6.000000000e+000 0.000000000e+000 8.520000000e+002 8.520000000e+002 3.816827620e-002 0.000000000e+000 0.000000000e+000 -3.816827622e-002 
d 6.000000000e+000 6.000000000e+000 0.000000000e+000 8.540000000e+002 8.540000000e+002 3.853192340e-002 0.000000000e+000 0.000000000e+000 -3.853192339e-002 
d 6.000000000e+000 6.000000000e+000 0.000000000e+000 8.560000000e+002 8.560000000e+002 3.890760312e-002 0.000000000e+000 0.000000000e+000 -3.890760313e-002 
d 6.000000000e+000 6.000000000e+000 0.000000000e+000 8.580000000e+002 8.580000000e+002 3.929608879e-002 0.000000000e+000 0.000000000e+000 -3.929608880e-002 
d 6.000000000e+000 6.000000000e+000 0.000000000e+000 8.600000000e+002 8.600000000e+002 3.969824505e-002 0.000000000e+000 0.000000000e+000 -3.969824503e-002 
d 6.000000000e+000 6.000000000e+000 0.000000000e+000 8.620000000e+002 8.620000000e+002 4.011504228e-002 0.000000000e+000 0.000000000e+000 -4.011504228e-002 
d 6.000000000e+000 6.000000000e+000 0.000000000e+000 8.640000000e+002 8.640000000e+002 4.054757655e-002 0.000000000e+000 0.000000000e+000 -4.054757656e-002 
d 6.000000000e+000 6.000000000e+000 0.000000000e+000 8.660000000e+002 8.660000000e+002 4.099709783e-002 0.000000000e+000 0.000000000e+000 -4.099709783e-002 
d 6.000000000e+000 6.000000000e+000 0.000000000e+000 8.680000000e+002 8.680000000e+002 4.146505179e-002 0.000000000e+000 0.000000000e+000 -4.146505179e-002 
d 6.000000000e+000 6.000000000e+000 0.000000000e+000 8.700000000e+002 8.700000000e+002 4.195314221e-002 0.000000000e+000 0.000000000e+000 -4.195314222e-002 
d 6.000000000e+000 6.000000000e+000 0.000000000e+000 8.720000000e+002 8.720000000e+002 4.246346212e-002 0.000000000e+000 0.000000000e+000 -4.246346212e-002 
d 6.000000000e+000 6.000000000e+000 0.000000000e+000 8.740000000e+002 8.740000000e+002 4.299854880e-002 0.000000000e+000 0.000000000e+000 -4.299854880e-002 
d 6.000000000e+000 6.000000000e+000 0.000000000e+000 8.760000000e+002 8.760000000e+002 4.356156041e-002 0.000000000e+000 0.000000000e+000 -4.356156041e-002 
d 6.000000000e+000 6.000000000e+000 0.000000000e+000 8.780000000e+002 8.780000000e+002 4.415657954e-002 0.000000000e+000 0.000000000e+000 -4.415657955e-002 
d 6.000000000e+000 6.000000000e+000 0.000000000e+000 8.800000000e+002 8.800000000e+002 4.478887422e-002 0.000000000e+000 0.000000000e+000 -4.478887422e-002 
d 6.000000000e+000 6.000000000e+000 0.000000000e+000 8.820000000e+002 8.820000000e+002 4.546524896e-002 0.000000000e+000 0.000000000e+000 -4.546524896e-002 
d 6.000000000e+000 6.000000000e+000 0.000000000e+000 8.840000000e+002 8.840000000e+002 4.619443214e-002 0.000000000e+000 0.000000000e+000 -4.619443214e-002 
d 6.000000000e+000 6.000000000e+000 0.000000000e+000 8.860000000e+002 8.860000000e+002 4.698744496e-002 0.000000000e+000 0.000000000e+000 -4.698744497e-002 
d 6.000000000e+000 6.000000000e+000 0.000000000e+000 8.880000000e+002 8.880000000e+002 4.785785971e-002 0.000000000e+000 0.000000000e+000 -4.785785972e-002 
d 6.000000000e+000 6.000000000e+000 0.000000000e+000 8.900000000e+002 8.900000000e+002 4.882171828e-002 0.000000000e+000 0.000000000e+000 -4.882171828e-002 
d 6.000000000e+000 6.000000000e+000 0.000000000e+000 8.920000000e+002 8.920000000e+002 4.989389394e-002 0.000000000e+000 0.000000000e+000 -4.989389393e-002 
d 6.000000000e+000 6.000000000e+000 0.000000000e+000 8.940000000e+002 8.940000000e+002 5.109141826e-002 0.000000000e+000 0.000000000e+000 -5.109141826e-002 
d 6.000000000e+000 6.000000000e+000 0.000000000e+000 8.960000000e+002 8.960000000e+002 5.243183767e-002 0.000000000e+000 0.000000000e+000 -5.243183768e-002 
d 6.000000000e+000 6.000000000e+000 0.000000000e+000 8.980000000e+002 8.980000000e+002 5.392643089e-002 0.000000000e+000 0.000000000e+000 -5.392643088e-002 
d 6.000000000e+000 6.000000000e+000 0.000000000e+000 9.000000000e+002 9.000000000e+002 5.558085743e-002 0.000000000e+000 0.000000000e+000 -5.558085743e-002 
d 6.000000000e+000 6.000000000e+000 0.000000000e+000 9.020000000e+002 9.020000000e+002 5.739037451e-002 0.000000000e+000 0.000000000e+000 -5.739037452e-002 
d 6.000000000e+000 6.000000000e+000 0.000000000e+000 9.040000000e+002 9.040000000e+002 5.934183953e-002 0.000000000e+000 0.000000000e+000 -5.934183952e-002 
d 6.000000000e+000 6.000000000e+000 0.000000000e+000 9.060000000e+002 9.060000000e+002 6.141599762e-002 0.000000000e+000 0.000000000e+000 -6.141599759e-002 
d 6.000000000e+000 6.000000000e+000 0.000000000e+000 9.080000000e+002 9.080000000e+002 6.359019163e-002 0.000000000e+000 0.000000000e+000 -6.359019161e-002 
d 6.000000000e+000 6.000000000e+000 0.000000000e+000 9.100000000e+002 9.100000000e+002 6.583998544e-002 0.000000000e+000 0.000000000e+000 -6.583998541e-002 
d 6.000000000e+000 6.000000000e+000 0.000000000e+000 9.120000000e+002 9.120000000e+002 6.813931104e-002 0.000000000e+000 0.000000000e+000 -6.813931104e-002 
d 6.000000000e+000 6.000000000e+000 0.000000000e+000 9.140000000e+002 9.140000000e+002 7.046704882e-002 0.000000000e+000 0.000000000e+000 -7.046704879e-002 
d 6.000000000e+000 6.000000000e+000 0.000000000e+000 9.160000000e+002 9.160000000e+002 7.280124712e-002 0.000000000e+000 0.000000000e+000 -7.280124712e-002 
d 6.000000000e+000 6.000000000e+000 0.000000000e+000 9.180000000e+002 9.180000000e+002 7.511829777e-002 0.000000000e+000 0.000000000e+000 -7.511829775e-002 
d 6.000000000e+000 6.000000000e+000 0.000000000e+000 9.200000000e+002 9.200000000e+002 7.741763606e-002 0.000000000e+000 0.000000000e+000 -7.741763606e-002 
d 6.000000000e+000 6.000000000e+000 0.000000000e+000 9.220000000e+002 9.220000000e+002 7.973832151e-002 0.000000000e+000 0.000000000e+000 -7.973832152e-002 
d 6.000000000e+000 6.000000000e+000 0.000000000e+000 9.240000000e+002 9.240000000e+002 8.215944859e-002 0.000000000e+000 0.000000000e+000 -8.215944860e-002 
d 6.000000000e+000 6.000000000e+000 0.000000000e+000 9.260000000e+002 9.260000000e+002 8.471963053e-002 0.000000000e+000 0.000000000e+000 -8.471963052e-002 
d 6.000000000e+000 6.000000000e+000 0.000000000e+000 9.280000000e+002 9.280000000e+002 8.740127927e-002 0.000000000e+000 0.000000000e+000 -8.740127929e-002 
d 6.000000000e+000 6.000000000e+000 0.000000000e+000 9.300000000e+002 9.300000000e+002 9.046859488e-002 0.000000000e+000 0.000000000e+000 -9.046859487e-002 
d 6.000000000e+000 6.000000000e+000 0.000000000e+000 9.320000000e+002 9.320000000e+002 9.608876401e-002 0.000000000e+000 0.000000000e+000 -9.608876401e-002 
d 6.000000000e+000 6.000000000e+000 0.000000000e+000 9.340000000e+002 9.340000000e+002 1.051343983e-001 0.000000000e+000 0.000000000e+000 -1.051343983e-001 
d 6.000000000e+000 6.000000000e+000 0.000000000e+000 9.360000000e+002 9.360000000e+002 1.106129190e-001 0.000000000e+000 0.000000000e+000 -1.106129190e-001 
d 6.000000000e+000 6.000000000e+000 0.000000000e+000 9.380000000e+002 9.380000000e+002 1.146842453e-001 0.000000000e+000 0.000000000e+000 -1.146842453e-001 
d 6.000000000e+000 6.000000000e+000 0.000000000e+000 9.400000000e+002 9.400000000e+002 1.181437621e-001 0.000000000e+000 0.000000000e+000 -1.181437621e-001 
d 6.000000000e+000 6.000000000e+000 0.000000000e+000 9.420000000e+002 9.420000000e+002 1.213947031e-001 0.000000000e+000 0.000000000e+000 -1.213947032e-001 
d 6.000000000e+000 6.000000000e+000 0.000000000e+000 9.440000000e+002 9.440000000e+002 1.246716267e-001 0.000000000e+000 0.000000000e+000 -1.246716267e-001 
d 6.000000000e+000 6.000000000e+000 0.000000000e+000 9.460000000e+002 9.460000000e+002 1.282268131e-001 0.000000000e+000 0.000000000e+000 -1.282268131e-001 
d 6.000000000e+000 6.000000000e+000 0.000000000e+000 9.480000000e+002 9.480000000e+002 1.321377805e-001 0.000000000e+000 0.000000000e+000 -1.321377805e-001 
d 6.000000000e+000 6.000000000e+000 0.000000000e+000 9.500000000e+002 9.500000000e+002 1.366152888e-001 0.000000000e+000 0.000000000e+000 -1.366152888e-001 
d 6.000000000e+000 6.000000000e+000 0.000000000e+000 9.520000000e+002 9.520000000e+002 1.419665073e-001 0.000000000e+000 0.000000000e+000 -1.419665073e-001 
d 6.000000000e+000 6.000000000e+000 0.000000000e+000 9.530000000e+002 9.530000000e+002 1.464214852e-001 0.000000000e+000 0.000000000e+000 -1.464214852e-001 
d 6.000000000e+000 6.000000000e+000 0.000000000e+000 9.531250000e+002 9.531250000e+002 1.474267337e-001 0.000000000e+000 0.000000000e+000 -1.474267337e-001 
d 6.000000000e+000 6.000000000e+000 0.000000000e+000 9.531875000e+002 9.531875000e+002 1.481640843e-001 0.000000000e+000 0.000000000e+000 -1.481640843e-001 
d 6.000000000e+000 6.000000000e+000 0.000000000e+000 9.532187500e+002 9.532187500e+002 1.488318514e-001 0.000000000e+000 0.000000000e+000 -1.488318514e-001 
