v ATLAS
# This file was created by ATLAS version 5.26.1.R on Tue Aug 05 21:12:45 2025.
#SSF 2.0 generic
##############################################################################
#                    Copyright (c) 1984 - 2018                               #
#                    Silvaco Inc. All rights reserved                        #
#                                                                            #
# This file format and the following Key are copyright Silvaco Inc.          #
# You may not use, this format or key without reproducing this message in    #
# full and obtaining express written permission from Silvaco Inc.            #
#                                                                            #
# To obtain such permission please contact: Silvaco Inc.                     #
#                                           support@silvaco.com              #
#                                                                            #
# KEY=SVC86hn7562asdx                       PROD=345                         #
##############################################################################
y 3 700 711 15
z 2.2 0.01 300
f 3 "gate" "drain" "source" 
p 9 2 601 20 3 602 21 4 603 22 
d 6.000000000e+000 6.000000000e+000 0.000000000e+000 5.000000000e+000 5.000000000e+000 2.540301450e-002 0.000000000e+000 0.000000000e+000 -2.540301450e-002 
d 6.000000000e+000 6.000000000e+000 0.000000000e+000 2.500000000e+000 2.500000000e+000 2.287899093e-002 0.000000000e+000 0.000000000e+000 -2.287899093e-002 
d 6.000000000e+000 6.000000000e+000 0.000000000e+000 1.250000000e+000 1.250000000e+000 1.387517429e-002 0.000000000e+000 0.000000000e+000 -1.387517429e-002 
d 6.000000000e+000 6.000000000e+000 0.000000000e+000 6.250000000e-001 6.250000000e-001 7.550928115e-003 0.000000000e+000 0.000000000e+000 -7.550928115e-003 
d 6.000000000e+000 6.000000000e+000 0.000000000e+000 0.000000000e+000 0.000000000e+000 -1.067234434e-014 0.000000000e+000 0.000000000e+000 5.133770045e-016 
d 6.000000000e+000 6.000000000e+000 0.000000000e+000 1.000000000e+000 1.000000000e+000 1.149355145e-002 0.000000000e+000 0.000000000e+000 -1.149355145e-002 
d 6.000000000e+000 6.000000000e+000 0.000000000e+000 2.000000000e+000 2.000000000e+000 1.989873343e-002 0.000000000e+000 0.000000000e+000 -1.989873343e-002 
d 6.000000000e+000 6.000000000e+000 0.000000000e+000 4.000000000e+000 4.000000000e+000 2.524414940e-002 0.000000000e+000 0.000000000e+000 -2.524414940e-002 
d 6.000000000e+000 6.000000000e+000 0.000000000e+000 6.000000000e+000 6.000000000e+000 2.550224206e-002 0.000000000e+000 0.000000000e+000 -2.550224206e-002 
d 6.000000000e+000 6.000000000e+000 0.000000000e+000 8.000000000e+000 8.000000000e+000 2.555176128e-002 0.000000000e+000 0.000000000e+000 -2.555176128e-002 
d 6.000000000e+000 6.000000000e+000 0.000000000e+000 1.000000000e+001 1.000000000e+001 2.555583960e-002 0.000000000e+000 0.000000000e+000 -2.555583960e-002 
d 6.000000000e+000 6.000000000e+000 0.000000000e+000 1.200000000e+001 1.200000000e+001 2.555795663e-002 0.000000000e+000 0.000000000e+000 -2.555795663e-002 
d 6.000000000e+000 6.000000000e+000 0.000000000e+000 1.400000000e+001 1.400000000e+001 2.555977981e-002 0.000000000e+000 0.000000000e+000 -2.555977981e-002 
d 6.000000000e+000 6.000000000e+000 0.000000000e+000 1.600000000e+001 1.600000000e+001 2.556141805e-002 0.000000000e+000 0.000000000e+000 -2.556141805e-002 
d 6.000000000e+000 6.000000000e+000 0.000000000e+000 1.800000000e+001 1.800000000e+001 2.556292409e-002 0.000000000e+000 0.000000000e+000 -2.556292409e-002 
d 6.000000000e+000 6.000000000e+000 0.000000000e+000 2.000000000e+001 2.000000000e+001 2.556432914e-002 0.000000000e+000 0.000000000e+000 -2.556432914e-002 
d 6.000000000e+000 6.000000000e+000 0.000000000e+000 2.200000000e+001 2.200000000e+001 2.556565214e-002 0.000000000e+000 0.000000000e+000 -2.556565214e-002 
d 6.000000000e+000 6.000000000e+000 0.000000000e+000 2.400000000e+001 2.400000000e+001 2.556690738e-002 0.000000000e+000 0.000000000e+000 -2.556690738e-002 
d 6.000000000e+000 6.000000000e+000 0.000000000e+000 2.600000000e+001 2.600000000e+001 2.556810525e-002 0.000000000e+000 0.000000000e+000 -2.556810525e-002 
d 6.000000000e+000 6.000000000e+000 0.000000000e+000 2.800000000e+001 2.800000000e+001 2.556925250e-002 0.000000000e+000 0.000000000e+000 -2.556925250e-002 
d 6.000000000e+000 6.000000000e+000 0.000000000e+000 3.000000000e+001 3.000000000e+001 2.557035780e-002 0.000000000e+000 0.000000000e+000 -2.557035780e-002 
d 6.000000000e+000 6.000000000e+000 0.000000000e+000 3.200000000e+001 3.200000000e+001 2.557142486e-002 0.000000000e+000 0.000000000e+000 -2.557142486e-002 
d 6.000000000e+000 6.000000000e+000 0.000000000e+000 3.400000000e+001 3.400000000e+001 2.557246262e-002 0.000000000e+000 0.000000000e+000 -2.557246262e-002 
d 6.000000000e+000 6.000000000e+000 0.000000000e+000 3.600000000e+001 3.600000000e+001 2.557347530e-002 0.000000000e+000 0.000000000e+000 -2.557347530e-002 
d 6.000000000e+000 6.000000000e+000 0.000000000e+000 3.800000000e+001 3.800000000e+001 2.557447253e-002 0.000000000e+000 0.000000000e+000 -2.557447253e-002 
d 6.000000000e+000 6.000000000e+000 0.000000000e+000 4.000000000e+001 4.000000000e+001 2.557545924e-002 0.000000000e+000 0.000000000e+000 -2.557545924e-002 
d 6.000000000e+000 6.000000000e+000 0.000000000e+000 4.200000000e+001 4.200000000e+001 2.557643715e-002 0.000000000e+000 0.000000000e+000 -2.557643715e-002 
d 6.000000000e+000 6.000000000e+000 0.000000000e+000 4.400000000e+001 4.400000000e+001 2.557740999e-002 0.000000000e+000 0.000000000e+000 -2.557740999e-002 
d 6.000000000e+000 6.000000000e+000 0.000000000e+000 4.600000000e+001 4.600000000e+001 2.557836855e-002 0.000000000e+000 0.000000000e+000 -2.557836855e-002 
d 6.000000000e+000 6.000000000e+000 0.000000000e+000 4.800000000e+001 4.800000000e+001 2.557931601e-002 0.000000000e+000 0.000000000e+000 -2.557931601e-002 
d 6.000000000e+000 6.000000000e+000 0.000000000e+000 5.000000000e+001 5.000000000e+001 2.558025562e-002 0.000000000e+000 0.000000000e+000 -2.558025562e-002 
d 6.000000000e+000 6.000000000e+000 0.000000000e+000 5.200000000e+001 5.200000000e+001 2.558117766e-002 0.000000000e+000 0.000000000e+000 -2.558117766e-002 
d 6.000000000e+000 6.000000000e+000 0.000000000e+000 5.400000000e+001 5.400000000e+001 2.558208322e-002 0.000000000e+000 0.000000000e+000 -2.558208322e-002 
d 6.000000000e+000 6.000000000e+000 0.000000000e+000 5.600000000e+001 5.600000000e+001 2.558297348e-002 0.000000000e+000 0.000000000e+000 -2.558297347e-002 
d 6.000000000e+000 6.000000000e+000 0.000000000e+000 5.800000000e+001 5.800000000e+001 2.558384379e-002 0.000000000e+000 0.000000000e+000 -2.558384379e-002 
d 6.000000000e+000 6.000000000e+000 0.000000000e+000 6.000000000e+001 6.000000000e+001 2.558469436e-002 0.000000000e+000 0.000000000e+000 -2.558469436e-002 
d 6.000000000e+000 6.000000000e+000 0.000000000e+000 6.200000000e+001 6.200000000e+001 2.558553525e-002 0.000000000e+000 0.000000000e+000 -2.558553525e-002 
d 6.000000000e+000 6.000000000e+000 0.000000000e+000 6.400000000e+001 6.400000000e+001 2.558636031e-002 0.000000000e+000 0.000000000e+000 -2.558636031e-002 
d 6.000000000e+000 6.000000000e+000 0.000000000e+000 6.600000000e+001 6.600000000e+001 2.558700722e-002 0.000000000e+000 0.000000000e+000 -2.558700722e-002 
d 6.000000000e+000 6.000000000e+000 0.000000000e+000 6.800000000e+001 6.800000000e+001 2.558765498e-002 0.000000000e+000 0.000000000e+000 -2.558765498e-002 
d 6.000000000e+000 6.000000000e+000 0.000000000e+000 7.000000000e+001 7.000000000e+001 2.558830371e-002 0.000000000e+000 0.000000000e+000 -2.558830371e-002 
d 6.000000000e+000 6.000000000e+000 0.000000000e+000 7.200000000e+001 7.200000000e+001 2.558895040e-002 0.000000000e+000 0.000000000e+000 -2.558895040e-002 
d 6.000000000e+000 6.000000000e+000 0.000000000e+000 7.400000000e+001 7.400000000e+001 2.558958825e-002 0.000000000e+000 0.000000000e+000 -2.558958825e-002 
d 6.000000000e+000 6.000000000e+000 0.000000000e+000 7.600000000e+001 7.600000000e+001 2.559021618e-002 0.000000000e+000 0.000000000e+000 -2.559021618e-002 
d 6.000000000e+000 6.000000000e+000 0.000000000e+000 7.800000000e+001 7.800000000e+001 2.559084078e-002 0.000000000e+000 0.000000000e+000 -2.559084078e-002 
d 6.000000000e+000 6.000000000e+000 0.000000000e+000 8.000000000e+001 8.000000000e+001 2.559146209e-002 0.000000000e+000 0.000000000e+000 -2.559146209e-002 
d 6.000000000e+000 6.000000000e+000 0.000000000e+000 8.200000000e+001 8.200000000e+001 2.559207705e-002 0.000000000e+000 0.000000000e+000 -2.559207705e-002 
d 6.000000000e+000 6.000000000e+000 0.000000000e+000 8.400000000e+001 8.400000000e+001 2.559268018e-002 0.000000000e+000 0.000000000e+000 -2.559268018e-002 
d 6.000000000e+000 6.000000000e+000 0.000000000e+000 8.600000000e+001 8.600000000e+001 2.559327736e-002 0.000000000e+000 0.000000000e+000 -2.559327736e-002 
d 6.000000000e+000 6.000000000e+000 0.000000000e+000 8.800000000e+001 8.800000000e+001 2.559387177e-002 0.000000000e+000 0.000000000e+000 -2.559387177e-002 
d 6.000000000e+000 6.000000000e+000 0.000000000e+000 9.000000000e+001 9.000000000e+001 2.559446274e-002 0.000000000e+000 0.000000000e+000 -2.559446274e-002 
d 6.000000000e+000 6.000000000e+000 0.000000000e+000 9.200000000e+001 9.200000000e+001 2.559504730e-002 0.000000000e+000 0.000000000e+000 -2.559504730e-002 
d 6.000000000e+000 6.000000000e+000 0.000000000e+000 9.400000000e+001 9.400000000e+001 2.559562090e-002 0.000000000e+000 0.000000000e+000 -2.559562090e-002 
d 6.000000000e+000 6.000000000e+000 0.000000000e+000 9.600000000e+001 9.600000000e+001 2.559618950e-002 0.000000000e+000 0.000000000e+000 -2.559618950e-002 
d 6.000000000e+000 6.000000000e+000 0.000000000e+000 9.800000000e+001 9.800000000e+001 2.559675575e-002 0.000000000e+000 0.000000000e+000 -2.559675575e-002 
d 6.000000000e+000 6.000000000e+000 0.000000000e+000 1.000000000e+002 1.000000000e+002 2.559731926e-002 0.000000000e+000 0.000000000e+000 -2.559731926e-002 
d 6.000000000e+000 6.000000000e+000 0.000000000e+000 1.020000000e+002 1.020000000e+002 2.559787834e-002 0.000000000e+000 0.000000000e+000 -2.559787834e-002 
d 6.000000000e+000 6.000000000e+000 0.000000000e+000 1.040000000e+002 1.040000000e+002 2.559842846e-002 0.000000000e+000 0.000000000e+000 -2.559842846e-002 
d 6.000000000e+000 6.000000000e+000 0.000000000e+000 1.060000000e+002 1.060000000e+002 2.559897127e-002 0.000000000e+000 0.000000000e+000 -2.559897127e-002 
d 6.000000000e+000 6.000000000e+000 0.000000000e+000 1.080000000e+002 1.080000000e+002 2.559951181e-002 0.000000000e+000 0.000000000e+000 -2.559951181e-002 
d 6.000000000e+000 6.000000000e+000 0.000000000e+000 1.100000000e+002 1.100000000e+002 2.560005037e-002 0.000000000e+000 0.000000000e+000 -2.560005037e-002 
d 6.000000000e+000 6.000000000e+000 0.000000000e+000 1.120000000e+002 1.120000000e+002 2.560058635e-002 0.000000000e+000 0.000000000e+000 -2.560058635e-002 
d 6.000000000e+000 6.000000000e+000 0.000000000e+000 1.140000000e+002 1.140000000e+002 2.560111796e-002 0.000000000e+000 0.000000000e+000 -2.560111796e-002 
d 6.000000000e+000 6.000000000e+000 0.000000000e+000 1.160000000e+002 1.160000000e+002 2.560164110e-002 0.000000000e+000 0.000000000e+000 -2.560164111e-002 
d 6.000000000e+000 6.000000000e+000 0.000000000e+000 1.180000000e+002 1.180000000e+002 2.560215833e-002 0.000000000e+000 0.000000000e+000 -2.560215833e-002 
d 6.000000000e+000 6.000000000e+000 0.000000000e+000 1.200000000e+002 1.200000000e+002 2.560267375e-002 0.000000000e+000 0.000000000e+000 -2.560267375e-002 
d 6.000000000e+000 6.000000000e+000 0.000000000e+000 1.220000000e+002 1.220000000e+002 2.560318757e-002 0.000000000e+000 0.000000000e+000 -2.560318757e-002 
d 6.000000000e+000 6.000000000e+000 0.000000000e+000 1.240000000e+002 1.240000000e+002 2.560369938e-002 0.000000000e+000 0.000000000e+000 -2.560369938e-002 
d 6.000000000e+000 6.000000000e+000 0.000000000e+000 1.260000000e+002 1.260000000e+002 2.560420810e-002 0.000000000e+000 0.000000000e+000 -2.560420810e-002 
d 6.000000000e+000 6.000000000e+000 0.000000000e+000 1.280000000e+002 1.280000000e+002 2.560471080e-002 0.000000000e+000 0.000000000e+000 -2.560471080e-002 
d 6.000000000e+000 6.000000000e+000 0.000000000e+000 1.300000000e+002 1.300000000e+002 2.560520596e-002 0.000000000e+000 0.000000000e+000 -2.560520596e-002 
d 6.000000000e+000 6.000000000e+000 0.000000000e+000 1.320000000e+002 1.320000000e+002 2.560569866e-002 0.000000000e+000 0.000000000e+000 -2.560569866e-002 
d 6.000000000e+000 6.000000000e+000 0.000000000e+000 1.340000000e+002 1.340000000e+002 2.560619010e-002 0.000000000e+000 0.000000000e+000 -2.560619010e-002 
d 6.000000000e+000 6.000000000e+000 0.000000000e+000 1.360000000e+002 1.360000000e+002 2.560668016e-002 0.000000000e+000 0.000000000e+000 -2.560668016e-002 
d 6.000000000e+000 6.000000000e+000 0.000000000e+000 1.380000000e+002 1.380000000e+002 2.560716838e-002 0.000000000e+000 0.000000000e+000 -2.560716838e-002 
d 6.000000000e+000 6.000000000e+000 0.000000000e+000 1.400000000e+002 1.400000000e+002 2.560765377e-002 0.000000000e+000 0.000000000e+000 -2.560765377e-002 
d 6.000000000e+000 6.000000000e+000 0.000000000e+000 1.420000000e+002 1.420000000e+002 2.560813370e-002 0.000000000e+000 0.000000000e+000 -2.560813370e-002 
d 6.000000000e+000 6.000000000e+000 0.000000000e+000 1.440000000e+002 1.440000000e+002 2.560860684e-002 0.000000000e+000 0.000000000e+000 -2.560860684e-002 
d 6.000000000e+000 6.000000000e+000 0.000000000e+000 1.460000000e+002 1.460000000e+002 2.560907775e-002 0.000000000e+000 0.000000000e+000 -2.560907775e-002 
d 6.000000000e+000 6.000000000e+000 0.000000000e+000 1.480000000e+002 1.480000000e+002 2.560954765e-002 0.000000000e+000 0.000000000e+000 -2.560954765e-002 
d 6.000000000e+000 6.000000000e+000 0.000000000e+000 1.500000000e+002 1.500000000e+002 2.561001647e-002 0.000000000e+000 0.000000000e+000 -2.561001647e-002 
d 6.000000000e+000 6.000000000e+000 0.000000000e+000 1.520000000e+002 1.520000000e+002 2.561048393e-002 0.000000000e+000 0.000000000e+000 -2.561048393e-002 
d 6.000000000e+000 6.000000000e+000 0.000000000e+000 1.540000000e+002 1.540000000e+002 2.561094946e-002 0.000000000e+000 0.000000000e+000 -2.561094946e-002 
d 6.000000000e+000 6.000000000e+000 0.000000000e+000 1.560000000e+002 1.560000000e+002 2.561141169e-002 0.000000000e+000 0.000000000e+000 -2.561141169e-002 
d 6.000000000e+000 6.000000000e+000 0.000000000e+000 1.580000000e+002 1.580000000e+002 2.561186789e-002 0.000000000e+000 0.000000000e+000 -2.561186788e-002 
d 6.000000000e+000 6.000000000e+000 0.000000000e+000 1.600000000e+002 1.600000000e+002 2.561231941e-002 0.000000000e+000 0.000000000e+000 -2.561231940e-002 
d 6.000000000e+000 6.000000000e+000 0.000000000e+000 1.620000000e+002 1.620000000e+002 2.561276975e-002 0.000000000e+000 0.000000000e+000 -2.561276975e-002 
d 6.000000000e+000 6.000000000e+000 0.000000000e+000 1.640000000e+002 1.640000000e+002 2.561321931e-002 0.000000000e+000 0.000000000e+000 -2.561321931e-002 
d 6.000000000e+000 6.000000000e+000 0.000000000e+000 1.660000000e+002 1.660000000e+002 2.561366798e-002 0.000000000e+000 0.000000000e+000 -2.561366798e-002 
d 6.000000000e+000 6.000000000e+000 0.000000000e+000 1.680000000e+002 1.680000000e+002 2.561411553e-002 0.000000000e+000 0.000000000e+000 -2.561411553e-002 
d 6.000000000e+000 6.000000000e+000 0.000000000e+000 1.700000000e+002 1.700000000e+002 2.561456151e-002 0.000000000e+000 0.000000000e+000 -2.561456151e-002 
d 6.000000000e+000 6.000000000e+000 0.000000000e+000 1.720000000e+002 1.720000000e+002 2.561500494e-002 0.000000000e+000 0.000000000e+000 -2.561500494e-002 
d 6.000000000e+000 6.000000000e+000 0.000000000e+000 1.740000000e+002 1.740000000e+002 2.561544361e-002 0.000000000e+000 0.000000000e+000 -2.561544362e-002 
d 6.000000000e+000 6.000000000e+000 0.000000000e+000 1.760000000e+002 1.760000000e+002 2.561587704e-002 0.000000000e+000 0.000000000e+000 -2.561587704e-002 
d 6.000000000e+000 6.000000000e+000 0.000000000e+000 1.780000000e+002 1.780000000e+002 2.561630893e-002 0.000000000e+000 0.000000000e+000 -2.561630893e-002 
d 6.000000000e+000 6.000000000e+000 0.000000000e+000 1.800000000e+002 1.800000000e+002 2.561674021e-002 0.000000000e+000 0.000000000e+000 -2.561674021e-002 
d 6.000000000e+000 6.000000000e+000 0.000000000e+000 1.820000000e+002 1.820000000e+002 2.561717087e-002 0.000000000e+000 0.000000000e+000 -2.561717087e-002 
d 6.000000000e+000 6.000000000e+000 0.000000000e+000 1.840000000e+002 1.840000000e+002 2.561760078e-002 0.000000000e+000 0.000000000e+000 -2.561760078e-002 
d 6.000000000e+000 6.000000000e+000 0.000000000e+000 1.860000000e+002 1.860000000e+002 2.561802971e-002 0.000000000e+000 0.000000000e+000 -2.561802971e-002 
d 6.000000000e+000 6.000000000e+000 0.000000000e+000 1.880000000e+002 1.880000000e+002 2.561845724e-002 0.000000000e+000 0.000000000e+000 -2.561845724e-002 
d 6.000000000e+000 6.000000000e+000 0.000000000e+000 1.900000000e+002 1.900000000e+002 2.561888243e-002 0.000000000e+000 0.000000000e+000 -2.561888243e-002 
d 6.000000000e+000 6.000000000e+000 0.000000000e+000 1.920000000e+002 1.920000000e+002 2.561930334e-002 0.000000000e+000 0.000000000e+000 -2.561930334e-002 
d 6.000000000e+000 6.000000000e+000 0.000000000e+000 1.940000000e+002 1.940000000e+002 2.561971957e-002 0.000000000e+000 0.000000000e+000 -2.561971957e-002 
d 6.000000000e+000 6.000000000e+000 0.000000000e+000 1.960000000e+002 1.960000000e+002 2.562013450e-002 0.000000000e+000 0.000000000e+000 -2.562013450e-002 
d 6.000000000e+000 6.000000000e+000 0.000000000e+000 1.980000000e+002 1.980000000e+002 2.562054904e-002 0.000000000e+000 0.000000000e+000 -2.562054904e-002 
d 6.000000000e+000 6.000000000e+000 0.000000000e+000 2.000000000e+002 2.000000000e+002 2.562096321e-002 0.000000000e+000 0.000000000e+000 -2.562096321e-002 
d 6.000000000e+000 6.000000000e+000 0.000000000e+000 2.020000000e+002 2.020000000e+002 2.562137694e-002 0.000000000e+000 0.000000000e+000 -2.562137694e-002 
d 6.000000000e+000 6.000000000e+000 0.000000000e+000 2.040000000e+002 2.040000000e+002 2.562179011e-002 0.000000000e+000 0.000000000e+000 -2.562179011e-002 
d 6.000000000e+000 6.000000000e+000 0.000000000e+000 2.060000000e+002 2.060000000e+002 2.562220247e-002 0.000000000e+000 0.000000000e+000 -2.562220247e-002 
d 6.000000000e+000 6.000000000e+000 0.000000000e+000 2.080000000e+002 2.080000000e+002 2.562261358e-002 0.000000000e+000 0.000000000e+000 -2.562261358e-002 
d 6.000000000e+000 6.000000000e+000 0.000000000e+000 2.100000000e+002 2.100000000e+002 2.562302243e-002 0.000000000e+000 0.000000000e+000 -2.562302243e-002 
d 6.000000000e+000 6.000000000e+000 0.000000000e+000 2.120000000e+002 2.120000000e+002 2.562342721e-002 0.000000000e+000 0.000000000e+000 -2.562342721e-002 
d 6.000000000e+000 6.000000000e+000 0.000000000e+000 2.140000000e+002 2.140000000e+002 2.562382876e-002 0.000000000e+000 0.000000000e+000 -2.562382877e-002 
d 6.000000000e+000 6.000000000e+000 0.000000000e+000 2.160000000e+002 2.160000000e+002 2.562423002e-002 0.000000000e+000 0.000000000e+000 -2.562423002e-002 
d 6.000000000e+000 6.000000000e+000 0.000000000e+000 2.180000000e+002 2.180000000e+002 2.562463156e-002 0.000000000e+000 0.000000000e+000 -2.562463157e-002 
d 6.000000000e+000 6.000000000e+000 0.000000000e+000 2.200000000e+002 2.200000000e+002 2.562503360e-002 0.000000000e+000 0.000000000e+000 -2.562503360e-002 
d 6.000000000e+000 6.000000000e+000 0.000000000e+000 2.220000000e+002 2.220000000e+002 2.562543631e-002 0.000000000e+000 0.000000000e+000 -2.562543631e-002 
d 6.000000000e+000 6.000000000e+000 0.000000000e+000 2.240000000e+002 2.240000000e+002 2.562583997e-002 0.000000000e+000 0.000000000e+000 -2.562583996e-002 
d 6.000000000e+000 6.000000000e+000 0.000000000e+000 2.260000000e+002 2.260000000e+002 2.562624493e-002 0.000000000e+000 0.000000000e+000 -2.562624492e-002 
d 6.000000000e+000 6.000000000e+000 0.000000000e+000 2.280000000e+002 2.280000000e+002 2.562665170e-002 0.000000000e+000 0.000000000e+000 -2.562665170e-002 
d 6.000000000e+000 6.000000000e+000 0.000000000e+000 2.300000000e+002 2.300000000e+002 2.562706079e-002 0.000000000e+000 0.000000000e+000 -2.562706080e-002 
d 6.000000000e+000 6.000000000e+000 0.000000000e+000 2.320000000e+002 2.320000000e+002 2.562747211e-002 0.000000000e+000 0.000000000e+000 -2.562747211e-002 
d 6.000000000e+000 6.000000000e+000 0.000000000e+000 2.340000000e+002 2.340000000e+002 2.562788485e-002 0.000000000e+000 0.000000000e+000 -2.562788485e-002 
d 6.000000000e+000 6.000000000e+000 0.000000000e+000 2.360000000e+002 2.360000000e+002 2.562830043e-002 0.000000000e+000 0.000000000e+000 -2.562830043e-002 
d 6.000000000e+000 6.000000000e+000 0.000000000e+000 2.380000000e+002 2.380000000e+002 2.562871869e-002 0.000000000e+000 0.000000000e+000 -2.562871869e-002 
d 6.000000000e+000 6.000000000e+000 0.000000000e+000 2.400000000e+002 2.400000000e+002 2.562913819e-002 0.000000000e+000 0.000000000e+000 -2.562913819e-002 
d 6.000000000e+000 6.000000000e+000 0.000000000e+000 2.420000000e+002 2.420000000e+002 2.562955806e-002 0.000000000e+000 0.000000000e+000 -2.562955805e-002 
d 6.000000000e+000 6.000000000e+000 0.000000000e+000 2.440000000e+002 2.440000000e+002 2.562997785e-002 0.000000000e+000 0.000000000e+000 -2.562997785e-002 
d 6.000000000e+000 6.000000000e+000 0.000000000e+000 2.460000000e+002 2.460000000e+002 2.563039736e-002 0.000000000e+000 0.000000000e+000 -2.563039736e-002 
d 6.000000000e+000 6.000000000e+000 0.000000000e+000 2.480000000e+002 2.480000000e+002 2.563081638e-002 0.000000000e+000 0.000000000e+000 -2.563081637e-002 
d 6.000000000e+000 6.000000000e+000 0.000000000e+000 2.500000000e+002 2.500000000e+002 2.563123463e-002 0.000000000e+000 0.000000000e+000 -2.563123463e-002 
d 6.000000000e+000 6.000000000e+000 0.000000000e+000 2.520000000e+002 2.520000000e+002 2.563165167e-002 0.000000000e+000 0.000000000e+000 -2.563165166e-002 
d 6.000000000e+000 6.000000000e+000 0.000000000e+000 2.540000000e+002 2.540000000e+002 2.563206653e-002 0.000000000e+000 0.000000000e+000 -2.563206653e-002 
d 6.000000000e+000 6.000000000e+000 0.000000000e+000 2.560000000e+002 2.560000000e+002 2.563247767e-002 0.000000000e+000 0.000000000e+000 -2.563247768e-002 
d 6.000000000e+000 6.000000000e+000 0.000000000e+000 2.580000000e+002 2.580000000e+002 2.563288557e-002 0.000000000e+000 0.000000000e+000 -2.563288557e-002 
d 6.000000000e+000 6.000000000e+000 0.000000000e+000 2.600000000e+002 2.600000000e+002 2.563329293e-002 0.000000000e+000 0.000000000e+000 -2.563329293e-002 
d 6.000000000e+000 6.000000000e+000 0.000000000e+000 2.620000000e+002 2.620000000e+002 2.563370036e-002 0.000000000e+000 0.000000000e+000 -2.563370036e-002 
d 6.000000000e+000 6.000000000e+000 0.000000000e+000 2.640000000e+002 2.640000000e+002 2.563410790e-002 0.000000000e+000 0.000000000e+000 -2.563410790e-002 
d 6.000000000e+000 6.000000000e+000 0.000000000e+000 2.660000000e+002 2.660000000e+002 2.563451557e-002 0.000000000e+000 0.000000000e+000 -2.563451557e-002 
d 6.000000000e+000 6.000000000e+000 0.000000000e+000 2.680000000e+002 2.680000000e+002 2.563492332e-002 0.000000000e+000 0.000000000e+000 -2.563492332e-002 
d 6.000000000e+000 6.000000000e+000 0.000000000e+000 2.700000000e+002 2.700000000e+002 2.563533109e-002 0.000000000e+000 0.000000000e+000 -2.563533109e-002 
d 6.000000000e+000 6.000000000e+000 0.000000000e+000 2.720000000e+002 2.720000000e+002 2.563573881e-002 0.000000000e+000 0.000000000e+000 -2.563573881e-002 
d 6.000000000e+000 6.000000000e+000 0.000000000e+000 2.740000000e+002 2.740000000e+002 2.563614629e-002 0.000000000e+000 0.000000000e+000 -2.563614629e-002 
d 6.000000000e+000 6.000000000e+000 0.000000000e+000 2.760000000e+002 2.760000000e+002 2.563655325e-002 0.000000000e+000 0.000000000e+000 -2.563655324e-002 
d 6.000000000e+000 6.000000000e+000 0.000000000e+000 2.780000000e+002 2.780000000e+002 2.563695902e-002 0.000000000e+000 0.000000000e+000 -2.563695902e-002 
d 6.000000000e+000 6.000000000e+000 0.000000000e+000 2.800000000e+002 2.800000000e+002 2.563736242e-002 0.000000000e+000 0.000000000e+000 -2.563736242e-002 
d 6.000000000e+000 6.000000000e+000 0.000000000e+000 2.820000000e+002 2.820000000e+002 2.563776261e-002 0.000000000e+000 0.000000000e+000 -2.563776261e-002 
d 6.000000000e+000 6.000000000e+000 0.000000000e+000 2.840000000e+002 2.840000000e+002 2.563816197e-002 0.000000000e+000 0.000000000e+000 -2.563816197e-002 
d 6.000000000e+000 6.000000000e+000 0.000000000e+000 2.860000000e+002 2.860000000e+002 2.563856191e-002 0.000000000e+000 0.000000000e+000 -2.563856192e-002 
d 6.000000000e+000 6.000000000e+000 0.000000000e+000 2.880000000e+002 2.880000000e+002 2.563896262e-002 0.000000000e+000 0.000000000e+000 -2.563896262e-002 
d 6.000000000e+000 6.000000000e+000 0.000000000e+000 2.900000000e+002 2.900000000e+002 2.563936415e-002 0.000000000e+000 0.000000000e+000 -2.563936415e-002 
d 6.000000000e+000 6.000000000e+000 0.000000000e+000 2.920000000e+002 2.920000000e+002 2.563976655e-002 0.000000000e+000 0.000000000e+000 -2.563976655e-002 
d 6.000000000e+000 6.000000000e+000 0.000000000e+000 2.940000000e+002 2.940000000e+002 2.564016985e-002 0.000000000e+000 0.000000000e+000 -2.564016985e-002 
d 6.000000000e+000 6.000000000e+000 0.000000000e+000 2.960000000e+002 2.960000000e+002 2.564057405e-002 0.000000000e+000 0.000000000e+000 -2.564057404e-002 
d 6.000000000e+000 6.000000000e+000 0.000000000e+000 2.980000000e+002 2.980000000e+002 2.564097911e-002 0.000000000e+000 0.000000000e+000 -2.564097911e-002 
d 6.000000000e+000 6.000000000e+000 0.000000000e+000 3.000000000e+002 3.000000000e+002 2.564138499e-002 0.000000000e+000 0.000000000e+000 -2.564138499e-002 
d 6.000000000e+000 6.000000000e+000 0.000000000e+000 3.020000000e+002 3.020000000e+002 2.564179151e-002 0.000000000e+000 0.000000000e+000 -2.564179150e-002 
d 6.000000000e+000 6.000000000e+000 0.000000000e+000 3.040000000e+002 3.040000000e+002 2.564219826e-002 0.000000000e+000 0.000000000e+000 -2.564219826e-002 
d 6.000000000e+000 6.000000000e+000 0.000000000e+000 3.060000000e+002 3.060000000e+002 2.564260443e-002 0.000000000e+000 0.000000000e+000 -2.564260442e-002 
d 6.000000000e+000 6.000000000e+000 0.000000000e+000 3.080000000e+002 3.080000000e+002 2.564300879e-002 0.000000000e+000 0.000000000e+000 -2.564300879e-002 
d 6.000000000e+000 6.000000000e+000 0.000000000e+000 3.100000000e+002 3.100000000e+002 2.564341240e-002 0.000000000e+000 0.000000000e+000 -2.564341240e-002 
d 6.000000000e+000 6.000000000e+000 0.000000000e+000 3.120000000e+002 3.120000000e+002 2.564381761e-002 0.000000000e+000 0.000000000e+000 -2.564381760e-002 
d 6.000000000e+000 6.000000000e+000 0.000000000e+000 3.140000000e+002 3.140000000e+002 2.564422493e-002 0.000000000e+000 0.000000000e+000 -2.564422492e-002 
d 6.000000000e+000 6.000000000e+000 0.000000000e+000 3.160000000e+002 3.160000000e+002 2.564463455e-002 0.000000000e+000 0.000000000e+000 -2.564463455e-002 
d 6.000000000e+000 6.000000000e+000 0.000000000e+000 3.180000000e+002 3.180000000e+002 2.564504662e-002 0.000000000e+000 0.000000000e+000 -2.564504662e-002 
d 6.000000000e+000 6.000000000e+000 0.000000000e+000 3.200000000e+002 3.200000000e+002 2.564546129e-002 0.000000000e+000 0.000000000e+000 -2.564546129e-002 
d 6.000000000e+000 6.000000000e+000 0.000000000e+000 3.220000000e+002 3.220000000e+002 2.564587867e-002 0.000000000e+000 0.000000000e+000 -2.564587867e-002 
d 6.000000000e+000 6.000000000e+000 0.000000000e+000 3.240000000e+002 3.240000000e+002 2.564629888e-002 0.000000000e+000 0.000000000e+000 -2.564629887e-002 
d 6.000000000e+000 6.000000000e+000 0.000000000e+000 3.260000000e+002 3.260000000e+002 2.564672201e-002 0.000000000e+000 0.000000000e+000 -2.564672201e-002 
d 6.000000000e+000 6.000000000e+000 0.000000000e+000 3.280000000e+002 3.280000000e+002 2.564714814e-002 0.000000000e+000 0.000000000e+000 -2.564714814e-002 
d 6.000000000e+000 6.000000000e+000 0.000000000e+000 3.300000000e+002 3.300000000e+002 2.564757725e-002 0.000000000e+000 0.000000000e+000 -2.564757725e-002 
d 6.000000000e+000 6.000000000e+000 0.000000000e+000 3.320000000e+002 3.320000000e+002 2.564800920e-002 0.000000000e+000 0.000000000e+000 -2.564800920e-002 
d 6.000000000e+000 6.000000000e+000 0.000000000e+000 3.340000000e+002 3.340000000e+002 2.564844350e-002 0.000000000e+000 0.000000000e+000 -2.564844350e-002 
d 6.000000000e+000 6.000000000e+000 0.000000000e+000 3.360000000e+002 3.360000000e+002 2.564887916e-002 0.000000000e+000 0.000000000e+000 -2.564887915e-002 
d 6.000000000e+000 6.000000000e+000 0.000000000e+000 3.380000000e+002 3.380000000e+002 2.564931566e-002 0.000000000e+000 0.000000000e+000 -2.564931566e-002 
d 6.000000000e+000 6.000000000e+000 0.000000000e+000 3.400000000e+002 3.400000000e+002 2.564975552e-002 0.000000000e+000 0.000000000e+000 -2.564975552e-002 
d 6.000000000e+000 6.000000000e+000 0.000000000e+000 3.420000000e+002 3.420000000e+002 2.565020032e-002 0.000000000e+000 0.000000000e+000 -2.565020032e-002 
d 6.000000000e+000 6.000000000e+000 0.000000000e+000 3.440000000e+002 3.440000000e+002 2.565065049e-002 0.000000000e+000 0.000000000e+000 -2.565065049e-002 
d 6.000000000e+000 6.000000000e+000 0.000000000e+000 3.460000000e+002 3.460000000e+002 2.565110636e-002 0.000000000e+000 0.000000000e+000 -2.565110637e-002 
d 6.000000000e+000 6.000000000e+000 0.000000000e+000 3.480000000e+002 3.480000000e+002 2.565156825e-002 0.000000000e+000 0.000000000e+000 -2.565156825e-002 
d 6.000000000e+000 6.000000000e+000 0.000000000e+000 3.500000000e+002 3.500000000e+002 2.565203647e-002 0.000000000e+000 0.000000000e+000 -2.565203647e-002 
d 6.000000000e+000 6.000000000e+000 0.000000000e+000 3.520000000e+002 3.520000000e+002 2.565251133e-002 0.000000000e+000 0.000000000e+000 -2.565251133e-002 
d 6.000000000e+000 6.000000000e+000 0.000000000e+000 3.540000000e+002 3.540000000e+002 2.565299315e-002 0.000000000e+000 0.000000000e+000 -2.565299315e-002 
d 6.000000000e+000 6.000000000e+000 0.000000000e+000 3.560000000e+002 3.560000000e+002 2.565348221e-002 0.000000000e+000 0.000000000e+000 -2.565348221e-002 
d 6.000000000e+000 6.000000000e+000 0.000000000e+000 3.580000000e+002 3.580000000e+002 2.565397881e-002 0.000000000e+000 0.000000000e+000 -2.565397881e-002 
d 6.000000000e+000 6.000000000e+000 0.000000000e+000 3.600000000e+002 3.600000000e+002 2.565448318e-002 0.000000000e+000 0.000000000e+000 -2.565448317e-002 
d 6.000000000e+000 6.000000000e+000 0.000000000e+000 3.620000000e+002 3.620000000e+002 2.565499544e-002 0.000000000e+000 0.000000000e+000 -2.565499544e-002 
d 6.000000000e+000 6.000000000e+000 0.000000000e+000 3.640000000e+002 3.640000000e+002 2.565551550e-002 0.000000000e+000 0.000000000e+000 -2.565551550e-002 
d 6.000000000e+000 6.000000000e+000 0.000000000e+000 3.660000000e+002 3.660000000e+002 2.565604280e-002 0.000000000e+000 0.000000000e+000 -2.565604280e-002 
d 6.000000000e+000 6.000000000e+000 0.000000000e+000 3.680000000e+002 3.680000000e+002 2.565657628e-002 0.000000000e+000 0.000000000e+000 -2.565657627e-002 
d 6.000000000e+000 6.000000000e+000 0.000000000e+000 3.700000000e+002 3.700000000e+002 2.565711639e-002 0.000000000e+000 0.000000000e+000 -2.565711639e-002 
d 6.000000000e+000 6.000000000e+000 0.000000000e+000 3.720000000e+002 3.720000000e+002 2.565766653e-002 0.000000000e+000 0.000000000e+000 -2.565766653e-002 
d 6.000000000e+000 6.000000000e+000 0.000000000e+000 3.740000000e+002 3.740000000e+002 2.565822814e-002 0.000000000e+000 0.000000000e+000 -2.565822814e-002 
d 6.000000000e+000 6.000000000e+000 0.000000000e+000 3.760000000e+002 3.760000000e+002 2.565880188e-002 0.000000000e+000 0.000000000e+000 -2.565880188e-002 
d 6.000000000e+000 6.000000000e+000 0.000000000e+000 3.780000000e+002 3.780000000e+002 2.565938837e-002 0.000000000e+000 0.000000000e+000 -2.565938837e-002 
d 6.000000000e+000 6.000000000e+000 0.000000000e+000 3.800000000e+002 3.800000000e+002 2.565998825e-002 0.000000000e+000 0.000000000e+000 -2.565998825e-002 
d 6.000000000e+000 6.000000000e+000 0.000000000e+000 3.820000000e+002 3.820000000e+002 2.566060214e-002 0.000000000e+000 0.000000000e+000 -2.566060214e-002 
d 6.000000000e+000 6.000000000e+000 0.000000000e+000 3.840000000e+002 3.840000000e+002 2.566123068e-002 0.000000000e+000 0.000000000e+000 -2.566123068e-002 
d 6.000000000e+000 6.000000000e+000 0.000000000e+000 3.860000000e+002 3.860000000e+002 2.566187452e-002 0.000000000e+000 0.000000000e+000 -2.566187452e-002 
d 6.000000000e+000 6.000000000e+000 0.000000000e+000 3.880000000e+002 3.880000000e+002 2.566253429e-002 0.000000000e+000 0.000000000e+000 -2.566253428e-002 
d 6.000000000e+000 6.000000000e+000 0.000000000e+000 3.900000000e+002 3.900000000e+002 2.566321062e-002 0.000000000e+000 0.000000000e+000 -2.566321061e-002 
d 6.000000000e+000 6.000000000e+000 0.000000000e+000 3.920000000e+002 3.920000000e+002 2.566390412e-002 0.000000000e+000 0.000000000e+000 -2.566390412e-002 
d 6.000000000e+000 6.000000000e+000 0.000000000e+000 3.940000000e+002 3.940000000e+002 2.566461533e-002 0.000000000e+000 0.000000000e+000 -2.566461533e-002 
d 6.000000000e+000 6.000000000e+000 0.000000000e+000 3.960000000e+002 3.960000000e+002 2.566534464e-002 0.000000000e+000 0.000000000e+000 -2.566534464e-002 
d 6.000000000e+000 6.000000000e+000 0.000000000e+000 3.980000000e+002 3.980000000e+002 2.566609207e-002 0.000000000e+000 0.000000000e+000 -2.566609207e-002 
d 6.000000000e+000 6.000000000e+000 0.000000000e+000 4.000000000e+002 4.000000000e+002 2.566685703e-002 0.000000000e+000 0.000000000e+000 -2.566685703e-002 
d 6.000000000e+000 6.000000000e+000 0.000000000e+000 4.020000000e+002 4.020000000e+002 2.566763818e-002 0.000000000e+000 0.000000000e+000 -2.566763817e-002 
d 6.000000000e+000 6.000000000e+000 0.000000000e+000 4.040000000e+002 4.040000000e+002 2.566843650e-002 0.000000000e+000 0.000000000e+000 -2.566843650e-002 
d 6.000000000e+000 6.000000000e+000 0.000000000e+000 4.060000000e+002 4.060000000e+002 2.566925692e-002 0.000000000e+000 0.000000000e+000 -2.566925692e-002 
d 6.000000000e+000 6.000000000e+000 0.000000000e+000 4.080000000e+002 4.080000000e+002 2.567010161e-002 0.000000000e+000 0.000000000e+000 -2.567010161e-002 
d 6.000000000e+000 6.000000000e+000 0.000000000e+000 4.100000000e+002 4.100000000e+002 2.567097179e-002 0.000000000e+000 0.000000000e+000 -2.567097179e-002 
d 6.000000000e+000 6.000000000e+000 0.000000000e+000 4.120000000e+002 4.120000000e+002 2.567186858e-002 0.000000000e+000 0.000000000e+000 -2.567186858e-002 
d 6.000000000e+000 6.000000000e+000 0.000000000e+000 4.140000000e+002 4.140000000e+002 2.567279317e-002 0.000000000e+000 0.000000000e+000 -2.567279317e-002 
d 6.000000000e+000 6.000000000e+000 0.000000000e+000 4.160000000e+002 4.160000000e+002 2.567374671e-002 0.000000000e+000 0.000000000e+000 -2.567374671e-002 
d 6.000000000e+000 6.000000000e+000 0.000000000e+000 4.180000000e+002 4.180000000e+002 2.567473039e-002 0.000000000e+000 0.000000000e+000 -2.567473040e-002 
d 6.000000000e+000 6.000000000e+000 0.000000000e+000 4.200000000e+002 4.200000000e+002 2.567574545e-002 0.000000000e+000 0.000000000e+000 -2.567574545e-002 
d 6.000000000e+000 6.000000000e+000 0.000000000e+000 4.220000000e+002 4.220000000e+002 2.567679307e-002 0.000000000e+000 0.000000000e+000 -2.567679307e-002 
d 6.000000000e+000 6.000000000e+000 0.000000000e+000 4.240000000e+002 4.240000000e+002 2.567787448e-002 0.000000000e+000 0.000000000e+000 -2.567787448e-002 
d 6.000000000e+000 6.000000000e+000 0.000000000e+000 4.260000000e+002 4.260000000e+002 2.567899089e-002 0.000000000e+000 0.000000000e+000 -2.567899089e-002 
d 6.000000000e+000 6.000000000e+000 0.000000000e+000 4.280000000e+002 4.280000000e+002 2.568014349e-002 0.000000000e+000 0.000000000e+000 -2.568014349e-002 
d 6.000000000e+000 6.000000000e+000 0.000000000e+000 4.300000000e+002 4.300000000e+002 2.568133334e-002 0.000000000e+000 0.000000000e+000 -2.568133334e-002 
d 6.000000000e+000 6.000000000e+000 0.000000000e+000 4.320000000e+002 4.320000000e+002 2.568256132e-002 0.000000000e+000 0.000000000e+000 -2.568256132e-002 
d 6.000000000e+000 6.000000000e+000 0.000000000e+000 4.340000000e+002 4.340000000e+002 2.568382783e-002 0.000000000e+000 0.000000000e+000 -2.568382783e-002 
d 6.000000000e+000 6.000000000e+000 0.000000000e+000 4.360000000e+002 4.360000000e+002 2.568513237e-002 0.000000000e+000 0.000000000e+000 -2.568513237e-002 
d 6.000000000e+000 6.000000000e+000 0.000000000e+000 4.380000000e+002 4.380000000e+002 2.568647304e-002 0.000000000e+000 0.000000000e+000 -2.568647303e-002 
d 6.000000000e+000 6.000000000e+000 0.000000000e+000 4.400000000e+002 4.400000000e+002 2.568784912e-002 0.000000000e+000 0.000000000e+000 -2.568784913e-002 
d 6.000000000e+000 6.000000000e+000 0.000000000e+000 4.420000000e+002 4.420000000e+002 2.568926815e-002 0.000000000e+000 0.000000000e+000 -2.568926815e-002 
d 6.000000000e+000 6.000000000e+000 0.000000000e+000 4.440000000e+002 4.440000000e+002 2.569073547e-002 0.000000000e+000 0.000000000e+000 -2.569073546e-002 
d 6.000000000e+000 6.000000000e+000 0.000000000e+000 4.460000000e+002 4.460000000e+002 2.569225337e-002 0.000000000e+000 0.000000000e+000 -2.569225335e-002 
d 6.000000000e+000 6.000000000e+000 0.000000000e+000 4.480000000e+002 4.480000000e+002 2.569382386e-002 0.000000000e+000 0.000000000e+000 -2.569382386e-002 
d 6.000000000e+000 6.000000000e+000 0.000000000e+000 4.500000000e+002 4.500000000e+002 2.569544903e-002 0.000000000e+000 0.000000000e+000 -2.569544902e-002 
d 6.000000000e+000 6.000000000e+000 0.000000000e+000 4.520000000e+002 4.520000000e+002 2.569713093e-002 0.000000000e+000 0.000000000e+000 -2.569713093e-002 
d 6.000000000e+000 6.000000000e+000 0.000000000e+000 4.540000000e+002 4.540000000e+002 2.569887168e-002 0.000000000e+000 0.000000000e+000 -2.569887167e-002 
d 6.000000000e+000 6.000000000e+000 0.000000000e+000 4.560000000e+002 4.560000000e+002 2.570067337e-002 0.000000000e+000 0.000000000e+000 -2.570067338e-002 
d 6.000000000e+000 6.000000000e+000 0.000000000e+000 4.580000000e+002 4.580000000e+002 2.570253821e-002 0.000000000e+000 0.000000000e+000 -2.570253821e-002 
d 6.000000000e+000 6.000000000e+000 0.000000000e+000 4.600000000e+002 4.600000000e+002 2.570446832e-002 0.000000000e+000 0.000000000e+000 -2.570446832e-002 
d 6.000000000e+000 6.000000000e+000 0.000000000e+000 4.620000000e+002 4.620000000e+002 2.570646590e-002 0.000000000e+000 0.000000000e+000 -2.570646590e-002 
d 6.000000000e+000 6.000000000e+000 0.000000000e+000 4.640000000e+002 4.640000000e+002 2.570853311e-002 0.000000000e+000 0.000000000e+000 -2.570853311e-002 
d 6.000000000e+000 6.000000000e+000 0.000000000e+000 4.660000000e+002 4.660000000e+002 2.571067209e-002 0.000000000e+000 0.000000000e+000 -2.571067209e-002 
d 6.000000000e+000 6.000000000e+000 0.000000000e+000 4.680000000e+002 4.680000000e+002 2.571288491e-002 0.000000000e+000 0.000000000e+000 -2.571288491e-002 
d 6.000000000e+000 6.000000000e+000 0.000000000e+000 4.700000000e+002 4.700000000e+002 2.571517344e-002 0.000000000e+000 0.000000000e+000 -2.571517345e-002 
d 6.000000000e+000 6.000000000e+000 0.000000000e+000 4.720000000e+002 4.720000000e+002 2.571753928e-002 0.000000000e+000 0.000000000e+000 -2.571753928e-002 
d 6.000000000e+000 6.000000000e+000 0.000000000e+000 4.740000000e+002 4.740000000e+002 2.571998329e-002 0.000000000e+000 0.000000000e+000 -2.571998329e-002 
d 6.000000000e+000 6.000000000e+000 0.000000000e+000 4.760000000e+002 4.760000000e+002 2.572250507e-002 0.000000000e+000 0.000000000e+000 -2.572250507e-002 
d 6.000000000e+000 6.000000000e+000 0.000000000e+000 4.780000000e+002 4.780000000e+002 2.572510208e-002 0.000000000e+000 0.000000000e+000 -2.572510209e-002 
d 6.000000000e+000 6.000000000e+000 0.000000000e+000 4.800000000e+002 4.800000000e+002 2.572777023e-002 0.000000000e+000 0.000000000e+000 -2.572777023e-002 
d 6.000000000e+000 6.000000000e+000 0.000000000e+000 4.820000000e+002 4.820000000e+002 2.573051615e-002 0.000000000e+000 0.000000000e+000 -2.573051614e-002 
d 6.000000000e+000 6.000000000e+000 0.000000000e+000 4.840000000e+002 4.840000000e+002 2.573335389e-002 0.000000000e+000 0.000000000e+000 -2.573335389e-002 
d 6.000000000e+000 6.000000000e+000 0.000000000e+000 4.860000000e+002 4.860000000e+002 2.573628882e-002 0.000000000e+000 0.000000000e+000 -2.573628880e-002 
d 6.000000000e+000 6.000000000e+000 0.000000000e+000 4.880000000e+002 4.880000000e+002 2.573932424e-002 0.000000000e+000 0.000000000e+000 -2.573932423e-002 
d 6.000000000e+000 6.000000000e+000 0.000000000e+000 4.900000000e+002 4.900000000e+002 2.574246344e-002 0.000000000e+000 0.000000000e+000 -2.574246343e-002 
d 6.000000000e+000 6.000000000e+000 0.000000000e+000 4.920000000e+002 4.920000000e+002 2.574570971e-002 0.000000000e+000 0.000000000e+000 -2.574570971e-002 
d 6.000000000e+000 6.000000000e+000 0.000000000e+000 4.940000000e+002 4.940000000e+002 2.574906635e-002 0.000000000e+000 0.000000000e+000 -2.574906635e-002 
d 6.000000000e+000 6.000000000e+000 0.000000000e+000 4.960000000e+002 4.960000000e+002 2.575253666e-002 0.000000000e+000 0.000000000e+000 -2.575253666e-002 
d 6.000000000e+000 6.000000000e+000 0.000000000e+000 4.980000000e+002 4.980000000e+002 2.575612399e-002 0.000000000e+000 0.000000000e+000 -2.575612399e-002 
d 6.000000000e+000 6.000000000e+000 0.000000000e+000 5.000000000e+002 5.000000000e+002 2.575983166e-002 0.000000000e+000 0.000000000e+000 -2.575983167e-002 
d 6.000000000e+000 6.000000000e+000 0.000000000e+000 5.020000000e+002 5.020000000e+002 2.576366305e-002 0.000000000e+000 0.000000000e+000 -2.576366306e-002 
d 6.000000000e+000 6.000000000e+000 0.000000000e+000 5.040000000e+002 5.040000000e+002 2.576762150e-002 0.000000000e+000 0.000000000e+000 -2.576762150e-002 
d 6.000000000e+000 6.000000000e+000 0.000000000e+000 5.060000000e+002 5.060000000e+002 2.577171039e-002 0.000000000e+000 0.000000000e+000 -2.577171040e-002 
d 6.000000000e+000 6.000000000e+000 0.000000000e+000 5.080000000e+002 5.080000000e+002 2.577593306e-002 0.000000000e+000 0.000000000e+000 -2.577593306e-002 
d 6.000000000e+000 6.000000000e+000 0.000000000e+000 5.100000000e+002 5.100000000e+002 2.578029286e-002 0.000000000e+000 0.000000000e+000 -2.578029286e-002 
d 6.000000000e+000 6.000000000e+000 0.000000000e+000 5.120000000e+002 5.120000000e+002 2.578479314e-002 0.000000000e+000 0.000000000e+000 -2.578479314e-002 
d 6.000000000e+000 6.000000000e+000 0.000000000e+000 5.140000000e+002 5.140000000e+002 2.578943718e-002 0.000000000e+000 0.000000000e+000 -2.578943718e-002 
d 6.000000000e+000 6.000000000e+000 0.000000000e+000 5.160000000e+002 5.160000000e+002 2.579422826e-002 0.000000000e+000 0.000000000e+000 -2.579422825e-002 
d 6.000000000e+000 6.000000000e+000 0.000000000e+000 5.180000000e+002 5.180000000e+002 2.579916963e-002 0.000000000e+000 0.000000000e+000 -2.579916963e-002 
d 6.000000000e+000 6.000000000e+000 0.000000000e+000 5.200000000e+002 5.200000000e+002 2.580426456e-002 0.000000000e+000 0.000000000e+000 -2.580426456e-002 
d 6.000000000e+000 6.000000000e+000 0.000000000e+000 5.220000000e+002 5.220000000e+002 2.580951628e-002 0.000000000e+000 0.000000000e+000 -2.580951628e-002 
d 6.000000000e+000 6.000000000e+000 0.000000000e+000 5.240000000e+002 5.240000000e+002 2.581492798e-002 0.000000000e+000 0.000000000e+000 -2.581492798e-002 
d 6.000000000e+000 6.000000000e+000 0.000000000e+000 5.260000000e+002 5.260000000e+002 2.582050287e-002 0.000000000e+000 0.000000000e+000 -2.582050286e-002 
d 6.000000000e+000 6.000000000e+000 0.000000000e+000 5.280000000e+002 5.280000000e+002 2.582624411e-002 0.000000000e+000 0.000000000e+000 -2.582624412e-002 
d 6.000000000e+000 6.000000000e+000 0.000000000e+000 5.300000000e+002 5.300000000e+002 2.583215493e-002 0.000000000e+000 0.000000000e+000 -2.583215492e-002 
d 6.000000000e+000 6.000000000e+000 0.000000000e+000 5.320000000e+002 5.320000000e+002 2.583823848e-002 0.000000000e+000 0.000000000e+000 -2.583823848e-002 
d 6.000000000e+000 6.000000000e+000 0.000000000e+000 5.340000000e+002 5.340000000e+002 2.584449798e-002 0.000000000e+000 0.000000000e+000 -2.584449797e-002 
d 6.000000000e+000 6.000000000e+000 0.000000000e+000 5.360000000e+002 5.360000000e+002 2.585093664e-002 0.000000000e+000 0.000000000e+000 -2.585093665e-002 
d 6.000000000e+000 6.000000000e+000 0.000000000e+000 5.380000000e+002 5.380000000e+002 2.585755777e-002 0.000000000e+000 0.000000000e+000 -2.585755776e-002 
d 6.000000000e+000 6.000000000e+000 0.000000000e+000 5.400000000e+002 5.400000000e+002 2.586436461e-002 0.000000000e+000 0.000000000e+000 -2.586436462e-002 
d 6.000000000e+000 6.000000000e+000 0.000000000e+000 5.420000000e+002 5.420000000e+002 2.587136056e-002 0.000000000e+000 0.000000000e+000 -2.587136057e-002 
d 6.000000000e+000 6.000000000e+000 0.000000000e+000 5.440000000e+002 5.440000000e+002 2.587854903e-002 0.000000000e+000 0.000000000e+000 -2.587854903e-002 
d 6.000000000e+000 6.000000000e+000 0.000000000e+000 5.460000000e+002 5.460000000e+002 2.588593346e-002 0.000000000e+000 0.000000000e+000 -2.588593345e-002 
d 6.000000000e+000 6.000000000e+000 0.000000000e+000 5.480000000e+002 5.480000000e+002 2.589351725e-002 0.000000000e+000 0.000000000e+000 -2.589351725e-002 
d 6.000000000e+000 6.000000000e+000 0.000000000e+000 5.500000000e+002 5.500000000e+002 2.590130386e-002 0.000000000e+000 0.000000000e+000 -2.590130387e-002 
d 6.000000000e+000 6.000000000e+000 0.000000000e+000 5.520000000e+002 5.520000000e+002 2.590929676e-002 0.000000000e+000 0.000000000e+000 -2.590929677e-002 
d 6.000000000e+000 6.000000000e+000 0.000000000e+000 5.540000000e+002 5.540000000e+002 2.591749939e-002 0.000000000e+000 0.000000000e+000 -2.591749940e-002 
d 6.000000000e+000 6.000000000e+000 0.000000000e+000 5.560000000e+002 5.560000000e+002 2.592591533e-002 0.000000000e+000 0.000000000e+000 -2.592591531e-002 
d 6.000000000e+000 6.000000000e+000 0.000000000e+000 5.580000000e+002 5.580000000e+002 2.593454814e-002 0.000000000e+000 0.000000000e+000 -2.593454813e-002 
d 6.000000000e+000 6.000000000e+000 0.000000000e+000 5.600000000e+002 5.600000000e+002 2.594340162e-002 0.000000000e+000 0.000000000e+000 -2.594340162e-002 
d 6.000000000e+000 6.000000000e+000 0.000000000e+000 5.620000000e+002 5.620000000e+002 2.595247968e-002 0.000000000e+000 0.000000000e+000 -2.595247967e-002 
d 6.000000000e+000 6.000000000e+000 0.000000000e+000 5.640000000e+002 5.640000000e+002 2.596178634e-002 0.000000000e+000 0.000000000e+000 -2.596178633e-002 
d 6.000000000e+000 6.000000000e+000 0.000000000e+000 5.660000000e+002 5.660000000e+002 2.597132577e-002 0.000000000e+000 0.000000000e+000 -2.597132579e-002 
d 6.000000000e+000 6.000000000e+000 0.000000000e+000 5.680000000e+002 5.680000000e+002 2.598110235e-002 0.000000000e+000 0.000000000e+000 -2.598110236e-002 
d 6.000000000e+000 6.000000000e+000 0.000000000e+000 5.700000000e+002 5.700000000e+002 2.599112051e-002 0.000000000e+000 0.000000000e+000 -2.599112051e-002 
d 6.000000000e+000 6.000000000e+000 0.000000000e+000 5.720000000e+002 5.720000000e+002 2.600138484e-002 0.000000000e+000 0.000000000e+000 -2.600138485e-002 
d 6.000000000e+000 6.000000000e+000 0.000000000e+000 5.740000000e+002 5.740000000e+002 2.601190013e-002 0.000000000e+000 0.000000000e+000 -2.601190012e-002 
d 6.000000000e+000 6.000000000e+000 0.000000000e+000 5.760000000e+002 5.760000000e+002 2.602267121e-002 0.000000000e+000 0.000000000e+000 -2.602267121e-002 
d 6.000000000e+000 6.000000000e+000 0.000000000e+000 5.780000000e+002 5.780000000e+002 2.603370314e-002 0.000000000e+000 0.000000000e+000 -2.603370314e-002 
d 6.000000000e+000 6.000000000e+000 0.000000000e+000 5.800000000e+002 5.800000000e+002 2.604500108e-002 0.000000000e+000 0.000000000e+000 -2.604500108e-002 
d 6.000000000e+000 6.000000000e+000 0.000000000e+000 5.820000000e+002 5.820000000e+002 2.605657033e-002 0.000000000e+000 0.000000000e+000 -2.605657033e-002 
d 6.000000000e+000 6.000000000e+000 0.000000000e+000 5.840000000e+002 5.840000000e+002 2.606841635e-002 0.000000000e+000 0.000000000e+000 -2.606841635e-002 
d 6.000000000e+000 6.000000000e+000 0.000000000e+000 5.860000000e+002 5.860000000e+002 2.608054475e-002 0.000000000e+000 0.000000000e+000 -2.608054475e-002 
d 6.000000000e+000 6.000000000e+000 0.000000000e+000 5.880000000e+002 5.880000000e+002 2.609296125e-002 0.000000000e+000 0.000000000e+000 -2.609296124e-002 
d 6.000000000e+000 6.000000000e+000 0.000000000e+000 5.900000000e+002 5.900000000e+002 2.610567173e-002 0.000000000e+000 0.000000000e+000 -2.610567174e-002 
d 6.000000000e+000 6.000000000e+000 0.000000000e+000 5.920000000e+002 5.920000000e+002 2.611868226e-002 0.000000000e+000 0.000000000e+000 -2.611868227e-002 
d 6.000000000e+000 6.000000000e+000 0.000000000e+000 5.940000000e+002 5.940000000e+002 2.613199902e-002 0.000000000e+000 0.000000000e+000 -2.613199901e-002 
d 6.000000000e+000 6.000000000e+000 0.000000000e+000 5.960000000e+002 5.960000000e+002 2.614562829e-002 0.000000000e+000 0.000000000e+000 -2.614562830e-002 
d 6.000000000e+000 6.000000000e+000 0.000000000e+000 5.980000000e+002 5.980000000e+002 2.615957662e-002 0.000000000e+000 0.000000000e+000 -2.615957662e-002 
d 6.000000000e+000 6.000000000e+000 0.000000000e+000 6.000000000e+002 6.000000000e+002 2.617385062e-002 0.000000000e+000 0.000000000e+000 -2.617385061e-002 
d 6.000000000e+000 6.000000000e+000 0.000000000e+000 6.020000000e+002 6.020000000e+002 2.618845706e-002 0.000000000e+000 0.000000000e+000 -2.618845707e-002 
d 6.000000000e+000 6.000000000e+000 0.000000000e+000 6.040000000e+002 6.040000000e+002 2.620340293e-002 0.000000000e+000 0.000000000e+000 -2.620340293e-002 
d 6.000000000e+000 6.000000000e+000 0.000000000e+000 6.060000000e+002 6.060000000e+002 2.621869531e-002 0.000000000e+000 0.000000000e+000 -2.621869532e-002 
d 6.000000000e+000 6.000000000e+000 0.000000000e+000 6.080000000e+002 6.080000000e+002 2.623434149e-002 0.000000000e+000 0.000000000e+000 -2.623434150e-002 
d 6.000000000e+000 6.000000000e+000 0.000000000e+000 6.100000000e+002 6.100000000e+002 2.625034891e-002 0.000000000e+000 0.000000000e+000 -2.625034891e-002 
d 6.000000000e+000 6.000000000e+000 0.000000000e+000 6.120000000e+002 6.120000000e+002 2.626672517e-002 0.000000000e+000 0.000000000e+000 -2.626672517e-002 
d 6.000000000e+000 6.000000000e+000 0.000000000e+000 6.140000000e+002 6.140000000e+002 2.628347804e-002 0.000000000e+000 0.000000000e+000 -2.628347805e-002 
d 6.000000000e+000 6.000000000e+000 0.000000000e+000 6.160000000e+002 6.160000000e+002 2.630061554e-002 0.000000000e+000 0.000000000e+000 -2.630061553e-002 
d 6.000000000e+000 6.000000000e+000 0.000000000e+000 6.180000000e+002 6.180000000e+002 2.631814573e-002 0.000000000e+000 0.000000000e+000 -2.631814573e-002 
d 6.000000000e+000 6.000000000e+000 0.000000000e+000 6.200000000e+002 6.200000000e+002 2.633607699e-002 0.000000000e+000 0.000000000e+000 -2.633607699e-002 
d 6.000000000e+000 6.000000000e+000 0.000000000e+000 6.220000000e+002 6.220000000e+002 2.635441785e-002 0.000000000e+000 0.000000000e+000 -2.635441786e-002 
d 6.000000000e+000 6.000000000e+000 0.000000000e+000 6.240000000e+002 6.240000000e+002 2.637317707e-002 0.000000000e+000 0.000000000e+000 -2.637317707e-002 
d 6.000000000e+000 6.000000000e+000 0.000000000e+000 6.260000000e+002 6.260000000e+002 2.639236356e-002 0.000000000e+000 0.000000000e+000 -2.639236356e-002 
d 6.000000000e+000 6.000000000e+000 0.000000000e+000 6.280000000e+002 6.280000000e+002 2.641198691e-002 0.000000000e+000 0.000000000e+000 -2.641198690e-002 
d 6.000000000e+000 6.000000000e+000 0.000000000e+000 6.300000000e+002 6.300000000e+002 2.643205631e-002 0.000000000e+000 0.000000000e+000 -2.643205632e-002 
d 6.000000000e+000 6.000000000e+000 0.000000000e+000 6.320000000e+002 6.320000000e+002 2.645258124e-002 0.000000000e+000 0.000000000e+000 -2.645258123e-002 
d 6.000000000e+000 6.000000000e+000 0.000000000e+000 6.340000000e+002 6.340000000e+002 2.647357151e-002 0.000000000e+000 0.000000000e+000 -2.647357151e-002 
d 6.000000000e+000 6.000000000e+000 0.000000000e+000 6.360000000e+002 6.360000000e+002 2.649503727e-002 0.000000000e+000 0.000000000e+000 -2.649503727e-002 
d 6.000000000e+000 6.000000000e+000 0.000000000e+000 6.380000000e+002 6.380000000e+002 2.651698890e-002 0.000000000e+000 0.000000000e+000 -2.651698889e-002 
d 6.000000000e+000 6.000000000e+000 0.000000000e+000 6.400000000e+002 6.400000000e+002 2.653943702e-002 0.000000000e+000 0.000000000e+000 -2.653943702e-002 
d 6.000000000e+000 6.000000000e+000 0.000000000e+000 6.420000000e+002 6.420000000e+002 2.656239260e-002 0.000000000e+000 0.000000000e+000 -2.656239259e-002 
d 6.000000000e+000 6.000000000e+000 0.000000000e+000 6.440000000e+002 6.440000000e+002 2.658586684e-002 0.000000000e+000 0.000000000e+000 -2.658586685e-002 
d 6.000000000e+000 6.000000000e+000 0.000000000e+000 6.460000000e+002 6.460000000e+002 2.660987134e-002 0.000000000e+000 0.000000000e+000 -2.660987133e-002 
d 6.000000000e+000 6.000000000e+000 0.000000000e+000 6.480000000e+002 6.480000000e+002 2.663442965e-002 0.000000000e+000 0.000000000e+000 -2.663442964e-002 
d 6.000000000e+000 6.000000000e+000 0.000000000e+000 6.500000000e+002 6.500000000e+002 2.665957521e-002 0.000000000e+000 0.000000000e+000 -2.665957521e-002 
d 6.000000000e+000 6.000000000e+000 0.000000000e+000 6.520000000e+002 6.520000000e+002 2.668528460e-002 0.000000000e+000 0.000000000e+000 -2.668528460e-002 
d 6.000000000e+000 6.000000000e+000 0.000000000e+000 6.540000000e+002 6.540000000e+002 2.671157069e-002 0.000000000e+000 0.000000000e+000 -2.671157069e-002 
d 6.000000000e+000 6.000000000e+000 0.000000000e+000 6.560000000e+002 6.560000000e+002 2.673844678e-002 0.000000000e+000 0.000000000e+000 -2.673844677e-002 
d 6.000000000e+000 6.000000000e+000 0.000000000e+000 6.580000000e+002 6.580000000e+002 2.676592659e-002 0.000000000e+000 0.000000000e+000 -2.676592659e-002 
d 6.000000000e+000 6.000000000e+000 0.000000000e+000 6.600000000e+002 6.600000000e+002 2.679402433e-002 0.000000000e+000 0.000000000e+000 -2.679402433e-002 
d 6.000000000e+000 6.000000000e+000 0.000000000e+000 6.620000000e+002 6.620000000e+002 2.682275472e-002 0.000000000e+000 0.000000000e+000 -2.682275472e-002 
d 6.000000000e+000 6.000000000e+000 0.000000000e+000 6.640000000e+002 6.640000000e+002 2.685213300e-002 0.000000000e+000 0.000000000e+000 -2.685213299e-002 
d 6.000000000e+000 6.000000000e+000 0.000000000e+000 6.660000000e+002 6.660000000e+002 2.688217491e-002 0.000000000e+000 0.000000000e+000 -2.688217491e-002 
d 6.000000000e+000 6.000000000e+000 0.000000000e+000 6.680000000e+002 6.680000000e+002 2.691289667e-002 0.000000000e+000 0.000000000e+000 -2.691289668e-002 
d 6.000000000e+000 6.000000000e+000 0.000000000e+000 6.700000000e+002 6.700000000e+002 2.694431468e-002 0.000000000e+000 0.000000000e+000 -2.694431467e-002 
d 6.000000000e+000 6.000000000e+000 0.000000000e+000 6.720000000e+002 6.720000000e+002 2.697644524e-002 0.000000000e+000 0.000000000e+000 -2.697644523e-002 
d 6.000000000e+000 6.000000000e+000 0.000000000e+000 6.740000000e+002 6.740000000e+002 2.700930507e-002 0.000000000e+000 0.000000000e+000 -2.700930505e-002 
d 6.000000000e+000 6.000000000e+000 0.000000000e+000 6.760000000e+002 6.760000000e+002 2.704291147e-002 0.000000000e+000 0.000000000e+000 -2.704291147e-002 
d 6.000000000e+000 6.000000000e+000 0.000000000e+000 6.780000000e+002 6.780000000e+002 2.707728265e-002 0.000000000e+000 0.000000000e+000 -2.707728264e-002 
d 6.000000000e+000 6.000000000e+000 0.000000000e+000 6.800000000e+002 6.800000000e+002 2.711243754e-002 0.000000000e+000 0.000000000e+000 -2.711243753e-002 
d 6.000000000e+000 6.000000000e+000 0.000000000e+000 6.820000000e+002 6.820000000e+002 2.714839590e-002 0.000000000e+000 0.000000000e+000 -2.714839591e-002 
d 6.000000000e+000 6.000000000e+000 0.000000000e+000 6.840000000e+002 6.840000000e+002 2.718517830e-002 0.000000000e+000 0.000000000e+000 -2.718517830e-002 
d 6.000000000e+000 6.000000000e+000 0.000000000e+000 6.860000000e+002 6.860000000e+002 2.722280605e-002 0.000000000e+000 0.000000000e+000 -2.722280604e-002 
d 6.000000000e+000 6.000000000e+000 0.000000000e+000 6.880000000e+002 6.880000000e+002 2.726130928e-002 0.000000000e+000 0.000000000e+000 -2.726130928e-002 
d 6.000000000e+000 6.000000000e+000 0.000000000e+000 6.900000000e+002 6.900000000e+002 2.730071153e-002 0.000000000e+000 0.000000000e+000 -2.730071153e-002 
d 6.000000000e+000 6.000000000e+000 0.000000000e+000 6.920000000e+002 6.920000000e+002 2.734102958e-002 0.000000000e+000 0.000000000e+000 -2.734102957e-002 
d 6.000000000e+000 6.000000000e+000 0.000000000e+000 6.940000000e+002 6.940000000e+002 2.738228832e-002 0.000000000e+000 0.000000000e+000 -2.738228832e-002 
d 6.000000000e+000 6.000000000e+000 0.000000000e+000 6.960000000e+002 6.960000000e+002 2.742451426e-002 0.000000000e+000 0.000000000e+000 -2.742451425e-002 
d 6.000000000e+000 6.000000000e+000 0.000000000e+000 6.980000000e+002 6.980000000e+002 2.746773390e-002 0.000000000e+000 0.000000000e+000 -2.746773390e-002 
d 6.000000000e+000 6.000000000e+000 0.000000000e+000 7.000000000e+002 7.000000000e+002 2.751197516e-002 0.000000000e+000 0.000000000e+000 -2.751197516e-002 
d 6.000000000e+000 6.000000000e+000 0.000000000e+000 7.020000000e+002 7.020000000e+002 2.755726721e-002 0.000000000e+000 0.000000000e+000 -2.755726720e-002 
d 6.000000000e+000 6.000000000e+000 0.000000000e+000 7.040000000e+002 7.040000000e+002 2.760364041e-002 0.000000000e+000 0.000000000e+000 -2.760364041e-002 
d 6.000000000e+000 6.000000000e+000 0.000000000e+000 7.060000000e+002 7.060000000e+002 2.765112641e-002 0.000000000e+000 0.000000000e+000 -2.765112642e-002 
d 6.000000000e+000 6.000000000e+000 0.000000000e+000 7.080000000e+002 7.080000000e+002 2.769975822e-002 0.000000000e+000 0.000000000e+000 -2.769975823e-002 
d 6.000000000e+000 6.000000000e+000 0.000000000e+000 7.100000000e+002 7.100000000e+002 2.774957023e-002 0.000000000e+000 0.000000000e+000 -2.774957022e-002 
d 6.000000000e+000 6.000000000e+000 0.000000000e+000 7.120000000e+002 7.120000000e+002 2.780059828e-002 0.000000000e+000 0.000000000e+000 -2.780059828e-002 
d 6.000000000e+000 6.000000000e+000 0.000000000e+000 7.140000000e+002 7.140000000e+002 2.785287982e-002 0.000000000e+000 0.000000000e+000 -2.785287983e-002 
d 6.000000000e+000 6.000000000e+000 0.000000000e+000 7.160000000e+002 7.160000000e+002 2.790645395e-002 0.000000000e+000 0.000000000e+000 -2.790645395e-002 
d 6.000000000e+000 6.000000000e+000 0.000000000e+000 7.180000000e+002 7.180000000e+002 2.796136143e-002 0.000000000e+000 0.000000000e+000 -2.796136144e-002 
d 6.000000000e+000 6.000000000e+000 0.000000000e+000 7.200000000e+002 7.200000000e+002 2.801764494e-002 0.000000000e+000 0.000000000e+000 -2.801764495e-002 
d 6.000000000e+000 6.000000000e+000 0.000000000e+000 7.220000000e+002 7.220000000e+002 2.807534902e-002 0.000000000e+000 0.000000000e+000 -2.807534902e-002 
d 6.000000000e+000 6.000000000e+000 0.000000000e+000 7.240000000e+002 7.240000000e+002 2.813452026e-002 0.000000000e+000 0.000000000e+000 -2.813452026e-002 
d 6.000000000e+000 6.000000000e+000 0.000000000e+000 7.260000000e+002 7.260000000e+002 2.819520741e-002 0.000000000e+000 0.000000000e+000 -2.819520743e-002 
d 6.000000000e+000 6.000000000e+000 0.000000000e+000 7.280000000e+002 7.280000000e+002 2.825746157e-002 0.000000000e+000 0.000000000e+000 -2.825746158e-002 
d 6.000000000e+000 6.000000000e+000 0.000000000e+000 7.300000000e+002 7.300000000e+002 2.832133642e-002 0.000000000e+000 0.000000000e+000 -2.832133643e-002 
d 6.000000000e+000 6.000000000e+000 0.000000000e+000 7.320000000e+002 7.320000000e+002 2.838688803e-002 0.000000000e+000 0.000000000e+000 -2.838688802e-002 
d 6.000000000e+000 6.000000000e+000 0.000000000e+000 7.340000000e+002 7.340000000e+002 2.845417472e-002 0.000000000e+000 0.000000000e+000 -2.845417471e-002 
d 6.000000000e+000 6.000000000e+000 0.000000000e+000 7.360000000e+002 7.360000000e+002 2.852325774e-002 0.000000000e+000 0.000000000e+000 -2.852325775e-002 
d 6.000000000e+000 6.000000000e+000 0.000000000e+000 7.380000000e+002 7.380000000e+002 2.859420121e-002 0.000000000e+000 0.000000000e+000 -2.859420120e-002 
d 6.000000000e+000 6.000000000e+000 0.000000000e+000 7.400000000e+002 7.400000000e+002 2.866707191e-002 0.000000000e+000 0.000000000e+000 -2.866707192e-002 
d 6.000000000e+000 6.000000000e+000 0.000000000e+000 7.420000000e+002 7.420000000e+002 2.874193947e-002 0.000000000e+000 0.000000000e+000 -2.874193947e-002 
d 6.000000000e+000 6.000000000e+000 0.000000000e+000 7.440000000e+002 7.440000000e+002 2.881887609e-002 0.000000000e+000 0.000000000e+000 -2.881887609e-002 
d 6.000000000e+000 6.000000000e+000 0.000000000e+000 7.460000000e+002 7.460000000e+002 2.889795644e-002 0.000000000e+000 0.000000000e+000 -2.889795645e-002 
d 6.000000000e+000 6.000000000e+000 0.000000000e+000 7.480000000e+002 7.480000000e+002 2.897925742e-002 0.000000000e+000 0.000000000e+000 -2.897925742e-002 
d 6.000000000e+000 6.000000000e+000 0.000000000e+000 7.500000000e+002 7.500000000e+002 2.906285771e-002 0.000000000e+000 0.000000000e+000 -2.906285771e-002 
d 6.000000000e+000 6.000000000e+000 0.000000000e+000 7.520000000e+002 7.520000000e+002 2.914883738e-002 0.000000000e+000 0.000000000e+000 -2.914883737e-002 
d 6.000000000e+000 6.000000000e+000 0.000000000e+000 7.540000000e+002 7.540000000e+002 2.923727735e-002 0.000000000e+000 0.000000000e+000 -2.923727736e-002 
d 6.000000000e+000 6.000000000e+000 0.000000000e+000 7.560000000e+002 7.560000000e+002 2.932825891e-002 0.000000000e+000 0.000000000e+000 -2.932825891e-002 
d 6.000000000e+000 6.000000000e+000 0.000000000e+000 7.580000000e+002 7.580000000e+002 2.942186305e-002 0.000000000e+000 0.000000000e+000 -2.942186306e-002 
d 6.000000000e+000 6.000000000e+000 0.000000000e+000 7.600000000e+002 7.600000000e+002 2.951817022e-002 0.000000000e+000 0.000000000e+000 -2.951817020e-002 
d 6.000000000e+000 6.000000000e+000 0.000000000e+000 7.620000000e+002 7.620000000e+002 2.961725981e-002 0.000000000e+000 0.000000000e+000 -2.961725981e-002 
d 6.000000000e+000 6.000000000e+000 0.000000000e+000 7.640000000e+002 7.640000000e+002 2.971921044e-002 0.000000000e+000 0.000000000e+000 -2.971921045e-002 
d 6.000000000e+000 6.000000000e+000 0.000000000e+000 7.660000000e+002 7.660000000e+002 2.982410001e-002 0.000000000e+000 0.000000000e+000 -2.982410002e-002 
d 6.000000000e+000 6.000000000e+000 0.000000000e+000 7.680000000e+002 7.680000000e+002 2.993200633e-002 0.000000000e+000 0.000000000e+000 -2.993200633e-002 
d 6.000000000e+000 6.000000000e+000 0.000000000e+000 7.700000000e+002 7.700000000e+002 3.004300805e-002 0.000000000e+000 0.000000000e+000 -3.004300805e-002 
d 6.000000000e+000 6.000000000e+000 0.000000000e+000 7.720000000e+002 7.720000000e+002 3.015718581e-002 0.000000000e+000 0.000000000e+000 -3.015718582e-002 
d 6.000000000e+000 6.000000000e+000 0.000000000e+000 7.740000000e+002 7.740000000e+002 3.027462366e-002 0.000000000e+000 0.000000000e+000 -3.027462366e-002 
d 6.000000000e+000 6.000000000e+000 0.000000000e+000 7.760000000e+002 7.760000000e+002 3.039541045e-002 0.000000000e+000 0.000000000e+000 -3.039541045e-002 
d 6.000000000e+000 6.000000000e+000 0.000000000e+000 7.780000000e+002 7.780000000e+002 3.051964244e-002 0.000000000e+000 0.000000000e+000 -3.051964244e-002 
d 6.000000000e+000 6.000000000e+000 0.000000000e+000 7.800000000e+002 7.800000000e+002 3.064742233e-002 0.000000000e+000 0.000000000e+000 -3.064742234e-002 
d 6.000000000e+000 6.000000000e+000 0.000000000e+000 7.820000000e+002 7.820000000e+002 3.077886251e-002 0.000000000e+000 0.000000000e+000 -3.077886250e-002 
d 6.000000000e+000 6.000000000e+000 0.000000000e+000 7.840000000e+002 7.840000000e+002 3.091408617e-002 0.000000000e+000 0.000000000e+000 -3.091408616e-002 
d 6.000000000e+000 6.000000000e+000 0.000000000e+000 7.860000000e+002 7.860000000e+002 3.105322823e-002 0.000000000e+000 0.000000000e+000 -3.105322823e-002 
d 6.000000000e+000 6.000000000e+000 0.000000000e+000 7.880000000e+002 7.880000000e+002 3.119643626e-002 0.000000000e+000 0.000000000e+000 -3.119643626e-002 
d 6.000000000e+000 6.000000000e+000 0.000000000e+000 7.900000000e+002 7.900000000e+002 3.134387051e-002 0.000000000e+000 0.000000000e+000 -3.134387051e-002 
d 6.000000000e+000 6.000000000e+000 0.000000000e+000 7.920000000e+002 7.920000000e+002 3.149570390e-002 0.000000000e+000 0.000000000e+000 -3.149570391e-002 
d 6.000000000e+000 6.000000000e+000 0.000000000e+000 7.940000000e+002 7.940000000e+002 3.165212128e-002 0.000000000e+000 0.000000000e+000 -3.165212129e-002 
d 6.000000000e+000 6.000000000e+000 0.000000000e+000 7.960000000e+002 7.960000000e+002 3.181331779e-002 0.000000000e+000 0.000000000e+000 -3.181331779e-002 
d 6.000000000e+000 6.000000000e+000 0.000000000e+000 7.980000000e+002 7.980000000e+002 3.197949621e-002 0.000000000e+000 0.000000000e+000 -3.197949620e-002 
d 6.000000000e+000 6.000000000e+000 0.000000000e+000 8.000000000e+002 8.000000000e+002 3.215086274e-002 0.000000000e+000 0.000000000e+000 -3.215086274e-002 
d 6.000000000e+000 6.000000000e+000 0.000000000e+000 8.020000000e+002 8.020000000e+002 3.232761945e-002 0.000000000e+000 0.000000000e+000 -3.232761945e-002 
d 6.000000000e+000 6.000000000e+000 0.000000000e+000 8.040000000e+002 8.040000000e+002 3.250993550e-002 0.000000000e+000 0.000000000e+000 -3.250993551e-002 
d 6.000000000e+000 6.000000000e+000 0.000000000e+000 8.060000000e+002 8.060000000e+002 3.269833102e-002 0.000000000e+000 0.000000000e+000 -3.269833101e-002 
d 6.000000000e+000 6.000000000e+000 0.000000000e+000 8.080000000e+002 8.080000000e+002 3.289234025e-002 0.000000000e+000 0.000000000e+000 -3.289234027e-002 
d 6.000000000e+000 6.000000000e+000 0.000000000e+000 8.100000000e+002 8.100000000e+002 3.309213230e-002 0.000000000e+000 0.000000000e+000 -3.309213229e-002 
d 6.000000000e+000 6.000000000e+000 0.000000000e+000 8.120000000e+002 8.120000000e+002 3.329786208e-002 0.000000000e+000 0.000000000e+000 -3.329786207e-002 
d 6.000000000e+000 6.000000000e+000 0.000000000e+000 8.140000000e+002 8.140000000e+002 3.350967820e-002 0.000000000e+000 0.000000000e+000 -3.350967820e-002 
d 6.000000000e+000 6.000000000e+000 0.000000000e+000 8.160000000e+002 8.160000000e+002 3.372772462e-002 0.000000000e+000 0.000000000e+000 -3.372772462e-002 
d 6.000000000e+000 6.000000000e+000 0.000000000e+000 8.180000000e+002 8.180000000e+002 3.395219705e-002 0.000000000e+000 0.000000000e+000 -3.395219705e-002 
d 6.000000000e+000 6.000000000e+000 0.000000000e+000 8.200000000e+002 8.200000000e+002 3.418319140e-002 0.000000000e+000 0.000000000e+000 -3.418319139e-002 
d 6.000000000e+000 6.000000000e+000 0.000000000e+000 8.220000000e+002 8.220000000e+002 3.442084282e-002 0.000000000e+000 0.000000000e+000 -3.442084283e-002 
d 6.000000000e+000 6.000000000e+000 0.000000000e+000 8.240000000e+002 8.240000000e+002 3.466529536e-002 0.000000000e+000 0.000000000e+000 -3.466529536e-002 
d 6.000000000e+000 6.000000000e+000 0.000000000e+000 8.260000000e+002 8.260000000e+002 3.491670099e-002 0.000000000e+000 0.000000000e+000 -3.491670100e-002 
d 6.000000000e+000 6.000000000e+000 0.000000000e+000 8.280000000e+002 8.280000000e+002 3.517521022e-002 0.000000000e+000 0.000000000e+000 -3.517521021e-002 
d 6.000000000e+000 6.000000000e+000 0.000000000e+000 8.300000000e+002 8.300000000e+002 3.544094929e-002 0.000000000e+000 0.000000000e+000 -3.544094929e-002 
d 6.000000000e+000 6.000000000e+000 0.000000000e+000 8.320000000e+002 8.320000000e+002 3.571398185e-002 0.000000000e+000 0.000000000e+000 -3.571398185e-002 
d 6.000000000e+000 6.000000000e+000 0.000000000e+000 8.340000000e+002 8.340000000e+002 3.599446818e-002 0.000000000e+000 0.000000000e+000 -3.599446817e-002 
d 6.000000000e+000 6.000000000e+000 0.000000000e+000 8.360000000e+002 8.360000000e+002 3.628273834e-002 0.000000000e+000 0.000000000e+000 -3.628273834e-002 
d 6.000000000e+000 6.000000000e+000 0.000000000e+000 8.380000000e+002 8.380000000e+002 3.657908160e-002 0.000000000e+000 0.000000000e+000 -3.657908160e-002 
d 6.000000000e+000 6.000000000e+000 0.000000000e+000 8.400000000e+002 8.400000000e+002 3.688319018e-002 0.000000000e+000 0.000000000e+000 -3.688319017e-002 
d 6.000000000e+000 6.000000000e+000 0.000000000e+000 8.420000000e+002 8.420000000e+002 3.719602939e-002 0.000000000e+000 0.000000000e+000 -3.719602940e-002 
d 6.000000000e+000 6.000000000e+000 0.000000000e+000 8.440000000e+002 8.440000000e+002 3.751799403e-002 0.000000000e+000 0.000000000e+000 -3.751799403e-002 
d 6.000000000e+000 6.000000000e+000 0.000000000e+000 8.460000000e+002 8.460000000e+002 3.784953173e-002 0.000000000e+000 0.000000000e+000 -3.784953173e-002 
d 6.000000000e+000 6.000000000e+000 0.000000000e+000 8.480000000e+002 8.480000000e+002 3.819114037e-002 0.000000000e+000 0.000000000e+000 -3.819114037e-002 
d 6.000000000e+000 6.000000000e+000 0.000000000e+000 8.500000000e+002 8.500000000e+002 3.854337281e-002 0.000000000e+000 0.000000000e+000 -3.854337280e-002 
d 6.000000000e+000 6.000000000e+000 0.000000000e+000 8.520000000e+002 8.520000000e+002 3.890684408e-002 0.000000000e+000 0.000000000e+000 -3.890684405e-002 
d 6.000000000e+000 6.000000000e+000 0.000000000e+000 8.540000000e+002 8.540000000e+002 3.928223996e-002 0.000000000e+000 0.000000000e+000 -3.928223996e-002 
d 6.000000000e+000 6.000000000e+000 0.000000000e+000 8.560000000e+002 8.560000000e+002 3.967032738e-002 0.000000000e+000 0.000000000e+000 -3.967032738e-002 
d 6.000000000e+000 6.000000000e+000 0.000000000e+000 8.580000000e+002 8.580000000e+002 4.007196635e-002 0.000000000e+000 0.000000000e+000 -4.007196633e-002 
d 6.000000000e+000 6.000000000e+000 0.000000000e+000 8.600000000e+002 8.600000000e+002 4.048812548e-002 0.000000000e+000 0.000000000e+000 -4.048812550e-002 
d 6.000000000e+000 6.000000000e+000 0.000000000e+000 8.620000000e+002 8.620000000e+002 4.091990302e-002 0.000000000e+000 0.000000000e+000 -4.091990301e-002 
d 6.000000000e+000 6.000000000e+000 0.000000000e+000 8.640000000e+002 8.640000000e+002 4.136855568e-002 0.000000000e+000 0.000000000e+000 -4.136855569e-002 
d 6.000000000e+000 6.000000000e+000 0.000000000e+000 8.660000000e+002 8.660000000e+002 4.183554155e-002 0.000000000e+000 0.000000000e+000 -4.183554156e-002 
d 6.000000000e+000 6.000000000e+000 0.000000000e+000 8.680000000e+002 8.680000000e+002 4.232258221e-002 0.000000000e+000 0.000000000e+000 -4.232258222e-002 
d 6.000000000e+000 6.000000000e+000 0.000000000e+000 8.700000000e+002 8.700000000e+002 4.283178241e-002 0.000000000e+000 0.000000000e+000 -4.283178239e-002 
d 6.000000000e+000 6.000000000e+000 0.000000000e+000 8.720000000e+002 8.720000000e+002 4.336572422e-002 0.000000000e+000 0.000000000e+000 -4.336572423e-002 
d 6.000000000e+000 6.000000000e+000 0.000000000e+000 8.740000000e+002 8.740000000e+002 4.392757889e-002 0.000000000e+000 0.000000000e+000 -4.392757891e-002 
d 6.000000000e+000 6.000000000e+000 0.000000000e+000 8.760000000e+002 8.760000000e+002 4.452144130e-002 0.000000000e+000 0.000000000e+000 -4.452144131e-002 
d 6.000000000e+000 6.000000000e+000 0.000000000e+000 8.780000000e+002 8.780000000e+002 4.515256787e-002 0.000000000e+000 0.000000000e+000 -4.515256788e-002 
d 6.000000000e+000 6.000000000e+000 0.000000000e+000 8.800000000e+002 8.800000000e+002 4.582770400e-002 0.000000000e+000 0.000000000e+000 -4.582770401e-002 
d 6.000000000e+000 6.000000000e+000 0.000000000e+000 8.820000000e+002 8.820000000e+002 4.655543180e-002 0.000000000e+000 0.000000000e+000 -4.655543181e-002 
d 6.000000000e+000 6.000000000e+000 0.000000000e+000 8.840000000e+002 8.840000000e+002 4.734650444e-002 0.000000000e+000 0.000000000e+000 -4.734650444e-002 
d 6.000000000e+000 6.000000000e+000 0.000000000e+000 8.860000000e+002 8.860000000e+002 4.821403002e-002 0.000000000e+000 0.000000000e+000 -4.821403000e-002 
d 6.000000000e+000 6.000000000e+000 0.000000000e+000 8.880000000e+002 8.880000000e+002 4.917332068e-002 0.000000000e+000 0.000000000e+000 -4.917332068e-002 
d 6.000000000e+000 6.000000000e+000 0.000000000e+000 8.900000000e+002 8.900000000e+002 5.023779705e-002 0.000000000e+000 0.000000000e+000 -5.023779706e-002 
d 6.000000000e+000 6.000000000e+000 0.000000000e+000 8.920000000e+002 8.920000000e+002 5.142388120e-002 0.000000000e+000 0.000000000e+000 -5.142388120e-002 
d 6.000000000e+000 6.000000000e+000 0.000000000e+000 8.940000000e+002 8.940000000e+002 5.274830945e-002 0.000000000e+000 0.000000000e+000 -5.274830946e-002 
d 6.000000000e+000 6.000000000e+000 0.000000000e+000 8.960000000e+002 8.960000000e+002 5.422124669e-002 0.000000000e+000 0.000000000e+000 -5.422124668e-002 
d 6.000000000e+000 6.000000000e+000 0.000000000e+000 8.980000000e+002 8.980000000e+002 5.584790162e-002 0.000000000e+000 0.000000000e+000 -5.584790160e-002 
d 6.000000000e+000 6.000000000e+000 0.000000000e+000 9.000000000e+002 9.000000000e+002 5.762465564e-002 0.000000000e+000 0.000000000e+000 -5.762465564e-002 
d 6.000000000e+000 6.000000000e+000 0.000000000e+000 9.020000000e+002 9.020000000e+002 5.953990055e-002 0.000000000e+000 0.000000000e+000 -5.953990054e-002 
d 6.000000000e+000 6.000000000e+000 0.000000000e+000 9.040000000e+002 9.040000000e+002 6.157670517e-002 0.000000000e+000 0.000000000e+000 -6.157670517e-002 
d 6.000000000e+000 6.000000000e+000 0.000000000e+000 9.060000000e+002 9.060000000e+002 6.371473272e-002 0.000000000e+000 0.000000000e+000 -6.371473273e-002 
d 6.000000000e+000 6.000000000e+000 0.000000000e+000 9.080000000e+002 9.080000000e+002 6.593137408e-002 0.000000000e+000 0.000000000e+000 -6.593137408e-002 
d 6.000000000e+000 6.000000000e+000 0.000000000e+000 9.100000000e+002 9.100000000e+002 6.820187234e-002 0.000000000e+000 0.000000000e+000 -6.820187234e-002 
d 6.000000000e+000 6.000000000e+000 0.000000000e+000 9.120000000e+002 9.120000000e+002 7.050265042e-002 0.000000000e+000 0.000000000e+000 -7.050265044e-002 
d 6.000000000e+000 6.000000000e+000 0.000000000e+000 9.140000000e+002 9.140000000e+002 7.281879272e-002 0.000000000e+000 0.000000000e+000 -7.281879272e-002 
d 6.000000000e+000 6.000000000e+000 0.000000000e+000 9.160000000e+002 9.160000000e+002 7.512237088e-002 0.000000000e+000 0.000000000e+000 -7.512237086e-002 
d 6.000000000e+000 6.000000000e+000 0.000000000e+000 9.180000000e+002 9.180000000e+002 7.740584691e-002 0.000000000e+000 0.000000000e+000 -7.740584690e-002 
d 6.000000000e+000 6.000000000e+000 0.000000000e+000 9.200000000e+002 9.200000000e+002 7.969021007e-002 0.000000000e+000 0.000000000e+000 -7.969021004e-002 
d 6.000000000e+000 6.000000000e+000 0.000000000e+000 9.220000000e+002 9.220000000e+002 8.204163401e-002 0.000000000e+000 0.000000000e+000 -8.204163404e-002 
d 6.000000000e+000 6.000000000e+000 0.000000000e+000 9.240000000e+002 9.240000000e+002 8.452173737e-002 0.000000000e+000 0.000000000e+000 -8.452173737e-002 
d 6.000000000e+000 6.000000000e+000 0.000000000e+000 9.260000000e+002 9.260000000e+002 8.712077609e-002 0.000000000e+000 0.000000000e+000 -8.712077606e-002 
d 6.000000000e+000 6.000000000e+000 0.000000000e+000 9.280000000e+002 9.280000000e+002 8.994805401e-002 0.000000000e+000 0.000000000e+000 -8.994805401e-002 
d 6.000000000e+000 6.000000000e+000 0.000000000e+000 9.300000000e+002 9.300000000e+002 9.406310742e-002 0.000000000e+000 0.000000000e+000 -9.406310743e-002 
d 6.000000000e+000 6.000000000e+000 0.000000000e+000 9.320000000e+002 9.320000000e+002 1.029408036e-001 0.000000000e+000 0.000000000e+000 -1.029408036e-001 
d 6.000000000e+000 6.000000000e+000 0.000000000e+000 9.340000000e+002 9.340000000e+002 1.093463831e-001 0.000000000e+000 0.000000000e+000 -1.093463832e-001 
d 6.000000000e+000 6.000000000e+000 0.000000000e+000 9.360000000e+002 9.360000000e+002 1.138065560e-001 0.000000000e+000 0.000000000e+000 -1.138065560e-001 
d 6.000000000e+000 6.000000000e+000 0.000000000e+000 9.380000000e+002 9.380000000e+002 1.174312715e-001 0.000000000e+000 0.000000000e+000 -1.174312714e-001 
d 6.000000000e+000 6.000000000e+000 0.000000000e+000 9.400000000e+002 9.400000000e+002 1.207352403e-001 0.000000000e+000 0.000000000e+000 -1.207352403e-001 
d 6.000000000e+000 6.000000000e+000 0.000000000e+000 9.420000000e+002 9.420000000e+002 1.239755221e-001 0.000000000e+000 0.000000000e+000 -1.239755221e-001 
d 6.000000000e+000 6.000000000e+000 0.000000000e+000 9.440000000e+002 9.440000000e+002 1.274057517e-001 0.000000000e+000 0.000000000e+000 -1.274057517e-001 
d 6.000000000e+000 6.000000000e+000 0.000000000e+000 9.460000000e+002 9.460000000e+002 1.311614199e-001 0.000000000e+000 0.000000000e+000 -1.311614200e-001 
d 6.000000000e+000 6.000000000e+000 0.000000000e+000 9.480000000e+002 9.480000000e+002 1.354799594e-001 0.000000000e+000 0.000000000e+000 -1.354799594e-001 
d 6.000000000e+000 6.000000000e+000 0.000000000e+000 9.500000000e+002 9.500000000e+002 1.403924820e-001 0.000000000e+000 0.000000000e+000 -1.403924821e-001 
d 6.000000000e+000 6.000000000e+000 0.000000000e+000 9.510000000e+002 9.510000000e+002 1.436179954e-001 0.000000000e+000 0.000000000e+000 -1.436179954e-001 
d 6.000000000e+000 6.000000000e+000 0.000000000e+000 9.515000000e+002 9.515000000e+002 1.459376304e-001 0.000000000e+000 0.000000000e+000 -1.459376304e-001 
d 6.000000000e+000 6.000000000e+000 0.000000000e+000 9.517500000e+002 9.517500000e+002 1.477242528e-001 0.000000000e+000 0.000000000e+000 -1.477242528e-001 
d 6.000000000e+000 6.000000000e+000 0.000000000e+000 9.518125000e+002 9.518125000e+002 1.484709553e-001 0.000000000e+000 0.000000000e+000 -1.484709553e-001 
d 6.000000000e+000 6.000000000e+000 0.000000000e+000 9.518437500e+002 9.518437500e+002 1.491373781e-001 0.000000000e+000 0.000000000e+000 -1.491373781e-001 
d 6.000000000e+000 6.000000000e+000 0.000000000e+000 9.518476562e+002 9.518476562e+002 1.493463790e-001 0.000000000e+000 0.000000000e+000 -1.493463790e-001 
