v ATLAS
# This file was created by ATLAS version 5.26.1.R on Tue Aug 05 21:35:41 2025.
#SSF 2.0 generic
##############################################################################
#                    Copyright (c) 1984 - 2018                               #
#                    Silvaco Inc. All rights reserved                        #
#                                                                            #
# This file format and the following Key are copyright Silvaco Inc.          #
# You may not use, this format or key without reproducing this message in    #
# full and obtaining express written permission from Silvaco Inc.            #
#                                                                            #
# To obtain such permission please contact: Silvaco Inc.                     #
#                                           support@silvaco.com              #
#                                                                            #
# KEY=SVC86hn7562asdx                       PROD=345                         #
##############################################################################
y 3 700 711 15
z 2.2 0.01 300
f 3 "gate" "drain" "source" 
p 9 2 601 20 3 602 21 4 603 22 
d 6.000000000e+000 6.000000000e+000 0.000000000e+000 5.000000000e+000 5.000000000e+000 2.574795850e-002 0.000000000e+000 0.000000000e+000 -2.574795850e-002 
d 6.000000000e+000 6.000000000e+000 0.000000000e+000 3.750000000e+000 3.750000000e+000 2.551513411e-002 0.000000000e+000 0.000000000e+000 -2.551513411e-002 
d 6.000000000e+000 6.000000000e+000 0.000000000e+000 3.125000000e+000 3.125000000e+000 2.509632459e-002 0.000000000e+000 0.000000000e+000 -2.509632459e-002 
d 6.000000000e+000 6.000000000e+000 0.000000000e+000 2.812500000e+000 2.812500000e+000 2.437482493e-002 0.000000000e+000 0.000000000e+000 -2.437482493e-002 
d 6.000000000e+000 6.000000000e+000 0.000000000e+000 2.500000000e+000 2.500000000e+000 2.304063491e-002 0.000000000e+000 0.000000000e+000 -2.304063491e-002 
d 6.000000000e+000 6.000000000e+000 0.000000000e+000 1.875000000e+000 1.875000000e+000 1.911579149e-002 0.000000000e+000 0.000000000e+000 -1.911579149e-002 
d 6.000000000e+000 6.000000000e+000 0.000000000e+000 1.718750000e+000 1.718750000e+000 1.793091442e-002 0.000000000e+000 0.000000000e+000 -1.793091442e-002 
