v ATLAS
# This file was created by ATLAS version 5.26.1.R on Tue Aug 05 22:33:23 2025.
#SSF 2.0 generic
##############################################################################
#                    Copyright (c) 1984 - 2018                               #
#                    Silvaco Inc. All rights reserved                        #
#                                                                            #
# This file format and the following Key are copyright Silvaco Inc.          #
# You may not use, this format or key without reproducing this message in    #
# full and obtaining express written permission from Silvaco Inc.            #
#                                                                            #
# To obtain such permission please contact: Silvaco Inc.                     #
#                                           support@silvaco.com              #
#                                                                            #
# KEY=SVC86hn7562asdx                       PROD=345                         #
##############################################################################
y 3 700 711 15
z 2.3 0.01 300
f 3 "gate" "drain" "source" 
p 9 2 601 20 3 602 21 4 603 22 
d 6.000000000e+000 6.000000000e+000 0.000000000e+000 5.000000000e+000 5.000000000e+000 2.707089614e-002 0.000000000e+000 0.000000000e+000 -2.707089614e-002 
d 6.000000000e+000 6.000000000e+000 0.000000000e+000 3.750000000e+000 3.750000000e+000 2.680674066e-002 0.000000000e+000 0.000000000e+000 -2.680674066e-002 
d 6.000000000e+000 6.000000000e+000 0.000000000e+000 2.500000000e+000 2.500000000e+000 2.472215910e-002 0.000000000e+000 0.000000000e+000 -2.472215910e-002 
d 6.000000000e+000 6.000000000e+000 0.000000000e+000 1.250000000e+000 1.250000000e+000 1.497420362e-002 0.000000000e+000 0.000000000e+000 -1.497420362e-002 
d 6.000000000e+000 6.000000000e+000 0.000000000e+000 0.000000000e+000 0.000000000e+000 -5.505332178e-015 0.000000000e+000 0.000000000e+000 -2.183972921e-016 
d 6.000000000e+000 6.000000000e+000 0.000000000e+000 1.000000000e+000 1.000000000e+000 1.239490937e-002 0.000000000e+000 0.000000000e+000 -1.239490937e-002 
d 6.000000000e+000 6.000000000e+000 0.000000000e+000 2.000000000e+000 2.000000000e+000 2.152668660e-002 0.000000000e+000 0.000000000e+000 -2.152668660e-002 
d 6.000000000e+000 6.000000000e+000 0.000000000e+000 4.000000000e+000 4.000000000e+000 2.687258260e-002 0.000000000e+000 0.000000000e+000 -2.687258260e-002 
d 6.000000000e+000 6.000000000e+000 0.000000000e+000 6.000000000e+000 6.000000000e+000 2.716756544e-002 0.000000000e+000 0.000000000e+000 -2.716756544e-002 
d 6.000000000e+000 6.000000000e+000 0.000000000e+000 8.000000000e+000 8.000000000e+000 2.718890186e-002 0.000000000e+000 0.000000000e+000 -2.718890186e-002 
d 6.000000000e+000 6.000000000e+000 0.000000000e+000 1.000000000e+001 1.000000000e+001 2.719323894e-002 0.000000000e+000 0.000000000e+000 -2.719323894e-002 
d 6.000000000e+000 6.000000000e+000 0.000000000e+000 1.200000000e+001 1.200000000e+001 2.719676251e-002 0.000000000e+000 0.000000000e+000 -2.719676251e-002 
d 6.000000000e+000 6.000000000e+000 0.000000000e+000 1.400000000e+001 1.400000000e+001 2.719996558e-002 0.000000000e+000 0.000000000e+000 -2.719996557e-002 
d 6.000000000e+000 6.000000000e+000 0.000000000e+000 1.600000000e+001 1.600000000e+001 2.720295353e-002 0.000000000e+000 0.000000000e+000 -2.720295353e-002 
d 6.000000000e+000 6.000000000e+000 0.000000000e+000 1.800000000e+001 1.800000000e+001 2.720573507e-002 0.000000000e+000 0.000000000e+000 -2.720573507e-002 
d 6.000000000e+000 6.000000000e+000 0.000000000e+000 2.000000000e+001 2.000000000e+001 2.720831543e-002 0.000000000e+000 0.000000000e+000 -2.720831543e-002 
d 6.000000000e+000 6.000000000e+000 0.000000000e+000 2.200000000e+001 2.200000000e+001 2.721045987e-002 0.000000000e+000 0.000000000e+000 -2.721045987e-002 
d 6.000000000e+000 6.000000000e+000 0.000000000e+000 2.400000000e+001 2.400000000e+001 2.721251495e-002 0.000000000e+000 0.000000000e+000 -2.721251495e-002 
d 6.000000000e+000 6.000000000e+000 0.000000000e+000 2.600000000e+001 2.600000000e+001 2.721447816e-002 0.000000000e+000 0.000000000e+000 -2.721447816e-002 
d 6.000000000e+000 6.000000000e+000 0.000000000e+000 2.800000000e+001 2.800000000e+001 2.721635969e-002 0.000000000e+000 0.000000000e+000 -2.721635969e-002 
d 6.000000000e+000 6.000000000e+000 0.000000000e+000 3.000000000e+001 3.000000000e+001 2.721816773e-002 0.000000000e+000 0.000000000e+000 -2.721816773e-002 
d 6.000000000e+000 6.000000000e+000 0.000000000e+000 3.200000000e+001 3.200000000e+001 2.721991109e-002 0.000000000e+000 0.000000000e+000 -2.721991109e-002 
d 6.000000000e+000 6.000000000e+000 0.000000000e+000 3.400000000e+001 3.400000000e+001 2.722159550e-002 0.000000000e+000 0.000000000e+000 -2.722159550e-002 
d 6.000000000e+000 6.000000000e+000 0.000000000e+000 3.600000000e+001 3.600000000e+001 2.722322805e-002 0.000000000e+000 0.000000000e+000 -2.722322805e-002 
d 6.000000000e+000 6.000000000e+000 0.000000000e+000 3.800000000e+001 3.800000000e+001 2.722481136e-002 0.000000000e+000 0.000000000e+000 -2.722481136e-002 
d 6.000000000e+000 6.000000000e+000 0.000000000e+000 4.000000000e+001 4.000000000e+001 2.722635273e-002 0.000000000e+000 0.000000000e+000 -2.722635273e-002 
d 6.000000000e+000 6.000000000e+000 0.000000000e+000 4.200000000e+001 4.200000000e+001 2.722785072e-002 0.000000000e+000 0.000000000e+000 -2.722785072e-002 
d 6.000000000e+000 6.000000000e+000 0.000000000e+000 4.400000000e+001 4.400000000e+001 2.722931457e-002 0.000000000e+000 0.000000000e+000 -2.722931457e-002 
d 6.000000000e+000 6.000000000e+000 0.000000000e+000 4.600000000e+001 4.600000000e+001 2.723074250e-002 0.000000000e+000 0.000000000e+000 -2.723074250e-002 
d 6.000000000e+000 6.000000000e+000 0.000000000e+000 4.800000000e+001 4.800000000e+001 2.723213547e-002 0.000000000e+000 0.000000000e+000 -2.723213547e-002 
d 6.000000000e+000 6.000000000e+000 0.000000000e+000 5.000000000e+001 5.000000000e+001 2.723350336e-002 0.000000000e+000 0.000000000e+000 -2.723350336e-002 
d 6.000000000e+000 6.000000000e+000 0.000000000e+000 5.200000000e+001 5.200000000e+001 2.723484030e-002 0.000000000e+000 0.000000000e+000 -2.723484030e-002 
d 6.000000000e+000 6.000000000e+000 0.000000000e+000 5.400000000e+001 5.400000000e+001 2.723614691e-002 0.000000000e+000 0.000000000e+000 -2.723614691e-002 
d 6.000000000e+000 6.000000000e+000 0.000000000e+000 5.600000000e+001 5.600000000e+001 2.723743439e-002 0.000000000e+000 0.000000000e+000 -2.723743439e-002 
d 6.000000000e+000 6.000000000e+000 0.000000000e+000 5.800000000e+001 5.800000000e+001 2.723869811e-002 0.000000000e+000 0.000000000e+000 -2.723869811e-002 
d 6.000000000e+000 6.000000000e+000 0.000000000e+000 6.000000000e+001 6.000000000e+001 2.723993250e-002 0.000000000e+000 0.000000000e+000 -2.723993250e-002 
d 6.000000000e+000 6.000000000e+000 0.000000000e+000 6.200000000e+001 6.200000000e+001 2.724114883e-002 0.000000000e+000 0.000000000e+000 -2.724114883e-002 
d 6.000000000e+000 6.000000000e+000 0.000000000e+000 6.400000000e+001 6.400000000e+001 2.724235037e-002 0.000000000e+000 0.000000000e+000 -2.724235037e-002 
d 6.000000000e+000 6.000000000e+000 0.000000000e+000 6.600000000e+001 6.600000000e+001 2.724352818e-002 0.000000000e+000 0.000000000e+000 -2.724352818e-002 
d 6.000000000e+000 6.000000000e+000 0.000000000e+000 6.800000000e+001 6.800000000e+001 2.724468191e-002 0.000000000e+000 0.000000000e+000 -2.724468192e-002 
d 6.000000000e+000 6.000000000e+000 0.000000000e+000 7.000000000e+001 7.000000000e+001 2.724582319e-002 0.000000000e+000 0.000000000e+000 -2.724582319e-002 
d 6.000000000e+000 6.000000000e+000 0.000000000e+000 7.200000000e+001 7.200000000e+001 2.724695253e-002 0.000000000e+000 0.000000000e+000 -2.724695253e-002 
d 6.000000000e+000 6.000000000e+000 0.000000000e+000 7.400000000e+001 7.400000000e+001 2.724806153e-002 0.000000000e+000 0.000000000e+000 -2.724806153e-002 
d 6.000000000e+000 6.000000000e+000 0.000000000e+000 7.600000000e+001 7.600000000e+001 2.724914812e-002 0.000000000e+000 0.000000000e+000 -2.724914812e-002 
d 6.000000000e+000 6.000000000e+000 0.000000000e+000 7.800000000e+001 7.800000000e+001 2.725022397e-002 0.000000000e+000 0.000000000e+000 -2.725022397e-002 
d 6.000000000e+000 6.000000000e+000 0.000000000e+000 8.000000000e+001 8.000000000e+001 2.725129088e-002 0.000000000e+000 0.000000000e+000 -2.725129088e-002 
d 6.000000000e+000 6.000000000e+000 0.000000000e+000 8.200000000e+001 8.200000000e+001 2.725234445e-002 0.000000000e+000 0.000000000e+000 -2.725234445e-002 
d 6.000000000e+000 6.000000000e+000 0.000000000e+000 8.400000000e+001 8.400000000e+001 2.725337588e-002 0.000000000e+000 0.000000000e+000 -2.725337588e-002 
d 6.000000000e+000 6.000000000e+000 0.000000000e+000 8.600000000e+001 8.600000000e+001 2.725439368e-002 0.000000000e+000 0.000000000e+000 -2.725439368e-002 
d 6.000000000e+000 6.000000000e+000 0.000000000e+000 8.800000000e+001 8.800000000e+001 2.725540430e-002 0.000000000e+000 0.000000000e+000 -2.725540430e-002 
d 6.000000000e+000 6.000000000e+000 0.000000000e+000 9.000000000e+001 9.000000000e+001 2.725640714e-002 0.000000000e+000 0.000000000e+000 -2.725640714e-002 
d 6.000000000e+000 6.000000000e+000 0.000000000e+000 9.200000000e+001 9.200000000e+001 2.725739755e-002 0.000000000e+000 0.000000000e+000 -2.725739755e-002 
d 6.000000000e+000 6.000000000e+000 0.000000000e+000 9.400000000e+001 9.400000000e+001 2.725836788e-002 0.000000000e+000 0.000000000e+000 -2.725836788e-002 
d 6.000000000e+000 6.000000000e+000 0.000000000e+000 9.600000000e+001 9.600000000e+001 2.725932748e-002 0.000000000e+000 0.000000000e+000 -2.725932748e-002 
d 6.000000000e+000 6.000000000e+000 0.000000000e+000 9.800000000e+001 9.800000000e+001 2.726028151e-002 0.000000000e+000 0.000000000e+000 -2.726028151e-002 
d 6.000000000e+000 6.000000000e+000 0.000000000e+000 1.000000000e+002 1.000000000e+002 2.726122975e-002 0.000000000e+000 0.000000000e+000 -2.726122975e-002 
d 6.000000000e+000 6.000000000e+000 0.000000000e+000 1.020000000e+002 1.020000000e+002 2.726216973e-002 0.000000000e+000 0.000000000e+000 -2.726216973e-002 
d 6.000000000e+000 6.000000000e+000 0.000000000e+000 1.040000000e+002 1.040000000e+002 2.726309395e-002 0.000000000e+000 0.000000000e+000 -2.726309395e-002 
d 6.000000000e+000 6.000000000e+000 0.000000000e+000 1.060000000e+002 1.060000000e+002 2.726400523e-002 0.000000000e+000 0.000000000e+000 -2.726400524e-002 
d 6.000000000e+000 6.000000000e+000 0.000000000e+000 1.080000000e+002 1.080000000e+002 2.726491234e-002 0.000000000e+000 0.000000000e+000 -2.726491234e-002 
d 6.000000000e+000 6.000000000e+000 0.000000000e+000 1.100000000e+002 1.100000000e+002 2.726581623e-002 0.000000000e+000 0.000000000e+000 -2.726581623e-002 
d 6.000000000e+000 6.000000000e+000 0.000000000e+000 1.120000000e+002 1.120000000e+002 2.726671562e-002 0.000000000e+000 0.000000000e+000 -2.726671562e-002 
d 6.000000000e+000 6.000000000e+000 0.000000000e+000 1.140000000e+002 1.140000000e+002 2.726760804e-002 0.000000000e+000 0.000000000e+000 -2.726760804e-002 
d 6.000000000e+000 6.000000000e+000 0.000000000e+000 1.160000000e+002 1.160000000e+002 2.726848649e-002 0.000000000e+000 0.000000000e+000 -2.726848649e-002 
d 6.000000000e+000 6.000000000e+000 0.000000000e+000 1.180000000e+002 1.180000000e+002 2.726935564e-002 0.000000000e+000 0.000000000e+000 -2.726935564e-002 
d 6.000000000e+000 6.000000000e+000 0.000000000e+000 1.200000000e+002 1.200000000e+002 2.727022243e-002 0.000000000e+000 0.000000000e+000 -2.727022243e-002 
d 6.000000000e+000 6.000000000e+000 0.000000000e+000 1.220000000e+002 1.220000000e+002 2.727108735e-002 0.000000000e+000 0.000000000e+000 -2.727108736e-002 
d 6.000000000e+000 6.000000000e+000 0.000000000e+000 1.240000000e+002 1.240000000e+002 2.727194986e-002 0.000000000e+000 0.000000000e+000 -2.727194985e-002 
d 6.000000000e+000 6.000000000e+000 0.000000000e+000 1.260000000e+002 1.260000000e+002 2.727280818e-002 0.000000000e+000 0.000000000e+000 -2.727280818e-002 
d 6.000000000e+000 6.000000000e+000 0.000000000e+000 1.280000000e+002 1.280000000e+002 2.727365705e-002 0.000000000e+000 0.000000000e+000 -2.727365705e-002 
d 6.000000000e+000 6.000000000e+000 0.000000000e+000 1.300000000e+002 1.300000000e+002 2.727449396e-002 0.000000000e+000 0.000000000e+000 -2.727449396e-002 
d 6.000000000e+000 6.000000000e+000 0.000000000e+000 1.320000000e+002 1.320000000e+002 2.727532769e-002 0.000000000e+000 0.000000000e+000 -2.727532769e-002 
d 6.000000000e+000 6.000000000e+000 0.000000000e+000 1.340000000e+002 1.340000000e+002 2.727616002e-002 0.000000000e+000 0.000000000e+000 -2.727616002e-002 
d 6.000000000e+000 6.000000000e+000 0.000000000e+000 1.360000000e+002 1.360000000e+002 2.727699070e-002 0.000000000e+000 0.000000000e+000 -2.727699070e-002 
d 6.000000000e+000 6.000000000e+000 0.000000000e+000 1.380000000e+002 1.380000000e+002 2.727781896e-002 0.000000000e+000 0.000000000e+000 -2.727781896e-002 
d 6.000000000e+000 6.000000000e+000 0.000000000e+000 1.400000000e+002 1.400000000e+002 2.727864297e-002 0.000000000e+000 0.000000000e+000 -2.727864297e-002 
d 6.000000000e+000 6.000000000e+000 0.000000000e+000 1.420000000e+002 1.420000000e+002 2.727945778e-002 0.000000000e+000 0.000000000e+000 -2.727945778e-002 
d 6.000000000e+000 6.000000000e+000 0.000000000e+000 1.440000000e+002 1.440000000e+002 2.728026126e-002 0.000000000e+000 0.000000000e+000 -2.728026126e-002 
d 6.000000000e+000 6.000000000e+000 0.000000000e+000 1.460000000e+002 1.460000000e+002 2.728106140e-002 0.000000000e+000 0.000000000e+000 -2.728106140e-002 
d 6.000000000e+000 6.000000000e+000 0.000000000e+000 1.480000000e+002 1.480000000e+002 2.728185837e-002 0.000000000e+000 0.000000000e+000 -2.728185837e-002 
d 6.000000000e+000 6.000000000e+000 0.000000000e+000 1.500000000e+002 1.500000000e+002 2.728265199e-002 0.000000000e+000 0.000000000e+000 -2.728265199e-002 
d 6.000000000e+000 6.000000000e+000 0.000000000e+000 1.520000000e+002 1.520000000e+002 2.728344297e-002 0.000000000e+000 0.000000000e+000 -2.728344297e-002 
d 6.000000000e+000 6.000000000e+000 0.000000000e+000 1.540000000e+002 1.540000000e+002 2.728423041e-002 0.000000000e+000 0.000000000e+000 -2.728423041e-002 
d 6.000000000e+000 6.000000000e+000 0.000000000e+000 1.560000000e+002 1.560000000e+002 2.728501193e-002 0.000000000e+000 0.000000000e+000 -2.728501193e-002 
d 6.000000000e+000 6.000000000e+000 0.000000000e+000 1.580000000e+002 1.580000000e+002 2.728578244e-002 0.000000000e+000 0.000000000e+000 -2.728578244e-002 
d 6.000000000e+000 6.000000000e+000 0.000000000e+000 1.600000000e+002 1.600000000e+002 2.728654537e-002 0.000000000e+000 0.000000000e+000 -2.728654537e-002 
d 6.000000000e+000 6.000000000e+000 0.000000000e+000 1.620000000e+002 1.620000000e+002 2.728730645e-002 0.000000000e+000 0.000000000e+000 -2.728730645e-002 
d 6.000000000e+000 6.000000000e+000 0.000000000e+000 1.640000000e+002 1.640000000e+002 2.728806638e-002 0.000000000e+000 0.000000000e+000 -2.728806638e-002 
d 6.000000000e+000 6.000000000e+000 0.000000000e+000 1.660000000e+002 1.660000000e+002 2.728882528e-002 0.000000000e+000 0.000000000e+000 -2.728882529e-002 
d 6.000000000e+000 6.000000000e+000 0.000000000e+000 1.680000000e+002 1.680000000e+002 2.728958319e-002 0.000000000e+000 0.000000000e+000 -2.728958319e-002 
d 6.000000000e+000 6.000000000e+000 0.000000000e+000 1.700000000e+002 1.700000000e+002 2.729033864e-002 0.000000000e+000 0.000000000e+000 -2.729033864e-002 
d 6.000000000e+000 6.000000000e+000 0.000000000e+000 1.720000000e+002 1.720000000e+002 2.729109065e-002 0.000000000e+000 0.000000000e+000 -2.729109065e-002 
d 6.000000000e+000 6.000000000e+000 0.000000000e+000 1.740000000e+002 1.740000000e+002 2.729183751e-002 0.000000000e+000 0.000000000e+000 -2.729183751e-002 
d 6.000000000e+000 6.000000000e+000 0.000000000e+000 1.760000000e+002 1.760000000e+002 2.729258082e-002 0.000000000e+000 0.000000000e+000 -2.729258081e-002 
d 6.000000000e+000 6.000000000e+000 0.000000000e+000 1.780000000e+002 1.780000000e+002 2.729333014e-002 0.000000000e+000 0.000000000e+000 -2.729333014e-002 
d 6.000000000e+000 6.000000000e+000 0.000000000e+000 1.800000000e+002 1.800000000e+002 2.729405154e-002 0.000000000e+000 0.000000000e+000 -2.729405153e-002 
d 6.000000000e+000 6.000000000e+000 0.000000000e+000 1.820000000e+002 1.820000000e+002 2.729474563e-002 0.000000000e+000 0.000000000e+000 -2.729474563e-002 
d 6.000000000e+000 6.000000000e+000 0.000000000e+000 1.840000000e+002 1.840000000e+002 2.729545108e-002 0.000000000e+000 0.000000000e+000 -2.729545108e-002 
d 6.000000000e+000 6.000000000e+000 0.000000000e+000 1.860000000e+002 1.860000000e+002 2.729616237e-002 0.000000000e+000 0.000000000e+000 -2.729616237e-002 
d 6.000000000e+000 6.000000000e+000 0.000000000e+000 1.880000000e+002 1.880000000e+002 2.729687462e-002 0.000000000e+000 0.000000000e+000 -2.729687462e-002 
d 6.000000000e+000 6.000000000e+000 0.000000000e+000 1.900000000e+002 1.900000000e+002 2.729758411e-002 0.000000000e+000 0.000000000e+000 -2.729758411e-002 
d 6.000000000e+000 6.000000000e+000 0.000000000e+000 1.920000000e+002 1.920000000e+002 2.729828623e-002 0.000000000e+000 0.000000000e+000 -2.729828623e-002 
d 6.000000000e+000 6.000000000e+000 0.000000000e+000 1.940000000e+002 1.940000000e+002 2.729898060e-002 0.000000000e+000 0.000000000e+000 -2.729898060e-002 
d 6.000000000e+000 6.000000000e+000 0.000000000e+000 1.960000000e+002 1.960000000e+002 2.729967284e-002 0.000000000e+000 0.000000000e+000 -2.729967284e-002 
d 6.000000000e+000 6.000000000e+000 0.000000000e+000 1.980000000e+002 1.980000000e+002 2.730036390e-002 0.000000000e+000 0.000000000e+000 -2.730036390e-002 
d 6.000000000e+000 6.000000000e+000 0.000000000e+000 2.000000000e+002 2.000000000e+002 2.730105370e-002 0.000000000e+000 0.000000000e+000 -2.730105370e-002 
d 6.000000000e+000 6.000000000e+000 0.000000000e+000 2.020000000e+002 2.020000000e+002 2.730174203e-002 0.000000000e+000 0.000000000e+000 -2.730174203e-002 
d 6.000000000e+000 6.000000000e+000 0.000000000e+000 2.040000000e+002 2.040000000e+002 2.730242858e-002 0.000000000e+000 0.000000000e+000 -2.730242857e-002 
d 6.000000000e+000 6.000000000e+000 0.000000000e+000 2.060000000e+002 2.060000000e+002 2.730311286e-002 0.000000000e+000 0.000000000e+000 -2.730311286e-002 
d 6.000000000e+000 6.000000000e+000 0.000000000e+000 2.080000000e+002 2.080000000e+002 2.730379401e-002 0.000000000e+000 0.000000000e+000 -2.730379401e-002 
d 6.000000000e+000 6.000000000e+000 0.000000000e+000 2.100000000e+002 2.100000000e+002 2.730447012e-002 0.000000000e+000 0.000000000e+000 -2.730447012e-002 
d 6.000000000e+000 6.000000000e+000 0.000000000e+000 2.120000000e+002 2.120000000e+002 2.730513775e-002 0.000000000e+000 0.000000000e+000 -2.730513775e-002 
d 6.000000000e+000 6.000000000e+000 0.000000000e+000 2.140000000e+002 2.140000000e+002 2.730579911e-002 0.000000000e+000 0.000000000e+000 -2.730579911e-002 
d 6.000000000e+000 6.000000000e+000 0.000000000e+000 2.160000000e+002 2.160000000e+002 2.730645861e-002 0.000000000e+000 0.000000000e+000 -2.730645861e-002 
d 6.000000000e+000 6.000000000e+000 0.000000000e+000 2.180000000e+002 2.180000000e+002 2.730711676e-002 0.000000000e+000 0.000000000e+000 -2.730711676e-002 
d 6.000000000e+000 6.000000000e+000 0.000000000e+000 2.200000000e+002 2.200000000e+002 2.730777355e-002 0.000000000e+000 0.000000000e+000 -2.730777355e-002 
d 6.000000000e+000 6.000000000e+000 0.000000000e+000 2.220000000e+002 2.220000000e+002 2.730842885e-002 0.000000000e+000 0.000000000e+000 -2.730842885e-002 
d 6.000000000e+000 6.000000000e+000 0.000000000e+000 2.240000000e+002 2.240000000e+002 2.730908246e-002 0.000000000e+000 0.000000000e+000 -2.730908246e-002 
d 6.000000000e+000 6.000000000e+000 0.000000000e+000 2.260000000e+002 2.260000000e+002 2.730973407e-002 0.000000000e+000 0.000000000e+000 -2.730973407e-002 
d 6.000000000e+000 6.000000000e+000 0.000000000e+000 2.280000000e+002 2.280000000e+002 2.731038315e-002 0.000000000e+000 0.000000000e+000 -2.731038316e-002 
d 6.000000000e+000 6.000000000e+000 0.000000000e+000 2.300000000e+002 2.300000000e+002 2.731102863e-002 0.000000000e+000 0.000000000e+000 -2.731102863e-002 
d 6.000000000e+000 6.000000000e+000 0.000000000e+000 2.320000000e+002 2.320000000e+002 2.731166812e-002 0.000000000e+000 0.000000000e+000 -2.731166812e-002 
d 6.000000000e+000 6.000000000e+000 0.000000000e+000 2.340000000e+002 2.340000000e+002 2.731229968e-002 0.000000000e+000 0.000000000e+000 -2.731229968e-002 
d 6.000000000e+000 6.000000000e+000 0.000000000e+000 2.360000000e+002 2.360000000e+002 2.731292774e-002 0.000000000e+000 0.000000000e+000 -2.731292774e-002 
d 6.000000000e+000 6.000000000e+000 0.000000000e+000 2.380000000e+002 2.380000000e+002 2.731355452e-002 0.000000000e+000 0.000000000e+000 -2.731355452e-002 
d 6.000000000e+000 6.000000000e+000 0.000000000e+000 2.400000000e+002 2.400000000e+002 2.731418015e-002 0.000000000e+000 0.000000000e+000 -2.731418015e-002 
d 6.000000000e+000 6.000000000e+000 0.000000000e+000 2.420000000e+002 2.420000000e+002 2.731480463e-002 0.000000000e+000 0.000000000e+000 -2.731480462e-002 
d 6.000000000e+000 6.000000000e+000 0.000000000e+000 2.440000000e+002 2.440000000e+002 2.731542784e-002 0.000000000e+000 0.000000000e+000 -2.731542784e-002 
d 6.000000000e+000 6.000000000e+000 0.000000000e+000 2.460000000e+002 2.460000000e+002 2.731604966e-002 0.000000000e+000 0.000000000e+000 -2.731604966e-002 
d 6.000000000e+000 6.000000000e+000 0.000000000e+000 2.480000000e+002 2.480000000e+002 2.731666986e-002 0.000000000e+000 0.000000000e+000 -2.731666986e-002 
d 6.000000000e+000 6.000000000e+000 0.000000000e+000 2.500000000e+002 2.500000000e+002 2.731728807e-002 0.000000000e+000 0.000000000e+000 -2.731728806e-002 
d 6.000000000e+000 6.000000000e+000 0.000000000e+000 2.520000000e+002 2.520000000e+002 2.731790357e-002 0.000000000e+000 0.000000000e+000 -2.731790357e-002 
d 6.000000000e+000 6.000000000e+000 0.000000000e+000 2.540000000e+002 2.540000000e+002 2.731851487e-002 0.000000000e+000 0.000000000e+000 -2.731851487e-002 
d 6.000000000e+000 6.000000000e+000 0.000000000e+000 2.560000000e+002 2.560000000e+002 2.731911944e-002 0.000000000e+000 0.000000000e+000 -2.731911945e-002 
d 6.000000000e+000 6.000000000e+000 0.000000000e+000 2.580000000e+002 2.580000000e+002 2.731971879e-002 0.000000000e+000 0.000000000e+000 -2.731971878e-002 
d 6.000000000e+000 6.000000000e+000 0.000000000e+000 2.600000000e+002 2.600000000e+002 2.732031671e-002 0.000000000e+000 0.000000000e+000 -2.732031671e-002 
d 6.000000000e+000 6.000000000e+000 0.000000000e+000 2.620000000e+002 2.620000000e+002 2.732091385e-002 0.000000000e+000 0.000000000e+000 -2.732091385e-002 
d 6.000000000e+000 6.000000000e+000 0.000000000e+000 2.640000000e+002 2.640000000e+002 2.732151025e-002 0.000000000e+000 0.000000000e+000 -2.732151025e-002 
d 6.000000000e+000 6.000000000e+000 0.000000000e+000 2.660000000e+002 2.660000000e+002 2.732210590e-002 0.000000000e+000 0.000000000e+000 -2.732210590e-002 
d 6.000000000e+000 6.000000000e+000 0.000000000e+000 2.680000000e+002 2.680000000e+002 2.732270074e-002 0.000000000e+000 0.000000000e+000 -2.732270074e-002 
d 6.000000000e+000 6.000000000e+000 0.000000000e+000 2.700000000e+002 2.700000000e+002 2.732329468e-002 0.000000000e+000 0.000000000e+000 -2.732329467e-002 
d 6.000000000e+000 6.000000000e+000 0.000000000e+000 2.720000000e+002 2.720000000e+002 2.732388756e-002 0.000000000e+000 0.000000000e+000 -2.732388756e-002 
d 6.000000000e+000 6.000000000e+000 0.000000000e+000 2.740000000e+002 2.740000000e+002 2.732447913e-002 0.000000000e+000 0.000000000e+000 -2.732447913e-002 
d 6.000000000e+000 6.000000000e+000 0.000000000e+000 2.760000000e+002 2.760000000e+002 2.732506892e-002 0.000000000e+000 0.000000000e+000 -2.732506892e-002 
d 6.000000000e+000 6.000000000e+000 0.000000000e+000 2.780000000e+002 2.780000000e+002 2.732565593e-002 0.000000000e+000 0.000000000e+000 -2.732565593e-002 
d 6.000000000e+000 6.000000000e+000 0.000000000e+000 2.800000000e+002 2.800000000e+002 2.732623819e-002 0.000000000e+000 0.000000000e+000 -2.732623819e-002 
d 6.000000000e+000 6.000000000e+000 0.000000000e+000 2.820000000e+002 2.820000000e+002 2.732681485e-002 0.000000000e+000 0.000000000e+000 -2.732681485e-002 
d 6.000000000e+000 6.000000000e+000 0.000000000e+000 2.840000000e+002 2.840000000e+002 2.732738975e-002 0.000000000e+000 0.000000000e+000 -2.732738974e-002 
d 6.000000000e+000 6.000000000e+000 0.000000000e+000 2.860000000e+002 2.860000000e+002 2.732796446e-002 0.000000000e+000 0.000000000e+000 -2.732796446e-002 
d 6.000000000e+000 6.000000000e+000 0.000000000e+000 2.880000000e+002 2.880000000e+002 2.732853917e-002 0.000000000e+000 0.000000000e+000 -2.732853917e-002 
d 6.000000000e+000 6.000000000e+000 0.000000000e+000 2.900000000e+002 2.900000000e+002 2.732911395e-002 0.000000000e+000 0.000000000e+000 -2.732911395e-002 
d 6.000000000e+000 6.000000000e+000 0.000000000e+000 2.920000000e+002 2.920000000e+002 2.732968883e-002 0.000000000e+000 0.000000000e+000 -2.732968883e-002 
d 6.000000000e+000 6.000000000e+000 0.000000000e+000 2.940000000e+002 2.940000000e+002 2.733026381e-002 0.000000000e+000 0.000000000e+000 -2.733026381e-002 
d 6.000000000e+000 6.000000000e+000 0.000000000e+000 2.960000000e+002 2.960000000e+002 2.733083886e-002 0.000000000e+000 0.000000000e+000 -2.733083887e-002 
d 6.000000000e+000 6.000000000e+000 0.000000000e+000 2.980000000e+002 2.980000000e+002 2.733141394e-002 0.000000000e+000 0.000000000e+000 -2.733141394e-002 
d 6.000000000e+000 6.000000000e+000 0.000000000e+000 3.000000000e+002 3.000000000e+002 2.733198889e-002 0.000000000e+000 0.000000000e+000 -2.733198889e-002 
d 6.000000000e+000 6.000000000e+000 0.000000000e+000 3.020000000e+002 3.020000000e+002 2.733256342e-002 0.000000000e+000 0.000000000e+000 -2.733256343e-002 
d 6.000000000e+000 6.000000000e+000 0.000000000e+000 3.040000000e+002 3.040000000e+002 2.733313692e-002 0.000000000e+000 0.000000000e+000 -2.733313692e-002 
d 6.000000000e+000 6.000000000e+000 0.000000000e+000 3.060000000e+002 3.060000000e+002 2.733370804e-002 0.000000000e+000 0.000000000e+000 -2.733370804e-002 
d 6.000000000e+000 6.000000000e+000 0.000000000e+000 3.080000000e+002 3.080000000e+002 2.733427505e-002 0.000000000e+000 0.000000000e+000 -2.733427504e-002 
d 6.000000000e+000 6.000000000e+000 0.000000000e+000 3.100000000e+002 3.100000000e+002 2.733484004e-002 0.000000000e+000 0.000000000e+000 -2.733484004e-002 
d 6.000000000e+000 6.000000000e+000 0.000000000e+000 3.120000000e+002 3.120000000e+002 2.733540597e-002 0.000000000e+000 0.000000000e+000 -2.733540597e-002 
d 6.000000000e+000 6.000000000e+000 0.000000000e+000 3.140000000e+002 3.140000000e+002 2.733597338e-002 0.000000000e+000 0.000000000e+000 -2.733597338e-002 
d 6.000000000e+000 6.000000000e+000 0.000000000e+000 3.160000000e+002 3.160000000e+002 2.733654243e-002 0.000000000e+000 0.000000000e+000 -2.733654244e-002 
d 6.000000000e+000 6.000000000e+000 0.000000000e+000 3.180000000e+002 3.180000000e+002 2.733711330e-002 0.000000000e+000 0.000000000e+000 -2.733711330e-002 
d 6.000000000e+000 6.000000000e+000 0.000000000e+000 3.200000000e+002 3.200000000e+002 2.733768608e-002 0.000000000e+000 0.000000000e+000 -2.733768608e-002 
d 6.000000000e+000 6.000000000e+000 0.000000000e+000 3.220000000e+002 3.220000000e+002 2.733826089e-002 0.000000000e+000 0.000000000e+000 -2.733826089e-002 
d 6.000000000e+000 6.000000000e+000 0.000000000e+000 3.240000000e+002 3.240000000e+002 2.733883783e-002 0.000000000e+000 0.000000000e+000 -2.733883783e-002 
d 6.000000000e+000 6.000000000e+000 0.000000000e+000 3.260000000e+002 3.260000000e+002 2.733941695e-002 0.000000000e+000 0.000000000e+000 -2.733941695e-002 
d 6.000000000e+000 6.000000000e+000 0.000000000e+000 3.280000000e+002 3.280000000e+002 2.733999828e-002 0.000000000e+000 0.000000000e+000 -2.733999828e-002 
d 6.000000000e+000 6.000000000e+000 0.000000000e+000 3.300000000e+002 3.300000000e+002 2.734058172e-002 0.000000000e+000 0.000000000e+000 -2.734058172e-002 
d 6.000000000e+000 6.000000000e+000 0.000000000e+000 3.320000000e+002 3.320000000e+002 2.734116697e-002 0.000000000e+000 0.000000000e+000 -2.734116697e-002 
d 6.000000000e+000 6.000000000e+000 0.000000000e+000 3.340000000e+002 3.340000000e+002 2.734175324e-002 0.000000000e+000 0.000000000e+000 -2.734175324e-002 
d 6.000000000e+000 6.000000000e+000 0.000000000e+000 3.360000000e+002 3.360000000e+002 2.734233899e-002 0.000000000e+000 0.000000000e+000 -2.734233898e-002 
d 6.000000000e+000 6.000000000e+000 0.000000000e+000 3.380000000e+002 3.380000000e+002 2.734292384e-002 0.000000000e+000 0.000000000e+000 -2.734292385e-002 
