v ATLAS
# This file was created by ATLAS version 5.26.1.R on Tue Aug 05 21:47:01 2025.
#SSF 2.0 generic
##############################################################################
#                    Copyright (c) 1984 - 2018                               #
#                    Silvaco Inc. All rights reserved                        #
#                                                                            #
# This file format and the following Key are copyright Silvaco Inc.          #
# You may not use, this format or key without reproducing this message in    #
# full and obtaining express written permission from Silvaco Inc.            #
#                                                                            #
# To obtain such permission please contact: Silvaco Inc.                     #
#                                           support@silvaco.com              #
#                                                                            #
# KEY=SVC86hn7562asdx                       PROD=345                         #
##############################################################################
y 3 700 711 15
z 2.2 0.01 300
f 3 "gate" "drain" "source" 
p 9 2 601 20 3 602 21 4 603 22 
d 6.000000000e+000 6.000000000e+000 0.000000000e+000 5.000000000e+000 5.000000000e+000 2.609426496e-002 0.000000000e+000 0.000000000e+000 -2.609426496e-002 
d 6.000000000e+000 6.000000000e+000 0.000000000e+000 3.750000000e+000 3.750000000e+000 2.585070756e-002 0.000000000e+000 0.000000000e+000 -2.585070756e-002 
d 6.000000000e+000 6.000000000e+000 0.000000000e+000 2.500000000e+000 2.500000000e+000 2.319753695e-002 0.000000000e+000 0.000000000e+000 -2.319753695e-002 
d 6.000000000e+000 6.000000000e+000 0.000000000e+000 1.875000000e+000 1.875000000e+000 1.921062054e-002 0.000000000e+000 0.000000000e+000 -1.921062054e-002 
d 6.000000000e+000 6.000000000e+000 0.000000000e+000 1.250000000e+000 1.250000000e+000 1.399968793e-002 0.000000000e+000 0.000000000e+000 -1.399968793e-002 
d 6.000000000e+000 6.000000000e+000 0.000000000e+000 9.375000000e-001 9.375000000e-001 1.096181035e-002 0.000000000e+000 0.000000000e+000 -1.096181035e-002 
d 6.000000000e+000 6.000000000e+000 0.000000000e+000 6.250000000e-001 6.250000000e-001 7.614816413e-003 0.000000000e+000 0.000000000e+000 -7.614816413e-003 
d 6.000000000e+000 6.000000000e+000 0.000000000e+000 4.687500000e-001 4.687500000e-001 5.822527284e-003 0.000000000e+000 0.000000000e+000 -5.822527284e-003 
d 6.000000000e+000 6.000000000e+000 0.000000000e+000 3.125000000e-001 3.125000000e-001 3.952963994e-003 0.000000000e+000 0.000000000e+000 -3.952963994e-003 
d 6.000000000e+000 6.000000000e+000 0.000000000e+000 1.562500000e-001 1.562500000e-001 2.010257609e-003 0.000000000e+000 0.000000000e+000 -2.010257659e-003 
d 6.000000000e+000 6.000000000e+000 0.000000000e+000 0.000000000e+000 0.000000000e+000 -2.144403490e-011 0.000000000e+000 0.000000000e+000 6.590747604e-016 
d 6.000000000e+000 6.000000000e+000 0.000000000e+000 1.000000000e+000 1.000000000e+000 1.159352355e-002 0.000000000e+000 0.000000000e+000 -1.159352355e-002 
d 6.000000000e+000 6.000000000e+000 0.000000000e+000 2.000000000e+000 2.000000000e+000 2.011408786e-002 0.000000000e+000 0.000000000e+000 -2.011408786e-002 
d 6.000000000e+000 6.000000000e+000 0.000000000e+000 3.000000000e+000 3.000000000e+000 2.514184053e-002 0.000000000e+000 0.000000000e+000 -2.514184053e-002 
d 6.000000000e+000 6.000000000e+000 0.000000000e+000 4.000000000e+000 4.000000000e+000 2.592355643e-002 0.000000000e+000 0.000000000e+000 -2.592355643e-002 
d 6.000000000e+000 6.000000000e+000 0.000000000e+000 6.000000000e+000 6.000000000e+000 2.619901855e-002 0.000000000e+000 0.000000000e+000 -2.619901855e-002 
d 6.000000000e+000 6.000000000e+000 0.000000000e+000 8.000000000e+000 8.000000000e+000 2.625912822e-002 0.000000000e+000 0.000000000e+000 -2.625912822e-002 
d 6.000000000e+000 6.000000000e+000 0.000000000e+000 1.000000000e+001 1.000000000e+001 2.626375444e-002 0.000000000e+000 0.000000000e+000 -2.626375444e-002 
d 6.000000000e+000 6.000000000e+000 0.000000000e+000 1.200000000e+001 1.200000000e+001 2.626603356e-002 0.000000000e+000 0.000000000e+000 -2.626603356e-002 
d 6.000000000e+000 6.000000000e+000 0.000000000e+000 1.400000000e+001 1.400000000e+001 2.626792186e-002 0.000000000e+000 0.000000000e+000 -2.626792186e-002 
d 6.000000000e+000 6.000000000e+000 0.000000000e+000 1.600000000e+001 1.600000000e+001 2.626961631e-002 0.000000000e+000 0.000000000e+000 -2.626961631e-002 
d 6.000000000e+000 6.000000000e+000 0.000000000e+000 1.800000000e+001 1.800000000e+001 2.627117341e-002 0.000000000e+000 0.000000000e+000 -2.627117341e-002 
d 6.000000000e+000 6.000000000e+000 0.000000000e+000 2.000000000e+001 2.000000000e+001 2.627262568e-002 0.000000000e+000 0.000000000e+000 -2.627262568e-002 
d 6.000000000e+000 6.000000000e+000 0.000000000e+000 2.200000000e+001 2.200000000e+001 2.627399315e-002 0.000000000e+000 0.000000000e+000 -2.627399315e-002 
d 6.000000000e+000 6.000000000e+000 0.000000000e+000 2.400000000e+001 2.400000000e+001 2.627529063e-002 0.000000000e+000 0.000000000e+000 -2.627529063e-002 
d 6.000000000e+000 6.000000000e+000 0.000000000e+000 2.600000000e+001 2.600000000e+001 2.627652905e-002 0.000000000e+000 0.000000000e+000 -2.627652905e-002 
d 6.000000000e+000 6.000000000e+000 0.000000000e+000 2.800000000e+001 2.800000000e+001 2.627771516e-002 0.000000000e+000 0.000000000e+000 -2.627771516e-002 
d 6.000000000e+000 6.000000000e+000 0.000000000e+000 3.000000000e+001 3.000000000e+001 2.627885791e-002 0.000000000e+000 0.000000000e+000 -2.627885791e-002 
d 6.000000000e+000 6.000000000e+000 0.000000000e+000 3.200000000e+001 3.200000000e+001 2.627996090e-002 0.000000000e+000 0.000000000e+000 -2.627996090e-002 
d 6.000000000e+000 6.000000000e+000 0.000000000e+000 3.400000000e+001 3.400000000e+001 2.628103320e-002 0.000000000e+000 0.000000000e+000 -2.628103320e-002 
d 6.000000000e+000 6.000000000e+000 0.000000000e+000 3.600000000e+001 3.600000000e+001 2.628207847e-002 0.000000000e+000 0.000000000e+000 -2.628207847e-002 
d 6.000000000e+000 6.000000000e+000 0.000000000e+000 3.800000000e+001 3.800000000e+001 2.628310706e-002 0.000000000e+000 0.000000000e+000 -2.628310706e-002 
d 6.000000000e+000 6.000000000e+000 0.000000000e+000 4.000000000e+001 4.000000000e+001 2.628412384e-002 0.000000000e+000 0.000000000e+000 -2.628412384e-002 
d 6.000000000e+000 6.000000000e+000 0.000000000e+000 4.200000000e+001 4.200000000e+001 2.628513127e-002 0.000000000e+000 0.000000000e+000 -2.628513128e-002 
d 6.000000000e+000 6.000000000e+000 0.000000000e+000 4.400000000e+001 4.400000000e+001 2.628613585e-002 0.000000000e+000 0.000000000e+000 -2.628613585e-002 
d 6.000000000e+000 6.000000000e+000 0.000000000e+000 4.600000000e+001 4.600000000e+001 2.628712575e-002 0.000000000e+000 0.000000000e+000 -2.628712575e-002 
d 6.000000000e+000 6.000000000e+000 0.000000000e+000 4.800000000e+001 4.800000000e+001 2.628810497e-002 0.000000000e+000 0.000000000e+000 -2.628810497e-002 
d 6.000000000e+000 6.000000000e+000 0.000000000e+000 5.000000000e+001 5.000000000e+001 2.628907755e-002 0.000000000e+000 0.000000000e+000 -2.628907755e-002 
d 6.000000000e+000 6.000000000e+000 0.000000000e+000 5.200000000e+001 5.200000000e+001 2.629003342e-002 0.000000000e+000 0.000000000e+000 -2.629003342e-002 
d 6.000000000e+000 6.000000000e+000 0.000000000e+000 5.400000000e+001 5.400000000e+001 2.629097280e-002 0.000000000e+000 0.000000000e+000 -2.629097279e-002 
d 6.000000000e+000 6.000000000e+000 0.000000000e+000 5.600000000e+001 5.600000000e+001 2.629189996e-002 0.000000000e+000 0.000000000e+000 -2.629189996e-002 
d 6.000000000e+000 6.000000000e+000 0.000000000e+000 5.800000000e+001 5.800000000e+001 2.629280503e-002 0.000000000e+000 0.000000000e+000 -2.629280503e-002 
d 6.000000000e+000 6.000000000e+000 0.000000000e+000 6.000000000e+001 6.000000000e+001 2.629368869e-002 0.000000000e+000 0.000000000e+000 -2.629368869e-002 
d 6.000000000e+000 6.000000000e+000 0.000000000e+000 6.200000000e+001 6.200000000e+001 2.629456270e-002 0.000000000e+000 0.000000000e+000 -2.629456270e-002 
d 6.000000000e+000 6.000000000e+000 0.000000000e+000 6.400000000e+001 6.400000000e+001 2.629542763e-002 0.000000000e+000 0.000000000e+000 -2.629542763e-002 
d 6.000000000e+000 6.000000000e+000 0.000000000e+000 6.600000000e+001 6.600000000e+001 2.629617885e-002 0.000000000e+000 0.000000000e+000 -2.629617885e-002 
d 6.000000000e+000 6.000000000e+000 0.000000000e+000 6.800000000e+001 6.800000000e+001 2.629684543e-002 0.000000000e+000 0.000000000e+000 -2.629684543e-002 
d 6.000000000e+000 6.000000000e+000 0.000000000e+000 7.000000000e+001 7.000000000e+001 2.629751519e-002 0.000000000e+000 0.000000000e+000 -2.629751519e-002 
d 6.000000000e+000 6.000000000e+000 0.000000000e+000 7.200000000e+001 7.200000000e+001 2.629818442e-002 0.000000000e+000 0.000000000e+000 -2.629818442e-002 
d 6.000000000e+000 6.000000000e+000 0.000000000e+000 7.400000000e+001 7.400000000e+001 2.629884648e-002 0.000000000e+000 0.000000000e+000 -2.629884648e-002 
d 6.000000000e+000 6.000000000e+000 0.000000000e+000 7.600000000e+001 7.600000000e+001 2.629949805e-002 0.000000000e+000 0.000000000e+000 -2.629949805e-002 
d 6.000000000e+000 6.000000000e+000 0.000000000e+000 7.800000000e+001 7.800000000e+001 2.630014576e-002 0.000000000e+000 0.000000000e+000 -2.630014576e-002 
d 6.000000000e+000 6.000000000e+000 0.000000000e+000 8.000000000e+001 8.000000000e+001 2.630079045e-002 0.000000000e+000 0.000000000e+000 -2.630079045e-002 
d 6.000000000e+000 6.000000000e+000 0.000000000e+000 8.200000000e+001 8.200000000e+001 2.630142961e-002 0.000000000e+000 0.000000000e+000 -2.630142961e-002 
d 6.000000000e+000 6.000000000e+000 0.000000000e+000 8.400000000e+001 8.400000000e+001 2.630205759e-002 0.000000000e+000 0.000000000e+000 -2.630205759e-002 
d 6.000000000e+000 6.000000000e+000 0.000000000e+000 8.600000000e+001 8.600000000e+001 2.630267804e-002 0.000000000e+000 0.000000000e+000 -2.630267804e-002 
d 6.000000000e+000 6.000000000e+000 0.000000000e+000 8.800000000e+001 8.800000000e+001 2.630329547e-002 0.000000000e+000 0.000000000e+000 -2.630329547e-002 
d 6.000000000e+000 6.000000000e+000 0.000000000e+000 9.000000000e+001 9.000000000e+001 2.630390964e-002 0.000000000e+000 0.000000000e+000 -2.630390964e-002 
d 6.000000000e+000 6.000000000e+000 0.000000000e+000 9.200000000e+001 9.200000000e+001 2.630451822e-002 0.000000000e+000 0.000000000e+000 -2.630451822e-002 
d 6.000000000e+000 6.000000000e+000 0.000000000e+000 9.400000000e+001 9.400000000e+001 2.630511645e-002 0.000000000e+000 0.000000000e+000 -2.630511645e-002 
d 6.000000000e+000 6.000000000e+000 0.000000000e+000 9.600000000e+001 9.600000000e+001 2.630570788e-002 0.000000000e+000 0.000000000e+000 -2.630570788e-002 
d 6.000000000e+000 6.000000000e+000 0.000000000e+000 9.800000000e+001 9.800000000e+001 2.630629666e-002 0.000000000e+000 0.000000000e+000 -2.630629666e-002 
d 6.000000000e+000 6.000000000e+000 0.000000000e+000 1.000000000e+002 1.000000000e+002 2.630688281e-002 0.000000000e+000 0.000000000e+000 -2.630688281e-002 
d 6.000000000e+000 6.000000000e+000 0.000000000e+000 1.020000000e+002 1.020000000e+002 2.630746500e-002 0.000000000e+000 0.000000000e+000 -2.630746500e-002 
d 6.000000000e+000 6.000000000e+000 0.000000000e+000 1.040000000e+002 1.040000000e+002 2.630803955e-002 0.000000000e+000 0.000000000e+000 -2.630803955e-002 
d 6.000000000e+000 6.000000000e+000 0.000000000e+000 1.060000000e+002 1.060000000e+002 2.630860543e-002 0.000000000e+000 0.000000000e+000 -2.630860543e-002 
d 6.000000000e+000 6.000000000e+000 0.000000000e+000 1.080000000e+002 1.080000000e+002 2.630916801e-002 0.000000000e+000 0.000000000e+000 -2.630916801e-002 
d 6.000000000e+000 6.000000000e+000 0.000000000e+000 1.100000000e+002 1.100000000e+002 2.630972862e-002 0.000000000e+000 0.000000000e+000 -2.630972861e-002 
d 6.000000000e+000 6.000000000e+000 0.000000000e+000 1.120000000e+002 1.120000000e+002 2.631028679e-002 0.000000000e+000 0.000000000e+000 -2.631028679e-002 
d 6.000000000e+000 6.000000000e+000 0.000000000e+000 1.140000000e+002 1.140000000e+002 2.631084116e-002 0.000000000e+000 0.000000000e+000 -2.631084116e-002 
d 6.000000000e+000 6.000000000e+000 0.000000000e+000 1.160000000e+002 1.160000000e+002 2.631138838e-002 0.000000000e+000 0.000000000e+000 -2.631138838e-002 
d 6.000000000e+000 6.000000000e+000 0.000000000e+000 1.180000000e+002 1.180000000e+002 2.631192809e-002 0.000000000e+000 0.000000000e+000 -2.631192809e-002 
d 6.000000000e+000 6.000000000e+000 0.000000000e+000 1.200000000e+002 1.200000000e+002 2.631246505e-002 0.000000000e+000 0.000000000e+000 -2.631246505e-002 
d 6.000000000e+000 6.000000000e+000 0.000000000e+000 1.220000000e+002 1.220000000e+002 2.631300041e-002 0.000000000e+000 0.000000000e+000 -2.631300041e-002 
d 6.000000000e+000 6.000000000e+000 0.000000000e+000 1.240000000e+002 1.240000000e+002 2.631353386e-002 0.000000000e+000 0.000000000e+000 -2.631353386e-002 
d 6.000000000e+000 6.000000000e+000 0.000000000e+000 1.260000000e+002 1.260000000e+002 2.631406456e-002 0.000000000e+000 0.000000000e+000 -2.631406456e-002 
d 6.000000000e+000 6.000000000e+000 0.000000000e+000 1.280000000e+002 1.280000000e+002 2.631459040e-002 0.000000000e+000 0.000000000e+000 -2.631459039e-002 
d 6.000000000e+000 6.000000000e+000 0.000000000e+000 1.300000000e+002 1.300000000e+002 2.631510872e-002 0.000000000e+000 0.000000000e+000 -2.631510872e-002 
d 6.000000000e+000 6.000000000e+000 0.000000000e+000 1.320000000e+002 1.320000000e+002 2.631562269e-002 0.000000000e+000 0.000000000e+000 -2.631562269e-002 
d 6.000000000e+000 6.000000000e+000 0.000000000e+000 1.340000000e+002 1.340000000e+002 2.631613518e-002 0.000000000e+000 0.000000000e+000 -2.631613518e-002 
d 6.000000000e+000 6.000000000e+000 0.000000000e+000 1.360000000e+002 1.360000000e+002 2.631664634e-002 0.000000000e+000 0.000000000e+000 -2.631664633e-002 
d 6.000000000e+000 6.000000000e+000 0.000000000e+000 1.380000000e+002 1.380000000e+002 2.631715579e-002 0.000000000e+000 0.000000000e+000 -2.631715579e-002 
d 6.000000000e+000 6.000000000e+000 0.000000000e+000 1.400000000e+002 1.400000000e+002 2.631766276e-002 0.000000000e+000 0.000000000e+000 -2.631766276e-002 
d 6.000000000e+000 6.000000000e+000 0.000000000e+000 1.420000000e+002 1.420000000e+002 2.631816540e-002 0.000000000e+000 0.000000000e+000 -2.631816540e-002 
d 6.000000000e+000 6.000000000e+000 0.000000000e+000 1.440000000e+002 1.440000000e+002 2.631866138e-002 0.000000000e+000 0.000000000e+000 -2.631866138e-002 
d 6.000000000e+000 6.000000000e+000 0.000000000e+000 1.460000000e+002 1.460000000e+002 2.631915318e-002 0.000000000e+000 0.000000000e+000 -2.631915318e-002 
d 6.000000000e+000 6.000000000e+000 0.000000000e+000 1.480000000e+002 1.480000000e+002 2.631964371e-002 0.000000000e+000 0.000000000e+000 -2.631964371e-002 
d 6.000000000e+000 6.000000000e+000 0.000000000e+000 1.500000000e+002 1.500000000e+002 2.632013320e-002 0.000000000e+000 0.000000000e+000 -2.632013320e-002 
d 6.000000000e+000 6.000000000e+000 0.000000000e+000 1.520000000e+002 1.520000000e+002 2.632062142e-002 0.000000000e+000 0.000000000e+000 -2.632062142e-002 
d 6.000000000e+000 6.000000000e+000 0.000000000e+000 1.540000000e+002 1.540000000e+002 2.632110790e-002 0.000000000e+000 0.000000000e+000 -2.632110791e-002 
d 6.000000000e+000 6.000000000e+000 0.000000000e+000 1.560000000e+002 1.560000000e+002 2.632159167e-002 0.000000000e+000 0.000000000e+000 -2.632159167e-002 
d 6.000000000e+000 6.000000000e+000 0.000000000e+000 1.580000000e+002 1.580000000e+002 2.632207067e-002 0.000000000e+000 0.000000000e+000 -2.632207067e-002 
d 6.000000000e+000 6.000000000e+000 0.000000000e+000 1.600000000e+002 1.600000000e+002 2.632254384e-002 0.000000000e+000 0.000000000e+000 -2.632254384e-002 
d 6.000000000e+000 6.000000000e+000 0.000000000e+000 1.620000000e+002 1.620000000e+002 2.632301450e-002 0.000000000e+000 0.000000000e+000 -2.632301450e-002 
d 6.000000000e+000 6.000000000e+000 0.000000000e+000 1.640000000e+002 1.640000000e+002 2.632348431e-002 0.000000000e+000 0.000000000e+000 -2.632348431e-002 
d 6.000000000e+000 6.000000000e+000 0.000000000e+000 1.660000000e+002 1.660000000e+002 2.632395329e-002 0.000000000e+000 0.000000000e+000 -2.632395329e-002 
d 6.000000000e+000 6.000000000e+000 0.000000000e+000 1.680000000e+002 1.680000000e+002 2.632442123e-002 0.000000000e+000 0.000000000e+000 -2.632442123e-002 
d 6.000000000e+000 6.000000000e+000 0.000000000e+000 1.700000000e+002 1.700000000e+002 2.632488777e-002 0.000000000e+000 0.000000000e+000 -2.632488778e-002 
d 6.000000000e+000 6.000000000e+000 0.000000000e+000 1.720000000e+002 1.720000000e+002 2.632535221e-002 0.000000000e+000 0.000000000e+000 -2.632535220e-002 
d 6.000000000e+000 6.000000000e+000 0.000000000e+000 1.740000000e+002 1.740000000e+002 2.632581299e-002 0.000000000e+000 0.000000000e+000 -2.632581298e-002 
d 6.000000000e+000 6.000000000e+000 0.000000000e+000 1.760000000e+002 1.760000000e+002 2.632626841e-002 0.000000000e+000 0.000000000e+000 -2.632626842e-002 
d 6.000000000e+000 6.000000000e+000 0.000000000e+000 1.780000000e+002 1.780000000e+002 2.632672047e-002 0.000000000e+000 0.000000000e+000 -2.632672047e-002 
d 6.000000000e+000 6.000000000e+000 0.000000000e+000 1.800000000e+002 1.800000000e+002 2.632717168e-002 0.000000000e+000 0.000000000e+000 -2.632717168e-002 
d 6.000000000e+000 6.000000000e+000 0.000000000e+000 1.820000000e+002 1.820000000e+002 2.632762229e-002 0.000000000e+000 0.000000000e+000 -2.632762229e-002 
d 6.000000000e+000 6.000000000e+000 0.000000000e+000 1.840000000e+002 1.840000000e+002 2.632807222e-002 0.000000000e+000 0.000000000e+000 -2.632807222e-002 
d 6.000000000e+000 6.000000000e+000 0.000000000e+000 1.860000000e+002 1.860000000e+002 2.632852128e-002 0.000000000e+000 0.000000000e+000 -2.632852128e-002 
d 6.000000000e+000 6.000000000e+000 0.000000000e+000 1.880000000e+002 1.880000000e+002 2.632896911e-002 0.000000000e+000 0.000000000e+000 -2.632896911e-002 
d 6.000000000e+000 6.000000000e+000 0.000000000e+000 1.900000000e+002 1.900000000e+002 2.632941506e-002 0.000000000e+000 0.000000000e+000 -2.632941506e-002 
d 6.000000000e+000 6.000000000e+000 0.000000000e+000 1.920000000e+002 1.920000000e+002 2.632985779e-002 0.000000000e+000 0.000000000e+000 -2.632985779e-002 
d 6.000000000e+000 6.000000000e+000 0.000000000e+000 1.940000000e+002 1.940000000e+002 2.633029576e-002 0.000000000e+000 0.000000000e+000 -2.633029576e-002 
d 6.000000000e+000 6.000000000e+000 0.000000000e+000 1.960000000e+002 1.960000000e+002 2.633073062e-002 0.000000000e+000 0.000000000e+000 -2.633073062e-002 
d 6.000000000e+000 6.000000000e+000 0.000000000e+000 1.980000000e+002 1.980000000e+002 2.633116484e-002 0.000000000e+000 0.000000000e+000 -2.633116484e-002 
d 6.000000000e+000 6.000000000e+000 0.000000000e+000 2.000000000e+002 2.000000000e+002 2.633159873e-002 0.000000000e+000 0.000000000e+000 -2.633159873e-002 
d 6.000000000e+000 6.000000000e+000 0.000000000e+000 2.020000000e+002 2.020000000e+002 2.633203224e-002 0.000000000e+000 0.000000000e+000 -2.633203224e-002 
d 6.000000000e+000 6.000000000e+000 0.000000000e+000 2.040000000e+002 2.040000000e+002 2.633246528e-002 0.000000000e+000 0.000000000e+000 -2.633246528e-002 
d 6.000000000e+000 6.000000000e+000 0.000000000e+000 2.060000000e+002 2.060000000e+002 2.633289766e-002 0.000000000e+000 0.000000000e+000 -2.633289766e-002 
d 6.000000000e+000 6.000000000e+000 0.000000000e+000 2.080000000e+002 2.080000000e+002 2.633332904e-002 0.000000000e+000 0.000000000e+000 -2.633332904e-002 
d 6.000000000e+000 6.000000000e+000 0.000000000e+000 2.100000000e+002 2.100000000e+002 2.633375874e-002 0.000000000e+000 0.000000000e+000 -2.633375874e-002 
d 6.000000000e+000 6.000000000e+000 0.000000000e+000 2.120000000e+002 2.120000000e+002 2.633418549e-002 0.000000000e+000 0.000000000e+000 -2.633418549e-002 
d 6.000000000e+000 6.000000000e+000 0.000000000e+000 2.140000000e+002 2.140000000e+002 2.633460826e-002 0.000000000e+000 0.000000000e+000 -2.633460826e-002 
d 6.000000000e+000 6.000000000e+000 0.000000000e+000 2.160000000e+002 2.160000000e+002 2.633502931e-002 0.000000000e+000 0.000000000e+000 -2.633502932e-002 
d 6.000000000e+000 6.000000000e+000 0.000000000e+000 2.180000000e+002 2.180000000e+002 2.633545064e-002 0.000000000e+000 0.000000000e+000 -2.633545064e-002 
d 6.000000000e+000 6.000000000e+000 0.000000000e+000 2.200000000e+002 2.200000000e+002 2.633587258e-002 0.000000000e+000 0.000000000e+000 -2.633587258e-002 
d 6.000000000e+000 6.000000000e+000 0.000000000e+000 2.220000000e+002 2.220000000e+002 2.633629541e-002 0.000000000e+000 0.000000000e+000 -2.633629540e-002 
d 6.000000000e+000 6.000000000e+000 0.000000000e+000 2.240000000e+002 2.240000000e+002 2.633671944e-002 0.000000000e+000 0.000000000e+000 -2.633671944e-002 
d 6.000000000e+000 6.000000000e+000 0.000000000e+000 2.260000000e+002 2.260000000e+002 2.633714520e-002 0.000000000e+000 0.000000000e+000 -2.633714520e-002 
d 6.000000000e+000 6.000000000e+000 0.000000000e+000 2.280000000e+002 2.280000000e+002 2.633757340e-002 0.000000000e+000 0.000000000e+000 -2.633757339e-002 
d 6.000000000e+000 6.000000000e+000 0.000000000e+000 2.300000000e+002 2.300000000e+002 2.633800486e-002 0.000000000e+000 0.000000000e+000 -2.633800486e-002 
d 6.000000000e+000 6.000000000e+000 0.000000000e+000 2.320000000e+002 2.320000000e+002 2.633843997e-002 0.000000000e+000 0.000000000e+000 -2.633843997e-002 
d 6.000000000e+000 6.000000000e+000 0.000000000e+000 2.340000000e+002 2.340000000e+002 2.633887751e-002 0.000000000e+000 0.000000000e+000 -2.633887750e-002 
d 6.000000000e+000 6.000000000e+000 0.000000000e+000 2.360000000e+002 2.360000000e+002 2.633931588e-002 0.000000000e+000 0.000000000e+000 -2.633931588e-002 
d 6.000000000e+000 6.000000000e+000 0.000000000e+000 2.380000000e+002 2.380000000e+002 2.633975573e-002 0.000000000e+000 0.000000000e+000 -2.633975573e-002 
d 6.000000000e+000 6.000000000e+000 0.000000000e+000 2.400000000e+002 2.400000000e+002 2.634019656e-002 0.000000000e+000 0.000000000e+000 -2.634019655e-002 
d 6.000000000e+000 6.000000000e+000 0.000000000e+000 2.420000000e+002 2.420000000e+002 2.634063767e-002 0.000000000e+000 0.000000000e+000 -2.634063766e-002 
d 6.000000000e+000 6.000000000e+000 0.000000000e+000 2.440000000e+002 2.440000000e+002 2.634107873e-002 0.000000000e+000 0.000000000e+000 -2.634107874e-002 
d 6.000000000e+000 6.000000000e+000 0.000000000e+000 2.460000000e+002 2.460000000e+002 2.634151958e-002 0.000000000e+000 0.000000000e+000 -2.634151958e-002 
d 6.000000000e+000 6.000000000e+000 0.000000000e+000 2.480000000e+002 2.480000000e+002 2.634196004e-002 0.000000000e+000 0.000000000e+000 -2.634196003e-002 
d 6.000000000e+000 6.000000000e+000 0.000000000e+000 2.500000000e+002 2.500000000e+002 2.634239988e-002 0.000000000e+000 0.000000000e+000 -2.634239988e-002 
d 6.000000000e+000 6.000000000e+000 0.000000000e+000 2.520000000e+002 2.520000000e+002 2.634283880e-002 0.000000000e+000 0.000000000e+000 -2.634283880e-002 
d 6.000000000e+000 6.000000000e+000 0.000000000e+000 2.540000000e+002 2.540000000e+002 2.634327614e-002 0.000000000e+000 0.000000000e+000 -2.634327614e-002 
d 6.000000000e+000 6.000000000e+000 0.000000000e+000 2.560000000e+002 2.560000000e+002 2.634371077e-002 0.000000000e+000 0.000000000e+000 -2.634371077e-002 
d 6.000000000e+000 6.000000000e+000 0.000000000e+000 2.580000000e+002 2.580000000e+002 2.634414158e-002 0.000000000e+000 0.000000000e+000 -2.634414158e-002 
d 6.000000000e+000 6.000000000e+000 0.000000000e+000 2.600000000e+002 2.600000000e+002 2.634457025e-002 0.000000000e+000 0.000000000e+000 -2.634457026e-002 
d 6.000000000e+000 6.000000000e+000 0.000000000e+000 2.620000000e+002 2.620000000e+002 2.634499883e-002 0.000000000e+000 0.000000000e+000 -2.634499883e-002 
d 6.000000000e+000 6.000000000e+000 0.000000000e+000 2.640000000e+002 2.640000000e+002 2.634542759e-002 0.000000000e+000 0.000000000e+000 -2.634542759e-002 
d 6.000000000e+000 6.000000000e+000 0.000000000e+000 2.660000000e+002 2.660000000e+002 2.634585654e-002 0.000000000e+000 0.000000000e+000 -2.634585654e-002 
d 6.000000000e+000 6.000000000e+000 0.000000000e+000 2.680000000e+002 2.680000000e+002 2.634628567e-002 0.000000000e+000 0.000000000e+000 -2.634628567e-002 
d 6.000000000e+000 6.000000000e+000 0.000000000e+000 2.700000000e+002 2.700000000e+002 2.634671493e-002 0.000000000e+000 0.000000000e+000 -2.634671494e-002 
d 6.000000000e+000 6.000000000e+000 0.000000000e+000 2.720000000e+002 2.720000000e+002 2.634714427e-002 0.000000000e+000 0.000000000e+000 -2.634714427e-002 
d 6.000000000e+000 6.000000000e+000 0.000000000e+000 2.740000000e+002 2.740000000e+002 2.634757354e-002 0.000000000e+000 0.000000000e+000 -2.634757354e-002 
d 6.000000000e+000 6.000000000e+000 0.000000000e+000 2.760000000e+002 2.760000000e+002 2.634800254e-002 0.000000000e+000 0.000000000e+000 -2.634800254e-002 
d 6.000000000e+000 6.000000000e+000 0.000000000e+000 2.780000000e+002 2.780000000e+002 2.634843084e-002 0.000000000e+000 0.000000000e+000 -2.634843084e-002 
d 6.000000000e+000 6.000000000e+000 0.000000000e+000 2.800000000e+002 2.800000000e+002 2.634885763e-002 0.000000000e+000 0.000000000e+000 -2.634885763e-002 
d 6.000000000e+000 6.000000000e+000 0.000000000e+000 2.820000000e+002 2.820000000e+002 2.634928174e-002 0.000000000e+000 0.000000000e+000 -2.634928174e-002 
d 6.000000000e+000 6.000000000e+000 0.000000000e+000 2.840000000e+002 2.840000000e+002 2.634970334e-002 0.000000000e+000 0.000000000e+000 -2.634970333e-002 
d 6.000000000e+000 6.000000000e+000 0.000000000e+000 2.860000000e+002 2.860000000e+002 2.635012492e-002 0.000000000e+000 0.000000000e+000 -2.635012492e-002 
d 6.000000000e+000 6.000000000e+000 0.000000000e+000 2.880000000e+002 2.880000000e+002 2.635054735e-002 0.000000000e+000 0.000000000e+000 -2.635054735e-002 
d 6.000000000e+000 6.000000000e+000 0.000000000e+000 2.900000000e+002 2.900000000e+002 2.635097072e-002 0.000000000e+000 0.000000000e+000 -2.635097073e-002 
d 6.000000000e+000 6.000000000e+000 0.000000000e+000 2.920000000e+002 2.920000000e+002 2.635139512e-002 0.000000000e+000 0.000000000e+000 -2.635139512e-002 
d 6.000000000e+000 6.000000000e+000 0.000000000e+000 2.940000000e+002 2.940000000e+002 2.635182057e-002 0.000000000e+000 0.000000000e+000 -2.635182057e-002 
d 6.000000000e+000 6.000000000e+000 0.000000000e+000 2.960000000e+002 2.960000000e+002 2.635224709e-002 0.000000000e+000 0.000000000e+000 -2.635224709e-002 
d 6.000000000e+000 6.000000000e+000 0.000000000e+000 2.980000000e+002 2.980000000e+002 2.635267469e-002 0.000000000e+000 0.000000000e+000 -2.635267469e-002 
d 6.000000000e+000 6.000000000e+000 0.000000000e+000 3.000000000e+002 3.000000000e+002 2.635310333e-002 0.000000000e+000 0.000000000e+000 -2.635310333e-002 
d 6.000000000e+000 6.000000000e+000 0.000000000e+000 3.020000000e+002 3.020000000e+002 2.635353292e-002 0.000000000e+000 0.000000000e+000 -2.635353292e-002 
d 6.000000000e+000 6.000000000e+000 0.000000000e+000 3.040000000e+002 3.040000000e+002 2.635396321e-002 0.000000000e+000 0.000000000e+000 -2.635396321e-002 
d 6.000000000e+000 6.000000000e+000 0.000000000e+000 3.060000000e+002 3.060000000e+002 2.635439369e-002 0.000000000e+000 0.000000000e+000 -2.635439369e-002 
d 6.000000000e+000 6.000000000e+000 0.000000000e+000 3.080000000e+002 3.080000000e+002 2.635482341e-002 0.000000000e+000 0.000000000e+000 -2.635482342e-002 
d 6.000000000e+000 6.000000000e+000 0.000000000e+000 3.100000000e+002 3.100000000e+002 2.635525163e-002 0.000000000e+000 0.000000000e+000 -2.635525163e-002 
d 6.000000000e+000 6.000000000e+000 0.000000000e+000 3.120000000e+002 3.120000000e+002 2.635568018e-002 0.000000000e+000 0.000000000e+000 -2.635568018e-002 
d 6.000000000e+000 6.000000000e+000 0.000000000e+000 3.140000000e+002 3.140000000e+002 2.635611093e-002 0.000000000e+000 0.000000000e+000 -2.635611093e-002 
d 6.000000000e+000 6.000000000e+000 0.000000000e+000 3.160000000e+002 3.160000000e+002 2.635654421e-002 0.000000000e+000 0.000000000e+000 -2.635654422e-002 
d 6.000000000e+000 6.000000000e+000 0.000000000e+000 3.180000000e+002 3.180000000e+002 2.635698023e-002 0.000000000e+000 0.000000000e+000 -2.635698023e-002 
d 6.000000000e+000 6.000000000e+000 0.000000000e+000 3.200000000e+002 3.200000000e+002 2.635741913e-002 0.000000000e+000 0.000000000e+000 -2.635741913e-002 
d 6.000000000e+000 6.000000000e+000 0.000000000e+000 3.220000000e+002 3.220000000e+002 2.635786106e-002 0.000000000e+000 0.000000000e+000 -2.635786106e-002 
d 6.000000000e+000 6.000000000e+000 0.000000000e+000 3.240000000e+002 3.240000000e+002 2.635830616e-002 0.000000000e+000 0.000000000e+000 -2.635830617e-002 
d 6.000000000e+000 6.000000000e+000 0.000000000e+000 3.260000000e+002 3.260000000e+002 2.635875457e-002 0.000000000e+000 0.000000000e+000 -2.635875457e-002 
d 6.000000000e+000 6.000000000e+000 0.000000000e+000 3.280000000e+002 3.280000000e+002 2.635920638e-002 0.000000000e+000 0.000000000e+000 -2.635920638e-002 
d 6.000000000e+000 6.000000000e+000 0.000000000e+000 3.300000000e+002 3.300000000e+002 2.635966166e-002 0.000000000e+000 0.000000000e+000 -2.635966167e-002 
d 6.000000000e+000 6.000000000e+000 0.000000000e+000 3.320000000e+002 3.320000000e+002 2.636012038e-002 0.000000000e+000 0.000000000e+000 -2.636012039e-002 
d 6.000000000e+000 6.000000000e+000 0.000000000e+000 3.340000000e+002 3.340000000e+002 2.636058230e-002 0.000000000e+000 0.000000000e+000 -2.636058230e-002 
d 6.000000000e+000 6.000000000e+000 0.000000000e+000 3.360000000e+002 3.360000000e+002 2.636104683e-002 0.000000000e+000 0.000000000e+000 -2.636104682e-002 
d 6.000000000e+000 6.000000000e+000 0.000000000e+000 3.380000000e+002 3.380000000e+002 2.636151300e-002 0.000000000e+000 0.000000000e+000 -2.636151299e-002 
d 6.000000000e+000 6.000000000e+000 0.000000000e+000 3.400000000e+002 3.400000000e+002 2.636198108e-002 0.000000000e+000 0.000000000e+000 -2.636198108e-002 
d 6.000000000e+000 6.000000000e+000 0.000000000e+000 3.420000000e+002 3.420000000e+002 2.636245385e-002 0.000000000e+000 0.000000000e+000 -2.636245385e-002 
d 6.000000000e+000 6.000000000e+000 0.000000000e+000 3.440000000e+002 3.440000000e+002 2.636293246e-002 0.000000000e+000 0.000000000e+000 -2.636293246e-002 
d 6.000000000e+000 6.000000000e+000 0.000000000e+000 3.460000000e+002 3.460000000e+002 2.636341733e-002 0.000000000e+000 0.000000000e+000 -2.636341733e-002 
d 6.000000000e+000 6.000000000e+000 0.000000000e+000 3.480000000e+002 3.480000000e+002 2.636390881e-002 0.000000000e+000 0.000000000e+000 -2.636390881e-002 
d 6.000000000e+000 6.000000000e+000 0.000000000e+000 3.500000000e+002 3.500000000e+002 2.636440725e-002 0.000000000e+000 0.000000000e+000 -2.636440725e-002 
d 6.000000000e+000 6.000000000e+000 0.000000000e+000 3.520000000e+002 3.520000000e+002 2.636491301e-002 0.000000000e+000 0.000000000e+000 -2.636491301e-002 
d 6.000000000e+000 6.000000000e+000 0.000000000e+000 3.540000000e+002 3.540000000e+002 2.636542645e-002 0.000000000e+000 0.000000000e+000 -2.636542644e-002 
d 6.000000000e+000 6.000000000e+000 0.000000000e+000 3.560000000e+002 3.560000000e+002 2.636594789e-002 0.000000000e+000 0.000000000e+000 -2.636594789e-002 
d 6.000000000e+000 6.000000000e+000 0.000000000e+000 3.580000000e+002 3.580000000e+002 2.636647769e-002 0.000000000e+000 0.000000000e+000 -2.636647769e-002 
d 6.000000000e+000 6.000000000e+000 0.000000000e+000 3.600000000e+002 3.600000000e+002 2.636701615e-002 0.000000000e+000 0.000000000e+000 -2.636701615e-002 
d 6.000000000e+000 6.000000000e+000 0.000000000e+000 3.620000000e+002 3.620000000e+002 2.636756351e-002 0.000000000e+000 0.000000000e+000 -2.636756351e-002 
d 6.000000000e+000 6.000000000e+000 0.000000000e+000 3.640000000e+002 3.640000000e+002 2.636811988e-002 0.000000000e+000 0.000000000e+000 -2.636811988e-002 
d 6.000000000e+000 6.000000000e+000 0.000000000e+000 3.660000000e+002 3.660000000e+002 2.636868508e-002 0.000000000e+000 0.000000000e+000 -2.636868508e-002 
d 6.000000000e+000 6.000000000e+000 0.000000000e+000 3.680000000e+002 3.680000000e+002 2.636925843e-002 0.000000000e+000 0.000000000e+000 -2.636925843e-002 
d 6.000000000e+000 6.000000000e+000 0.000000000e+000 3.700000000e+002 3.700000000e+002 2.636983903e-002 0.000000000e+000 0.000000000e+000 -2.636983904e-002 
d 6.000000000e+000 6.000000000e+000 0.000000000e+000 3.720000000e+002 3.720000000e+002 2.637042838e-002 0.000000000e+000 0.000000000e+000 -2.637042839e-002 
d 6.000000000e+000 6.000000000e+000 0.000000000e+000 3.740000000e+002 3.740000000e+002 2.637102980e-002 0.000000000e+000 0.000000000e+000 -2.637102979e-002 
d 6.000000000e+000 6.000000000e+000 0.000000000e+000 3.760000000e+002 3.760000000e+002 2.637164444e-002 0.000000000e+000 0.000000000e+000 -2.637164444e-002 
d 6.000000000e+000 6.000000000e+000 0.000000000e+000 3.780000000e+002 3.780000000e+002 2.637227305e-002 0.000000000e+000 0.000000000e+000 -2.637227305e-002 
d 6.000000000e+000 6.000000000e+000 0.000000000e+000 3.800000000e+002 3.800000000e+002 2.637291630e-002 0.000000000e+000 0.000000000e+000 -2.637291631e-002 
d 6.000000000e+000 6.000000000e+000 0.000000000e+000 3.820000000e+002 3.820000000e+002 2.637357491e-002 0.000000000e+000 0.000000000e+000 -2.637357491e-002 
d 6.000000000e+000 6.000000000e+000 0.000000000e+000 3.840000000e+002 3.840000000e+002 2.637424957e-002 0.000000000e+000 0.000000000e+000 -2.637424957e-002 
d 6.000000000e+000 6.000000000e+000 0.000000000e+000 3.860000000e+002 3.860000000e+002 2.637494101e-002 0.000000000e+000 0.000000000e+000 -2.637494101e-002 
d 6.000000000e+000 6.000000000e+000 0.000000000e+000 3.880000000e+002 3.880000000e+002 2.637564992e-002 0.000000000e+000 0.000000000e+000 -2.637564993e-002 
d 6.000000000e+000 6.000000000e+000 0.000000000e+000 3.900000000e+002 3.900000000e+002 2.637637707e-002 0.000000000e+000 0.000000000e+000 -2.637637706e-002 
d 6.000000000e+000 6.000000000e+000 0.000000000e+000 3.920000000e+002 3.920000000e+002 2.637712310e-002 0.000000000e+000 0.000000000e+000 -2.637712311e-002 
d 6.000000000e+000 6.000000000e+000 0.000000000e+000 3.940000000e+002 3.940000000e+002 2.637788873e-002 0.000000000e+000 0.000000000e+000 -2.637788873e-002 
d 6.000000000e+000 6.000000000e+000 0.000000000e+000 3.960000000e+002 3.960000000e+002 2.637867451e-002 0.000000000e+000 0.000000000e+000 -2.637867451e-002 
d 6.000000000e+000 6.000000000e+000 0.000000000e+000 3.980000000e+002 3.980000000e+002 2.637948080e-002 0.000000000e+000 0.000000000e+000 -2.637948080e-002 
d 6.000000000e+000 6.000000000e+000 0.000000000e+000 4.000000000e+002 4.000000000e+002 2.638030753e-002 0.000000000e+000 0.000000000e+000 -2.638030753e-002 
d 6.000000000e+000 6.000000000e+000 0.000000000e+000 4.020000000e+002 4.020000000e+002 2.638115396e-002 0.000000000e+000 0.000000000e+000 -2.638115396e-002 
d 6.000000000e+000 6.000000000e+000 0.000000000e+000 4.040000000e+002 4.040000000e+002 2.638201892e-002 0.000000000e+000 0.000000000e+000 -2.638201892e-002 
d 6.000000000e+000 6.000000000e+000 0.000000000e+000 4.060000000e+002 4.060000000e+002 2.638290478e-002 0.000000000e+000 0.000000000e+000 -2.638290478e-002 
d 6.000000000e+000 6.000000000e+000 0.000000000e+000 4.080000000e+002 4.080000000e+002 2.638381646e-002 0.000000000e+000 0.000000000e+000 -2.638381646e-002 
d 6.000000000e+000 6.000000000e+000 0.000000000e+000 4.100000000e+002 4.100000000e+002 2.638475590e-002 0.000000000e+000 0.000000000e+000 -2.638475590e-002 
d 6.000000000e+000 6.000000000e+000 0.000000000e+000 4.120000000e+002 4.120000000e+002 2.638572440e-002 0.000000000e+000 0.000000000e+000 -2.638572440e-002 
d 6.000000000e+000 6.000000000e+000 0.000000000e+000 4.140000000e+002 4.140000000e+002 2.638672323e-002 0.000000000e+000 0.000000000e+000 -2.638672322e-002 
d 6.000000000e+000 6.000000000e+000 0.000000000e+000 4.160000000e+002 4.160000000e+002 2.638775367e-002 0.000000000e+000 0.000000000e+000 -2.638775367e-002 
d 6.000000000e+000 6.000000000e+000 0.000000000e+000 4.180000000e+002 4.180000000e+002 2.638881704e-002 0.000000000e+000 0.000000000e+000 -2.638881704e-002 
d 6.000000000e+000 6.000000000e+000 0.000000000e+000 4.200000000e+002 4.200000000e+002 2.638991466e-002 0.000000000e+000 0.000000000e+000 -2.638991466e-002 
d 6.000000000e+000 6.000000000e+000 0.000000000e+000 4.220000000e+002 4.220000000e+002 2.639104786e-002 0.000000000e+000 0.000000000e+000 -2.639104786e-002 
d 6.000000000e+000 6.000000000e+000 0.000000000e+000 4.240000000e+002 4.240000000e+002 2.639221799e-002 0.000000000e+000 0.000000000e+000 -2.639221799e-002 
d 6.000000000e+000 6.000000000e+000 0.000000000e+000 4.260000000e+002 4.260000000e+002 2.639342642e-002 0.000000000e+000 0.000000000e+000 -2.639342641e-002 
d 6.000000000e+000 6.000000000e+000 0.000000000e+000 4.280000000e+002 4.280000000e+002 2.639467445e-002 0.000000000e+000 0.000000000e+000 -2.639467444e-002 
d 6.000000000e+000 6.000000000e+000 0.000000000e+000 4.300000000e+002 4.300000000e+002 2.639596337e-002 0.000000000e+000 0.000000000e+000 -2.639596337e-002 
d 6.000000000e+000 6.000000000e+000 0.000000000e+000 4.320000000e+002 4.320000000e+002 2.639729434e-002 0.000000000e+000 0.000000000e+000 -2.639729433e-002 
d 6.000000000e+000 6.000000000e+000 0.000000000e+000 4.340000000e+002 4.340000000e+002 2.639866819e-002 0.000000000e+000 0.000000000e+000 -2.639866819e-002 
d 6.000000000e+000 6.000000000e+000 0.000000000e+000 4.360000000e+002 4.360000000e+002 2.640008519e-002 0.000000000e+000 0.000000000e+000 -2.640008520e-002 
d 6.000000000e+000 6.000000000e+000 0.000000000e+000 4.380000000e+002 4.380000000e+002 2.640154461e-002 0.000000000e+000 0.000000000e+000 -2.640154460e-002 
d 6.000000000e+000 6.000000000e+000 0.000000000e+000 4.400000000e+002 4.400000000e+002 2.640304435e-002 0.000000000e+000 0.000000000e+000 -2.640304435e-002 
d 6.000000000e+000 6.000000000e+000 0.000000000e+000 4.420000000e+002 4.420000000e+002 2.640458529e-002 0.000000000e+000 0.000000000e+000 -2.640458529e-002 
d 6.000000000e+000 6.000000000e+000 0.000000000e+000 4.440000000e+002 4.440000000e+002 2.640617609e-002 0.000000000e+000 0.000000000e+000 -2.640617608e-002 
d 6.000000000e+000 6.000000000e+000 0.000000000e+000 4.460000000e+002 4.460000000e+002 2.640782151e-002 0.000000000e+000 0.000000000e+000 -2.640782151e-002 
d 6.000000000e+000 6.000000000e+000 0.000000000e+000 4.480000000e+002 4.480000000e+002 2.640952392e-002 0.000000000e+000 0.000000000e+000 -2.640952391e-002 
d 6.000000000e+000 6.000000000e+000 0.000000000e+000 4.500000000e+002 4.500000000e+002 2.641128549e-002 0.000000000e+000 0.000000000e+000 -2.641128549e-002 
d 6.000000000e+000 6.000000000e+000 0.000000000e+000 4.520000000e+002 4.520000000e+002 2.641310846e-002 0.000000000e+000 0.000000000e+000 -2.641310847e-002 
d 6.000000000e+000 6.000000000e+000 0.000000000e+000 4.540000000e+002 4.540000000e+002 2.641499509e-002 0.000000000e+000 0.000000000e+000 -2.641499509e-002 
d 6.000000000e+000 6.000000000e+000 0.000000000e+000 4.560000000e+002 4.560000000e+002 2.641694760e-002 0.000000000e+000 0.000000000e+000 -2.641694759e-002 
d 6.000000000e+000 6.000000000e+000 0.000000000e+000 4.580000000e+002 4.580000000e+002 2.641896826e-002 0.000000000e+000 0.000000000e+000 -2.641896826e-002 
d 6.000000000e+000 6.000000000e+000 0.000000000e+000 4.600000000e+002 4.600000000e+002 2.642105938e-002 0.000000000e+000 0.000000000e+000 -2.642105938e-002 
d 6.000000000e+000 6.000000000e+000 0.000000000e+000 4.620000000e+002 4.620000000e+002 2.642322327e-002 0.000000000e+000 0.000000000e+000 -2.642322326e-002 
d 6.000000000e+000 6.000000000e+000 0.000000000e+000 4.640000000e+002 4.640000000e+002 2.642546218e-002 0.000000000e+000 0.000000000e+000 -2.642546219e-002 
d 6.000000000e+000 6.000000000e+000 0.000000000e+000 4.660000000e+002 4.660000000e+002 2.642777843e-002 0.000000000e+000 0.000000000e+000 -2.642777842e-002 
d 6.000000000e+000 6.000000000e+000 0.000000000e+000 4.680000000e+002 4.680000000e+002 2.643017417e-002 0.000000000e+000 0.000000000e+000 -2.643017417e-002 
d 6.000000000e+000 6.000000000e+000 0.000000000e+000 4.700000000e+002 4.700000000e+002 2.643265153e-002 0.000000000e+000 0.000000000e+000 -2.643265153e-002 
d 6.000000000e+000 6.000000000e+000 0.000000000e+000 4.720000000e+002 4.720000000e+002 2.643521235e-002 0.000000000e+000 0.000000000e+000 -2.643521236e-002 
d 6.000000000e+000 6.000000000e+000 0.000000000e+000 4.740000000e+002 4.740000000e+002 2.643785806e-002 0.000000000e+000 0.000000000e+000 -2.643785805e-002 
d 6.000000000e+000 6.000000000e+000 0.000000000e+000 4.760000000e+002 4.760000000e+002 2.644058918e-002 0.000000000e+000 0.000000000e+000 -2.644058918e-002 
d 6.000000000e+000 6.000000000e+000 0.000000000e+000 4.780000000e+002 4.780000000e+002 2.644340478e-002 0.000000000e+000 0.000000000e+000 -2.644340479e-002 
d 6.000000000e+000 6.000000000e+000 0.000000000e+000 4.800000000e+002 4.800000000e+002 2.644630170e-002 0.000000000e+000 0.000000000e+000 -2.644630171e-002 
d 6.000000000e+000 6.000000000e+000 0.000000000e+000 4.820000000e+002 4.820000000e+002 2.644927633e-002 0.000000000e+000 0.000000000e+000 -2.644927633e-002 
d 6.000000000e+000 6.000000000e+000 0.000000000e+000 4.840000000e+002 4.840000000e+002 2.645233855e-002 0.000000000e+000 0.000000000e+000 -2.645233855e-002 
d 6.000000000e+000 6.000000000e+000 0.000000000e+000 4.860000000e+002 4.860000000e+002 2.645550183e-002 0.000000000e+000 0.000000000e+000 -2.645550183e-002 
d 6.000000000e+000 6.000000000e+000 0.000000000e+000 4.880000000e+002 4.880000000e+002 2.645877089e-002 0.000000000e+000 0.000000000e+000 -2.645877090e-002 
d 6.000000000e+000 6.000000000e+000 0.000000000e+000 4.900000000e+002 4.900000000e+002 2.646214906e-002 0.000000000e+000 0.000000000e+000 -2.646214907e-002 
d 6.000000000e+000 6.000000000e+000 0.000000000e+000 4.920000000e+002 4.920000000e+002 2.646563962e-002 0.000000000e+000 0.000000000e+000 -2.646563961e-002 
d 6.000000000e+000 6.000000000e+000 0.000000000e+000 4.940000000e+002 4.940000000e+002 2.646924575e-002 0.000000000e+000 0.000000000e+000 -2.646924574e-002 
d 6.000000000e+000 6.000000000e+000 0.000000000e+000 4.960000000e+002 4.960000000e+002 2.647297070e-002 0.000000000e+000 0.000000000e+000 -2.647297070e-002 
d 6.000000000e+000 6.000000000e+000 0.000000000e+000 4.980000000e+002 4.980000000e+002 2.647681773e-002 0.000000000e+000 0.000000000e+000 -2.647681773e-002 
d 6.000000000e+000 6.000000000e+000 0.000000000e+000 5.000000000e+002 5.000000000e+002 2.648079006e-002 0.000000000e+000 0.000000000e+000 -2.648079006e-002 
d 6.000000000e+000 6.000000000e+000 0.000000000e+000 5.020000000e+002 5.020000000e+002 2.648489093e-002 0.000000000e+000 0.000000000e+000 -2.648489092e-002 
d 6.000000000e+000 6.000000000e+000 0.000000000e+000 5.040000000e+002 5.040000000e+002 2.648912357e-002 0.000000000e+000 0.000000000e+000 -2.648912356e-002 
d 6.000000000e+000 6.000000000e+000 0.000000000e+000 5.060000000e+002 5.060000000e+002 2.649349119e-002 0.000000000e+000 0.000000000e+000 -2.649349119e-002 
d 6.000000000e+000 6.000000000e+000 0.000000000e+000 5.080000000e+002 5.080000000e+002 2.649799708e-002 0.000000000e+000 0.000000000e+000 -2.649799708e-002 
d 6.000000000e+000 6.000000000e+000 0.000000000e+000 5.100000000e+002 5.100000000e+002 2.650264446e-002 0.000000000e+000 0.000000000e+000 -2.650264446e-002 
d 6.000000000e+000 6.000000000e+000 0.000000000e+000 5.120000000e+002 5.120000000e+002 2.650743649e-002 0.000000000e+000 0.000000000e+000 -2.650743649e-002 
d 6.000000000e+000 6.000000000e+000 0.000000000e+000 5.140000000e+002 5.140000000e+002 2.651237636e-002 0.000000000e+000 0.000000000e+000 -2.651237637e-002 
d 6.000000000e+000 6.000000000e+000 0.000000000e+000 5.160000000e+002 5.160000000e+002 2.651746728e-002 0.000000000e+000 0.000000000e+000 -2.651746728e-002 
d 6.000000000e+000 6.000000000e+000 0.000000000e+000 5.180000000e+002 5.180000000e+002 2.652271243e-002 0.000000000e+000 0.000000000e+000 -2.652271243e-002 
d 6.000000000e+000 6.000000000e+000 0.000000000e+000 5.200000000e+002 5.200000000e+002 2.652811499e-002 0.000000000e+000 0.000000000e+000 -2.652811499e-002 
d 6.000000000e+000 6.000000000e+000 0.000000000e+000 5.220000000e+002 5.220000000e+002 2.653367816e-002 0.000000000e+000 0.000000000e+000 -2.653367817e-002 
d 6.000000000e+000 6.000000000e+000 0.000000000e+000 5.240000000e+002 5.240000000e+002 2.653940515e-002 0.000000000e+000 0.000000000e+000 -2.653940515e-002 
d 6.000000000e+000 6.000000000e+000 0.000000000e+000 5.260000000e+002 5.260000000e+002 2.654529917e-002 0.000000000e+000 0.000000000e+000 -2.654529916e-002 
d 6.000000000e+000 6.000000000e+000 0.000000000e+000 5.280000000e+002 5.280000000e+002 2.655136343e-002 0.000000000e+000 0.000000000e+000 -2.655136344e-002 
d 6.000000000e+000 6.000000000e+000 0.000000000e+000 5.300000000e+002 5.300000000e+002 2.655760126e-002 0.000000000e+000 0.000000000e+000 -2.655760126e-002 
d 6.000000000e+000 6.000000000e+000 0.000000000e+000 5.320000000e+002 5.320000000e+002 2.656401593e-002 0.000000000e+000 0.000000000e+000 -2.656401593e-002 
d 6.000000000e+000 6.000000000e+000 0.000000000e+000 5.340000000e+002 5.340000000e+002 2.657061081e-002 0.000000000e+000 0.000000000e+000 -2.657061081e-002 
d 6.000000000e+000 6.000000000e+000 0.000000000e+000 5.360000000e+002 5.360000000e+002 2.657738931e-002 0.000000000e+000 0.000000000e+000 -2.657738932e-002 
d 6.000000000e+000 6.000000000e+000 0.000000000e+000 5.380000000e+002 5.380000000e+002 2.658435495e-002 0.000000000e+000 0.000000000e+000 -2.658435495e-002 
d 6.000000000e+000 6.000000000e+000 0.000000000e+000 5.400000000e+002 5.400000000e+002 2.659151125e-002 0.000000000e+000 0.000000000e+000 -2.659151125e-002 
d 6.000000000e+000 6.000000000e+000 0.000000000e+000 5.420000000e+002 5.420000000e+002 2.659886187e-002 0.000000000e+000 0.000000000e+000 -2.659886186e-002 
d 6.000000000e+000 6.000000000e+000 0.000000000e+000 5.440000000e+002 5.440000000e+002 2.660641043e-002 0.000000000e+000 0.000000000e+000 -2.660641044e-002 
d 6.000000000e+000 6.000000000e+000 0.000000000e+000 5.460000000e+002 5.460000000e+002 2.661416066e-002 0.000000000e+000 0.000000000e+000 -2.661416066e-002 
d 6.000000000e+000 6.000000000e+000 0.000000000e+000 5.480000000e+002 5.480000000e+002 2.662211623e-002 0.000000000e+000 0.000000000e+000 -2.662211623e-002 
d 6.000000000e+000 6.000000000e+000 0.000000000e+000 5.500000000e+002 5.500000000e+002 2.663028085e-002 0.000000000e+000 0.000000000e+000 -2.663028085e-002 
d 6.000000000e+000 6.000000000e+000 0.000000000e+000 5.520000000e+002 5.520000000e+002 2.663865829e-002 0.000000000e+000 0.000000000e+000 -2.663865829e-002 
d 6.000000000e+000 6.000000000e+000 0.000000000e+000 5.540000000e+002 5.540000000e+002 2.664725236e-002 0.000000000e+000 0.000000000e+000 -2.664725236e-002 
d 6.000000000e+000 6.000000000e+000 0.000000000e+000 5.560000000e+002 5.560000000e+002 2.665606698e-002 0.000000000e+000 0.000000000e+000 -2.665606699e-002 
d 6.000000000e+000 6.000000000e+000 0.000000000e+000 5.580000000e+002 5.580000000e+002 2.666510626e-002 0.000000000e+000 0.000000000e+000 -2.666510626e-002 
d 6.000000000e+000 6.000000000e+000 0.000000000e+000 5.600000000e+002 5.600000000e+002 2.667437438e-002 0.000000000e+000 0.000000000e+000 -2.667437438e-002 
d 6.000000000e+000 6.000000000e+000 0.000000000e+000 5.620000000e+002 5.620000000e+002 2.668387569e-002 0.000000000e+000 0.000000000e+000 -2.668387569e-002 
d 6.000000000e+000 6.000000000e+000 0.000000000e+000 5.640000000e+002 5.640000000e+002 2.669361469e-002 0.000000000e+000 0.000000000e+000 -2.669361469e-002 
d 6.000000000e+000 6.000000000e+000 0.000000000e+000 5.660000000e+002 5.660000000e+002 2.670359603e-002 0.000000000e+000 0.000000000e+000 -2.670359602e-002 
d 6.000000000e+000 6.000000000e+000 0.000000000e+000 5.680000000e+002 5.680000000e+002 2.671382445e-002 0.000000000e+000 0.000000000e+000 -2.671382445e-002 
d 6.000000000e+000 6.000000000e+000 0.000000000e+000 5.700000000e+002 5.700000000e+002 2.672430488e-002 0.000000000e+000 0.000000000e+000 -2.672430489e-002 
d 6.000000000e+000 6.000000000e+000 0.000000000e+000 5.720000000e+002 5.720000000e+002 2.673504238e-002 0.000000000e+000 0.000000000e+000 -2.673504238e-002 
d 6.000000000e+000 6.000000000e+000 0.000000000e+000 5.740000000e+002 5.740000000e+002 2.674604212e-002 0.000000000e+000 0.000000000e+000 -2.674604212e-002 
d 6.000000000e+000 6.000000000e+000 0.000000000e+000 5.760000000e+002 5.760000000e+002 2.675730944e-002 0.000000000e+000 0.000000000e+000 -2.675730943e-002 
d 6.000000000e+000 6.000000000e+000 0.000000000e+000 5.780000000e+002 5.780000000e+002 2.676884976e-002 0.000000000e+000 0.000000000e+000 -2.676884977e-002 
d 6.000000000e+000 6.000000000e+000 0.000000000e+000 5.800000000e+002 5.800000000e+002 2.678066872e-002 0.000000000e+000 0.000000000e+000 -2.678066873e-002 
d 6.000000000e+000 6.000000000e+000 0.000000000e+000 5.820000000e+002 5.820000000e+002 2.679277207e-002 0.000000000e+000 0.000000000e+000 -2.679277208e-002 
d 6.000000000e+000 6.000000000e+000 0.000000000e+000 5.840000000e+002 5.840000000e+002 2.680516567e-002 0.000000000e+000 0.000000000e+000 -2.680516568e-002 
d 6.000000000e+000 6.000000000e+000 0.000000000e+000 5.860000000e+002 5.860000000e+002 2.681785557e-002 0.000000000e+000 0.000000000e+000 -2.681785558e-002 
d 6.000000000e+000 6.000000000e+000 0.000000000e+000 5.880000000e+002 5.880000000e+002 2.683084795e-002 0.000000000e+000 0.000000000e+000 -2.683084794e-002 
d 6.000000000e+000 6.000000000e+000 0.000000000e+000 5.900000000e+002 5.900000000e+002 2.684414910e-002 0.000000000e+000 0.000000000e+000 -2.684414909e-002 
d 6.000000000e+000 6.000000000e+000 0.000000000e+000 5.920000000e+002 5.920000000e+002 2.685776551e-002 0.000000000e+000 0.000000000e+000 -2.685776551e-002 
d 6.000000000e+000 6.000000000e+000 0.000000000e+000 5.940000000e+002 5.940000000e+002 2.687170382e-002 0.000000000e+000 0.000000000e+000 -2.687170381e-002 
d 6.000000000e+000 6.000000000e+000 0.000000000e+000 5.960000000e+002 5.960000000e+002 2.688597076e-002 0.000000000e+000 0.000000000e+000 -2.688597076e-002 
d 6.000000000e+000 6.000000000e+000 0.000000000e+000 5.980000000e+002 5.980000000e+002 2.690057331e-002 0.000000000e+000 0.000000000e+000 -2.690057330e-002 
d 6.000000000e+000 6.000000000e+000 0.000000000e+000 6.000000000e+002 6.000000000e+002 2.691551851e-002 0.000000000e+000 0.000000000e+000 -2.691551851e-002 
d 6.000000000e+000 6.000000000e+000 0.000000000e+000 6.020000000e+002 6.020000000e+002 2.693081363e-002 0.000000000e+000 0.000000000e+000 -2.693081363e-002 
d 6.000000000e+000 6.000000000e+000 0.000000000e+000 6.040000000e+002 6.040000000e+002 2.694646608e-002 0.000000000e+000 0.000000000e+000 -2.694646609e-002 
d 6.000000000e+000 6.000000000e+000 0.000000000e+000 6.060000000e+002 6.060000000e+002 2.696248344e-002 0.000000000e+000 0.000000000e+000 -2.696248344e-002 
d 6.000000000e+000 6.000000000e+000 0.000000000e+000 6.080000000e+002 6.080000000e+002 2.697887346e-002 0.000000000e+000 0.000000000e+000 -2.697887345e-002 
d 6.000000000e+000 6.000000000e+000 0.000000000e+000 6.100000000e+002 6.100000000e+002 2.699564404e-002 0.000000000e+000 0.000000000e+000 -2.699564404e-002 
d 6.000000000e+000 6.000000000e+000 0.000000000e+000 6.120000000e+002 6.120000000e+002 2.701280330e-002 0.000000000e+000 0.000000000e+000 -2.701280331e-002 
d 6.000000000e+000 6.000000000e+000 0.000000000e+000 6.140000000e+002 6.140000000e+002 2.703035954e-002 0.000000000e+000 0.000000000e+000 -2.703035955e-002 
d 6.000000000e+000 6.000000000e+000 0.000000000e+000 6.160000000e+002 6.160000000e+002 2.704832126e-002 0.000000000e+000 0.000000000e+000 -2.704832126e-002 
d 6.000000000e+000 6.000000000e+000 0.000000000e+000 6.180000000e+002 6.180000000e+002 2.706669712e-002 0.000000000e+000 0.000000000e+000 -2.706669711e-002 
d 6.000000000e+000 6.000000000e+000 0.000000000e+000 6.200000000e+002 6.200000000e+002 2.708549601e-002 0.000000000e+000 0.000000000e+000 -2.708549601e-002 
d 6.000000000e+000 6.000000000e+000 0.000000000e+000 6.220000000e+002 6.220000000e+002 2.710472706e-002 0.000000000e+000 0.000000000e+000 -2.710472707e-002 
d 6.000000000e+000 6.000000000e+000 0.000000000e+000 6.240000000e+002 6.240000000e+002 2.712439976e-002 0.000000000e+000 0.000000000e+000 -2.712439977e-002 
d 6.000000000e+000 6.000000000e+000 0.000000000e+000 6.260000000e+002 6.260000000e+002 2.714452411e-002 0.000000000e+000 0.000000000e+000 -2.714452411e-002 
d 6.000000000e+000 6.000000000e+000 0.000000000e+000 6.280000000e+002 6.280000000e+002 2.716510952e-002 0.000000000e+000 0.000000000e+000 -2.716510951e-002 
d 6.000000000e+000 6.000000000e+000 0.000000000e+000 6.300000000e+002 6.300000000e+002 2.718616612e-002 0.000000000e+000 0.000000000e+000 -2.718616612e-002 
d 6.000000000e+000 6.000000000e+000 0.000000000e+000 6.320000000e+002 6.320000000e+002 2.720770446e-002 0.000000000e+000 0.000000000e+000 -2.720770446e-002 
d 6.000000000e+000 6.000000000e+000 0.000000000e+000 6.340000000e+002 6.340000000e+002 2.722973537e-002 0.000000000e+000 0.000000000e+000 -2.722973536e-002 
d 6.000000000e+000 6.000000000e+000 0.000000000e+000 6.360000000e+002 6.360000000e+002 2.725226998e-002 0.000000000e+000 0.000000000e+000 -2.725226998e-002 
d 6.000000000e+000 6.000000000e+000 0.000000000e+000 6.380000000e+002 6.380000000e+002 2.727531968e-002 0.000000000e+000 0.000000000e+000 -2.727531967e-002 
d 6.000000000e+000 6.000000000e+000 0.000000000e+000 6.400000000e+002 6.400000000e+002 2.729889574e-002 0.000000000e+000 0.000000000e+000 -2.729889575e-002 
d 6.000000000e+000 6.000000000e+000 0.000000000e+000 6.420000000e+002 6.420000000e+002 2.732300949e-002 0.000000000e+000 0.000000000e+000 -2.732300950e-002 
d 6.000000000e+000 6.000000000e+000 0.000000000e+000 6.440000000e+002 6.440000000e+002 2.734767236e-002 0.000000000e+000 0.000000000e+000 -2.734767236e-002 
d 6.000000000e+000 6.000000000e+000 0.000000000e+000 6.460000000e+002 6.460000000e+002 2.737289628e-002 0.000000000e+000 0.000000000e+000 -2.737289627e-002 
d 6.000000000e+000 6.000000000e+000 0.000000000e+000 6.480000000e+002 6.480000000e+002 2.739869356e-002 0.000000000e+000 0.000000000e+000 -2.739869356e-002 
d 6.000000000e+000 6.000000000e+000 0.000000000e+000 6.500000000e+002 6.500000000e+002 2.742508324e-002 0.000000000e+000 0.000000000e+000 -2.742508324e-002 
d 6.000000000e+000 6.000000000e+000 0.000000000e+000 6.520000000e+002 6.520000000e+002 2.745211409e-002 0.000000000e+000 0.000000000e+000 -2.745211409e-002 
d 6.000000000e+000 6.000000000e+000 0.000000000e+000 6.540000000e+002 6.540000000e+002 2.747975481e-002 0.000000000e+000 0.000000000e+000 -2.747975480e-002 
d 6.000000000e+000 6.000000000e+000 0.000000000e+000 6.560000000e+002 6.560000000e+002 2.750801937e-002 0.000000000e+000 0.000000000e+000 -2.750801938e-002 
d 6.000000000e+000 6.000000000e+000 0.000000000e+000 6.580000000e+002 6.580000000e+002 2.753692221e-002 0.000000000e+000 0.000000000e+000 -2.753692222e-002 
d 6.000000000e+000 6.000000000e+000 0.000000000e+000 6.600000000e+002 6.600000000e+002 2.756647818e-002 0.000000000e+000 0.000000000e+000 -2.756647819e-002 
d 6.000000000e+000 6.000000000e+000 0.000000000e+000 6.620000000e+002 6.620000000e+002 2.759670254e-002 0.000000000e+000 0.000000000e+000 -2.759670255e-002 
d 6.000000000e+000 6.000000000e+000 0.000000000e+000 6.640000000e+002 6.640000000e+002 2.762761107e-002 0.000000000e+000 0.000000000e+000 -2.762761106e-002 
d 6.000000000e+000 6.000000000e+000 0.000000000e+000 6.660000000e+002 6.660000000e+002 2.765921998e-002 0.000000000e+000 0.000000000e+000 -2.765921998e-002 
d 6.000000000e+000 6.000000000e+000 0.000000000e+000 6.680000000e+002 6.680000000e+002 2.769154608e-002 0.000000000e+000 0.000000000e+000 -2.769154609e-002 
d 6.000000000e+000 6.000000000e+000 0.000000000e+000 6.700000000e+002 6.700000000e+002 2.772460661e-002 0.000000000e+000 0.000000000e+000 -2.772460660e-002 
d 6.000000000e+000 6.000000000e+000 0.000000000e+000 6.720000000e+002 6.720000000e+002 2.775841940e-002 0.000000000e+000 0.000000000e+000 -2.775841940e-002 
d 6.000000000e+000 6.000000000e+000 0.000000000e+000 6.740000000e+002 6.740000000e+002 2.779300296e-002 0.000000000e+000 0.000000000e+000 -2.779300296e-002 
d 6.000000000e+000 6.000000000e+000 0.000000000e+000 6.760000000e+002 6.760000000e+002 2.782837644e-002 0.000000000e+000 0.000000000e+000 -2.782837643e-002 
d 6.000000000e+000 6.000000000e+000 0.000000000e+000 6.780000000e+002 6.780000000e+002 2.786455965e-002 0.000000000e+000 0.000000000e+000 -2.786455965e-002 
d 6.000000000e+000 6.000000000e+000 0.000000000e+000 6.800000000e+002 6.800000000e+002 2.790157318e-002 0.000000000e+000 0.000000000e+000 -2.790157318e-002 
d 6.000000000e+000 6.000000000e+000 0.000000000e+000 6.820000000e+002 6.820000000e+002 2.793943837e-002 0.000000000e+000 0.000000000e+000 -2.793943837e-002 
d 6.000000000e+000 6.000000000e+000 0.000000000e+000 6.840000000e+002 6.840000000e+002 2.797817973e-002 0.000000000e+000 0.000000000e+000 -2.797817972e-002 
d 6.000000000e+000 6.000000000e+000 0.000000000e+000 6.860000000e+002 6.860000000e+002 2.801783175e-002 0.000000000e+000 0.000000000e+000 -2.801783174e-002 
d 6.000000000e+000 6.000000000e+000 0.000000000e+000 6.880000000e+002 6.880000000e+002 2.805840589e-002 0.000000000e+000 0.000000000e+000 -2.805840590e-002 
d 6.000000000e+000 6.000000000e+000 0.000000000e+000 6.900000000e+002 6.900000000e+002 2.809992711e-002 0.000000000e+000 0.000000000e+000 -2.809992711e-002 
d 6.000000000e+000 6.000000000e+000 0.000000000e+000 6.920000000e+002 6.920000000e+002 2.814242165e-002 0.000000000e+000 0.000000000e+000 -2.814242164e-002 
d 6.000000000e+000 6.000000000e+000 0.000000000e+000 6.940000000e+002 6.940000000e+002 2.818591654e-002 0.000000000e+000 0.000000000e+000 -2.818591655e-002 
d 6.000000000e+000 6.000000000e+000 0.000000000e+000 6.960000000e+002 6.960000000e+002 2.823043954e-002 0.000000000e+000 0.000000000e+000 -2.823043955e-002 
d 6.000000000e+000 6.000000000e+000 0.000000000e+000 6.980000000e+002 6.980000000e+002 2.827601989e-002 0.000000000e+000 0.000000000e+000 -2.827601989e-002 
d 6.000000000e+000 6.000000000e+000 0.000000000e+000 7.000000000e+002 7.000000000e+002 2.832268804e-002 0.000000000e+000 0.000000000e+000 -2.832268803e-002 
d 6.000000000e+000 6.000000000e+000 0.000000000e+000 7.020000000e+002 7.020000000e+002 2.837047570e-002 0.000000000e+000 0.000000000e+000 -2.837047571e-002 
d 6.000000000e+000 6.000000000e+000 0.000000000e+000 7.040000000e+002 7.040000000e+002 2.841941602e-002 0.000000000e+000 0.000000000e+000 -2.841941601e-002 
d 6.000000000e+000 6.000000000e+000 0.000000000e+000 7.060000000e+002 7.060000000e+002 2.846954348e-002 0.000000000e+000 0.000000000e+000 -2.846954348e-002 
d 6.000000000e+000 6.000000000e+000 0.000000000e+000 7.080000000e+002 7.080000000e+002 2.852089412e-002 0.000000000e+000 0.000000000e+000 -2.852089412e-002 
d 6.000000000e+000 6.000000000e+000 0.000000000e+000 7.100000000e+002 7.100000000e+002 2.857350552e-002 0.000000000e+000 0.000000000e+000 -2.857350554e-002 
d 6.000000000e+000 6.000000000e+000 0.000000000e+000 7.120000000e+002 7.120000000e+002 2.862741698e-002 0.000000000e+000 0.000000000e+000 -2.862741698e-002 
d 6.000000000e+000 6.000000000e+000 0.000000000e+000 7.140000000e+002 7.140000000e+002 2.868266947e-002 0.000000000e+000 0.000000000e+000 -2.868266946e-002 
d 6.000000000e+000 6.000000000e+000 0.000000000e+000 7.160000000e+002 7.160000000e+002 2.873930580e-002 0.000000000e+000 0.000000000e+000 -2.873930580e-002 
d 6.000000000e+000 6.000000000e+000 0.000000000e+000 7.180000000e+002 7.180000000e+002 2.879737077e-002 0.000000000e+000 0.000000000e+000 -2.879737077e-002 
d 6.000000000e+000 6.000000000e+000 0.000000000e+000 7.200000000e+002 7.200000000e+002 2.885691119e-002 0.000000000e+000 0.000000000e+000 -2.885691119e-002 
d 6.000000000e+000 6.000000000e+000 0.000000000e+000 7.220000000e+002 7.220000000e+002 2.891797603e-002 0.000000000e+000 0.000000000e+000 -2.891797602e-002 
d 6.000000000e+000 6.000000000e+000 0.000000000e+000 7.240000000e+002 7.240000000e+002 2.898061650e-002 0.000000000e+000 0.000000000e+000 -2.898061650e-002 
d 6.000000000e+000 6.000000000e+000 0.000000000e+000 7.260000000e+002 7.260000000e+002 2.904488622e-002 0.000000000e+000 0.000000000e+000 -2.904488622e-002 
d 6.000000000e+000 6.000000000e+000 0.000000000e+000 7.280000000e+002 7.280000000e+002 2.911084181e-002 0.000000000e+000 0.000000000e+000 -2.911084181e-002 
d 6.000000000e+000 6.000000000e+000 0.000000000e+000 7.300000000e+002 7.300000000e+002 2.917854159e-002 0.000000000e+000 0.000000000e+000 -2.917854158e-002 
d 6.000000000e+000 6.000000000e+000 0.000000000e+000 7.320000000e+002 7.320000000e+002 2.924804673e-002 0.000000000e+000 0.000000000e+000 -2.924804672e-002 
d 6.000000000e+000 6.000000000e+000 0.000000000e+000 7.340000000e+002 7.340000000e+002 2.931942120e-002 0.000000000e+000 0.000000000e+000 -2.931942119e-002 
d 6.000000000e+000 6.000000000e+000 0.000000000e+000 7.360000000e+002 7.360000000e+002 2.939273163e-002 0.000000000e+000 0.000000000e+000 -2.939273162e-002 
d 6.000000000e+000 6.000000000e+000 0.000000000e+000 7.380000000e+002 7.380000000e+002 2.946804719e-002 0.000000000e+000 0.000000000e+000 -2.946804719e-002 
d 6.000000000e+000 6.000000000e+000 0.000000000e+000 7.400000000e+002 7.400000000e+002 2.954543958e-002 0.000000000e+000 0.000000000e+000 -2.954543958e-002 
d 6.000000000e+000 6.000000000e+000 0.000000000e+000 7.420000000e+002 7.420000000e+002 2.962498264e-002 0.000000000e+000 0.000000000e+000 -2.962498264e-002 
d 6.000000000e+000 6.000000000e+000 0.000000000e+000 7.440000000e+002 7.440000000e+002 2.970675218e-002 0.000000000e+000 0.000000000e+000 -2.970675218e-002 
d 6.000000000e+000 6.000000000e+000 0.000000000e+000 7.460000000e+002 7.460000000e+002 2.979082551e-002 0.000000000e+000 0.000000000e+000 -2.979082551e-002 
d 6.000000000e+000 6.000000000e+000 0.000000000e+000 7.480000000e+002 7.480000000e+002 2.987728100e-002 0.000000000e+000 0.000000000e+000 -2.987728100e-002 
d 6.000000000e+000 6.000000000e+000 0.000000000e+000 7.500000000e+002 7.500000000e+002 2.996619757e-002 0.000000000e+000 0.000000000e+000 -2.996619756e-002 
d 6.000000000e+000 6.000000000e+000 0.000000000e+000 7.520000000e+002 7.520000000e+002 3.005765410e-002 0.000000000e+000 0.000000000e+000 -3.005765409e-002 
d 6.000000000e+000 6.000000000e+000 0.000000000e+000 7.540000000e+002 7.540000000e+002 3.015172902e-002 0.000000000e+000 0.000000000e+000 -3.015172901e-002 
d 6.000000000e+000 6.000000000e+000 0.000000000e+000 7.560000000e+002 7.560000000e+002 3.024849988e-002 0.000000000e+000 0.000000000e+000 -3.024849988e-002 
d 6.000000000e+000 6.000000000e+000 0.000000000e+000 7.580000000e+002 7.580000000e+002 3.034804320e-002 0.000000000e+000 0.000000000e+000 -3.034804320e-002 
d 6.000000000e+000 6.000000000e+000 0.000000000e+000 7.600000000e+002 7.600000000e+002 3.045043453e-002 0.000000000e+000 0.000000000e+000 -3.045043452e-002 
d 6.000000000e+000 6.000000000e+000 0.000000000e+000 7.620000000e+002 7.620000000e+002 3.055574874e-002 0.000000000e+000 0.000000000e+000 -3.055574874e-002 
d 6.000000000e+000 6.000000000e+000 0.000000000e+000 7.640000000e+002 7.640000000e+002 3.066406077e-002 0.000000000e+000 0.000000000e+000 -3.066406076e-002 
d 6.000000000e+000 6.000000000e+000 0.000000000e+000 7.660000000e+002 7.660000000e+002 3.077544642e-002 0.000000000e+000 0.000000000e+000 -3.077544643e-002 
d 6.000000000e+000 6.000000000e+000 0.000000000e+000 7.680000000e+002 7.680000000e+002 3.088998365e-002 0.000000000e+000 0.000000000e+000 -3.088998365e-002 
d 6.000000000e+000 6.000000000e+000 0.000000000e+000 7.700000000e+002 7.700000000e+002 3.100775377e-002 0.000000000e+000 0.000000000e+000 -3.100775377e-002 
d 6.000000000e+000 6.000000000e+000 0.000000000e+000 7.720000000e+002 7.720000000e+002 3.112884295e-002 0.000000000e+000 0.000000000e+000 -3.112884295e-002 
d 6.000000000e+000 6.000000000e+000 0.000000000e+000 7.740000000e+002 7.740000000e+002 3.125334375e-002 0.000000000e+000 0.000000000e+000 -3.125334375e-002 
d 6.000000000e+000 6.000000000e+000 0.000000000e+000 7.760000000e+002 7.760000000e+002 3.138135758e-002 0.000000000e+000 0.000000000e+000 -3.138135758e-002 
d 6.000000000e+000 6.000000000e+000 0.000000000e+000 7.780000000e+002 7.780000000e+002 3.151299278e-002 0.000000000e+000 0.000000000e+000 -3.151299277e-002 
d 6.000000000e+000 6.000000000e+000 0.000000000e+000 7.800000000e+002 7.800000000e+002 3.164836919e-002 0.000000000e+000 0.000000000e+000 -3.164836920e-002 
d 6.000000000e+000 6.000000000e+000 0.000000000e+000 7.820000000e+002 7.820000000e+002 3.178761828e-002 0.000000000e+000 0.000000000e+000 -3.178761829e-002 
d 6.000000000e+000 6.000000000e+000 0.000000000e+000 7.840000000e+002 7.840000000e+002 3.193088395e-002 0.000000000e+000 0.000000000e+000 -3.193088396e-002 
d 6.000000000e+000 6.000000000e+000 0.000000000e+000 7.860000000e+002 7.860000000e+002 3.207832321e-002 0.000000000e+000 0.000000000e+000 -3.207832321e-002 
d 6.000000000e+000 6.000000000e+000 0.000000000e+000 7.880000000e+002 7.880000000e+002 3.223010641e-002 0.000000000e+000 0.000000000e+000 -3.223010641e-002 
d 6.000000000e+000 6.000000000e+000 0.000000000e+000 7.900000000e+002 7.900000000e+002 3.238641701e-002 0.000000000e+000 0.000000000e+000 -3.238641702e-002 
d 6.000000000e+000 6.000000000e+000 0.000000000e+000 7.920000000e+002 7.920000000e+002 3.254745075e-002 0.000000000e+000 0.000000000e+000 -3.254745074e-002 
d 6.000000000e+000 6.000000000e+000 0.000000000e+000 7.940000000e+002 7.940000000e+002 3.271341361e-002 0.000000000e+000 0.000000000e+000 -3.271341360e-002 
d 6.000000000e+000 6.000000000e+000 0.000000000e+000 7.960000000e+002 7.960000000e+002 3.288451901e-002 0.000000000e+000 0.000000000e+000 -3.288451901e-002 
d 6.000000000e+000 6.000000000e+000 0.000000000e+000 7.980000000e+002 7.980000000e+002 3.306098321e-002 0.000000000e+000 0.000000000e+000 -3.306098321e-002 
d 6.000000000e+000 6.000000000e+000 0.000000000e+000 8.000000000e+002 8.000000000e+002 3.324301691e-002 0.000000000e+000 0.000000000e+000 -3.324301691e-002 
d 6.000000000e+000 6.000000000e+000 0.000000000e+000 8.020000000e+002 8.020000000e+002 3.343080737e-002 0.000000000e+000 0.000000000e+000 -3.343080738e-002 
d 6.000000000e+000 6.000000000e+000 0.000000000e+000 8.040000000e+002 8.040000000e+002 3.362484717e-002 0.000000000e+000 0.000000000e+000 -3.362484718e-002 
d 6.000000000e+000 6.000000000e+000 0.000000000e+000 8.060000000e+002 8.060000000e+002 3.382467114e-002 0.000000000e+000 0.000000000e+000 -3.382467115e-002 
d 6.000000000e+000 6.000000000e+000 0.000000000e+000 8.080000000e+002 8.080000000e+002 3.403045929e-002 0.000000000e+000 0.000000000e+000 -3.403045930e-002 
d 6.000000000e+000 6.000000000e+000 0.000000000e+000 8.100000000e+002 8.100000000e+002 3.424236941e-002 0.000000000e+000 0.000000000e+000 -3.424236940e-002 
d 6.000000000e+000 6.000000000e+000 0.000000000e+000 8.120000000e+002 8.120000000e+002 3.446055202e-002 0.000000000e+000 0.000000000e+000 -3.446055203e-002 
d 6.000000000e+000 6.000000000e+000 0.000000000e+000 8.140000000e+002 8.140000000e+002 3.468518825e-002 0.000000000e+000 0.000000000e+000 -3.468518824e-002 
d 6.000000000e+000 6.000000000e+000 0.000000000e+000 8.160000000e+002 8.160000000e+002 3.491641261e-002 0.000000000e+000 0.000000000e+000 -3.491641262e-002 
d 6.000000000e+000 6.000000000e+000 0.000000000e+000 8.180000000e+002 8.180000000e+002 3.515434219e-002 0.000000000e+000 0.000000000e+000 -3.515434220e-002 
d 6.000000000e+000 6.000000000e+000 0.000000000e+000 8.200000000e+002 8.200000000e+002 3.539911755e-002 0.000000000e+000 0.000000000e+000 -3.539911755e-002 
d 6.000000000e+000 6.000000000e+000 0.000000000e+000 8.220000000e+002 8.220000000e+002 3.565088271e-002 0.000000000e+000 0.000000000e+000 -3.565088270e-002 
d 6.000000000e+000 6.000000000e+000 0.000000000e+000 8.240000000e+002 8.240000000e+002 3.590979022e-002 0.000000000e+000 0.000000000e+000 -3.590979022e-002 
d 6.000000000e+000 6.000000000e+000 0.000000000e+000 8.260000000e+002 8.260000000e+002 3.617598613e-002 0.000000000e+000 0.000000000e+000 -3.617598614e-002 
d 6.000000000e+000 6.000000000e+000 0.000000000e+000 8.280000000e+002 8.280000000e+002 3.644959222e-002 0.000000000e+000 0.000000000e+000 -3.644959221e-002 
d 6.000000000e+000 6.000000000e+000 0.000000000e+000 8.300000000e+002 8.300000000e+002 3.673061972e-002 0.000000000e+000 0.000000000e+000 -3.673061972e-002 
d 6.000000000e+000 6.000000000e+000 0.000000000e+000 8.320000000e+002 8.320000000e+002 3.701931950e-002 0.000000000e+000 0.000000000e+000 -3.701931949e-002 
d 6.000000000e+000 6.000000000e+000 0.000000000e+000 8.340000000e+002 8.340000000e+002 3.731602739e-002 0.000000000e+000 0.000000000e+000 -3.731602739e-002 
d 6.000000000e+000 6.000000000e+000 0.000000000e+000 8.360000000e+002 8.360000000e+002 3.762087709e-002 0.000000000e+000 0.000000000e+000 -3.762087709e-002 
d 6.000000000e+000 6.000000000e+000 0.000000000e+000 8.380000000e+002 8.380000000e+002 3.793385746e-002 0.000000000e+000 0.000000000e+000 -3.793385747e-002 
d 6.000000000e+000 6.000000000e+000 0.000000000e+000 8.400000000e+002 8.400000000e+002 3.825583053e-002 0.000000000e+000 0.000000000e+000 -3.825583053e-002 
d 6.000000000e+000 6.000000000e+000 0.000000000e+000 8.420000000e+002 8.420000000e+002 3.858722028e-002 0.000000000e+000 0.000000000e+000 -3.858722028e-002 
d 6.000000000e+000 6.000000000e+000 0.000000000e+000 8.440000000e+002 8.440000000e+002 3.892850555e-002 0.000000000e+000 0.000000000e+000 -3.892850556e-002 
d 6.000000000e+000 6.000000000e+000 0.000000000e+000 8.460000000e+002 8.460000000e+002 3.928022086e-002 0.000000000e+000 0.000000000e+000 -3.928022085e-002 
d 6.000000000e+000 6.000000000e+000 0.000000000e+000 8.480000000e+002 8.480000000e+002 3.964296300e-002 0.000000000e+000 0.000000000e+000 -3.964296300e-002 
d 6.000000000e+000 6.000000000e+000 0.000000000e+000 8.500000000e+002 8.500000000e+002 4.001740039e-002 0.000000000e+000 0.000000000e+000 -4.001740041e-002 
d 6.000000000e+000 6.000000000e+000 0.000000000e+000 8.520000000e+002 8.520000000e+002 4.040428419e-002 0.000000000e+000 0.000000000e+000 -4.040428421e-002 
d 6.000000000e+000 6.000000000e+000 0.000000000e+000 8.540000000e+002 8.540000000e+002 4.080446196e-002 0.000000000e+000 0.000000000e+000 -4.080446195e-002 
d 6.000000000e+000 6.000000000e+000 0.000000000e+000 8.560000000e+002 8.560000000e+002 4.121889459e-002 0.000000000e+000 0.000000000e+000 -4.121889460e-002 
d 6.000000000e+000 6.000000000e+000 0.000000000e+000 8.580000000e+002 8.580000000e+002 4.164867906e-002 0.000000000e+000 0.000000000e+000 -4.164867906e-002 
d 6.000000000e+000 6.000000000e+000 0.000000000e+000 8.600000000e+002 8.600000000e+002 4.209507902e-002 0.000000000e+000 0.000000000e+000 -4.209507901e-002 
d 6.000000000e+000 6.000000000e+000 0.000000000e+000 8.620000000e+002 8.620000000e+002 4.255956834e-002 0.000000000e+000 0.000000000e+000 -4.255956833e-002 
d 6.000000000e+000 6.000000000e+000 0.000000000e+000 8.640000000e+002 8.640000000e+002 4.304389337e-002 0.000000000e+000 0.000000000e+000 -4.304389338e-002 
d 6.000000000e+000 6.000000000e+000 0.000000000e+000 8.660000000e+002 8.660000000e+002 4.355016402e-002 0.000000000e+000 0.000000000e+000 -4.355016403e-002 
d 6.000000000e+000 6.000000000e+000 0.000000000e+000 8.680000000e+002 8.680000000e+002 4.408103786e-002 0.000000000e+000 0.000000000e+000 -4.408103786e-002 
d 6.000000000e+000 6.000000000e+000 0.000000000e+000 8.700000000e+002 8.700000000e+002 4.463968053e-002 0.000000000e+000 0.000000000e+000 -4.463968049e-002 
d 6.000000000e+000 6.000000000e+000 0.000000000e+000 8.720000000e+002 8.720000000e+002 4.523016936e-002 0.000000000e+000 0.000000000e+000 -4.523016937e-002 
d 6.000000000e+000 6.000000000e+000 0.000000000e+000 8.740000000e+002 8.740000000e+002 4.585768619e-002 0.000000000e+000 0.000000000e+000 -4.585768619e-002 
d 6.000000000e+000 6.000000000e+000 0.000000000e+000 8.760000000e+002 8.760000000e+002 4.652879397e-002 0.000000000e+000 0.000000000e+000 -4.652879398e-002 
d 6.000000000e+000 6.000000000e+000 0.000000000e+000 8.780000000e+002 8.780000000e+002 4.725172493e-002 0.000000000e+000 0.000000000e+000 -4.725172491e-002 
d 6.000000000e+000 6.000000000e+000 0.000000000e+000 8.800000000e+002 8.800000000e+002 4.803661851e-002 0.000000000e+000 0.000000000e+000 -4.803661851e-002 
d 6.000000000e+000 6.000000000e+000 0.000000000e+000 8.820000000e+002 8.820000000e+002 4.889561500e-002 0.000000000e+000 0.000000000e+000 -4.889561498e-002 
d 6.000000000e+000 6.000000000e+000 0.000000000e+000 8.840000000e+002 8.840000000e+002 4.984258744e-002 0.000000000e+000 0.000000000e+000 -4.984258745e-002 
d 6.000000000e+000 6.000000000e+000 0.000000000e+000 8.860000000e+002 8.860000000e+002 5.088841083e-002 0.000000000e+000 0.000000000e+000 -5.088841080e-002 
d 6.000000000e+000 6.000000000e+000 0.000000000e+000 8.880000000e+002 8.880000000e+002 5.204813963e-002 0.000000000e+000 0.000000000e+000 -5.204813961e-002 
d 6.000000000e+000 6.000000000e+000 0.000000000e+000 8.900000000e+002 8.900000000e+002 5.333721245e-002 0.000000000e+000 0.000000000e+000 -5.333721248e-002 
d 6.000000000e+000 6.000000000e+000 0.000000000e+000 8.920000000e+002 8.920000000e+002 5.476375680e-002 0.000000000e+000 0.000000000e+000 -5.476375678e-002 
d 6.000000000e+000 6.000000000e+000 0.000000000e+000 8.940000000e+002 8.940000000e+002 5.633242323e-002 0.000000000e+000 0.000000000e+000 -5.633242324e-002 
d 6.000000000e+000 6.000000000e+000 0.000000000e+000 8.960000000e+002 8.960000000e+002 5.804192164e-002 0.000000000e+000 0.000000000e+000 -5.804192166e-002 
d 6.000000000e+000 6.000000000e+000 0.000000000e+000 8.980000000e+002 8.980000000e+002 5.988365189e-002 0.000000000e+000 0.000000000e+000 -5.988365187e-002 
d 6.000000000e+000 6.000000000e+000 0.000000000e+000 9.000000000e+002 9.000000000e+002 6.184483454e-002 0.000000000e+000 0.000000000e+000 -6.184483453e-002 
d 6.000000000e+000 6.000000000e+000 0.000000000e+000 9.020000000e+002 9.020000000e+002 6.390898582e-002 0.000000000e+000 0.000000000e+000 -6.390898583e-002 
d 6.000000000e+000 6.000000000e+000 0.000000000e+000 9.040000000e+002 9.040000000e+002 6.605656517e-002 0.000000000e+000 0.000000000e+000 -6.605656516e-002 
d 6.000000000e+000 6.000000000e+000 0.000000000e+000 9.060000000e+002 9.060000000e+002 6.826587163e-002 0.000000000e+000 0.000000000e+000 -6.826587161e-002 
d 6.000000000e+000 6.000000000e+000 0.000000000e+000 9.080000000e+002 9.080000000e+002 7.051425792e-002 0.000000000e+000 0.000000000e+000 -7.051425792e-002 
d 6.000000000e+000 6.000000000e+000 0.000000000e+000 9.100000000e+002 9.100000000e+002 7.278673691e-002 0.000000000e+000 0.000000000e+000 -7.278673691e-002 
d 6.000000000e+000 6.000000000e+000 0.000000000e+000 9.120000000e+002 9.120000000e+002 7.506300892e-002 0.000000000e+000 0.000000000e+000 -7.506300890e-002 
d 6.000000000e+000 6.000000000e+000 0.000000000e+000 9.140000000e+002 9.140000000e+002 7.732334062e-002 0.000000000e+000 0.000000000e+000 -7.732334062e-002 
d 6.000000000e+000 6.000000000e+000 0.000000000e+000 9.160000000e+002 9.160000000e+002 7.956476838e-002 0.000000000e+000 0.000000000e+000 -7.956476838e-002 
d 6.000000000e+000 6.000000000e+000 0.000000000e+000 9.180000000e+002 9.180000000e+002 8.181572884e-002 0.000000000e+000 0.000000000e+000 -8.181572884e-002 
d 6.000000000e+000 6.000000000e+000 0.000000000e+000 9.200000000e+002 9.200000000e+002 8.414194925e-002 0.000000000e+000 0.000000000e+000 -8.414194925e-002 
d 6.000000000e+000 6.000000000e+000 0.000000000e+000 9.220000000e+002 9.220000000e+002 8.658837775e-002 0.000000000e+000 0.000000000e+000 -8.658837776e-002 
d 6.000000000e+000 6.000000000e+000 0.000000000e+000 9.240000000e+002 9.240000000e+002 8.915823004e-002 0.000000000e+000 0.000000000e+000 -8.915823008e-002 
d 6.000000000e+000 6.000000000e+000 0.000000000e+000 9.260000000e+002 9.260000000e+002 9.209352853e-002 0.000000000e+000 0.000000000e+000 -9.209352853e-002 
d 6.000000000e+000 6.000000000e+000 0.000000000e+000 9.280000000e+002 9.280000000e+002 9.712729009e-002 0.000000000e+000 0.000000000e+000 -9.712729009e-002 
d 6.000000000e+000 6.000000000e+000 0.000000000e+000 9.300000000e+002 9.300000000e+002 1.058371725e-001 0.000000000e+000 0.000000000e+000 -1.058371725e-001 
d 6.000000000e+000 6.000000000e+000 0.000000000e+000 9.320000000e+002 9.320000000e+002 1.115158421e-001 0.000000000e+000 0.000000000e+000 -1.115158421e-001 
d 6.000000000e+000 6.000000000e+000 0.000000000e+000 9.340000000e+002 9.340000000e+002 1.157169460e-001 0.000000000e+000 0.000000000e+000 -1.157169460e-001 
d 6.000000000e+000 6.000000000e+000 0.000000000e+000 9.360000000e+002 9.360000000e+002 1.192321233e-001 0.000000000e+000 0.000000000e+000 -1.192321233e-001 
d 6.000000000e+000 6.000000000e+000 0.000000000e+000 9.380000000e+002 9.380000000e+002 1.224988690e-001 0.000000000e+000 0.000000000e+000 -1.224988690e-001 
d 6.000000000e+000 6.000000000e+000 0.000000000e+000 9.400000000e+002 9.400000000e+002 1.257522275e-001 0.000000000e+000 0.000000000e+000 -1.257522275e-001 
d 6.000000000e+000 6.000000000e+000 0.000000000e+000 9.420000000e+002 9.420000000e+002 1.292580310e-001 0.000000000e+000 0.000000000e+000 -1.292580310e-001 
d 6.000000000e+000 6.000000000e+000 0.000000000e+000 9.440000000e+002 9.440000000e+002 1.331247800e-001 0.000000000e+000 0.000000000e+000 -1.331247800e-001 
d 6.000000000e+000 6.000000000e+000 0.000000000e+000 9.460000000e+002 9.460000000e+002 1.376039713e-001 0.000000000e+000 0.000000000e+000 -1.376039713e-001 
d 6.000000000e+000 6.000000000e+000 0.000000000e+000 9.480000000e+002 9.480000000e+002 1.428838381e-001 0.000000000e+000 0.000000000e+000 -1.428838381e-001 
d 6.000000000e+000 6.000000000e+000 0.000000000e+000 9.490000000e+002 9.490000000e+002 1.472022703e-001 0.000000000e+000 0.000000000e+000 -1.472022703e-001 
d 6.000000000e+000 6.000000000e+000 0.000000000e+000 9.492500000e+002 9.492500000e+002 1.498296138e-001 0.000000000e+000 0.000000000e+000 -1.498296138e-001 
