v ATLAS
# This file was created by ATLAS version 5.26.1.R on Tue Aug 05 22:11:19 2025.
#SSF 2.0 generic
##############################################################################
#                    Copyright (c) 1984 - 2018                               #
#                    Silvaco Inc. All rights reserved                        #
#                                                                            #
# This file format and the following Key are copyright Silvaco Inc.          #
# You may not use, this format or key without reproducing this message in    #
# full and obtaining express written permission from Silvaco Inc.            #
#                                                                            #
# To obtain such permission please contact: Silvaco Inc.                     #
#                                           support@silvaco.com              #
#                                                                            #
# KEY=SVC86hn7562asdx                       PROD=345                         #
##############################################################################
y 3 700 711 15
z 2.2 0.01 300
f 3 "gate" "drain" "source" 
p 9 2 601 20 3 602 21 4 603 22 
d 6.000000000e+000 6.000000000e+000 0.000000000e+000 5.000000000e+000 5.000000000e+000 2.644191469e-002 0.000000000e+000 0.000000000e+000 -2.644191469e-002 
d 6.000000000e+000 6.000000000e+000 0.000000000e+000 3.750000000e+000 3.750000000e+000 2.618642010e-002 0.000000000e+000 0.000000000e+000 -2.618642010e-002 
d 6.000000000e+000 6.000000000e+000 0.000000000e+000 2.500000000e+000 2.500000000e+000 2.334991882e-002 0.000000000e+000 0.000000000e+000 -2.334991882e-002 
d 6.000000000e+000 6.000000000e+000 0.000000000e+000 1.875000000e+000 1.875000000e+000 1.930567471e-002 0.000000000e+000 0.000000000e+000 -1.930567471e-002 
d 6.000000000e+000 6.000000000e+000 0.000000000e+000 1.250000000e+000 1.250000000e+000 1.405983542e-002 0.000000000e+000 0.000000000e+000 -1.405983542e-002 
d 6.000000000e+000 6.000000000e+000 0.000000000e+000 0.000000000e+000 0.000000000e+000 -1.101066436e-015 0.000000000e+000 0.000000000e+000 2.612284897e-016 
d 6.000000000e+000 6.000000000e+000 0.000000000e+000 1.000000000e+000 1.000000000e+000 1.164178323e-002 0.000000000e+000 0.000000000e+000 -1.164178323e-002 
d 6.000000000e+000 6.000000000e+000 0.000000000e+000 2.000000000e+000 2.000000000e+000 2.021794445e-002 0.000000000e+000 0.000000000e+000 -2.021794445e-002 
d 6.000000000e+000 6.000000000e+000 0.000000000e+000 4.000000000e+000 4.000000000e+000 2.626443829e-002 0.000000000e+000 0.000000000e+000 -2.626443829e-002 
d 6.000000000e+000 6.000000000e+000 0.000000000e+000 6.000000000e+000 6.000000000e+000 2.654942733e-002 0.000000000e+000 0.000000000e+000 -2.654942733e-002 
d 6.000000000e+000 6.000000000e+000 0.000000000e+000 8.000000000e+000 8.000000000e+000 2.661520011e-002 0.000000000e+000 0.000000000e+000 -2.661520011e-002 
d 6.000000000e+000 6.000000000e+000 0.000000000e+000 1.000000000e+001 1.000000000e+001 2.662017557e-002 0.000000000e+000 0.000000000e+000 -2.662017557e-002 
d 6.000000000e+000 6.000000000e+000 0.000000000e+000 1.200000000e+001 1.200000000e+001 2.662254848e-002 0.000000000e+000 0.000000000e+000 -2.662254848e-002 
d 6.000000000e+000 6.000000000e+000 0.000000000e+000 1.400000000e+001 1.400000000e+001 2.662447142e-002 0.000000000e+000 0.000000000e+000 -2.662447142e-002 
d 6.000000000e+000 6.000000000e+000 0.000000000e+000 1.600000000e+001 1.600000000e+001 2.662619575e-002 0.000000000e+000 0.000000000e+000 -2.662619575e-002 
d 6.000000000e+000 6.000000000e+000 0.000000000e+000 1.800000000e+001 1.800000000e+001 2.662777998e-002 0.000000000e+000 0.000000000e+000 -2.662777998e-002 
d 6.000000000e+000 6.000000000e+000 0.000000000e+000 2.000000000e+001 2.000000000e+001 2.662925737e-002 0.000000000e+000 0.000000000e+000 -2.662925737e-002 
d 6.000000000e+000 6.000000000e+000 0.000000000e+000 2.200000000e+001 2.200000000e+001 2.663064846e-002 0.000000000e+000 0.000000000e+000 -2.663064846e-002 
d 6.000000000e+000 6.000000000e+000 0.000000000e+000 2.400000000e+001 2.400000000e+001 2.663196838e-002 0.000000000e+000 0.000000000e+000 -2.663196838e-002 
d 6.000000000e+000 6.000000000e+000 0.000000000e+000 2.600000000e+001 2.600000000e+001 2.663322838e-002 0.000000000e+000 0.000000000e+000 -2.663322838e-002 
d 6.000000000e+000 6.000000000e+000 0.000000000e+000 2.800000000e+001 2.800000000e+001 2.663443513e-002 0.000000000e+000 0.000000000e+000 -2.663443513e-002 
d 6.000000000e+000 6.000000000e+000 0.000000000e+000 3.000000000e+001 3.000000000e+001 2.663559782e-002 0.000000000e+000 0.000000000e+000 -2.663559782e-002 
d 6.000000000e+000 6.000000000e+000 0.000000000e+000 3.200000000e+001 3.200000000e+001 2.663671993e-002 0.000000000e+000 0.000000000e+000 -2.663671993e-002 
d 6.000000000e+000 6.000000000e+000 0.000000000e+000 3.400000000e+001 3.400000000e+001 2.663781069e-002 0.000000000e+000 0.000000000e+000 -2.663781069e-002 
d 6.000000000e+000 6.000000000e+000 0.000000000e+000 3.600000000e+001 3.600000000e+001 2.663887338e-002 0.000000000e+000 0.000000000e+000 -2.663887338e-002 
d 6.000000000e+000 6.000000000e+000 0.000000000e+000 3.800000000e+001 3.800000000e+001 2.663991874e-002 0.000000000e+000 0.000000000e+000 -2.663991874e-002 
d 6.000000000e+000 6.000000000e+000 0.000000000e+000 4.000000000e+001 4.000000000e+001 2.664095156e-002 0.000000000e+000 0.000000000e+000 -2.664095156e-002 
d 6.000000000e+000 6.000000000e+000 0.000000000e+000 4.200000000e+001 4.200000000e+001 2.664197472e-002 0.000000000e+000 0.000000000e+000 -2.664197472e-002 
d 6.000000000e+000 6.000000000e+000 0.000000000e+000 4.400000000e+001 4.400000000e+001 2.664299596e-002 0.000000000e+000 0.000000000e+000 -2.664299596e-002 
d 6.000000000e+000 6.000000000e+000 0.000000000e+000 4.600000000e+001 4.600000000e+001 2.664400235e-002 0.000000000e+000 0.000000000e+000 -2.664400235e-002 
d 6.000000000e+000 6.000000000e+000 0.000000000e+000 4.800000000e+001 4.800000000e+001 2.664499838e-002 0.000000000e+000 0.000000000e+000 -2.664499838e-002 
d 6.000000000e+000 6.000000000e+000 0.000000000e+000 5.000000000e+001 5.000000000e+001 2.664598825e-002 0.000000000e+000 0.000000000e+000 -2.664598825e-002 
d 6.000000000e+000 6.000000000e+000 0.000000000e+000 5.200000000e+001 5.200000000e+001 2.664696182e-002 0.000000000e+000 0.000000000e+000 -2.664696182e-002 
d 6.000000000e+000 6.000000000e+000 0.000000000e+000 5.400000000e+001 5.400000000e+001 2.664791913e-002 0.000000000e+000 0.000000000e+000 -2.664791913e-002 
d 6.000000000e+000 6.000000000e+000 0.000000000e+000 5.600000000e+001 5.600000000e+001 2.664886573e-002 0.000000000e+000 0.000000000e+000 -2.664886573e-002 
d 6.000000000e+000 6.000000000e+000 0.000000000e+000 5.800000000e+001 5.800000000e+001 2.664978920e-002 0.000000000e+000 0.000000000e+000 -2.664978920e-002 
d 6.000000000e+000 6.000000000e+000 0.000000000e+000 6.000000000e+001 6.000000000e+001 2.665069063e-002 0.000000000e+000 0.000000000e+000 -2.665069063e-002 
d 6.000000000e+000 6.000000000e+000 0.000000000e+000 6.200000000e+001 6.200000000e+001 2.665158155e-002 0.000000000e+000 0.000000000e+000 -2.665158155e-002 
d 6.000000000e+000 6.000000000e+000 0.000000000e+000 6.400000000e+001 6.400000000e+001 2.665246302e-002 0.000000000e+000 0.000000000e+000 -2.665246302e-002 
d 6.000000000e+000 6.000000000e+000 0.000000000e+000 6.600000000e+001 6.600000000e+001 2.665327772e-002 0.000000000e+000 0.000000000e+000 -2.665327772e-002 
d 6.000000000e+000 6.000000000e+000 0.000000000e+000 6.800000000e+001 6.800000000e+001 2.665395348e-002 0.000000000e+000 0.000000000e+000 -2.665395348e-002 
d 6.000000000e+000 6.000000000e+000 0.000000000e+000 7.000000000e+001 7.000000000e+001 2.665463419e-002 0.000000000e+000 0.000000000e+000 -2.665463419e-002 
d 6.000000000e+000 6.000000000e+000 0.000000000e+000 7.200000000e+001 7.200000000e+001 2.665531522e-002 0.000000000e+000 0.000000000e+000 -2.665531522e-002 
d 6.000000000e+000 6.000000000e+000 0.000000000e+000 7.400000000e+001 7.400000000e+001 2.665598987e-002 0.000000000e+000 0.000000000e+000 -2.665598987e-002 
d 6.000000000e+000 6.000000000e+000 0.000000000e+000 7.600000000e+001 7.600000000e+001 2.665665416e-002 0.000000000e+000 0.000000000e+000 -2.665665415e-002 
d 6.000000000e+000 6.000000000e+000 0.000000000e+000 7.800000000e+001 7.800000000e+001 2.665731432e-002 0.000000000e+000 0.000000000e+000 -2.665731431e-002 
d 6.000000000e+000 6.000000000e+000 0.000000000e+000 8.000000000e+001 8.000000000e+001 2.665797147e-002 0.000000000e+000 0.000000000e+000 -2.665797147e-002 
d 6.000000000e+000 6.000000000e+000 0.000000000e+000 8.200000000e+001 8.200000000e+001 2.665862338e-002 0.000000000e+000 0.000000000e+000 -2.665862337e-002 
d 6.000000000e+000 6.000000000e+000 0.000000000e+000 8.400000000e+001 8.400000000e+001 2.665926449e-002 0.000000000e+000 0.000000000e+000 -2.665926449e-002 
d 6.000000000e+000 6.000000000e+000 0.000000000e+000 8.600000000e+001 8.600000000e+001 2.665989765e-002 0.000000000e+000 0.000000000e+000 -2.665989765e-002 
d 6.000000000e+000 6.000000000e+000 0.000000000e+000 8.800000000e+001 8.800000000e+001 2.666052743e-002 0.000000000e+000 0.000000000e+000 -2.666052743e-002 
d 6.000000000e+000 6.000000000e+000 0.000000000e+000 9.000000000e+001 9.000000000e+001 2.666115401e-002 0.000000000e+000 0.000000000e+000 -2.666115401e-002 
d 6.000000000e+000 6.000000000e+000 0.000000000e+000 9.200000000e+001 9.200000000e+001 2.666177525e-002 0.000000000e+000 0.000000000e+000 -2.666177525e-002 
d 6.000000000e+000 6.000000000e+000 0.000000000e+000 9.400000000e+001 9.400000000e+001 2.666238654e-002 0.000000000e+000 0.000000000e+000 -2.666238654e-002 
d 6.000000000e+000 6.000000000e+000 0.000000000e+000 9.600000000e+001 9.600000000e+001 2.666299050e-002 0.000000000e+000 0.000000000e+000 -2.666299050e-002 
d 6.000000000e+000 6.000000000e+000 0.000000000e+000 9.800000000e+001 9.800000000e+001 2.666359139e-002 0.000000000e+000 0.000000000e+000 -2.666359139e-002 
d 6.000000000e+000 6.000000000e+000 0.000000000e+000 1.000000000e+002 1.000000000e+002 2.666418968e-002 0.000000000e+000 0.000000000e+000 -2.666418968e-002 
d 6.000000000e+000 6.000000000e+000 0.000000000e+000 1.020000000e+002 1.020000000e+002 2.666478414e-002 0.000000000e+000 0.000000000e+000 -2.666478414e-002 
d 6.000000000e+000 6.000000000e+000 0.000000000e+000 1.040000000e+002 1.040000000e+002 2.666537145e-002 0.000000000e+000 0.000000000e+000 -2.666537145e-002 
d 6.000000000e+000 6.000000000e+000 0.000000000e+000 1.060000000e+002 1.060000000e+002 2.666595001e-002 0.000000000e+000 0.000000000e+000 -2.666595001e-002 
d 6.000000000e+000 6.000000000e+000 0.000000000e+000 1.080000000e+002 1.080000000e+002 2.666652455e-002 0.000000000e+000 0.000000000e+000 -2.666652455e-002 
d 6.000000000e+000 6.000000000e+000 0.000000000e+000 1.100000000e+002 1.100000000e+002 2.666709700e-002 0.000000000e+000 0.000000000e+000 -2.666709700e-002 
d 6.000000000e+000 6.000000000e+000 0.000000000e+000 1.120000000e+002 1.120000000e+002 2.666766707e-002 0.000000000e+000 0.000000000e+000 -2.666766707e-002 
d 6.000000000e+000 6.000000000e+000 0.000000000e+000 1.140000000e+002 1.140000000e+002 2.666823350e-002 0.000000000e+000 0.000000000e+000 -2.666823350e-002 
d 6.000000000e+000 6.000000000e+000 0.000000000e+000 1.160000000e+002 1.160000000e+002 2.666879331e-002 0.000000000e+000 0.000000000e+000 -2.666879331e-002 
d 6.000000000e+000 6.000000000e+000 0.000000000e+000 1.180000000e+002 1.180000000e+002 2.666934547e-002 0.000000000e+000 0.000000000e+000 -2.666934547e-002 
d 6.000000000e+000 6.000000000e+000 0.000000000e+000 1.200000000e+002 1.200000000e+002 2.666989411e-002 0.000000000e+000 0.000000000e+000 -2.666989412e-002 
d 6.000000000e+000 6.000000000e+000 0.000000000e+000 1.220000000e+002 1.220000000e+002 2.667044106e-002 0.000000000e+000 0.000000000e+000 -2.667044107e-002 
d 6.000000000e+000 6.000000000e+000 0.000000000e+000 1.240000000e+002 1.240000000e+002 2.667098614e-002 0.000000000e+000 0.000000000e+000 -2.667098615e-002 
d 6.000000000e+000 6.000000000e+000 0.000000000e+000 1.260000000e+002 1.260000000e+002 2.667152858e-002 0.000000000e+000 0.000000000e+000 -2.667152858e-002 
d 6.000000000e+000 6.000000000e+000 0.000000000e+000 1.280000000e+002 1.280000000e+002 2.667206651e-002 0.000000000e+000 0.000000000e+000 -2.667206651e-002 
d 6.000000000e+000 6.000000000e+000 0.000000000e+000 1.300000000e+002 1.300000000e+002 2.667259736e-002 0.000000000e+000 0.000000000e+000 -2.667259736e-002 
d 6.000000000e+000 6.000000000e+000 0.000000000e+000 1.320000000e+002 1.320000000e+002 2.667312308e-002 0.000000000e+000 0.000000000e+000 -2.667312308e-002 
d 6.000000000e+000 6.000000000e+000 0.000000000e+000 1.340000000e+002 1.340000000e+002 2.667364693e-002 0.000000000e+000 0.000000000e+000 -2.667364693e-002 
d 6.000000000e+000 6.000000000e+000 0.000000000e+000 1.360000000e+002 1.360000000e+002 2.667416945e-002 0.000000000e+000 0.000000000e+000 -2.667416945e-002 
d 6.000000000e+000 6.000000000e+000 0.000000000e+000 1.380000000e+002 1.380000000e+002 2.667469031e-002 0.000000000e+000 0.000000000e+000 -2.667469031e-002 
d 6.000000000e+000 6.000000000e+000 0.000000000e+000 1.400000000e+002 1.400000000e+002 2.667520881e-002 0.000000000e+000 0.000000000e+000 -2.667520881e-002 
d 6.000000000e+000 6.000000000e+000 0.000000000e+000 1.420000000e+002 1.420000000e+002 2.667572333e-002 0.000000000e+000 0.000000000e+000 -2.667572334e-002 
d 6.000000000e+000 6.000000000e+000 0.000000000e+000 1.440000000e+002 1.440000000e+002 2.667623165e-002 0.000000000e+000 0.000000000e+000 -2.667623165e-002 
d 6.000000000e+000 6.000000000e+000 0.000000000e+000 1.460000000e+002 1.460000000e+002 2.667673505e-002 0.000000000e+000 0.000000000e+000 -2.667673505e-002 
d 6.000000000e+000 6.000000000e+000 0.000000000e+000 1.480000000e+002 1.480000000e+002 2.667723673e-002 0.000000000e+000 0.000000000e+000 -2.667723673e-002 
d 6.000000000e+000 6.000000000e+000 0.000000000e+000 1.500000000e+002 1.500000000e+002 2.667773736e-002 0.000000000e+000 0.000000000e+000 -2.667773736e-002 
d 6.000000000e+000 6.000000000e+000 0.000000000e+000 1.520000000e+002 1.520000000e+002 2.667823676e-002 0.000000000e+000 0.000000000e+000 -2.667823676e-002 
d 6.000000000e+000 6.000000000e+000 0.000000000e+000 1.540000000e+002 1.540000000e+002 2.667873450e-002 0.000000000e+000 0.000000000e+000 -2.667873450e-002 
d 6.000000000e+000 6.000000000e+000 0.000000000e+000 1.560000000e+002 1.560000000e+002 2.667922970e-002 0.000000000e+000 0.000000000e+000 -2.667922970e-002 
d 6.000000000e+000 6.000000000e+000 0.000000000e+000 1.580000000e+002 1.580000000e+002 2.667972062e-002 0.000000000e+000 0.000000000e+000 -2.667972062e-002 
d 6.000000000e+000 6.000000000e+000 0.000000000e+000 1.600000000e+002 1.600000000e+002 2.668020584e-002 0.000000000e+000 0.000000000e+000 -2.668020584e-002 
d 6.000000000e+000 6.000000000e+000 0.000000000e+000 1.620000000e+002 1.620000000e+002 2.668068764e-002 0.000000000e+000 0.000000000e+000 -2.668068764e-002 
d 6.000000000e+000 6.000000000e+000 0.000000000e+000 1.640000000e+002 1.640000000e+002 2.668116840e-002 0.000000000e+000 0.000000000e+000 -2.668116840e-002 
d 6.000000000e+000 6.000000000e+000 0.000000000e+000 1.660000000e+002 1.660000000e+002 2.668164834e-002 0.000000000e+000 0.000000000e+000 -2.668164833e-002 
d 6.000000000e+000 6.000000000e+000 0.000000000e+000 1.680000000e+002 1.680000000e+002 2.668212727e-002 0.000000000e+000 0.000000000e+000 -2.668212727e-002 
d 6.000000000e+000 6.000000000e+000 0.000000000e+000 1.700000000e+002 1.700000000e+002 2.668260488e-002 0.000000000e+000 0.000000000e+000 -2.668260487e-002 
d 6.000000000e+000 6.000000000e+000 0.000000000e+000 1.720000000e+002 1.720000000e+002 2.668308050e-002 0.000000000e+000 0.000000000e+000 -2.668308050e-002 
d 6.000000000e+000 6.000000000e+000 0.000000000e+000 1.740000000e+002 1.740000000e+002 2.668355287e-002 0.000000000e+000 0.000000000e+000 -2.668355286e-002 
d 6.000000000e+000 6.000000000e+000 0.000000000e+000 1.760000000e+002 1.760000000e+002 2.668402029e-002 0.000000000e+000 0.000000000e+000 -2.668402030e-002 
d 6.000000000e+000 6.000000000e+000 0.000000000e+000 1.780000000e+002 1.780000000e+002 2.668448358e-002 0.000000000e+000 0.000000000e+000 -2.668448359e-002 
d 6.000000000e+000 6.000000000e+000 0.000000000e+000 1.800000000e+002 1.800000000e+002 2.668494558e-002 0.000000000e+000 0.000000000e+000 -2.668494558e-002 
d 6.000000000e+000 6.000000000e+000 0.000000000e+000 1.820000000e+002 1.820000000e+002 2.668540698e-002 0.000000000e+000 0.000000000e+000 -2.668540698e-002 
d 6.000000000e+000 6.000000000e+000 0.000000000e+000 1.840000000e+002 1.840000000e+002 2.668586772e-002 0.000000000e+000 0.000000000e+000 -2.668586772e-002 
d 6.000000000e+000 6.000000000e+000 0.000000000e+000 1.860000000e+002 1.860000000e+002 2.668632763e-002 0.000000000e+000 0.000000000e+000 -2.668632763e-002 
d 6.000000000e+000 6.000000000e+000 0.000000000e+000 1.880000000e+002 1.880000000e+002 2.668678638e-002 0.000000000e+000 0.000000000e+000 -2.668678639e-002 
d 6.000000000e+000 6.000000000e+000 0.000000000e+000 1.900000000e+002 1.900000000e+002 2.668724341e-002 0.000000000e+000 0.000000000e+000 -2.668724341e-002 
d 6.000000000e+000 6.000000000e+000 0.000000000e+000 1.920000000e+002 1.920000000e+002 2.668769759e-002 0.000000000e+000 0.000000000e+000 -2.668769759e-002 
d 6.000000000e+000 6.000000000e+000 0.000000000e+000 1.940000000e+002 1.940000000e+002 2.668814743e-002 0.000000000e+000 0.000000000e+000 -2.668814743e-002 
d 6.000000000e+000 6.000000000e+000 0.000000000e+000 1.960000000e+002 1.960000000e+002 2.668859343e-002 0.000000000e+000 0.000000000e+000 -2.668859343e-002 
d 6.000000000e+000 6.000000000e+000 0.000000000e+000 1.980000000e+002 1.980000000e+002 2.668903831e-002 0.000000000e+000 0.000000000e+000 -2.668903831e-002 
d 6.000000000e+000 6.000000000e+000 0.000000000e+000 2.000000000e+002 2.000000000e+002 2.668948286e-002 0.000000000e+000 0.000000000e+000 -2.668948286e-002 
d 6.000000000e+000 6.000000000e+000 0.000000000e+000 2.020000000e+002 2.020000000e+002 2.668992706e-002 0.000000000e+000 0.000000000e+000 -2.668992707e-002 
d 6.000000000e+000 6.000000000e+000 0.000000000e+000 2.040000000e+002 2.040000000e+002 2.669037084e-002 0.000000000e+000 0.000000000e+000 -2.669037084e-002 
d 6.000000000e+000 6.000000000e+000 0.000000000e+000 2.060000000e+002 2.060000000e+002 2.669081401e-002 0.000000000e+000 0.000000000e+000 -2.669081401e-002 
d 6.000000000e+000 6.000000000e+000 0.000000000e+000 2.080000000e+002 2.080000000e+002 2.669125628e-002 0.000000000e+000 0.000000000e+000 -2.669125628e-002 
d 6.000000000e+000 6.000000000e+000 0.000000000e+000 2.100000000e+002 2.100000000e+002 2.669169708e-002 0.000000000e+000 0.000000000e+000 -2.669169708e-002 
d 6.000000000e+000 6.000000000e+000 0.000000000e+000 2.120000000e+002 2.120000000e+002 2.669213535e-002 0.000000000e+000 0.000000000e+000 -2.669213534e-002 
d 6.000000000e+000 6.000000000e+000 0.000000000e+000 2.140000000e+002 2.140000000e+002 2.669256993e-002 0.000000000e+000 0.000000000e+000 -2.669256992e-002 
d 6.000000000e+000 6.000000000e+000 0.000000000e+000 2.160000000e+002 2.160000000e+002 2.669300195e-002 0.000000000e+000 0.000000000e+000 -2.669300194e-002 
d 6.000000000e+000 6.000000000e+000 0.000000000e+000 2.180000000e+002 2.180000000e+002 2.669343396e-002 0.000000000e+000 0.000000000e+000 -2.669343396e-002 
d 6.000000000e+000 6.000000000e+000 0.000000000e+000 2.200000000e+002 2.200000000e+002 2.669386666e-002 0.000000000e+000 0.000000000e+000 -2.669386667e-002 
d 6.000000000e+000 6.000000000e+000 0.000000000e+000 2.220000000e+002 2.220000000e+002 2.669430034e-002 0.000000000e+000 0.000000000e+000 -2.669430034e-002 
d 6.000000000e+000 6.000000000e+000 0.000000000e+000 2.240000000e+002 2.240000000e+002 2.669473538e-002 0.000000000e+000 0.000000000e+000 -2.669473538e-002 
d 6.000000000e+000 6.000000000e+000 0.000000000e+000 2.260000000e+002 2.260000000e+002 2.669517235e-002 0.000000000e+000 0.000000000e+000 -2.669517235e-002 
d 6.000000000e+000 6.000000000e+000 0.000000000e+000 2.280000000e+002 2.280000000e+002 2.669561204e-002 0.000000000e+000 0.000000000e+000 -2.669561204e-002 
d 6.000000000e+000 6.000000000e+000 0.000000000e+000 2.300000000e+002 2.300000000e+002 2.669605543e-002 0.000000000e+000 0.000000000e+000 -2.669605544e-002 
d 6.000000000e+000 6.000000000e+000 0.000000000e+000 2.320000000e+002 2.320000000e+002 2.669650305e-002 0.000000000e+000 0.000000000e+000 -2.669650305e-002 
d 6.000000000e+000 6.000000000e+000 0.000000000e+000 2.340000000e+002 2.340000000e+002 2.669695366e-002 0.000000000e+000 0.000000000e+000 -2.669695366e-002 
d 6.000000000e+000 6.000000000e+000 0.000000000e+000 2.360000000e+002 2.360000000e+002 2.669740477e-002 0.000000000e+000 0.000000000e+000 -2.669740477e-002 
d 6.000000000e+000 6.000000000e+000 0.000000000e+000 2.380000000e+002 2.380000000e+002 2.669785632e-002 0.000000000e+000 0.000000000e+000 -2.669785633e-002 
d 6.000000000e+000 6.000000000e+000 0.000000000e+000 2.400000000e+002 2.400000000e+002 2.669830865e-002 0.000000000e+000 0.000000000e+000 -2.669830865e-002 
d 6.000000000e+000 6.000000000e+000 0.000000000e+000 2.420000000e+002 2.420000000e+002 2.669876125e-002 0.000000000e+000 0.000000000e+000 -2.669876125e-002 
d 6.000000000e+000 6.000000000e+000 0.000000000e+000 2.440000000e+002 2.440000000e+002 2.669921382e-002 0.000000000e+000 0.000000000e+000 -2.669921383e-002 
d 6.000000000e+000 6.000000000e+000 0.000000000e+000 2.460000000e+002 2.460000000e+002 2.669966621e-002 0.000000000e+000 0.000000000e+000 -2.669966621e-002 
d 6.000000000e+000 6.000000000e+000 0.000000000e+000 2.480000000e+002 2.480000000e+002 2.670011824e-002 0.000000000e+000 0.000000000e+000 -2.670011824e-002 
d 6.000000000e+000 6.000000000e+000 0.000000000e+000 2.500000000e+002 2.500000000e+002 2.670056975e-002 0.000000000e+000 0.000000000e+000 -2.670056975e-002 
d 6.000000000e+000 6.000000000e+000 0.000000000e+000 2.520000000e+002 2.520000000e+002 2.670102042e-002 0.000000000e+000 0.000000000e+000 -2.670102042e-002 
d 6.000000000e+000 6.000000000e+000 0.000000000e+000 2.540000000e+002 2.540000000e+002 2.670146972e-002 0.000000000e+000 0.000000000e+000 -2.670146973e-002 
d 6.000000000e+000 6.000000000e+000 0.000000000e+000 2.560000000e+002 2.560000000e+002 2.670191672e-002 0.000000000e+000 0.000000000e+000 -2.670191673e-002 
d 6.000000000e+000 6.000000000e+000 0.000000000e+000 2.580000000e+002 2.580000000e+002 2.670236025e-002 0.000000000e+000 0.000000000e+000 -2.670236025e-002 
d 6.000000000e+000 6.000000000e+000 0.000000000e+000 2.600000000e+002 2.600000000e+002 2.670280079e-002 0.000000000e+000 0.000000000e+000 -2.670280079e-002 
d 6.000000000e+000 6.000000000e+000 0.000000000e+000 2.620000000e+002 2.620000000e+002 2.670324083e-002 0.000000000e+000 0.000000000e+000 -2.670324083e-002 
d 6.000000000e+000 6.000000000e+000 0.000000000e+000 2.640000000e+002 2.640000000e+002 2.670368106e-002 0.000000000e+000 0.000000000e+000 -2.670368106e-002 
d 6.000000000e+000 6.000000000e+000 0.000000000e+000 2.660000000e+002 2.660000000e+002 2.670412153e-002 0.000000000e+000 0.000000000e+000 -2.670412153e-002 
d 6.000000000e+000 6.000000000e+000 0.000000000e+000 2.680000000e+002 2.680000000e+002 2.670456223e-002 0.000000000e+000 0.000000000e+000 -2.670456223e-002 
d 6.000000000e+000 6.000000000e+000 0.000000000e+000 2.700000000e+002 2.700000000e+002 2.670500311e-002 0.000000000e+000 0.000000000e+000 -2.670500311e-002 
d 6.000000000e+000 6.000000000e+000 0.000000000e+000 2.720000000e+002 2.720000000e+002 2.670544413e-002 0.000000000e+000 0.000000000e+000 -2.670544412e-002 
d 6.000000000e+000 6.000000000e+000 0.000000000e+000 2.740000000e+002 2.740000000e+002 2.670588515e-002 0.000000000e+000 0.000000000e+000 -2.670588515e-002 
d 6.000000000e+000 6.000000000e+000 0.000000000e+000 2.760000000e+002 2.760000000e+002 2.670632600e-002 0.000000000e+000 0.000000000e+000 -2.670632601e-002 
d 6.000000000e+000 6.000000000e+000 0.000000000e+000 2.780000000e+002 2.780000000e+002 2.670676635e-002 0.000000000e+000 0.000000000e+000 -2.670676635e-002 
d 6.000000000e+000 6.000000000e+000 0.000000000e+000 2.800000000e+002 2.800000000e+002 2.670720550e-002 0.000000000e+000 0.000000000e+000 -2.670720550e-002 
d 6.000000000e+000 6.000000000e+000 0.000000000e+000 2.820000000e+002 2.820000000e+002 2.670764246e-002 0.000000000e+000 0.000000000e+000 -2.670764245e-002 
d 6.000000000e+000 6.000000000e+000 0.000000000e+000 2.840000000e+002 2.840000000e+002 2.670807660e-002 0.000000000e+000 0.000000000e+000 -2.670807660e-002 
d 6.000000000e+000 6.000000000e+000 0.000000000e+000 2.860000000e+002 2.860000000e+002 2.670850997e-002 0.000000000e+000 0.000000000e+000 -2.670850997e-002 
d 6.000000000e+000 6.000000000e+000 0.000000000e+000 2.880000000e+002 2.880000000e+002 2.670894413e-002 0.000000000e+000 0.000000000e+000 -2.670894414e-002 
d 6.000000000e+000 6.000000000e+000 0.000000000e+000 2.900000000e+002 2.900000000e+002 2.670937932e-002 0.000000000e+000 0.000000000e+000 -2.670937932e-002 
d 6.000000000e+000 6.000000000e+000 0.000000000e+000 2.920000000e+002 2.920000000e+002 2.670981559e-002 0.000000000e+000 0.000000000e+000 -2.670981559e-002 
d 6.000000000e+000 6.000000000e+000 0.000000000e+000 2.940000000e+002 2.940000000e+002 2.671025299e-002 0.000000000e+000 0.000000000e+000 -2.671025299e-002 
d 6.000000000e+000 6.000000000e+000 0.000000000e+000 2.960000000e+002 2.960000000e+002 2.671069156e-002 0.000000000e+000 0.000000000e+000 -2.671069155e-002 
d 6.000000000e+000 6.000000000e+000 0.000000000e+000 2.980000000e+002 2.980000000e+002 2.671113129e-002 0.000000000e+000 0.000000000e+000 -2.671113129e-002 
d 6.000000000e+000 6.000000000e+000 0.000000000e+000 3.000000000e+002 3.000000000e+002 2.671157218e-002 0.000000000e+000 0.000000000e+000 -2.671157218e-002 
d 6.000000000e+000 6.000000000e+000 0.000000000e+000 3.020000000e+002 3.020000000e+002 2.671201417e-002 0.000000000e+000 0.000000000e+000 -2.671201416e-002 
d 6.000000000e+000 6.000000000e+000 0.000000000e+000 3.040000000e+002 3.040000000e+002 2.671245704e-002 0.000000000e+000 0.000000000e+000 -2.671245704e-002 
d 6.000000000e+000 6.000000000e+000 0.000000000e+000 3.060000000e+002 3.060000000e+002 2.671290040e-002 0.000000000e+000 0.000000000e+000 -2.671290041e-002 
d 6.000000000e+000 6.000000000e+000 0.000000000e+000 3.080000000e+002 3.080000000e+002 2.671334351e-002 0.000000000e+000 0.000000000e+000 -2.671334350e-002 
d 6.000000000e+000 6.000000000e+000 0.000000000e+000 3.100000000e+002 3.100000000e+002 2.671378540e-002 0.000000000e+000 0.000000000e+000 -2.671378540e-002 
d 6.000000000e+000 6.000000000e+000 0.000000000e+000 3.120000000e+002 3.120000000e+002 2.671422682e-002 0.000000000e+000 0.000000000e+000 -2.671422682e-002 
d 6.000000000e+000 6.000000000e+000 0.000000000e+000 3.140000000e+002 3.140000000e+002 2.671467018e-002 0.000000000e+000 0.000000000e+000 -2.671467018e-002 
d 6.000000000e+000 6.000000000e+000 0.000000000e+000 3.160000000e+002 3.160000000e+002 2.671511621e-002 0.000000000e+000 0.000000000e+000 -2.671511621e-002 
d 6.000000000e+000 6.000000000e+000 0.000000000e+000 3.180000000e+002 3.180000000e+002 2.671556509e-002 0.000000000e+000 0.000000000e+000 -2.671556509e-002 
d 6.000000000e+000 6.000000000e+000 0.000000000e+000 3.200000000e+002 3.200000000e+002 2.671601702e-002 0.000000000e+000 0.000000000e+000 -2.671601702e-002 
d 6.000000000e+000 6.000000000e+000 0.000000000e+000 3.220000000e+002 3.220000000e+002 2.671647213e-002 0.000000000e+000 0.000000000e+000 -2.671647213e-002 
d 6.000000000e+000 6.000000000e+000 0.000000000e+000 3.240000000e+002 3.240000000e+002 2.671693060e-002 0.000000000e+000 0.000000000e+000 -2.671693059e-002 
d 6.000000000e+000 6.000000000e+000 0.000000000e+000 3.260000000e+002 3.260000000e+002 2.671739254e-002 0.000000000e+000 0.000000000e+000 -2.671739255e-002 
d 6.000000000e+000 6.000000000e+000 0.000000000e+000 3.280000000e+002 3.280000000e+002 2.671785812e-002 0.000000000e+000 0.000000000e+000 -2.671785812e-002 
d 6.000000000e+000 6.000000000e+000 0.000000000e+000 3.300000000e+002 3.300000000e+002 2.671832739e-002 0.000000000e+000 0.000000000e+000 -2.671832739e-002 
d 6.000000000e+000 6.000000000e+000 0.000000000e+000 3.320000000e+002 3.320000000e+002 2.671880037e-002 0.000000000e+000 0.000000000e+000 -2.671880038e-002 
d 6.000000000e+000 6.000000000e+000 0.000000000e+000 3.340000000e+002 3.340000000e+002 2.671927694e-002 0.000000000e+000 0.000000000e+000 -2.671927694e-002 
d 6.000000000e+000 6.000000000e+000 0.000000000e+000 3.360000000e+002 3.360000000e+002 2.671975661e-002 0.000000000e+000 0.000000000e+000 -2.671975662e-002 
d 6.000000000e+000 6.000000000e+000 0.000000000e+000 3.380000000e+002 3.380000000e+002 2.672023863e-002 0.000000000e+000 0.000000000e+000 -2.672023862e-002 
d 6.000000000e+000 6.000000000e+000 0.000000000e+000 3.400000000e+002 3.400000000e+002 2.672072244e-002 0.000000000e+000 0.000000000e+000 -2.672072244e-002 
d 6.000000000e+000 6.000000000e+000 0.000000000e+000 3.420000000e+002 3.420000000e+002 2.672121025e-002 0.000000000e+000 0.000000000e+000 -2.672121025e-002 
d 6.000000000e+000 6.000000000e+000 0.000000000e+000 3.440000000e+002 3.440000000e+002 2.672170406e-002 0.000000000e+000 0.000000000e+000 -2.672170406e-002 
d 6.000000000e+000 6.000000000e+000 0.000000000e+000 3.460000000e+002 3.460000000e+002 2.672220441e-002 0.000000000e+000 0.000000000e+000 -2.672220440e-002 
d 6.000000000e+000 6.000000000e+000 0.000000000e+000 3.480000000e+002 3.480000000e+002 2.672271167e-002 0.000000000e+000 0.000000000e+000 -2.672271167e-002 
d 6.000000000e+000 6.000000000e+000 0.000000000e+000 3.500000000e+002 3.500000000e+002 2.672322622e-002 0.000000000e+000 0.000000000e+000 -2.672322622e-002 
d 6.000000000e+000 6.000000000e+000 0.000000000e+000 3.520000000e+002 3.520000000e+002 2.672374843e-002 0.000000000e+000 0.000000000e+000 -2.672374844e-002 
d 6.000000000e+000 6.000000000e+000 0.000000000e+000 3.540000000e+002 3.540000000e+002 2.672427869e-002 0.000000000e+000 0.000000000e+000 -2.672427869e-002 
d 6.000000000e+000 6.000000000e+000 0.000000000e+000 3.560000000e+002 3.560000000e+002 2.672481735e-002 0.000000000e+000 0.000000000e+000 -2.672481735e-002 
d 6.000000000e+000 6.000000000e+000 0.000000000e+000 3.580000000e+002 3.580000000e+002 2.672536478e-002 0.000000000e+000 0.000000000e+000 -2.672536478e-002 
d 6.000000000e+000 6.000000000e+000 0.000000000e+000 3.600000000e+002 3.600000000e+002 2.672592131e-002 0.000000000e+000 0.000000000e+000 -2.672592132e-002 
d 6.000000000e+000 6.000000000e+000 0.000000000e+000 3.620000000e+002 3.620000000e+002 2.672648725e-002 0.000000000e+000 0.000000000e+000 -2.672648726e-002 
d 6.000000000e+000 6.000000000e+000 0.000000000e+000 3.640000000e+002 3.640000000e+002 2.672706278e-002 0.000000000e+000 0.000000000e+000 -2.672706278e-002 
d 6.000000000e+000 6.000000000e+000 0.000000000e+000 3.660000000e+002 3.660000000e+002 2.672764784e-002 0.000000000e+000 0.000000000e+000 -2.672764784e-002 
d 6.000000000e+000 6.000000000e+000 0.000000000e+000 3.680000000e+002 3.680000000e+002 2.672824198e-002 0.000000000e+000 0.000000000e+000 -2.672824198e-002 
d 6.000000000e+000 6.000000000e+000 0.000000000e+000 3.700000000e+002 3.700000000e+002 2.672884437e-002 0.000000000e+000 0.000000000e+000 -2.672884436e-002 
d 6.000000000e+000 6.000000000e+000 0.000000000e+000 3.720000000e+002 3.720000000e+002 2.672945511e-002 0.000000000e+000 0.000000000e+000 -2.672945511e-002 
d 6.000000000e+000 6.000000000e+000 0.000000000e+000 3.740000000e+002 3.740000000e+002 2.673007762e-002 0.000000000e+000 0.000000000e+000 -2.673007762e-002 
d 6.000000000e+000 6.000000000e+000 0.000000000e+000 3.760000000e+002 3.760000000e+002 2.673071389e-002 0.000000000e+000 0.000000000e+000 -2.673071389e-002 
d 6.000000000e+000 6.000000000e+000 0.000000000e+000 3.780000000e+002 3.780000000e+002 2.673136474e-002 0.000000000e+000 0.000000000e+000 -2.673136473e-002 
d 6.000000000e+000 6.000000000e+000 0.000000000e+000 3.800000000e+002 3.800000000e+002 2.673203088e-002 0.000000000e+000 0.000000000e+000 -2.673203088e-002 
d 6.000000000e+000 6.000000000e+000 0.000000000e+000 3.820000000e+002 3.820000000e+002 2.673271305e-002 0.000000000e+000 0.000000000e+000 -2.673271305e-002 
d 6.000000000e+000 6.000000000e+000 0.000000000e+000 3.840000000e+002 3.840000000e+002 2.673341200e-002 0.000000000e+000 0.000000000e+000 -2.673341201e-002 
d 6.000000000e+000 6.000000000e+000 0.000000000e+000 3.860000000e+002 3.860000000e+002 2.673412849e-002 0.000000000e+000 0.000000000e+000 -2.673412848e-002 
d 6.000000000e+000 6.000000000e+000 0.000000000e+000 3.880000000e+002 3.880000000e+002 2.673486325e-002 0.000000000e+000 0.000000000e+000 -2.673486325e-002 
d 6.000000000e+000 6.000000000e+000 0.000000000e+000 3.900000000e+002 3.900000000e+002 2.673561705e-002 0.000000000e+000 0.000000000e+000 -2.673561706e-002 
d 6.000000000e+000 6.000000000e+000 0.000000000e+000 3.920000000e+002 3.920000000e+002 2.673639066e-002 0.000000000e+000 0.000000000e+000 -2.673639067e-002 
d 6.000000000e+000 6.000000000e+000 0.000000000e+000 3.940000000e+002 3.940000000e+002 2.673718480e-002 0.000000000e+000 0.000000000e+000 -2.673718480e-002 
d 6.000000000e+000 6.000000000e+000 0.000000000e+000 3.960000000e+002 3.960000000e+002 2.673800010e-002 0.000000000e+000 0.000000000e+000 -2.673800010e-002 
d 6.000000000e+000 6.000000000e+000 0.000000000e+000 3.980000000e+002 3.980000000e+002 2.673883705e-002 0.000000000e+000 0.000000000e+000 -2.673883705e-002 
d 6.000000000e+000 6.000000000e+000 0.000000000e+000 4.000000000e+002 4.000000000e+002 2.673969580e-002 0.000000000e+000 0.000000000e+000 -2.673969580e-002 
d 6.000000000e+000 6.000000000e+000 0.000000000e+000 4.020000000e+002 4.020000000e+002 2.674057593e-002 0.000000000e+000 0.000000000e+000 -2.674057592e-002 
d 6.000000000e+000 6.000000000e+000 0.000000000e+000 4.040000000e+002 4.040000000e+002 2.674147633e-002 0.000000000e+000 0.000000000e+000 -2.674147633e-002 
d 6.000000000e+000 6.000000000e+000 0.000000000e+000 4.060000000e+002 4.060000000e+002 2.674239734e-002 0.000000000e+000 0.000000000e+000 -2.674239734e-002 
d 6.000000000e+000 6.000000000e+000 0.000000000e+000 4.080000000e+002 4.080000000e+002 2.674334407e-002 0.000000000e+000 0.000000000e+000 -2.674334407e-002 
d 6.000000000e+000 6.000000000e+000 0.000000000e+000 4.100000000e+002 4.100000000e+002 2.674431963e-002 0.000000000e+000 0.000000000e+000 -2.674431963e-002 
d 6.000000000e+000 6.000000000e+000 0.000000000e+000 4.120000000e+002 4.120000000e+002 2.674532548e-002 0.000000000e+000 0.000000000e+000 -2.674532548e-002 
d 6.000000000e+000 6.000000000e+000 0.000000000e+000 4.140000000e+002 4.140000000e+002 2.674636294e-002 0.000000000e+000 0.000000000e+000 -2.674636294e-002 
d 6.000000000e+000 6.000000000e+000 0.000000000e+000 4.160000000e+002 4.160000000e+002 2.674743337e-002 0.000000000e+000 0.000000000e+000 -2.674743336e-002 
d 6.000000000e+000 6.000000000e+000 0.000000000e+000 4.180000000e+002 4.180000000e+002 2.674853810e-002 0.000000000e+000 0.000000000e+000 -2.674853811e-002 
d 6.000000000e+000 6.000000000e+000 0.000000000e+000 4.200000000e+002 4.200000000e+002 2.674967855e-002 0.000000000e+000 0.000000000e+000 -2.674967855e-002 
d 6.000000000e+000 6.000000000e+000 0.000000000e+000 4.220000000e+002 4.220000000e+002 2.675085609e-002 0.000000000e+000 0.000000000e+000 -2.675085609e-002 
d 6.000000000e+000 6.000000000e+000 0.000000000e+000 4.240000000e+002 4.240000000e+002 2.675207214e-002 0.000000000e+000 0.000000000e+000 -2.675207214e-002 
d 6.000000000e+000 6.000000000e+000 0.000000000e+000 4.260000000e+002 4.260000000e+002 2.675332810e-002 0.000000000e+000 0.000000000e+000 -2.675332810e-002 
d 6.000000000e+000 6.000000000e+000 0.000000000e+000 4.280000000e+002 4.280000000e+002 2.675462538e-002 0.000000000e+000 0.000000000e+000 -2.675462539e-002 
d 6.000000000e+000 6.000000000e+000 0.000000000e+000 4.300000000e+002 4.300000000e+002 2.675596536e-002 0.000000000e+000 0.000000000e+000 -2.675596536e-002 
d 6.000000000e+000 6.000000000e+000 0.000000000e+000 4.320000000e+002 4.320000000e+002 2.675734929e-002 0.000000000e+000 0.000000000e+000 -2.675734928e-002 
d 6.000000000e+000 6.000000000e+000 0.000000000e+000 4.340000000e+002 4.340000000e+002 2.675877815e-002 0.000000000e+000 0.000000000e+000 -2.675877816e-002 
d 6.000000000e+000 6.000000000e+000 0.000000000e+000 4.360000000e+002 4.360000000e+002 2.676025256e-002 0.000000000e+000 0.000000000e+000 -2.676025257e-002 
d 6.000000000e+000 6.000000000e+000 0.000000000e+000 4.380000000e+002 4.380000000e+002 2.676177219e-002 0.000000000e+000 0.000000000e+000 -2.676177220e-002 
d 6.000000000e+000 6.000000000e+000 0.000000000e+000 4.400000000e+002 4.400000000e+002 2.676333554e-002 0.000000000e+000 0.000000000e+000 -2.676333554e-002 
d 6.000000000e+000 6.000000000e+000 0.000000000e+000 4.420000000e+002 4.420000000e+002 2.676494115e-002 0.000000000e+000 0.000000000e+000 -2.676494115e-002 
d 6.000000000e+000 6.000000000e+000 0.000000000e+000 4.440000000e+002 4.440000000e+002 2.676659550e-002 0.000000000e+000 0.000000000e+000 -2.676659550e-002 
d 6.000000000e+000 6.000000000e+000 0.000000000e+000 4.460000000e+002 4.460000000e+002 2.676830603e-002 0.000000000e+000 0.000000000e+000 -2.676830602e-002 
d 6.000000000e+000 6.000000000e+000 0.000000000e+000 4.480000000e+002 4.480000000e+002 2.677007561e-002 0.000000000e+000 0.000000000e+000 -2.677007562e-002 
d 6.000000000e+000 6.000000000e+000 0.000000000e+000 4.500000000e+002 4.500000000e+002 2.677190655e-002 0.000000000e+000 0.000000000e+000 -2.677190656e-002 
d 6.000000000e+000 6.000000000e+000 0.000000000e+000 4.520000000e+002 4.520000000e+002 2.677380114e-002 0.000000000e+000 0.000000000e+000 -2.677380114e-002 
d 6.000000000e+000 6.000000000e+000 0.000000000e+000 4.540000000e+002 4.540000000e+002 2.677576163e-002 0.000000000e+000 0.000000000e+000 -2.677576163e-002 
d 6.000000000e+000 6.000000000e+000 0.000000000e+000 4.560000000e+002 4.560000000e+002 2.677779035e-002 0.000000000e+000 0.000000000e+000 -2.677779035e-002 
d 6.000000000e+000 6.000000000e+000 0.000000000e+000 4.580000000e+002 4.580000000e+002 2.677988961e-002 0.000000000e+000 0.000000000e+000 -2.677988962e-002 
d 6.000000000e+000 6.000000000e+000 0.000000000e+000 4.600000000e+002 4.600000000e+002 2.678206178e-002 0.000000000e+000 0.000000000e+000 -2.678206178e-002 
d 6.000000000e+000 6.000000000e+000 0.000000000e+000 4.620000000e+002 4.620000000e+002 2.678430916e-002 0.000000000e+000 0.000000000e+000 -2.678430917e-002 
d 6.000000000e+000 6.000000000e+000 0.000000000e+000 4.640000000e+002 4.640000000e+002 2.678663411e-002 0.000000000e+000 0.000000000e+000 -2.678663410e-002 
d 6.000000000e+000 6.000000000e+000 0.000000000e+000 4.660000000e+002 4.660000000e+002 2.678903891e-002 0.000000000e+000 0.000000000e+000 -2.678903891e-002 
d 6.000000000e+000 6.000000000e+000 0.000000000e+000 4.680000000e+002 4.680000000e+002 2.679152584e-002 0.000000000e+000 0.000000000e+000 -2.679152583e-002 
d 6.000000000e+000 6.000000000e+000 0.000000000e+000 4.700000000e+002 4.700000000e+002 2.679409702e-002 0.000000000e+000 0.000000000e+000 -2.679409703e-002 
d 6.000000000e+000 6.000000000e+000 0.000000000e+000 4.720000000e+002 4.720000000e+002 2.679675446e-002 0.000000000e+000 0.000000000e+000 -2.679675445e-002 
d 6.000000000e+000 6.000000000e+000 0.000000000e+000 4.740000000e+002 4.740000000e+002 2.679949970e-002 0.000000000e+000 0.000000000e+000 -2.679949969e-002 
d 6.000000000e+000 6.000000000e+000 0.000000000e+000 4.760000000e+002 4.760000000e+002 2.680233363e-002 0.000000000e+000 0.000000000e+000 -2.680233364e-002 
d 6.000000000e+000 6.000000000e+000 0.000000000e+000 4.780000000e+002 4.780000000e+002 2.680525594e-002 0.000000000e+000 0.000000000e+000 -2.680525593e-002 
d 6.000000000e+000 6.000000000e+000 0.000000000e+000 4.800000000e+002 4.800000000e+002 2.680826433e-002 0.000000000e+000 0.000000000e+000 -2.680826433e-002 
d 6.000000000e+000 6.000000000e+000 0.000000000e+000 4.820000000e+002 4.820000000e+002 2.681135456e-002 0.000000000e+000 0.000000000e+000 -2.681135456e-002 
d 6.000000000e+000 6.000000000e+000 0.000000000e+000 4.840000000e+002 4.840000000e+002 2.681452905e-002 0.000000000e+000 0.000000000e+000 -2.681452907e-002 
d 6.000000000e+000 6.000000000e+000 0.000000000e+000 4.860000000e+002 4.860000000e+002 2.681780379e-002 0.000000000e+000 0.000000000e+000 -2.681780379e-002 
d 6.000000000e+000 6.000000000e+000 0.000000000e+000 4.880000000e+002 4.880000000e+002 2.682118636e-002 0.000000000e+000 0.000000000e+000 -2.682118636e-002 
d 6.000000000e+000 6.000000000e+000 0.000000000e+000 4.900000000e+002 4.900000000e+002 2.682468027e-002 0.000000000e+000 0.000000000e+000 -2.682468028e-002 
d 6.000000000e+000 6.000000000e+000 0.000000000e+000 4.920000000e+002 4.920000000e+002 2.682828876e-002 0.000000000e+000 0.000000000e+000 -2.682828877e-002 
d 6.000000000e+000 6.000000000e+000 0.000000000e+000 4.940000000e+002 4.940000000e+002 2.683201503e-002 0.000000000e+000 0.000000000e+000 -2.683201503e-002 
d 6.000000000e+000 6.000000000e+000 0.000000000e+000 4.960000000e+002 4.960000000e+002 2.683586227e-002 0.000000000e+000 0.000000000e+000 -2.683586227e-002 
d 6.000000000e+000 6.000000000e+000 0.000000000e+000 4.980000000e+002 4.980000000e+002 2.683983368e-002 0.000000000e+000 0.000000000e+000 -2.683983368e-002 
d 6.000000000e+000 6.000000000e+000 0.000000000e+000 5.000000000e+002 5.000000000e+002 2.684393244e-002 0.000000000e+000 0.000000000e+000 -2.684393245e-002 
d 6.000000000e+000 6.000000000e+000 0.000000000e+000 5.020000000e+002 5.020000000e+002 2.684816176e-002 0.000000000e+000 0.000000000e+000 -2.684816176e-002 
d 6.000000000e+000 6.000000000e+000 0.000000000e+000 5.040000000e+002 5.040000000e+002 2.685252481e-002 0.000000000e+000 0.000000000e+000 -2.685252482e-002 
d 6.000000000e+000 6.000000000e+000 0.000000000e+000 5.060000000e+002 5.060000000e+002 2.685702481e-002 0.000000000e+000 0.000000000e+000 -2.685702482e-002 
d 6.000000000e+000 6.000000000e+000 0.000000000e+000 5.080000000e+002 5.080000000e+002 2.686166500e-002 0.000000000e+000 0.000000000e+000 -2.686166498e-002 
d 6.000000000e+000 6.000000000e+000 0.000000000e+000 5.100000000e+002 5.100000000e+002 2.686644845e-002 0.000000000e+000 0.000000000e+000 -2.686644846e-002 
d 6.000000000e+000 6.000000000e+000 0.000000000e+000 5.120000000e+002 5.120000000e+002 2.687137841e-002 0.000000000e+000 0.000000000e+000 -2.687137841e-002 
d 6.000000000e+000 6.000000000e+000 0.000000000e+000 5.140000000e+002 5.140000000e+002 2.687645803e-002 0.000000000e+000 0.000000000e+000 -2.687645803e-002 
d 6.000000000e+000 6.000000000e+000 0.000000000e+000 5.160000000e+002 5.160000000e+002 2.688169048e-002 0.000000000e+000 0.000000000e+000 -2.688169048e-002 
d 6.000000000e+000 6.000000000e+000 0.000000000e+000 5.180000000e+002 5.180000000e+002 2.688707898e-002 0.000000000e+000 0.000000000e+000 -2.688707897e-002 
d 6.000000000e+000 6.000000000e+000 0.000000000e+000 5.200000000e+002 5.200000000e+002 2.689262669e-002 0.000000000e+000 0.000000000e+000 -2.689262670e-002 
d 6.000000000e+000 6.000000000e+000 0.000000000e+000 5.220000000e+002 5.220000000e+002 2.689833691e-002 0.000000000e+000 0.000000000e+000 -2.689833690e-002 
d 6.000000000e+000 6.000000000e+000 0.000000000e+000 5.240000000e+002 5.240000000e+002 2.690421279e-002 0.000000000e+000 0.000000000e+000 -2.690421279e-002 
d 6.000000000e+000 6.000000000e+000 0.000000000e+000 5.260000000e+002 5.260000000e+002 2.691025767e-002 0.000000000e+000 0.000000000e+000 -2.691025767e-002 
d 6.000000000e+000 6.000000000e+000 0.000000000e+000 5.280000000e+002 5.280000000e+002 2.691647484e-002 0.000000000e+000 0.000000000e+000 -2.691647483e-002 
d 6.000000000e+000 6.000000000e+000 0.000000000e+000 5.300000000e+002 5.300000000e+002 2.692286764e-002 0.000000000e+000 0.000000000e+000 -2.692286765e-002 
d 6.000000000e+000 6.000000000e+000 0.000000000e+000 5.320000000e+002 5.320000000e+002 2.692943952e-002 0.000000000e+000 0.000000000e+000 -2.692943952e-002 
d 6.000000000e+000 6.000000000e+000 0.000000000e+000 5.340000000e+002 5.340000000e+002 2.693619393e-002 0.000000000e+000 0.000000000e+000 -2.693619393e-002 
d 6.000000000e+000 6.000000000e+000 0.000000000e+000 5.360000000e+002 5.360000000e+002 2.694313442e-002 0.000000000e+000 0.000000000e+000 -2.694313443e-002 
d 6.000000000e+000 6.000000000e+000 0.000000000e+000 5.380000000e+002 5.380000000e+002 2.695026464e-002 0.000000000e+000 0.000000000e+000 -2.695026464e-002 
d 6.000000000e+000 6.000000000e+000 0.000000000e+000 5.400000000e+002 5.400000000e+002 2.695758826e-002 0.000000000e+000 0.000000000e+000 -2.695758827e-002 
d 6.000000000e+000 6.000000000e+000 0.000000000e+000 5.420000000e+002 5.420000000e+002 2.696510909e-002 0.000000000e+000 0.000000000e+000 -2.696510910e-002 
d 6.000000000e+000 6.000000000e+000 0.000000000e+000 5.440000000e+002 5.440000000e+002 2.697283089e-002 0.000000000e+000 0.000000000e+000 -2.697283089e-002 
d 6.000000000e+000 6.000000000e+000 0.000000000e+000 5.460000000e+002 5.460000000e+002 2.698075747e-002 0.000000000e+000 0.000000000e+000 -2.698075748e-002 
d 6.000000000e+000 6.000000000e+000 0.000000000e+000 5.480000000e+002 5.480000000e+002 2.698889271e-002 0.000000000e+000 0.000000000e+000 -2.698889270e-002 
d 6.000000000e+000 6.000000000e+000 0.000000000e+000 5.500000000e+002 5.500000000e+002 2.699724042e-002 0.000000000e+000 0.000000000e+000 -2.699724041e-002 
d 6.000000000e+000 6.000000000e+000 0.000000000e+000 5.520000000e+002 5.520000000e+002 2.700580453e-002 0.000000000e+000 0.000000000e+000 -2.700580453e-002 
d 6.000000000e+000 6.000000000e+000 0.000000000e+000 5.540000000e+002 5.540000000e+002 2.701458906e-002 0.000000000e+000 0.000000000e+000 -2.701458907e-002 
d 6.000000000e+000 6.000000000e+000 0.000000000e+000 5.560000000e+002 5.560000000e+002 2.702359817e-002 0.000000000e+000 0.000000000e+000 -2.702359817e-002 
d 6.000000000e+000 6.000000000e+000 0.000000000e+000 5.580000000e+002 5.580000000e+002 2.703283612e-002 0.000000000e+000 0.000000000e+000 -2.703283612e-002 
d 6.000000000e+000 6.000000000e+000 0.000000000e+000 5.600000000e+002 5.600000000e+002 2.704230732e-002 0.000000000e+000 0.000000000e+000 -2.704230732e-002 
d 6.000000000e+000 6.000000000e+000 0.000000000e+000 5.620000000e+002 5.620000000e+002 2.705201636e-002 0.000000000e+000 0.000000000e+000 -2.705201636e-002 
d 6.000000000e+000 6.000000000e+000 0.000000000e+000 5.640000000e+002 5.640000000e+002 2.706196794e-002 0.000000000e+000 0.000000000e+000 -2.706196794e-002 
d 6.000000000e+000 6.000000000e+000 0.000000000e+000 5.660000000e+002 5.660000000e+002 2.707216690e-002 0.000000000e+000 0.000000000e+000 -2.707216690e-002 
d 6.000000000e+000 6.000000000e+000 0.000000000e+000 5.680000000e+002 5.680000000e+002 2.708261824e-002 0.000000000e+000 0.000000000e+000 -2.708261823e-002 
d 6.000000000e+000 6.000000000e+000 0.000000000e+000 5.700000000e+002 5.700000000e+002 2.709332704e-002 0.000000000e+000 0.000000000e+000 -2.709332703e-002 
d 6.000000000e+000 6.000000000e+000 0.000000000e+000 5.720000000e+002 5.720000000e+002 2.710429859e-002 0.000000000e+000 0.000000000e+000 -2.710429857e-002 
d 6.000000000e+000 6.000000000e+000 0.000000000e+000 5.740000000e+002 5.740000000e+002 2.711553824e-002 0.000000000e+000 0.000000000e+000 -2.711553824e-002 
d 6.000000000e+000 6.000000000e+000 0.000000000e+000 5.760000000e+002 5.760000000e+002 2.712705157e-002 0.000000000e+000 0.000000000e+000 -2.712705157e-002 
d 6.000000000e+000 6.000000000e+000 0.000000000e+000 5.780000000e+002 5.780000000e+002 2.713884421e-002 0.000000000e+000 0.000000000e+000 -2.713884421e-002 
d 6.000000000e+000 6.000000000e+000 0.000000000e+000 5.800000000e+002 5.800000000e+002 2.715092199e-002 0.000000000e+000 0.000000000e+000 -2.715092199e-002 
d 6.000000000e+000 6.000000000e+000 0.000000000e+000 5.820000000e+002 5.820000000e+002 2.716329085e-002 0.000000000e+000 0.000000000e+000 -2.716329086e-002 
d 6.000000000e+000 6.000000000e+000 0.000000000e+000 5.840000000e+002 5.840000000e+002 2.717595689e-002 0.000000000e+000 0.000000000e+000 -2.717595689e-002 
d 6.000000000e+000 6.000000000e+000 0.000000000e+000 5.860000000e+002 5.860000000e+002 2.718892635e-002 0.000000000e+000 0.000000000e+000 -2.718892634e-002 
d 6.000000000e+000 6.000000000e+000 0.000000000e+000 5.880000000e+002 5.880000000e+002 2.720220560e-002 0.000000000e+000 0.000000000e+000 -2.720220559e-002 
d 6.000000000e+000 6.000000000e+000 0.000000000e+000 5.900000000e+002 5.900000000e+002 2.721580116e-002 0.000000000e+000 0.000000000e+000 -2.721580117e-002 
d 6.000000000e+000 6.000000000e+000 0.000000000e+000 5.920000000e+002 5.920000000e+002 2.722971977e-002 0.000000000e+000 0.000000000e+000 -2.722971977e-002 
d 6.000000000e+000 6.000000000e+000 0.000000000e+000 5.940000000e+002 5.940000000e+002 2.724396821e-002 0.000000000e+000 0.000000000e+000 -2.724396822e-002 
d 6.000000000e+000 6.000000000e+000 0.000000000e+000 5.960000000e+002 5.960000000e+002 2.725855352e-002 0.000000000e+000 0.000000000e+000 -2.725855351e-002 
d 6.000000000e+000 6.000000000e+000 0.000000000e+000 5.980000000e+002 5.980000000e+002 2.727348281e-002 0.000000000e+000 0.000000000e+000 -2.727348280e-002 
d 6.000000000e+000 6.000000000e+000 0.000000000e+000 6.000000000e+002 6.000000000e+002 2.728876340e-002 0.000000000e+000 0.000000000e+000 -2.728876340e-002 
d 6.000000000e+000 6.000000000e+000 0.000000000e+000 6.020000000e+002 6.020000000e+002 2.730440278e-002 0.000000000e+000 0.000000000e+000 -2.730440278e-002 
d 6.000000000e+000 6.000000000e+000 0.000000000e+000 6.040000000e+002 6.040000000e+002 2.732040860e-002 0.000000000e+000 0.000000000e+000 -2.732040861e-002 
d 6.000000000e+000 6.000000000e+000 0.000000000e+000 6.060000000e+002 6.060000000e+002 2.733678870e-002 0.000000000e+000 0.000000000e+000 -2.733678869e-002 
d 6.000000000e+000 6.000000000e+000 0.000000000e+000 6.080000000e+002 6.080000000e+002 2.735355104e-002 0.000000000e+000 0.000000000e+000 -2.735355105e-002 
d 6.000000000e+000 6.000000000e+000 0.000000000e+000 6.100000000e+002 6.100000000e+002 2.737070387e-002 0.000000000e+000 0.000000000e+000 -2.737070388e-002 
d 6.000000000e+000 6.000000000e+000 0.000000000e+000 6.120000000e+002 6.120000000e+002 2.738825557e-002 0.000000000e+000 0.000000000e+000 -2.738825556e-002 
d 6.000000000e+000 6.000000000e+000 0.000000000e+000 6.140000000e+002 6.140000000e+002 2.740621472e-002 0.000000000e+000 0.000000000e+000 -2.740621472e-002 
d 6.000000000e+000 6.000000000e+000 0.000000000e+000 6.160000000e+002 6.160000000e+002 2.742459019e-002 0.000000000e+000 0.000000000e+000 -2.742459018e-002 
d 6.000000000e+000 6.000000000e+000 0.000000000e+000 6.180000000e+002 6.180000000e+002 2.744339103e-002 0.000000000e+000 0.000000000e+000 -2.744339103e-002 
d 6.000000000e+000 6.000000000e+000 0.000000000e+000 6.200000000e+002 6.200000000e+002 2.746262661e-002 0.000000000e+000 0.000000000e+000 -2.746262662e-002 
d 6.000000000e+000 6.000000000e+000 0.000000000e+000 6.220000000e+002 6.220000000e+002 2.748230662e-002 0.000000000e+000 0.000000000e+000 -2.748230661e-002 
d 6.000000000e+000 6.000000000e+000 0.000000000e+000 6.240000000e+002 6.240000000e+002 2.750244148e-002 0.000000000e+000 0.000000000e+000 -2.750244148e-002 
d 6.000000000e+000 6.000000000e+000 0.000000000e+000 6.260000000e+002 6.260000000e+002 2.752304091e-002 0.000000000e+000 0.000000000e+000 -2.752304092e-002 
d 6.000000000e+000 6.000000000e+000 0.000000000e+000 6.280000000e+002 6.280000000e+002 2.754411497e-002 0.000000000e+000 0.000000000e+000 -2.754411496e-002 
d 6.000000000e+000 6.000000000e+000 0.000000000e+000 6.300000000e+002 6.300000000e+002 2.756567365e-002 0.000000000e+000 0.000000000e+000 -2.756567365e-002 
d 6.000000000e+000 6.000000000e+000 0.000000000e+000 6.320000000e+002 6.320000000e+002 2.758772706e-002 0.000000000e+000 0.000000000e+000 -2.758772705e-002 
d 6.000000000e+000 6.000000000e+000 0.000000000e+000 6.340000000e+002 6.340000000e+002 2.761028561e-002 0.000000000e+000 0.000000000e+000 -2.761028561e-002 
d 6.000000000e+000 6.000000000e+000 0.000000000e+000 6.360000000e+002 6.360000000e+002 2.763336016e-002 0.000000000e+000 0.000000000e+000 -2.763336016e-002 
d 6.000000000e+000 6.000000000e+000 0.000000000e+000 6.380000000e+002 6.380000000e+002 2.765696193e-002 0.000000000e+000 0.000000000e+000 -2.765696195e-002 
d 6.000000000e+000 6.000000000e+000 0.000000000e+000 6.400000000e+002 6.400000000e+002 2.768110259e-002 0.000000000e+000 0.000000000e+000 -2.768110259e-002 
d 6.000000000e+000 6.000000000e+000 0.000000000e+000 6.420000000e+002 6.420000000e+002 2.770579404e-002 0.000000000e+000 0.000000000e+000 -2.770579404e-002 
d 6.000000000e+000 6.000000000e+000 0.000000000e+000 6.440000000e+002 6.440000000e+002 2.773104863e-002 0.000000000e+000 0.000000000e+000 -2.773104863e-002 
d 6.000000000e+000 6.000000000e+000 0.000000000e+000 6.460000000e+002 6.460000000e+002 2.775687897e-002 0.000000000e+000 0.000000000e+000 -2.775687898e-002 
d 6.000000000e+000 6.000000000e+000 0.000000000e+000 6.480000000e+002 6.480000000e+002 2.778329807e-002 0.000000000e+000 0.000000000e+000 -2.778329807e-002 
d 6.000000000e+000 6.000000000e+000 0.000000000e+000 6.500000000e+002 6.500000000e+002 2.781031925e-002 0.000000000e+000 0.000000000e+000 -2.781031924e-002 
d 6.000000000e+000 6.000000000e+000 0.000000000e+000 6.520000000e+002 6.520000000e+002 2.783798349e-002 0.000000000e+000 0.000000000e+000 -2.783798349e-002 
d 6.000000000e+000 6.000000000e+000 0.000000000e+000 6.540000000e+002 6.540000000e+002 2.786629835e-002 0.000000000e+000 0.000000000e+000 -2.786629834e-002 
d 6.000000000e+000 6.000000000e+000 0.000000000e+000 6.560000000e+002 6.560000000e+002 2.789525418e-002 0.000000000e+000 0.000000000e+000 -2.789525417e-002 
d 6.000000000e+000 6.000000000e+000 0.000000000e+000 6.580000000e+002 6.580000000e+002 2.792486586e-002 0.000000000e+000 0.000000000e+000 -2.792486584e-002 
d 6.000000000e+000 6.000000000e+000 0.000000000e+000 6.600000000e+002 6.600000000e+002 2.795514862e-002 0.000000000e+000 0.000000000e+000 -2.795514863e-002 
d 6.000000000e+000 6.000000000e+000 0.000000000e+000 6.620000000e+002 6.620000000e+002 2.798611828e-002 0.000000000e+000 0.000000000e+000 -2.798611828e-002 
d 6.000000000e+000 6.000000000e+000 0.000000000e+000 6.640000000e+002 6.640000000e+002 2.801779101e-002 0.000000000e+000 0.000000000e+000 -2.801779102e-002 
d 6.000000000e+000 6.000000000e+000 0.000000000e+000 6.660000000e+002 6.660000000e+002 2.805018366e-002 0.000000000e+000 0.000000000e+000 -2.805018366e-002 
d 6.000000000e+000 6.000000000e+000 0.000000000e+000 6.680000000e+002 6.680000000e+002 2.808331340e-002 0.000000000e+000 0.000000000e+000 -2.808331340e-002 
d 6.000000000e+000 6.000000000e+000 0.000000000e+000 6.700000000e+002 6.700000000e+002 2.811719806e-002 0.000000000e+000 0.000000000e+000 -2.811719806e-002 
d 6.000000000e+000 6.000000000e+000 0.000000000e+000 6.720000000e+002 6.720000000e+002 2.815185612e-002 0.000000000e+000 0.000000000e+000 -2.815185612e-002 
d 6.000000000e+000 6.000000000e+000 0.000000000e+000 6.740000000e+002 6.740000000e+002 2.818730666e-002 0.000000000e+000 0.000000000e+000 -2.818730667e-002 
d 6.000000000e+000 6.000000000e+000 0.000000000e+000 6.760000000e+002 6.760000000e+002 2.822356951e-002 0.000000000e+000 0.000000000e+000 -2.822356952e-002 
d 6.000000000e+000 6.000000000e+000 0.000000000e+000 6.780000000e+002 6.780000000e+002 2.826066519e-002 0.000000000e+000 0.000000000e+000 -2.826066520e-002 
d 6.000000000e+000 6.000000000e+000 0.000000000e+000 6.800000000e+002 6.800000000e+002 2.829861502e-002 0.000000000e+000 0.000000000e+000 -2.829861502e-002 
d 6.000000000e+000 6.000000000e+000 0.000000000e+000 6.820000000e+002 6.820000000e+002 2.833744110e-002 0.000000000e+000 0.000000000e+000 -2.833744110e-002 
d 6.000000000e+000 6.000000000e+000 0.000000000e+000 6.840000000e+002 6.840000000e+002 2.837718148e-002 0.000000000e+000 0.000000000e+000 -2.837718148e-002 
d 6.000000000e+000 6.000000000e+000 0.000000000e+000 6.860000000e+002 6.860000000e+002 2.841784730e-002 0.000000000e+000 0.000000000e+000 -2.841784729e-002 
d 6.000000000e+000 6.000000000e+000 0.000000000e+000 6.880000000e+002 6.880000000e+002 2.845946250e-002 0.000000000e+000 0.000000000e+000 -2.845946250e-002 
d 6.000000000e+000 6.000000000e+000 0.000000000e+000 6.900000000e+002 6.900000000e+002 2.850205319e-002 0.000000000e+000 0.000000000e+000 -2.850205320e-002 
d 6.000000000e+000 6.000000000e+000 0.000000000e+000 6.920000000e+002 6.920000000e+002 2.854564668e-002 0.000000000e+000 0.000000000e+000 -2.854564669e-002 
d 6.000000000e+000 6.000000000e+000 0.000000000e+000 6.940000000e+002 6.940000000e+002 2.859027054e-002 0.000000000e+000 0.000000000e+000 -2.859027054e-002 
d 6.000000000e+000 6.000000000e+000 0.000000000e+000 6.960000000e+002 6.960000000e+002 2.863595397e-002 0.000000000e+000 0.000000000e+000 -2.863595398e-002 
d 6.000000000e+000 6.000000000e+000 0.000000000e+000 6.980000000e+002 6.980000000e+002 2.868272746e-002 0.000000000e+000 0.000000000e+000 -2.868272745e-002 
d 6.000000000e+000 6.000000000e+000 0.000000000e+000 7.000000000e+002 7.000000000e+002 2.873062269e-002 0.000000000e+000 0.000000000e+000 -2.873062269e-002 
d 6.000000000e+000 6.000000000e+000 0.000000000e+000 7.020000000e+002 7.020000000e+002 2.877967280e-002 0.000000000e+000 0.000000000e+000 -2.877967279e-002 
d 6.000000000e+000 6.000000000e+000 0.000000000e+000 7.040000000e+002 7.040000000e+002 2.882991229e-002 0.000000000e+000 0.000000000e+000 -2.882991229e-002 
d 6.000000000e+000 6.000000000e+000 0.000000000e+000 7.060000000e+002 7.060000000e+002 2.888137720e-002 0.000000000e+000 0.000000000e+000 -2.888137721e-002 
d 6.000000000e+000 6.000000000e+000 0.000000000e+000 7.080000000e+002 7.080000000e+002 2.893410516e-002 0.000000000e+000 0.000000000e+000 -2.893410517e-002 
d 6.000000000e+000 6.000000000e+000 0.000000000e+000 7.100000000e+002 7.100000000e+002 2.898813543e-002 0.000000000e+000 0.000000000e+000 -2.898813545e-002 
d 6.000000000e+000 6.000000000e+000 0.000000000e+000 7.120000000e+002 7.120000000e+002 2.904350907e-002 0.000000000e+000 0.000000000e+000 -2.904350908e-002 
d 6.000000000e+000 6.000000000e+000 0.000000000e+000 7.140000000e+002 7.140000000e+002 2.910026892e-002 0.000000000e+000 0.000000000e+000 -2.910026893e-002 
d 6.000000000e+000 6.000000000e+000 0.000000000e+000 7.160000000e+002 7.160000000e+002 2.915845979e-002 0.000000000e+000 0.000000000e+000 -2.915845980e-002 
d 6.000000000e+000 6.000000000e+000 0.000000000e+000 7.180000000e+002 7.180000000e+002 2.921812853e-002 0.000000000e+000 0.000000000e+000 -2.921812854e-002 
d 6.000000000e+000 6.000000000e+000 0.000000000e+000 7.200000000e+002 7.200000000e+002 2.927932413e-002 0.000000000e+000 0.000000000e+000 -2.927932413e-002 
d 6.000000000e+000 6.000000000e+000 0.000000000e+000 7.220000000e+002 7.220000000e+002 2.934209782e-002 0.000000000e+000 0.000000000e+000 -2.934209782e-002 
d 6.000000000e+000 6.000000000e+000 0.000000000e+000 7.240000000e+002 7.240000000e+002 2.940650322e-002 0.000000000e+000 0.000000000e+000 -2.940650322e-002 
d 6.000000000e+000 6.000000000e+000 0.000000000e+000 7.260000000e+002 7.260000000e+002 2.947259669e-002 0.000000000e+000 0.000000000e+000 -2.947259669e-002 
d 6.000000000e+000 6.000000000e+000 0.000000000e+000 7.280000000e+002 7.280000000e+002 2.954043691e-002 0.000000000e+000 0.000000000e+000 -2.954043692e-002 
d 6.000000000e+000 6.000000000e+000 0.000000000e+000 7.300000000e+002 7.300000000e+002 2.961008478e-002 0.000000000e+000 0.000000000e+000 -2.961008478e-002 
d 6.000000000e+000 6.000000000e+000 0.000000000e+000 7.320000000e+002 7.320000000e+002 2.968160411e-002 0.000000000e+000 0.000000000e+000 -2.968160411e-002 
d 6.000000000e+000 6.000000000e+000 0.000000000e+000 7.340000000e+002 7.340000000e+002 2.975506129e-002 0.000000000e+000 0.000000000e+000 -2.975506130e-002 
d 6.000000000e+000 6.000000000e+000 0.000000000e+000 7.360000000e+002 7.360000000e+002 2.983052528e-002 0.000000000e+000 0.000000000e+000 -2.983052528e-002 
d 6.000000000e+000 6.000000000e+000 0.000000000e+000 7.380000000e+002 7.380000000e+002 2.990806730e-002 0.000000000e+000 0.000000000e+000 -2.990806731e-002 
d 6.000000000e+000 6.000000000e+000 0.000000000e+000 7.400000000e+002 7.400000000e+002 2.998776076e-002 0.000000000e+000 0.000000000e+000 -2.998776077e-002 
d 6.000000000e+000 6.000000000e+000 0.000000000e+000 7.420000000e+002 7.420000000e+002 3.006968081e-002 0.000000000e+000 0.000000000e+000 -3.006968083e-002 
d 6.000000000e+000 6.000000000e+000 0.000000000e+000 7.440000000e+002 7.440000000e+002 3.015390404e-002 0.000000000e+000 0.000000000e+000 -3.015390405e-002 
d 6.000000000e+000 6.000000000e+000 0.000000000e+000 7.460000000e+002 7.460000000e+002 3.024050788e-002 0.000000000e+000 0.000000000e+000 -3.024050789e-002 
d 6.000000000e+000 6.000000000e+000 0.000000000e+000 7.480000000e+002 7.480000000e+002 3.032957017e-002 0.000000000e+000 0.000000000e+000 -3.032957018e-002 
d 6.000000000e+000 6.000000000e+000 0.000000000e+000 7.500000000e+002 7.500000000e+002 3.042116865e-002 0.000000000e+000 0.000000000e+000 -3.042116865e-002 
d 6.000000000e+000 6.000000000e+000 0.000000000e+000 7.520000000e+002 7.520000000e+002 3.051538041e-002 0.000000000e+000 0.000000000e+000 -3.051538041e-002 
d 6.000000000e+000 6.000000000e+000 0.000000000e+000 7.540000000e+002 7.540000000e+002 3.061228159e-002 0.000000000e+000 0.000000000e+000 -3.061228160e-002 
d 6.000000000e+000 6.000000000e+000 0.000000000e+000 7.560000000e+002 7.560000000e+002 3.071194732e-002 0.000000000e+000 0.000000000e+000 -3.071194732e-002 
d 6.000000000e+000 6.000000000e+000 0.000000000e+000 7.580000000e+002 7.580000000e+002 3.081445162e-002 0.000000000e+000 0.000000000e+000 -3.081445162e-002 
d 6.000000000e+000 6.000000000e+000 0.000000000e+000 7.600000000e+002 7.600000000e+002 3.091986795e-002 0.000000000e+000 0.000000000e+000 -3.091986796e-002 
d 6.000000000e+000 6.000000000e+000 0.000000000e+000 7.620000000e+002 7.620000000e+002 3.102826985e-002 0.000000000e+000 0.000000000e+000 -3.102826985e-002 
d 6.000000000e+000 6.000000000e+000 0.000000000e+000 7.640000000e+002 7.640000000e+002 3.113973171e-002 0.000000000e+000 0.000000000e+000 -3.113973170e-002 
d 6.000000000e+000 6.000000000e+000 0.000000000e+000 7.660000000e+002 7.660000000e+002 3.125433005e-002 0.000000000e+000 0.000000000e+000 -3.125433004e-002 
d 6.000000000e+000 6.000000000e+000 0.000000000e+000 7.680000000e+002 7.680000000e+002 3.137214477e-002 0.000000000e+000 0.000000000e+000 -3.137214477e-002 
d 6.000000000e+000 6.000000000e+000 0.000000000e+000 7.700000000e+002 7.700000000e+002 3.149326059e-002 0.000000000e+000 0.000000000e+000 -3.149326059e-002 
d 6.000000000e+000 6.000000000e+000 0.000000000e+000 7.720000000e+002 7.720000000e+002 3.161776836e-002 0.000000000e+000 0.000000000e+000 -3.161776836e-002 
d 6.000000000e+000 6.000000000e+000 0.000000000e+000 7.740000000e+002 7.740000000e+002 3.174576742e-002 0.000000000e+000 0.000000000e+000 -3.174576743e-002 
d 6.000000000e+000 6.000000000e+000 0.000000000e+000 7.760000000e+002 7.760000000e+002 3.187736495e-002 0.000000000e+000 0.000000000e+000 -3.187736496e-002 
d 6.000000000e+000 6.000000000e+000 0.000000000e+000 7.780000000e+002 7.780000000e+002 3.201267824e-002 0.000000000e+000 0.000000000e+000 -3.201267825e-002 
d 6.000000000e+000 6.000000000e+000 0.000000000e+000 7.800000000e+002 7.800000000e+002 3.215183640e-002 0.000000000e+000 0.000000000e+000 -3.215183640e-002 
d 6.000000000e+000 6.000000000e+000 0.000000000e+000 7.820000000e+002 7.820000000e+002 3.229498086e-002 0.000000000e+000 0.000000000e+000 -3.229498086e-002 
d 6.000000000e+000 6.000000000e+000 0.000000000e+000 7.840000000e+002 7.840000000e+002 3.244226623e-002 0.000000000e+000 0.000000000e+000 -3.244226623e-002 
d 6.000000000e+000 6.000000000e+000 0.000000000e+000 7.860000000e+002 7.860000000e+002 3.259386062e-002 0.000000000e+000 0.000000000e+000 -3.259386062e-002 
d 6.000000000e+000 6.000000000e+000 0.000000000e+000 7.880000000e+002 7.880000000e+002 3.274994569e-002 0.000000000e+000 0.000000000e+000 -3.274994569e-002 
d 6.000000000e+000 6.000000000e+000 0.000000000e+000 7.900000000e+002 7.900000000e+002 3.291071601e-002 0.000000000e+000 0.000000000e+000 -3.291071601e-002 
d 6.000000000e+000 6.000000000e+000 0.000000000e+000 7.920000000e+002 7.920000000e+002 3.307637772e-002 0.000000000e+000 0.000000000e+000 -3.307637771e-002 
d 6.000000000e+000 6.000000000e+000 0.000000000e+000 7.940000000e+002 7.940000000e+002 3.324714609e-002 0.000000000e+000 0.000000000e+000 -3.324714609e-002 
d 6.000000000e+000 6.000000000e+000 0.000000000e+000 7.960000000e+002 7.960000000e+002 3.342324176e-002 0.000000000e+000 0.000000000e+000 -3.342324176e-002 
d 6.000000000e+000 6.000000000e+000 0.000000000e+000 7.980000000e+002 7.980000000e+002 3.360488452e-002 0.000000000e+000 0.000000000e+000 -3.360488453e-002 
d 6.000000000e+000 6.000000000e+000 0.000000000e+000 8.000000000e+002 8.000000000e+002 3.379227976e-002 0.000000000e+000 0.000000000e+000 -3.379227976e-002 
d 6.000000000e+000 6.000000000e+000 0.000000000e+000 8.020000000e+002 8.020000000e+002 3.398580732e-002 0.000000000e+000 0.000000000e+000 -3.398580730e-002 
d 6.000000000e+000 6.000000000e+000 0.000000000e+000 8.040000000e+002 8.040000000e+002 3.418539565e-002 0.000000000e+000 0.000000000e+000 -3.418539565e-002 
d 6.000000000e+000 6.000000000e+000 0.000000000e+000 8.060000000e+002 8.060000000e+002 3.439094897e-002 0.000000000e+000 0.000000000e+000 -3.439094900e-002 
d 6.000000000e+000 6.000000000e+000 0.000000000e+000 8.080000000e+002 8.080000000e+002 3.460263302e-002 0.000000000e+000 0.000000000e+000 -3.460263302e-002 
d 6.000000000e+000 6.000000000e+000 0.000000000e+000 8.100000000e+002 8.100000000e+002 3.482060293e-002 0.000000000e+000 0.000000000e+000 -3.482060292e-002 
d 6.000000000e+000 6.000000000e+000 0.000000000e+000 8.120000000e+002 8.120000000e+002 3.504503184e-002 0.000000000e+000 0.000000000e+000 -3.504503184e-002 
d 6.000000000e+000 6.000000000e+000 0.000000000e+000 8.140000000e+002 8.140000000e+002 3.527607834e-002 0.000000000e+000 0.000000000e+000 -3.527607833e-002 
d 6.000000000e+000 6.000000000e+000 0.000000000e+000 8.160000000e+002 8.160000000e+002 3.551385016e-002 0.000000000e+000 0.000000000e+000 -3.551385015e-002 
d 6.000000000e+000 6.000000000e+000 0.000000000e+000 8.180000000e+002 8.180000000e+002 3.575848719e-002 0.000000000e+000 0.000000000e+000 -3.575848720e-002 
d 6.000000000e+000 6.000000000e+000 0.000000000e+000 8.200000000e+002 8.200000000e+002 3.601013142e-002 0.000000000e+000 0.000000000e+000 -3.601013141e-002 
d 6.000000000e+000 6.000000000e+000 0.000000000e+000 8.220000000e+002 8.220000000e+002 3.626893084e-002 0.000000000e+000 0.000000000e+000 -3.626893085e-002 
d 6.000000000e+000 6.000000000e+000 0.000000000e+000 8.240000000e+002 8.240000000e+002 3.653503666e-002 0.000000000e+000 0.000000000e+000 -3.653503667e-002 
d 6.000000000e+000 6.000000000e+000 0.000000000e+000 8.260000000e+002 8.260000000e+002 3.680858287e-002 0.000000000e+000 0.000000000e+000 -3.680858287e-002 
d 6.000000000e+000 6.000000000e+000 0.000000000e+000 8.280000000e+002 8.280000000e+002 3.708962687e-002 0.000000000e+000 0.000000000e+000 -3.708962687e-002 
d 6.000000000e+000 6.000000000e+000 0.000000000e+000 8.300000000e+002 8.300000000e+002 3.737826839e-002 0.000000000e+000 0.000000000e+000 -3.737826838e-002 
d 6.000000000e+000 6.000000000e+000 0.000000000e+000 8.320000000e+002 8.320000000e+002 3.767485012e-002 0.000000000e+000 0.000000000e+000 -3.767485014e-002 
d 6.000000000e+000 6.000000000e+000 0.000000000e+000 8.340000000e+002 8.340000000e+002 3.797972781e-002 0.000000000e+000 0.000000000e+000 -3.797972781e-002 
d 6.000000000e+000 6.000000000e+000 0.000000000e+000 8.360000000e+002 8.360000000e+002 3.829256265e-002 0.000000000e+000 0.000000000e+000 -3.829256265e-002 
d 6.000000000e+000 6.000000000e+000 0.000000000e+000 8.380000000e+002 8.380000000e+002 3.861422909e-002 0.000000000e+000 0.000000000e+000 -3.861422909e-002 
d 6.000000000e+000 6.000000000e+000 0.000000000e+000 8.400000000e+002 8.400000000e+002 3.894522490e-002 0.000000000e+000 0.000000000e+000 -3.894522490e-002 
d 6.000000000e+000 6.000000000e+000 0.000000000e+000 8.420000000e+002 8.420000000e+002 3.928601692e-002 0.000000000e+000 0.000000000e+000 -3.928601693e-002 
d 6.000000000e+000 6.000000000e+000 0.000000000e+000 8.440000000e+002 8.440000000e+002 3.963712874e-002 0.000000000e+000 0.000000000e+000 -3.963712873e-002 
d 6.000000000e+000 6.000000000e+000 0.000000000e+000 8.460000000e+002 8.460000000e+002 3.999914625e-002 0.000000000e+000 0.000000000e+000 -3.999914626e-002 
d 6.000000000e+000 6.000000000e+000 0.000000000e+000 8.480000000e+002 8.480000000e+002 4.037272704e-002 0.000000000e+000 0.000000000e+000 -4.037272704e-002 
d 6.000000000e+000 6.000000000e+000 0.000000000e+000 8.500000000e+002 8.500000000e+002 4.075861175e-002 0.000000000e+000 0.000000000e+000 -4.075861177e-002 
d 6.000000000e+000 6.000000000e+000 0.000000000e+000 8.520000000e+002 8.520000000e+002 4.115763852e-002 0.000000000e+000 0.000000000e+000 -4.115763854e-002 
d 6.000000000e+000 6.000000000e+000 0.000000000e+000 8.540000000e+002 8.540000000e+002 4.157076048e-002 0.000000000e+000 0.000000000e+000 -4.157076049e-002 
d 6.000000000e+000 6.000000000e+000 0.000000000e+000 8.560000000e+002 8.560000000e+002 4.199906945e-002 0.000000000e+000 0.000000000e+000 -4.199906945e-002 
d 6.000000000e+000 6.000000000e+000 0.000000000e+000 8.580000000e+002 8.580000000e+002 4.244382622e-002 0.000000000e+000 0.000000000e+000 -4.244382622e-002 
d 6.000000000e+000 6.000000000e+000 0.000000000e+000 8.600000000e+002 8.600000000e+002 4.290650453e-002 0.000000000e+000 0.000000000e+000 -4.290650453e-002 
d 6.000000000e+000 6.000000000e+000 0.000000000e+000 8.620000000e+002 8.620000000e+002 4.338885218e-002 0.000000000e+000 0.000000000e+000 -4.338885218e-002 
d 6.000000000e+000 6.000000000e+000 0.000000000e+000 8.640000000e+002 8.640000000e+002 4.389297604e-002 0.000000000e+000 0.000000000e+000 -4.389297603e-002 
d 6.000000000e+000 6.000000000e+000 0.000000000e+000 8.660000000e+002 8.660000000e+002 4.442152654e-002 0.000000000e+000 0.000000000e+000 -4.442152654e-002 
d 6.000000000e+000 6.000000000e+000 0.000000000e+000 8.680000000e+002 8.680000000e+002 4.497766934e-002 0.000000000e+000 0.000000000e+000 -4.497766937e-002 
d 6.000000000e+000 6.000000000e+000 0.000000000e+000 8.700000000e+002 8.700000000e+002 4.556543750e-002 0.000000000e+000 0.000000000e+000 -4.556543751e-002 
d 6.000000000e+000 6.000000000e+000 0.000000000e+000 8.720000000e+002 8.720000000e+002 4.618993301e-002 0.000000000e+000 0.000000000e+000 -4.618993302e-002 
d 6.000000000e+000 6.000000000e+000 0.000000000e+000 8.740000000e+002 8.740000000e+002 4.685757890e-002 0.000000000e+000 0.000000000e+000 -4.685757889e-002 
d 6.000000000e+000 6.000000000e+000 0.000000000e+000 8.760000000e+002 8.760000000e+002 4.757637642e-002 0.000000000e+000 0.000000000e+000 -4.757637643e-002 
d 6.000000000e+000 6.000000000e+000 0.000000000e+000 8.780000000e+002 8.780000000e+002 4.835610736e-002 0.000000000e+000 0.000000000e+000 -4.835610735e-002 
d 6.000000000e+000 6.000000000e+000 0.000000000e+000 8.800000000e+002 8.800000000e+002 4.920838914e-002 0.000000000e+000 0.000000000e+000 -4.920838915e-002 
d 6.000000000e+000 6.000000000e+000 0.000000000e+000 8.820000000e+002 8.820000000e+002 5.014637013e-002 0.000000000e+000 0.000000000e+000 -5.014637012e-002 
d 6.000000000e+000 6.000000000e+000 0.000000000e+000 8.840000000e+002 8.840000000e+002 5.117991000e-002 0.000000000e+000 0.000000000e+000 -5.117990999e-002 
d 6.000000000e+000 6.000000000e+000 0.000000000e+000 8.860000000e+002 8.860000000e+002 5.232319799e-002 0.000000000e+000 0.000000000e+000 -5.232319801e-002 
d 6.000000000e+000 6.000000000e+000 0.000000000e+000 8.880000000e+002 8.880000000e+002 5.359119432e-002 0.000000000e+000 0.000000000e+000 -5.359119434e-002 
d 6.000000000e+000 6.000000000e+000 0.000000000e+000 8.900000000e+002 8.900000000e+002 5.499136665e-002 0.000000000e+000 0.000000000e+000 -5.499136666e-002 
d 6.000000000e+000 6.000000000e+000 0.000000000e+000 8.920000000e+002 8.920000000e+002 5.652817582e-002 0.000000000e+000 0.000000000e+000 -5.652817584e-002 
d 6.000000000e+000 6.000000000e+000 0.000000000e+000 8.940000000e+002 8.940000000e+002 5.820165855e-002 0.000000000e+000 0.000000000e+000 -5.820165854e-002 
d 6.000000000e+000 6.000000000e+000 0.000000000e+000 8.960000000e+002 8.960000000e+002 6.000459014e-002 0.000000000e+000 0.000000000e+000 -6.000459012e-002 
d 6.000000000e+000 6.000000000e+000 0.000000000e+000 8.980000000e+002 8.980000000e+002 6.192599841e-002 0.000000000e+000 0.000000000e+000 -6.192599841e-002 
d 6.000000000e+000 6.000000000e+000 0.000000000e+000 9.000000000e+002 9.000000000e+002 6.395105519e-002 0.000000000e+000 0.000000000e+000 -6.395105519e-002 
d 6.000000000e+000 6.000000000e+000 0.000000000e+000 9.020000000e+002 9.020000000e+002 6.606178787e-002 0.000000000e+000 0.000000000e+000 -6.606178786e-002 
d 6.000000000e+000 6.000000000e+000 0.000000000e+000 9.040000000e+002 9.040000000e+002 6.823823905e-002 0.000000000e+000 0.000000000e+000 -6.823823906e-002 
d 6.000000000e+000 6.000000000e+000 0.000000000e+000 9.060000000e+002 9.060000000e+002 7.045947904e-002 0.000000000e+000 0.000000000e+000 -7.045947905e-002 
d 6.000000000e+000 6.000000000e+000 0.000000000e+000 9.080000000e+002 9.080000000e+002 7.270735102e-002 0.000000000e+000 0.000000000e+000 -7.270735102e-002 
d 6.000000000e+000 6.000000000e+000 0.000000000e+000 9.100000000e+002 9.100000000e+002 7.496919054e-002 0.000000000e+000 0.000000000e+000 -7.496919056e-002 
d 6.000000000e+000 6.000000000e+000 0.000000000e+000 9.120000000e+002 9.120000000e+002 7.721985882e-002 0.000000000e+000 0.000000000e+000 -7.721985879e-002 
d 6.000000000e+000 6.000000000e+000 0.000000000e+000 9.140000000e+002 9.140000000e+002 7.944966399e-002 0.000000000e+000 0.000000000e+000 -7.944966395e-002 
d 6.000000000e+000 6.000000000e+000 0.000000000e+000 9.160000000e+002 9.160000000e+002 8.167071501e-002 0.000000000e+000 0.000000000e+000 -8.167071502e-002 
d 6.000000000e+000 6.000000000e+000 0.000000000e+000 9.180000000e+002 9.180000000e+002 8.393399871e-002 0.000000000e+000 0.000000000e+000 -8.393399869e-002 
d 6.000000000e+000 6.000000000e+000 0.000000000e+000 9.200000000e+002 9.200000000e+002 8.630185634e-002 0.000000000e+000 0.000000000e+000 -8.630185634e-002 
d 6.000000000e+000 6.000000000e+000 0.000000000e+000 9.220000000e+002 9.220000000e+002 8.878531498e-002 0.000000000e+000 0.000000000e+000 -8.878531500e-002 
d 6.000000000e+000 6.000000000e+000 0.000000000e+000 9.240000000e+002 9.240000000e+002 9.148070897e-002 0.000000000e+000 0.000000000e+000 -9.148070896e-002 
d 6.000000000e+000 6.000000000e+000 0.000000000e+000 9.260000000e+002 9.260000000e+002 9.519450873e-002 0.000000000e+000 0.000000000e+000 -9.519450873e-002 
d 6.000000000e+000 6.000000000e+000 0.000000000e+000 9.280000000e+002 9.280000000e+002 1.031107265e-001 0.000000000e+000 0.000000000e+000 -1.031107265e-001 
d 6.000000000e+000 6.000000000e+000 0.000000000e+000 9.300000000e+002 9.300000000e+002 1.099196010e-001 0.000000000e+000 0.000000000e+000 -1.099196010e-001 
d 6.000000000e+000 6.000000000e+000 0.000000000e+000 9.320000000e+002 9.320000000e+002 1.145976710e-001 0.000000000e+000 0.000000000e+000 -1.145976710e-001 
d 6.000000000e+000 6.000000000e+000 0.000000000e+000 9.340000000e+002 9.340000000e+002 1.183333033e-001 0.000000000e+000 0.000000000e+000 -1.183333033e-001 
d 6.000000000e+000 6.000000000e+000 0.000000000e+000 9.360000000e+002 9.360000000e+002 1.216671833e-001 0.000000000e+000 0.000000000e+000 -1.216671833e-001 
d 6.000000000e+000 6.000000000e+000 0.000000000e+000 9.380000000e+002 9.380000000e+002 1.248965148e-001 0.000000000e+000 0.000000000e+000 -1.248965148e-001 
d 6.000000000e+000 6.000000000e+000 0.000000000e+000 9.400000000e+002 9.400000000e+002 1.282495907e-001 0.000000000e+000 0.000000000e+000 -1.282495907e-001 
d 6.000000000e+000 6.000000000e+000 0.000000000e+000 9.420000000e+002 9.420000000e+002 1.319517009e-001 0.000000000e+000 0.000000000e+000 -1.319517008e-001 
d 6.000000000e+000 6.000000000e+000 0.000000000e+000 9.440000000e+002 9.440000000e+002 1.361715988e-001 0.000000000e+000 0.000000000e+000 -1.361715988e-001 
d 6.000000000e+000 6.000000000e+000 0.000000000e+000 9.460000000e+002 9.460000000e+002 1.410010735e-001 0.000000000e+000 0.000000000e+000 -1.410010735e-001 
d 6.000000000e+000 6.000000000e+000 0.000000000e+000 9.480000000e+002 9.480000000e+002 1.492669029e-001 0.000000000e+000 0.000000000e+000 -1.492669029e-001 
