v ATLAS
# This file was created by ATLAS version 5.26.1.R on Tue Aug 05 22:31:02 2025.
#SSF 2.0 generic
##############################################################################
#                    Copyright (c) 1984 - 2018                               #
#                    Silvaco Inc. All rights reserved                        #
#                                                                            #
# This file format and the following Key are copyright Silvaco Inc.          #
# You may not use, this format or key without reproducing this message in    #
# full and obtaining express written permission from Silvaco Inc.            #
#                                                                            #
# To obtain such permission please contact: Silvaco Inc.                     #
#                                           support@silvaco.com              #
#                                                                            #
# KEY=SVC86hn7562asdx                       PROD=345                         #
##############################################################################
y 3 700 711 15
z 2.3 0.01 300
f 3 "gate" "drain" "source" 
p 9 2 601 20 3 602 21 4 603 22 
d 1.500000000e+001 1.500000000e+001 0.000000000e+000 7.500000000e+000 7.500000000e+000 8.318946767e-002 0.000000000e+000 0.000000000e+000 -8.318946767e-002 
d 1.500000000e+001 1.500000000e+001 0.000000000e+000 5.000000000e+000 5.000000000e+000 6.286167915e-002 0.000000000e+000 0.000000000e+000 -6.286167915e-002 
d 1.500000000e+001 1.500000000e+001 0.000000000e+000 3.750000000e+000 3.750000000e+000 5.069196605e-002 0.000000000e+000 0.000000000e+000 -5.069196605e-002 
d 1.500000000e+001 1.500000000e+001 0.000000000e+000 2.500000000e+000 2.500000000e+000 3.656369321e-002 0.000000000e+000 0.000000000e+000 -3.656369321e-002 
d 1.500000000e+001 1.500000000e+001 0.000000000e+000 0.000000000e+000 0.000000000e+000 1.345747721e-015 0.000000000e+000 0.000000000e+000 -3.167537313e-015 
d 1.500000000e+001 1.500000000e+001 0.000000000e+000 1.000000000e+000 1.000000000e+000 1.613436213e-002 0.000000000e+000 0.000000000e+000 -1.613436213e-002 
d 1.500000000e+001 1.500000000e+001 0.000000000e+000 2.000000000e+000 2.000000000e+000 3.021877158e-002 0.000000000e+000 0.000000000e+000 -3.021877158e-002 
d 1.500000000e+001 1.500000000e+001 0.000000000e+000 3.000000000e+000 3.000000000e+000 4.249143515e-002 0.000000000e+000 0.000000000e+000 -4.249143515e-002 
d 1.500000000e+001 1.500000000e+001 0.000000000e+000 4.000000000e+000 4.000000000e+000 5.326315247e-002 0.000000000e+000 0.000000000e+000 -5.326315247e-002 
d 1.500000000e+001 1.500000000e+001 0.000000000e+000 5.000000000e+000 5.000000000e+000 6.286167915e-002 0.000000000e+000 0.000000000e+000 -6.286167915e-002 
d 1.500000000e+001 1.500000000e+001 0.000000000e+000 6.000000000e+000 6.000000000e+000 7.153491394e-002 0.000000000e+000 0.000000000e+000 -7.153491394e-002 
d 1.500000000e+001 1.500000000e+001 0.000000000e+000 7.000000000e+000 7.000000000e+000 7.946300452e-002 0.000000000e+000 0.000000000e+000 -7.946300452e-002 
d 1.500000000e+001 1.500000000e+001 0.000000000e+000 8.000000000e+000 8.000000000e+000 8.677687224e-002 0.000000000e+000 0.000000000e+000 -8.677687224e-002 
d 1.500000000e+001 1.500000000e+001 0.000000000e+000 9.000000000e+000 9.000000000e+000 9.357562709e-002 0.000000000e+000 0.000000000e+000 -9.357562709e-002 
d 1.500000000e+001 1.500000000e+001 0.000000000e+000 1.000000000e+001 1.000000000e+001 9.993824684e-002 0.000000000e+000 0.000000000e+000 -9.993824684e-002 
