v ATLAS
# This file was created by ATLAS version 5.26.1.R on Tue Aug 05 22:09:20 2025.
#SSF 2.0 generic
##############################################################################
#                    Copyright (c) 1984 - 2018                               #
#                    Silvaco Inc. All rights reserved                        #
#                                                                            #
# This file format and the following Key are copyright Silvaco Inc.          #
# You may not use, this format or key without reproducing this message in    #
# full and obtaining express written permission from Silvaco Inc.            #
#                                                                            #
# To obtain such permission please contact: Silvaco Inc.                     #
#                                           support@silvaco.com              #
#                                                                            #
# KEY=SVC86hn7562asdx                       PROD=345                         #
##############################################################################
y 3 700 711 15
z 2.2 0.01 300
f 3 "gate" "drain" "source" 
p 9 2 601 20 3 602 21 4 603 22 
d 1.500000000e+001 1.500000000e+001 0.000000000e+000 7.500000000e+000 7.500000000e+000 7.372699962e-002 0.000000000e+000 0.000000000e+000 -7.372699962e-002 
d 1.500000000e+001 1.500000000e+001 0.000000000e+000 5.000000000e+000 5.000000000e+000 5.614378848e-002 0.000000000e+000 0.000000000e+000 -5.614378848e-002 
d 1.500000000e+001 1.500000000e+001 0.000000000e+000 0.000000000e+000 0.000000000e+000 -1.431386374e-014 0.000000000e+000 0.000000000e+000 -1.680990099e-016 
d 1.500000000e+001 1.500000000e+001 0.000000000e+000 1.000000000e+000 1.000000000e+000 1.484664940e-002 0.000000000e+000 0.000000000e+000 -1.484664940e-002 
d 1.500000000e+001 1.500000000e+001 0.000000000e+000 2.000000000e+000 2.000000000e+000 2.751648472e-002 0.000000000e+000 0.000000000e+000 -2.751648472e-002 
d 1.500000000e+001 1.500000000e+001 0.000000000e+000 3.000000000e+000 3.000000000e+000 3.836958472e-002 0.000000000e+000 0.000000000e+000 -3.836958472e-002 
d 1.500000000e+001 1.500000000e+001 0.000000000e+000 4.000000000e+000 4.000000000e+000 4.779969490e-002 0.000000000e+000 0.000000000e+000 -4.779969490e-002 
d 1.500000000e+001 1.500000000e+001 0.000000000e+000 5.000000000e+000 5.000000000e+000 5.614378848e-002 0.000000000e+000 0.000000000e+000 -5.614378848e-002 
d 1.500000000e+001 1.500000000e+001 0.000000000e+000 6.000000000e+000 6.000000000e+000 6.365380460e-002 0.000000000e+000 0.000000000e+000 -6.365380460e-002 
d 1.500000000e+001 1.500000000e+001 0.000000000e+000 7.000000000e+000 7.000000000e+000 7.050645327e-002 0.000000000e+000 0.000000000e+000 -7.050645327e-002 
d 1.500000000e+001 1.500000000e+001 0.000000000e+000 8.000000000e+000 8.000000000e+000 7.682784287e-002 0.000000000e+000 0.000000000e+000 -7.682784287e-002 
d 1.500000000e+001 1.500000000e+001 0.000000000e+000 9.000000000e+000 9.000000000e+000 8.270710778e-002 0.000000000e+000 0.000000000e+000 -8.270710778e-002 
d 1.500000000e+001 1.500000000e+001 0.000000000e+000 1.000000000e+001 1.000000000e+001 8.821669916e-002 0.000000000e+000 0.000000000e+000 -8.821669916e-002 
