v ATLAS
# This file was created by ATLAS version 5.26.1.R on Tue Aug 05 20:47:44 2025.
#SSF 2.0 generic
##############################################################################
#                    Copyright (c) 1984 - 2018                               #
#                    Silvaco Inc. All rights reserved                        #
#                                                                            #
# This file format and the following Key are copyright Silvaco Inc.          #
# You may not use, this format or key without reproducing this message in    #
# full and obtaining express written permission from Silvaco Inc.            #
#                                                                            #
# To obtain such permission please contact: Silvaco Inc.                     #
#                                           support@silvaco.com              #
#                                                                            #
# KEY=SVC86hn7562asdx                       PROD=345                         #
##############################################################################
y 3 700 711 15
z 2.2 0.01 300
f 3 "gate" "drain" "source" 
p 9 2 601 20 3 602 21 4 603 22 
d 1.500000000e+001 1.500000000e+001 0.000000000e+000 7.500000000e+000 7.500000000e+000 7.335017057e-002 0.000000000e+000 0.000000000e+000 -7.335017057e-002 
d 1.500000000e+001 1.500000000e+001 0.000000000e+000 5.000000000e+000 5.000000000e+000 5.579149538e-002 0.000000000e+000 0.000000000e+000 -5.579149538e-002 
d 1.500000000e+001 1.500000000e+001 0.000000000e+000 3.750000000e+000 3.750000000e+000 4.522953927e-002 0.000000000e+000 0.000000000e+000 -4.522953927e-002 
d 1.500000000e+001 1.500000000e+001 0.000000000e+000 3.125000000e+000 3.125000000e+000 3.931198184e-002 0.000000000e+000 0.000000000e+000 -3.931198184e-002 
d 1.500000000e+001 1.500000000e+001 0.000000000e+000 2.500000000e+000 2.500000000e+000 3.286588920e-002 0.000000000e+000 0.000000000e+000 -3.286588920e-002 
d 1.500000000e+001 1.500000000e+001 0.000000000e+000 0.000000000e+000 0.000000000e+000 4.238506686e-016 0.000000000e+000 0.000000000e+000 -2.720527757e-015 
d 1.500000000e+001 1.500000000e+001 0.000000000e+000 1.000000000e+000 1.000000000e+000 1.469042339e-002 0.000000000e+000 0.000000000e+000 -1.469042339e-002 
d 1.500000000e+001 1.500000000e+001 0.000000000e+000 2.000000000e+000 2.000000000e+000 2.726767048e-002 0.000000000e+000 0.000000000e+000 -2.726767048e-002 
d 1.500000000e+001 1.500000000e+001 0.000000000e+000 3.000000000e+000 3.000000000e+000 3.806758330e-002 0.000000000e+000 0.000000000e+000 -3.806758330e-002 
d 1.500000000e+001 1.500000000e+001 0.000000000e+000 4.000000000e+000 4.000000000e+000 4.746668957e-002 0.000000000e+000 0.000000000e+000 -4.746668957e-002 
d 1.500000000e+001 1.500000000e+001 0.000000000e+000 5.000000000e+000 5.000000000e+000 5.579149538e-002 0.000000000e+000 0.000000000e+000 -5.579149538e-002 
d 1.500000000e+001 1.500000000e+001 0.000000000e+000 6.000000000e+000 6.000000000e+000 6.328883658e-002 0.000000000e+000 0.000000000e+000 -6.328883658e-002 
d 1.500000000e+001 1.500000000e+001 0.000000000e+000 7.000000000e+000 7.000000000e+000 7.013302223e-002 0.000000000e+000 0.000000000e+000 -7.013302223e-002 
d 1.500000000e+001 1.500000000e+001 0.000000000e+000 8.000000000e+000 8.000000000e+000 7.644823907e-002 0.000000000e+000 0.000000000e+000 -7.644823907e-002 
d 1.500000000e+001 1.500000000e+001 0.000000000e+000 9.000000000e+000 9.000000000e+000 8.232314227e-002 0.000000000e+000 0.000000000e+000 -8.232314227e-002 
d 1.500000000e+001 1.500000000e+001 0.000000000e+000 1.000000000e+001 1.000000000e+001 8.782926518e-002 0.000000000e+000 0.000000000e+000 -8.782926518e-002 
