v ATLAS
# This file was created by ATLAS version 5.26.1.R on Tue Aug 05 21:09:12 2025.
#SSF 2.0 generic
##############################################################################
#                    Copyright (c) 1984 - 2018                               #
#                    Silvaco Inc. All rights reserved                        #
#                                                                            #
# This file format and the following Key are copyright Silvaco Inc.          #
# You may not use, this format or key without reproducing this message in    #
# full and obtaining express written permission from Silvaco Inc.            #
#                                                                            #
# To obtain such permission please contact: Silvaco Inc.                     #
#                                           support@silvaco.com              #
#                                                                            #
# KEY=SVC86hn7562asdx                       PROD=345                         #
##############################################################################
y 3 700 711 15
z 2.2 0.01 300
f 3 "gate" "drain" "source" 
p 9 2 601 20 3 602 21 4 603 22 
d 1.500000000e+001 1.500000000e+001 0.000000000e+000 7.500000000e+000 7.500000000e+000 7.345091260e-002 0.000000000e+000 0.000000000e+000 -7.345091260e-002 
d 1.500000000e+001 1.500000000e+001 0.000000000e+000 5.000000000e+000 5.000000000e+000 5.588559777e-002 0.000000000e+000 0.000000000e+000 -5.588559777e-002 
d 1.500000000e+001 1.500000000e+001 0.000000000e+000 3.750000000e+000 3.750000000e+000 4.531672306e-002 0.000000000e+000 0.000000000e+000 -4.531672306e-002 
d 1.500000000e+001 1.500000000e+001 0.000000000e+000 2.500000000e+000 2.500000000e+000 3.294029005e-002 0.000000000e+000 0.000000000e+000 -3.294029005e-002 
d 1.500000000e+001 1.500000000e+001 0.000000000e+000 1.875000000e+000 1.875000000e+000 2.586460770e-002 0.000000000e+000 0.000000000e+000 -2.586460770e-002 
d 1.500000000e+001 1.500000000e+001 0.000000000e+000 1.250000000e+000 1.250000000e+000 1.807141979e-002 0.000000000e+000 0.000000000e+000 -1.807141979e-002 
d 1.500000000e+001 1.500000000e+001 0.000000000e+000 6.250000000e-001 6.250000000e-001 9.467800244e-003 0.000000000e+000 0.000000000e+000 -9.467800244e-003 
d 1.500000000e+001 1.500000000e+001 0.000000000e+000 0.000000000e+000 0.000000000e+000 -1.252212023e-014 0.000000000e+000 0.000000000e+000 -5.913931050e-018 
d 1.500000000e+001 1.500000000e+001 0.000000000e+000 1.000000000e+000 1.000000000e+000 1.473198642e-002 0.000000000e+000 0.000000000e+000 -1.473198642e-002 
d 1.500000000e+001 1.500000000e+001 0.000000000e+000 2.000000000e+000 2.000000000e+000 2.733397917e-002 0.000000000e+000 0.000000000e+000 -2.733397917e-002 
d 1.500000000e+001 1.500000000e+001 0.000000000e+000 3.000000000e+000 3.000000000e+000 3.814815653e-002 0.000000000e+000 0.000000000e+000 -3.814815653e-002 
d 1.500000000e+001 1.500000000e+001 0.000000000e+000 4.000000000e+000 4.000000000e+000 4.755559653e-002 0.000000000e+000 0.000000000e+000 -4.755559653e-002 
d 1.500000000e+001 1.500000000e+001 0.000000000e+000 5.000000000e+000 5.000000000e+000 5.588559777e-002 0.000000000e+000 0.000000000e+000 -5.588559777e-002 
d 1.500000000e+001 1.500000000e+001 0.000000000e+000 6.000000000e+000 6.000000000e+000 6.338636313e-002 0.000000000e+000 0.000000000e+000 -6.338636313e-002 
d 1.500000000e+001 1.500000000e+001 0.000000000e+000 7.000000000e+000 7.000000000e+000 7.023284146e-002 0.000000000e+000 0.000000000e+000 -7.023284146e-002 
d 1.500000000e+001 1.500000000e+001 0.000000000e+000 8.000000000e+000 8.000000000e+000 7.654974101e-002 0.000000000e+000 0.000000000e+000 -7.654974101e-002 
d 1.500000000e+001 1.500000000e+001 0.000000000e+000 9.000000000e+000 9.000000000e+000 8.242583390e-002 0.000000000e+000 0.000000000e+000 -8.242583390e-002 
d 1.500000000e+001 1.500000000e+001 0.000000000e+000 1.000000000e+001 1.000000000e+001 8.793291842e-002 0.000000000e+000 0.000000000e+000 -8.793291842e-002 
