v ATLAS
# This file was created by ATLAS version 5.26.1.R on Tue Aug 05 21:33:40 2025.
#SSF 2.0 generic
##############################################################################
#                    Copyright (c) 1984 - 2018                               #
#                    Silvaco Inc. All rights reserved                        #
#                                                                            #
# This file format and the following Key are copyright Silvaco Inc.          #
# You may not use, this format or key without reproducing this message in    #
# full and obtaining express written permission from Silvaco Inc.            #
#                                                                            #
# To obtain such permission please contact: Silvaco Inc.                     #
#                                           support@silvaco.com              #
#                                                                            #
# KEY=SVC86hn7562asdx                       PROD=345                         #
##############################################################################
y 3 700 711 15
z 2.2 0.01 300
f 3 "gate" "drain" "source" 
p 9 2 601 20 3 602 21 4 603 22 
d 1.500000000e+001 1.500000000e+001 0.000000000e+000 7.500000000e+000 7.500000000e+000 7.354712940e-002 0.000000000e+000 0.000000000e+000 -7.354712939e-002 
d 1.500000000e+001 1.500000000e+001 0.000000000e+000 5.000000000e+000 5.000000000e+000 5.597553363e-002 0.000000000e+000 0.000000000e+000 -5.597553363e-002 
d 1.500000000e+001 1.500000000e+001 0.000000000e+000 0.000000000e+000 0.000000000e+000 -1.400870638e-014 0.000000000e+000 0.000000000e+000 -8.721554882e-017 
d 1.500000000e+001 1.500000000e+001 0.000000000e+000 1.000000000e+000 1.000000000e+000 1.477182583e-002 0.000000000e+000 0.000000000e+000 -1.477182583e-002 
d 1.500000000e+001 1.500000000e+001 0.000000000e+000 2.000000000e+000 2.000000000e+000 2.739746082e-002 0.000000000e+000 0.000000000e+000 -2.739746082e-002 
d 1.500000000e+001 1.500000000e+001 0.000000000e+000 3.000000000e+000 3.000000000e+000 3.822523126e-002 0.000000000e+000 0.000000000e+000 -3.822523126e-002 
d 1.500000000e+001 1.500000000e+001 0.000000000e+000 4.000000000e+000 4.000000000e+000 4.764059786e-002 0.000000000e+000 0.000000000e+000 -4.764059786e-002 
d 1.500000000e+001 1.500000000e+001 0.000000000e+000 5.000000000e+000 5.000000000e+000 5.597553363e-002 0.000000000e+000 0.000000000e+000 -5.597553363e-002 
d 1.500000000e+001 1.500000000e+001 0.000000000e+000 6.000000000e+000 6.000000000e+000 6.347954168e-002 0.000000000e+000 0.000000000e+000 -6.347954168e-002 
d 1.500000000e+001 1.500000000e+001 0.000000000e+000 7.000000000e+000 7.000000000e+000 7.032818796e-002 0.000000000e+000 0.000000000e+000 -7.032818796e-002 
d 1.500000000e+001 1.500000000e+001 0.000000000e+000 8.000000000e+000 8.000000000e+000 7.664666929e-002 0.000000000e+000 0.000000000e+000 -7.664666929e-002 
d 1.500000000e+001 1.500000000e+001 0.000000000e+000 9.000000000e+000 9.000000000e+000 8.252388139e-002 0.000000000e+000 0.000000000e+000 -8.252388139e-002 
d 1.500000000e+001 1.500000000e+001 0.000000000e+000 1.000000000e+001 1.000000000e+001 8.803185509e-002 0.000000000e+000 0.000000000e+000 -8.803185509e-002 
