v ATLAS
# This file was created by ATLAS version 5.26.1.R on Tue Aug 05 21:43:19 2025.
#SSF 2.0 generic
##############################################################################
#                    Copyright (c) 1984 - 2018                               #
#                    Silvaco Inc. All rights reserved                        #
#                                                                            #
# This file format and the following Key are copyright Silvaco Inc.          #
# You may not use, this format or key without reproducing this message in    #
# full and obtaining express written permission from Silvaco Inc.            #
#                                                                            #
# To obtain such permission please contact: Silvaco Inc.                     #
#                                           support@silvaco.com              #
#                                                                            #
# KEY=SVC86hn7562asdx                       PROD=345                         #
##############################################################################
y 3 700 711 15
z 2.2 0.01 300
f 3 "gate" "drain" "source" 
p 9 2 601 20 3 602 21 4 603 22 
d 1.500000000e+001 1.500000000e+001 0.000000000e+000 7.500000000e+000 7.500000000e+000 7.363906426e-002 0.000000000e+000 0.000000000e+000 -7.363906426e-002 
d 1.500000000e+001 1.500000000e+001 0.000000000e+000 5.000000000e+000 5.000000000e+000 5.606151272e-002 0.000000000e+000 0.000000000e+000 -5.606151272e-002 
d 1.500000000e+001 1.500000000e+001 0.000000000e+000 3.750000000e+000 3.750000000e+000 4.547981704e-002 0.000000000e+000 0.000000000e+000 -4.547981704e-002 
d 1.500000000e+001 1.500000000e+001 0.000000000e+000 2.500000000e+000 2.500000000e+000 3.307962205e-002 0.000000000e+000 0.000000000e+000 -3.307962205e-002 
d 1.500000000e+001 1.500000000e+001 0.000000000e+000 1.875000000e+000 1.875000000e+000 2.598439128e-002 0.000000000e+000 0.000000000e+000 -2.598439128e-002 
d 1.500000000e+001 1.500000000e+001 0.000000000e+000 1.250000000e+000 1.250000000e+000 1.816347989e-002 0.000000000e+000 0.000000000e+000 -1.816347989e-002 
d 1.500000000e+001 1.500000000e+001 0.000000000e+000 9.375000000e-001 9.375000000e-001 1.395039213e-002 0.000000000e+000 0.000000000e+000 -1.395039213e-002 
d 1.500000000e+001 1.500000000e+001 0.000000000e+000 6.250000000e-001 6.250000000e-001 9.520965777e-003 0.000000000e+000 0.000000000e+000 -9.520965777e-003 
d 1.500000000e+001 1.500000000e+001 0.000000000e+000 0.000000000e+000 0.000000000e+000 -1.333514629e-014 0.000000000e+000 0.000000000e+000 -2.491019442e-016 
d 1.500000000e+001 1.500000000e+001 0.000000000e+000 1.000000000e+000 1.000000000e+000 1.481001509e-002 0.000000000e+000 0.000000000e+000 -1.481001509e-002 
d 1.500000000e+001 1.500000000e+001 0.000000000e+000 2.000000000e+000 2.000000000e+000 2.745824222e-002 0.000000000e+000 0.000000000e+000 -2.745824222e-002 
d 1.500000000e+001 1.500000000e+001 0.000000000e+000 3.000000000e+000 3.000000000e+000 3.829897200e-002 0.000000000e+000 0.000000000e+000 -3.829897200e-002 
d 1.500000000e+001 1.500000000e+001 0.000000000e+000 4.000000000e+000 4.000000000e+000 4.772188718e-002 0.000000000e+000 0.000000000e+000 -4.772188718e-002 
d 1.500000000e+001 1.500000000e+001 0.000000000e+000 5.000000000e+000 5.000000000e+000 5.606151272e-002 0.000000000e+000 0.000000000e+000 -5.606151272e-002 
d 1.500000000e+001 1.500000000e+001 0.000000000e+000 6.000000000e+000 6.000000000e+000 6.356860077e-002 0.000000000e+000 0.000000000e+000 -6.356860077e-002 
d 1.500000000e+001 1.500000000e+001 0.000000000e+000 7.000000000e+000 7.000000000e+000 7.041929895e-002 0.000000000e+000 0.000000000e+000 -7.041929895e-002 
d 1.500000000e+001 1.500000000e+001 0.000000000e+000 8.000000000e+000 8.000000000e+000 7.673927474e-002 0.000000000e+000 0.000000000e+000 -7.673927474e-002 
d 1.500000000e+001 1.500000000e+001 0.000000000e+000 9.000000000e+000 9.000000000e+000 8.261753938e-002 0.000000000e+000 0.000000000e+000 -8.261753938e-002 
d 1.500000000e+001 1.500000000e+001 0.000000000e+000 1.000000000e+001 1.000000000e+001 8.812634819e-002 0.000000000e+000 0.000000000e+000 -8.812634819e-002 
